[0.018s] Invoking command in '/home/momesso/vrx_ws/build/vrx_ros': CMAKE_PREFIX_PATH=${CMAKE_PREFIX_PATH}:/opt/ros/humble /usr/bin/cmake --build /home/momesso/vrx_ws/build/vrx_ros -- -j12 -l12
[0.224s] [100%] Built target optical_frame_publisher
[0.225s] [100%] Built target pose_tf_broadcaster
[0.430s] Invoked command in '/home/momesso/vrx_ws/build/vrx_ros' returned '0': CMAKE_PREFIX_PATH=${CMAKE_PREFIX_PATH}:/opt/ros/humble /usr/bin/cmake --build /home/momesso/vrx_ws/build/vrx_ros -- -j12 -l12
[0.456s] Invoking command in '/home/momesso/vrx_ws/build/vrx_ros': CMAKE_PREFIX_PATH=${CMAKE_PREFIX_PATH}:/opt/ros/humble /usr/bin/cmake --install /home/momesso/vrx_ws/build/vrx_ros
[0.473s] -- Install configuration: ""
[0.477s] -- Up-to-date: /home/momesso/vrx_ws/install/lib/vrx_ros/optical_frame_publisher
[0.477s] -- Up-to-date: /home/momesso/vrx_ws/install/lib/vrx_ros/pose_tf_broadcaster
[0.478s] -- Up-to-date: /home/momesso/vrx_ws/install/share/vrx_ros/launch
[0.478s] -- Up-to-date: /home/momesso/vrx_ws/install/share/vrx_ros/launch/monitor_sim.py
[0.478s] -- Up-to-date: /home/momesso/vrx_ws/install/share/ament_index/resource_index/package_run_dependencies/vrx_ros
[0.480s] -- Up-to-date: /home/momesso/vrx_ws/install/share/ament_index/resource_index/parent_prefix_path/vrx_ros
[0.480s] -- Up-to-date: /home/momesso/vrx_ws/install/share/vrx_ros/environment/ament_prefix_path.sh
[0.481s] -- Up-to-date: /home/momesso/vrx_ws/install/share/vrx_ros/environment/ament_prefix_path.dsv
[0.481s] -- Up-to-date: /home/momesso/vrx_ws/install/share/vrx_ros/environment/path.sh
[0.481s] -- Up-to-date: /home/momesso/vrx_ws/install/share/vrx_ros/environment/path.dsv
[0.482s] -- Up-to-date: /home/momesso/vrx_ws/install/share/vrx_ros/local_setup.bash
[0.482s] -- Up-to-date: /home/momesso/vrx_ws/install/share/vrx_ros/local_setup.sh
[0.482s] -- Up-to-date: /home/momesso/vrx_ws/install/share/vrx_ros/local_setup.zsh
[0.483s] -- Up-to-date: /home/momesso/vrx_ws/install/share/vrx_ros/local_setup.dsv
[0.483s] -- Installing: /home/momesso/vrx_ws/install/share/vrx_ros/package.dsv
[0.483s] -- Up-to-date: /home/momesso/vrx_ws/install/share/ament_index/resource_index/packages/vrx_ros
[0.483s] -- Up-to-date: /home/momesso/vrx_ws/install/share/vrx_ros/cmake/vrx_rosConfig.cmake
[0.484s] -- Up-to-date: /home/momesso/vrx_ws/install/share/vrx_ros/cmake/vrx_rosConfig-version.cmake
[0.484s] -- Up-to-date: /home/momesso/vrx_ws/install/share/vrx_ros/package.xml
[0.484s] Invoked command in '/home/momesso/vrx_ws/build/vrx_ros' returned '0': CMAKE_PREFIX_PATH=${CMAKE_PREFIX_PATH}:/opt/ros/humble /usr/bin/cmake --install /home/momesso/vrx_ws/build/vrx_ros
