[0.104s] DEBUG:colcon:Command line arguments: ['/usr/bin/colcon', 'build', '--merge-install']
[0.104s] DEBUG:colcon:Parsed command line arguments: Namespace(log_base=None, log_level=None, verb_name='build', build_base='build', install_base='install', merge_install=True, symlink_install=False, test_result_base=None, continue_on_error=False, executor='parallel', parallel_workers=12, event_handlers=None, ignore_user_meta=False, metas=['./colcon.meta'], base_paths=['.'], packages_ignore=None, packages_ignore_regex=None, paths=None, packages_up_to=None, packages_up_to_regex=None, packages_above=None, packages_above_and_dependencies=None, packages_above_depth=None, packages_select_by_dep=None, packages_skip_by_dep=None, packages_skip_up_to=None, packages_select_build_failed=False, packages_skip_build_finished=False, packages_select_test_failures=False, packages_skip_test_passed=False, packages_select=None, packages_skip=None, packages_select_regex=None, packages_skip_regex=None, packages_start=None, packages_end=None, allow_overriding=[], cmake_args=None, cmake_target=None, cmake_target_skip_unavailable=False, cmake_clean_cache=False, cmake_clean_first=False, cmake_force_configure=False, ament_cmake_args=None, catkin_cmake_args=None, catkin_skip_building_tests=False, verb_parser=<colcon_defaults.argument_parser.defaults.DefaultArgumentsDecorator object at 0x7d82280fc1c0>, verb_extension=<colcon_core.verb.build.BuildVerb object at 0x7d82280c3190>, main=<bound method BuildVerb.main of <colcon_core.verb.build.BuildVerb object at 0x7d82280c3190>>)
[0.267s] Level 1:colcon.colcon_core.package_discovery:discover_packages(colcon_meta) check parameters
[0.267s] Level 1:colcon.colcon_core.package_discovery:discover_packages(recursive) check parameters
[0.268s] Level 1:colcon.colcon_core.package_discovery:discover_packages(ignore) check parameters
[0.268s] Level 1:colcon.colcon_core.package_discovery:discover_packages(path) check parameters
[0.268s] Level 1:colcon.colcon_core.package_discovery:discover_packages(colcon_meta) discover
[0.268s] Level 1:colcon.colcon_core.package_discovery:discover_packages(recursive) discover
[0.268s] INFO:colcon.colcon_core.package_discovery:Crawling recursively for packages in '/home/momesso/vrx_ws'
[0.268s] Level 1:colcon.colcon_core.package_identification:_identify(.) by extensions ['ignore', 'ignore_ament_install']
[0.268s] Level 1:colcon.colcon_core.package_identification:_identify(.) by extension 'ignore'
[0.268s] Level 1:colcon.colcon_core.package_identification:_identify(.) by extension 'ignore_ament_install'
[0.268s] Level 1:colcon.colcon_core.package_identification:_identify(.) by extensions ['colcon_pkg']
[0.268s] Level 1:colcon.colcon_core.package_identification:_identify(.) by extension 'colcon_pkg'
[0.268s] Level 1:colcon.colcon_core.package_identification:_identify(.) by extensions ['colcon_meta']
[0.268s] Level 1:colcon.colcon_core.package_identification:_identify(.) by extension 'colcon_meta'
[0.268s] Level 1:colcon.colcon_core.package_identification:_identify(.) by extensions ['ros']
[0.268s] Level 1:colcon.colcon_core.package_identification:_identify(.) by extension 'ros'
[0.279s] Level 1:colcon.colcon_core.package_identification:_identify(.) by extensions ['cmake', 'python']
[0.280s] Level 1:colcon.colcon_core.package_identification:_identify(.) by extension 'cmake'
[0.280s] Level 1:colcon.colcon_core.package_identification:_identify(.) by extension 'python'
[0.280s] Level 1:colcon.colcon_core.package_identification:_identify(.) by extensions ['python_setup_py']
[0.280s] Level 1:colcon.colcon_core.package_identification:_identify(.) by extension 'python_setup_py'
[0.280s] Level 1:colcon.colcon_core.package_identification:_identify(build) by extensions ['ignore', 'ignore_ament_install']
[0.280s] Level 1:colcon.colcon_core.package_identification:_identify(build) by extension 'ignore'
[0.280s] Level 1:colcon.colcon_core.package_identification:_identify(build) ignored
[0.280s] Level 1:colcon.colcon_core.package_identification:_identify(install) by extensions ['ignore', 'ignore_ament_install']
[0.280s] Level 1:colcon.colcon_core.package_identification:_identify(install) by extension 'ignore'
[0.280s] Level 1:colcon.colcon_core.package_identification:_identify(install) ignored
[0.280s] Level 1:colcon.colcon_core.package_identification:_identify(log) by extensions ['ignore', 'ignore_ament_install']
[0.280s] Level 1:colcon.colcon_core.package_identification:_identify(log) by extension 'ignore'
[0.280s] Level 1:colcon.colcon_core.package_identification:_identify(log) ignored
[0.280s] Level 1:colcon.colcon_core.package_identification:_identify(src) by extensions ['ignore', 'ignore_ament_install']
[0.281s] Level 1:colcon.colcon_core.package_identification:_identify(src) by extension 'ignore'
[0.281s] Level 1:colcon.colcon_core.package_identification:_identify(src) by extension 'ignore_ament_install'
[0.281s] Level 1:colcon.colcon_core.package_identification:_identify(src) by extensions ['colcon_pkg']
[0.281s] Level 1:colcon.colcon_core.package_identification:_identify(src) by extension 'colcon_pkg'
[0.281s] Level 1:colcon.colcon_core.package_identification:_identify(src) by extensions ['colcon_meta']
[0.281s] Level 1:colcon.colcon_core.package_identification:_identify(src) by extension 'colcon_meta'
[0.281s] Level 1:colcon.colcon_core.package_identification:_identify(src) by extensions ['ros']
[0.281s] Level 1:colcon.colcon_core.package_identification:_identify(src) by extension 'ros'
[0.281s] Level 1:colcon.colcon_core.package_identification:_identify(src) by extensions ['cmake', 'python']
[0.281s] Level 1:colcon.colcon_core.package_identification:_identify(src) by extension 'cmake'
[0.281s] Level 1:colcon.colcon_core.package_identification:_identify(src) by extension 'python'
[0.281s] Level 1:colcon.colcon_core.package_identification:_identify(src) by extensions ['python_setup_py']
[0.281s] Level 1:colcon.colcon_core.package_identification:_identify(src) by extension 'python_setup_py'
[0.281s] Level 1:colcon.colcon_core.package_identification:_identify(src/vrx) by extensions ['ignore', 'ignore_ament_install']
[0.281s] Level 1:colcon.colcon_core.package_identification:_identify(src/vrx) by extension 'ignore'
[0.281s] Level 1:colcon.colcon_core.package_identification:_identify(src/vrx) by extension 'ignore_ament_install'
[0.281s] Level 1:colcon.colcon_core.package_identification:_identify(src/vrx) by extensions ['colcon_pkg']
[0.281s] Level 1:colcon.colcon_core.package_identification:_identify(src/vrx) by extension 'colcon_pkg'
[0.281s] Level 1:colcon.colcon_core.package_identification:_identify(src/vrx) by extensions ['colcon_meta']
[0.282s] Level 1:colcon.colcon_core.package_identification:_identify(src/vrx) by extension 'colcon_meta'
[0.282s] Level 1:colcon.colcon_core.package_identification:_identify(src/vrx) by extensions ['ros']
[0.282s] Level 1:colcon.colcon_core.package_identification:_identify(src/vrx) by extension 'ros'
[0.282s] Level 1:colcon.colcon_core.package_identification:_identify(src/vrx) by extensions ['cmake', 'python']
[0.282s] Level 1:colcon.colcon_core.package_identification:_identify(src/vrx) by extension 'cmake'
[0.282s] Level 1:colcon.colcon_core.package_identification:_identify(src/vrx) by extension 'python'
[0.282s] Level 1:colcon.colcon_core.package_identification:_identify(src/vrx) by extensions ['python_setup_py']
[0.282s] Level 1:colcon.colcon_core.package_identification:_identify(src/vrx) by extension 'python_setup_py'
[0.282s] Level 1:colcon.colcon_core.package_identification:_identify(src/vrx/images) by extensions ['ignore', 'ignore_ament_install']
[0.282s] Level 1:colcon.colcon_core.package_identification:_identify(src/vrx/images) by extension 'ignore'
[0.282s] Level 1:colcon.colcon_core.package_identification:_identify(src/vrx/images) by extension 'ignore_ament_install'
[0.282s] Level 1:colcon.colcon_core.package_identification:_identify(src/vrx/images) by extensions ['colcon_pkg']
[0.282s] Level 1:colcon.colcon_core.package_identification:_identify(src/vrx/images) by extension 'colcon_pkg'
[0.282s] Level 1:colcon.colcon_core.package_identification:_identify(src/vrx/images) by extensions ['colcon_meta']
[0.282s] Level 1:colcon.colcon_core.package_identification:_identify(src/vrx/images) by extension 'colcon_meta'
[0.283s] Level 1:colcon.colcon_core.package_identification:_identify(src/vrx/images) by extensions ['ros']
[0.283s] Level 1:colcon.colcon_core.package_identification:_identify(src/vrx/images) by extension 'ros'
[0.283s] Level 1:colcon.colcon_core.package_identification:_identify(src/vrx/images) by extensions ['cmake', 'python']
[0.283s] Level 1:colcon.colcon_core.package_identification:_identify(src/vrx/images) by extension 'cmake'
[0.283s] Level 1:colcon.colcon_core.package_identification:_identify(src/vrx/images) by extension 'python'
[0.283s] Level 1:colcon.colcon_core.package_identification:_identify(src/vrx/images) by extensions ['python_setup_py']
[0.283s] Level 1:colcon.colcon_core.package_identification:_identify(src/vrx/images) by extension 'python_setup_py'
[0.283s] Level 1:colcon.colcon_core.package_identification:_identify(src/vrx/vrx_gz) by extensions ['ignore', 'ignore_ament_install']
[0.283s] Level 1:colcon.colcon_core.package_identification:_identify(src/vrx/vrx_gz) by extension 'ignore'
[0.283s] Level 1:colcon.colcon_core.package_identification:_identify(src/vrx/vrx_gz) by extension 'ignore_ament_install'
[0.283s] Level 1:colcon.colcon_core.package_identification:_identify(src/vrx/vrx_gz) by extensions ['colcon_pkg']
[0.283s] Level 1:colcon.colcon_core.package_identification:_identify(src/vrx/vrx_gz) by extension 'colcon_pkg'
[0.283s] Level 1:colcon.colcon_core.package_identification:_identify(src/vrx/vrx_gz) by extensions ['colcon_meta']
[0.283s] Level 1:colcon.colcon_core.package_identification:_identify(src/vrx/vrx_gz) by extension 'colcon_meta'
[0.283s] Level 1:colcon.colcon_core.package_identification:_identify(src/vrx/vrx_gz) by extensions ['ros']
[0.283s] Level 1:colcon.colcon_core.package_identification:_identify(src/vrx/vrx_gz) by extension 'ros'
[0.286s] DEBUG:colcon.colcon_core.package_identification:Package 'src/vrx/vrx_gz' with type 'ros.ament_cmake' and name 'vrx_gz'
[0.286s] Level 1:colcon.colcon_core.package_identification:_identify(src/vrx/vrx_ros) by extensions ['ignore', 'ignore_ament_install']
[0.286s] Level 1:colcon.colcon_core.package_identification:_identify(src/vrx/vrx_ros) by extension 'ignore'
[0.286s] Level 1:colcon.colcon_core.package_identification:_identify(src/vrx/vrx_ros) by extension 'ignore_ament_install'
[0.286s] Level 1:colcon.colcon_core.package_identification:_identify(src/vrx/vrx_ros) by extensions ['colcon_pkg']
[0.286s] Level 1:colcon.colcon_core.package_identification:_identify(src/vrx/vrx_ros) by extension 'colcon_pkg'
[0.286s] Level 1:colcon.colcon_core.package_identification:_identify(src/vrx/vrx_ros) by extensions ['colcon_meta']
[0.286s] Level 1:colcon.colcon_core.package_identification:_identify(src/vrx/vrx_ros) by extension 'colcon_meta'
[0.286s] Level 1:colcon.colcon_core.package_identification:_identify(src/vrx/vrx_ros) by extensions ['ros']
[0.286s] Level 1:colcon.colcon_core.package_identification:_identify(src/vrx/vrx_ros) by extension 'ros'
[0.288s] DEBUG:colcon.colcon_core.package_identification:Package 'src/vrx/vrx_ros' with type 'ros.ament_cmake' and name 'vrx_ros'
[0.288s] Level 1:colcon.colcon_core.package_identification:_identify(src/vrx/vrx_urdf) by extensions ['ignore', 'ignore_ament_install']
[0.288s] Level 1:colcon.colcon_core.package_identification:_identify(src/vrx/vrx_urdf) by extension 'ignore'
[0.288s] Level 1:colcon.colcon_core.package_identification:_identify(src/vrx/vrx_urdf) by extension 'ignore_ament_install'
[0.288s] Level 1:colcon.colcon_core.package_identification:_identify(src/vrx/vrx_urdf) by extensions ['colcon_pkg']
[0.288s] Level 1:colcon.colcon_core.package_identification:_identify(src/vrx/vrx_urdf) by extension 'colcon_pkg'
[0.288s] Level 1:colcon.colcon_core.package_identification:_identify(src/vrx/vrx_urdf) by extensions ['colcon_meta']
[0.288s] Level 1:colcon.colcon_core.package_identification:_identify(src/vrx/vrx_urdf) by extension 'colcon_meta'
[0.288s] Level 1:colcon.colcon_core.package_identification:_identify(src/vrx/vrx_urdf) by extensions ['ros']
[0.288s] Level 1:colcon.colcon_core.package_identification:_identify(src/vrx/vrx_urdf) by extension 'ros'
[0.288s] Level 1:colcon.colcon_core.package_identification:_identify(src/vrx/vrx_urdf) by extensions ['cmake', 'python']
[0.288s] Level 1:colcon.colcon_core.package_identification:_identify(src/vrx/vrx_urdf) by extension 'cmake'
[0.288s] Level 1:colcon.colcon_core.package_identification:_identify(src/vrx/vrx_urdf) by extension 'python'
[0.288s] Level 1:colcon.colcon_core.package_identification:_identify(src/vrx/vrx_urdf) by extensions ['python_setup_py']
[0.288s] Level 1:colcon.colcon_core.package_identification:_identify(src/vrx/vrx_urdf) by extension 'python_setup_py'
[0.289s] Level 1:colcon.colcon_core.package_identification:_identify(src/vrx/vrx_urdf/vrx_gazebo) by extensions ['ignore', 'ignore_ament_install']
[0.289s] Level 1:colcon.colcon_core.package_identification:_identify(src/vrx/vrx_urdf/vrx_gazebo) by extension 'ignore'
[0.289s] Level 1:colcon.colcon_core.package_identification:_identify(src/vrx/vrx_urdf/vrx_gazebo) by extension 'ignore_ament_install'
[0.289s] Level 1:colcon.colcon_core.package_identification:_identify(src/vrx/vrx_urdf/vrx_gazebo) by extensions ['colcon_pkg']
[0.289s] Level 1:colcon.colcon_core.package_identification:_identify(src/vrx/vrx_urdf/vrx_gazebo) by extension 'colcon_pkg'
[0.289s] Level 1:colcon.colcon_core.package_identification:_identify(src/vrx/vrx_urdf/vrx_gazebo) by extensions ['colcon_meta']
[0.289s] Level 1:colcon.colcon_core.package_identification:_identify(src/vrx/vrx_urdf/vrx_gazebo) by extension 'colcon_meta'
[0.289s] Level 1:colcon.colcon_core.package_identification:_identify(src/vrx/vrx_urdf/vrx_gazebo) by extensions ['ros']
[0.289s] Level 1:colcon.colcon_core.package_identification:_identify(src/vrx/vrx_urdf/vrx_gazebo) by extension 'ros'
[0.290s] DEBUG:colcon.colcon_core.package_identification:Package 'src/vrx/vrx_urdf/vrx_gazebo' with type 'ros.ament_cmake' and name 'vrx_gazebo'
[0.290s] Level 1:colcon.colcon_core.package_identification:_identify(src/vrx/vrx_urdf/wamv_description) by extensions ['ignore', 'ignore_ament_install']
[0.290s] Level 1:colcon.colcon_core.package_identification:_identify(src/vrx/vrx_urdf/wamv_description) by extension 'ignore'
[0.290s] Level 1:colcon.colcon_core.package_identification:_identify(src/vrx/vrx_urdf/wamv_description) by extension 'ignore_ament_install'
[0.290s] Level 1:colcon.colcon_core.package_identification:_identify(src/vrx/vrx_urdf/wamv_description) by extensions ['colcon_pkg']
[0.290s] Level 1:colcon.colcon_core.package_identification:_identify(src/vrx/vrx_urdf/wamv_description) by extension 'colcon_pkg'
[0.290s] Level 1:colcon.colcon_core.package_identification:_identify(src/vrx/vrx_urdf/wamv_description) by extensions ['colcon_meta']
[0.290s] Level 1:colcon.colcon_core.package_identification:_identify(src/vrx/vrx_urdf/wamv_description) by extension 'colcon_meta'
[0.290s] Level 1:colcon.colcon_core.package_identification:_identify(src/vrx/vrx_urdf/wamv_description) by extensions ['ros']
[0.290s] Level 1:colcon.colcon_core.package_identification:_identify(src/vrx/vrx_urdf/wamv_description) by extension 'ros'
[0.291s] DEBUG:colcon.colcon_core.package_identification:Package 'src/vrx/vrx_urdf/wamv_description' with type 'ros.ament_cmake' and name 'wamv_description'
[0.291s] Level 1:colcon.colcon_core.package_identification:_identify(src/vrx/vrx_urdf/wamv_gazebo) by extensions ['ignore', 'ignore_ament_install']
[0.291s] Level 1:colcon.colcon_core.package_identification:_identify(src/vrx/vrx_urdf/wamv_gazebo) by extension 'ignore'
[0.291s] Level 1:colcon.colcon_core.package_identification:_identify(src/vrx/vrx_urdf/wamv_gazebo) by extension 'ignore_ament_install'
[0.291s] Level 1:colcon.colcon_core.package_identification:_identify(src/vrx/vrx_urdf/wamv_gazebo) by extensions ['colcon_pkg']
[0.291s] Level 1:colcon.colcon_core.package_identification:_identify(src/vrx/vrx_urdf/wamv_gazebo) by extension 'colcon_pkg'
[0.291s] Level 1:colcon.colcon_core.package_identification:_identify(src/vrx/vrx_urdf/wamv_gazebo) by extensions ['colcon_meta']
[0.291s] Level 1:colcon.colcon_core.package_identification:_identify(src/vrx/vrx_urdf/wamv_gazebo) by extension 'colcon_meta'
[0.291s] Level 1:colcon.colcon_core.package_identification:_identify(src/vrx/vrx_urdf/wamv_gazebo) by extensions ['ros']
[0.291s] Level 1:colcon.colcon_core.package_identification:_identify(src/vrx/vrx_urdf/wamv_gazebo) by extension 'ros'
[0.292s] DEBUG:colcon.colcon_core.package_identification:Package 'src/vrx/vrx_urdf/wamv_gazebo' with type 'ros.ament_cmake' and name 'wamv_gazebo'
[0.292s] Level 1:colcon.colcon_core.package_identification:_identify(src/vrx_nav2) by extensions ['ignore', 'ignore_ament_install']
[0.292s] Level 1:colcon.colcon_core.package_identification:_identify(src/vrx_nav2) by extension 'ignore'
[0.292s] Level 1:colcon.colcon_core.package_identification:_identify(src/vrx_nav2) by extension 'ignore_ament_install'
[0.292s] Level 1:colcon.colcon_core.package_identification:_identify(src/vrx_nav2) by extensions ['colcon_pkg']
[0.292s] Level 1:colcon.colcon_core.package_identification:_identify(src/vrx_nav2) by extension 'colcon_pkg'
[0.292s] Level 1:colcon.colcon_core.package_identification:_identify(src/vrx_nav2) by extensions ['colcon_meta']
[0.292s] Level 1:colcon.colcon_core.package_identification:_identify(src/vrx_nav2) by extension 'colcon_meta'
[0.292s] Level 1:colcon.colcon_core.package_identification:_identify(src/vrx_nav2) by extensions ['ros']
[0.292s] Level 1:colcon.colcon_core.package_identification:_identify(src/vrx_nav2) by extension 'ros'
[0.293s] DEBUG:colcon.colcon_core.package_identification:Package 'src/vrx_nav2' with type 'ros.ament_python' and name 'vrx_nav2'
[0.293s] Level 1:colcon.colcon_core.package_discovery:discover_packages(recursive) using defaults
[0.293s] Level 1:colcon.colcon_core.package_discovery:discover_packages(ignore) discover
[0.293s] Level 1:colcon.colcon_core.package_discovery:discover_packages(ignore) using defaults
[0.293s] Level 1:colcon.colcon_core.package_discovery:discover_packages(path) discover
[0.293s] Level 1:colcon.colcon_core.package_discovery:discover_packages(path) using defaults
[0.312s] Level 1:colcon.colcon_core.package_discovery:discover_packages(prefix_path) check parameters
[0.313s] Level 1:colcon.colcon_core.package_discovery:discover_packages(prefix_path) discover
[0.314s] DEBUG:colcon.colcon_installed_package_information.package_discovery:Found 288 installed packages in /opt/ros/humble
[0.325s] Level 1:colcon.colcon_core.package_discovery:discover_packages(prefix_path) using defaults
[0.362s] Level 5:colcon.colcon_core.verb:set package 'vrx_gazebo' build argument 'cmake_args' from command line to 'None'
[0.362s] Level 5:colcon.colcon_core.verb:set package 'vrx_gazebo' build argument 'cmake_target' from command line to 'None'
[0.362s] Level 5:colcon.colcon_core.verb:set package 'vrx_gazebo' build argument 'cmake_target_skip_unavailable' from command line to 'False'
[0.362s] Level 5:colcon.colcon_core.verb:set package 'vrx_gazebo' build argument 'cmake_clean_cache' from command line to 'False'
[0.362s] Level 5:colcon.colcon_core.verb:set package 'vrx_gazebo' build argument 'cmake_clean_first' from command line to 'False'
[0.362s] Level 5:colcon.colcon_core.verb:set package 'vrx_gazebo' build argument 'cmake_force_configure' from command line to 'False'
[0.362s] Level 5:colcon.colcon_core.verb:set package 'vrx_gazebo' build argument 'ament_cmake_args' from command line to 'None'
[0.362s] Level 5:colcon.colcon_core.verb:set package 'vrx_gazebo' build argument 'catkin_cmake_args' from command line to 'None'
[0.362s] Level 5:colcon.colcon_core.verb:set package 'vrx_gazebo' build argument 'catkin_skip_building_tests' from command line to 'False'
[0.363s] DEBUG:colcon.colcon_core.verb:Building package 'vrx_gazebo' with the following arguments: {'ament_cmake_args': None, 'build_base': '/home/momesso/vrx_ws/build/vrx_gazebo', 'catkin_cmake_args': None, 'catkin_skip_building_tests': False, 'cmake_args': None, 'cmake_clean_cache': False, 'cmake_clean_first': False, 'cmake_force_configure': False, 'cmake_target': None, 'cmake_target_skip_unavailable': False, 'install_base': '/home/momesso/vrx_ws/install', 'merge_install': True, 'path': '/home/momesso/vrx_ws/src/vrx/vrx_urdf/vrx_gazebo', 'symlink_install': False, 'test_result_base': None}
[0.363s] Level 5:colcon.colcon_core.verb:set package 'vrx_nav2' build argument 'cmake_args' from command line to 'None'
[0.363s] Level 5:colcon.colcon_core.verb:set package 'vrx_nav2' build argument 'cmake_target' from command line to 'None'
[0.363s] Level 5:colcon.colcon_core.verb:set package 'vrx_nav2' build argument 'cmake_target_skip_unavailable' from command line to 'False'
[0.363s] Level 5:colcon.colcon_core.verb:set package 'vrx_nav2' build argument 'cmake_clean_cache' from command line to 'False'
[0.363s] Level 5:colcon.colcon_core.verb:set package 'vrx_nav2' build argument 'cmake_clean_first' from command line to 'False'
[0.363s] Level 5:colcon.colcon_core.verb:set package 'vrx_nav2' build argument 'cmake_force_configure' from command line to 'False'
[0.363s] Level 5:colcon.colcon_core.verb:set package 'vrx_nav2' build argument 'ament_cmake_args' from command line to 'None'
[0.363s] Level 5:colcon.colcon_core.verb:set package 'vrx_nav2' build argument 'catkin_cmake_args' from command line to 'None'
[0.363s] Level 5:colcon.colcon_core.verb:set package 'vrx_nav2' build argument 'catkin_skip_building_tests' from command line to 'False'
[0.363s] DEBUG:colcon.colcon_core.verb:Building package 'vrx_nav2' with the following arguments: {'ament_cmake_args': None, 'build_base': '/home/momesso/vrx_ws/build/vrx_nav2', 'catkin_cmake_args': None, 'catkin_skip_building_tests': False, 'cmake_args': None, 'cmake_clean_cache': False, 'cmake_clean_first': False, 'cmake_force_configure': False, 'cmake_target': None, 'cmake_target_skip_unavailable': False, 'install_base': '/home/momesso/vrx_ws/install', 'merge_install': True, 'path': '/home/momesso/vrx_ws/src/vrx_nav2', 'symlink_install': False, 'test_result_base': None}
[0.364s] Level 5:colcon.colcon_core.verb:set package 'vrx_ros' build argument 'cmake_args' from command line to 'None'
[0.364s] Level 5:colcon.colcon_core.verb:set package 'vrx_ros' build argument 'cmake_target' from command line to 'None'
[0.364s] Level 5:colcon.colcon_core.verb:set package 'vrx_ros' build argument 'cmake_target_skip_unavailable' from command line to 'False'
[0.364s] Level 5:colcon.colcon_core.verb:set package 'vrx_ros' build argument 'cmake_clean_cache' from command line to 'False'
[0.364s] Level 5:colcon.colcon_core.verb:set package 'vrx_ros' build argument 'cmake_clean_first' from command line to 'False'
[0.364s] Level 5:colcon.colcon_core.verb:set package 'vrx_ros' build argument 'cmake_force_configure' from command line to 'False'
[0.364s] Level 5:colcon.colcon_core.verb:set package 'vrx_ros' build argument 'ament_cmake_args' from command line to 'None'
[0.364s] Level 5:colcon.colcon_core.verb:set package 'vrx_ros' build argument 'catkin_cmake_args' from command line to 'None'
[0.364s] Level 5:colcon.colcon_core.verb:set package 'vrx_ros' build argument 'catkin_skip_building_tests' from command line to 'False'
[0.364s] DEBUG:colcon.colcon_core.verb:Building package 'vrx_ros' with the following arguments: {'ament_cmake_args': None, 'build_base': '/home/momesso/vrx_ws/build/vrx_ros', 'catkin_cmake_args': None, 'catkin_skip_building_tests': False, 'cmake_args': None, 'cmake_clean_cache': False, 'cmake_clean_first': False, 'cmake_force_configure': False, 'cmake_target': None, 'cmake_target_skip_unavailable': False, 'install_base': '/home/momesso/vrx_ws/install', 'merge_install': True, 'path': '/home/momesso/vrx_ws/src/vrx/vrx_ros', 'symlink_install': False, 'test_result_base': None}
[0.364s] Level 5:colcon.colcon_core.verb:set package 'vrx_gz' build argument 'cmake_args' from command line to 'None'
[0.364s] Level 5:colcon.colcon_core.verb:set package 'vrx_gz' build argument 'cmake_target' from command line to 'None'
[0.364s] Level 5:colcon.colcon_core.verb:set package 'vrx_gz' build argument 'cmake_target_skip_unavailable' from command line to 'False'
[0.364s] Level 5:colcon.colcon_core.verb:set package 'vrx_gz' build argument 'cmake_clean_cache' from command line to 'False'
[0.364s] Level 5:colcon.colcon_core.verb:set package 'vrx_gz' build argument 'cmake_clean_first' from command line to 'False'
[0.364s] Level 5:colcon.colcon_core.verb:set package 'vrx_gz' build argument 'cmake_force_configure' from command line to 'False'
[0.364s] Level 5:colcon.colcon_core.verb:set package 'vrx_gz' build argument 'ament_cmake_args' from command line to 'None'
[0.364s] Level 5:colcon.colcon_core.verb:set package 'vrx_gz' build argument 'catkin_cmake_args' from command line to 'None'
[0.364s] Level 5:colcon.colcon_core.verb:set package 'vrx_gz' build argument 'catkin_skip_building_tests' from command line to 'False'
[0.364s] DEBUG:colcon.colcon_core.verb:Building package 'vrx_gz' with the following arguments: {'ament_cmake_args': None, 'build_base': '/home/momesso/vrx_ws/build/vrx_gz', 'catkin_cmake_args': None, 'catkin_skip_building_tests': False, 'cmake_args': None, 'cmake_clean_cache': False, 'cmake_clean_first': False, 'cmake_force_configure': False, 'cmake_target': None, 'cmake_target_skip_unavailable': False, 'install_base': '/home/momesso/vrx_ws/install', 'merge_install': True, 'path': '/home/momesso/vrx_ws/src/vrx/vrx_gz', 'symlink_install': False, 'test_result_base': None}
[0.365s] Level 5:colcon.colcon_core.verb:set package 'wamv_description' build argument 'cmake_args' from command line to 'None'
[0.365s] Level 5:colcon.colcon_core.verb:set package 'wamv_description' build argument 'cmake_target' from command line to 'None'
[0.365s] Level 5:colcon.colcon_core.verb:set package 'wamv_description' build argument 'cmake_target_skip_unavailable' from command line to 'False'
[0.365s] Level 5:colcon.colcon_core.verb:set package 'wamv_description' build argument 'cmake_clean_cache' from command line to 'False'
[0.365s] Level 5:colcon.colcon_core.verb:set package 'wamv_description' build argument 'cmake_clean_first' from command line to 'False'
[0.365s] Level 5:colcon.colcon_core.verb:set package 'wamv_description' build argument 'cmake_force_configure' from command line to 'False'
[0.365s] Level 5:colcon.colcon_core.verb:set package 'wamv_description' build argument 'ament_cmake_args' from command line to 'None'
[0.365s] Level 5:colcon.colcon_core.verb:set package 'wamv_description' build argument 'catkin_cmake_args' from command line to 'None'
[0.365s] Level 5:colcon.colcon_core.verb:set package 'wamv_description' build argument 'catkin_skip_building_tests' from command line to 'False'
[0.365s] DEBUG:colcon.colcon_core.verb:Building package 'wamv_description' with the following arguments: {'ament_cmake_args': None, 'build_base': '/home/momesso/vrx_ws/build/wamv_description', 'catkin_cmake_args': None, 'catkin_skip_building_tests': False, 'cmake_args': None, 'cmake_clean_cache': False, 'cmake_clean_first': False, 'cmake_force_configure': False, 'cmake_target': None, 'cmake_target_skip_unavailable': False, 'install_base': '/home/momesso/vrx_ws/install', 'merge_install': True, 'path': '/home/momesso/vrx_ws/src/vrx/vrx_urdf/wamv_description', 'symlink_install': False, 'test_result_base': None}
[0.365s] Level 5:colcon.colcon_core.verb:set package 'wamv_gazebo' build argument 'cmake_args' from command line to 'None'
[0.365s] Level 5:colcon.colcon_core.verb:set package 'wamv_gazebo' build argument 'cmake_target' from command line to 'None'
[0.365s] Level 5:colcon.colcon_core.verb:set package 'wamv_gazebo' build argument 'cmake_target_skip_unavailable' from command line to 'False'
[0.365s] Level 5:colcon.colcon_core.verb:set package 'wamv_gazebo' build argument 'cmake_clean_cache' from command line to 'False'
[0.365s] Level 5:colcon.colcon_core.verb:set package 'wamv_gazebo' build argument 'cmake_clean_first' from command line to 'False'
[0.365s] Level 5:colcon.colcon_core.verb:set package 'wamv_gazebo' build argument 'cmake_force_configure' from command line to 'False'
[0.365s] Level 5:colcon.colcon_core.verb:set package 'wamv_gazebo' build argument 'ament_cmake_args' from command line to 'None'
[0.365s] Level 5:colcon.colcon_core.verb:set package 'wamv_gazebo' build argument 'catkin_cmake_args' from command line to 'None'
[0.365s] Level 5:colcon.colcon_core.verb:set package 'wamv_gazebo' build argument 'catkin_skip_building_tests' from command line to 'False'
[0.365s] DEBUG:colcon.colcon_core.verb:Building package 'wamv_gazebo' with the following arguments: {'ament_cmake_args': None, 'build_base': '/home/momesso/vrx_ws/build/wamv_gazebo', 'catkin_cmake_args': None, 'catkin_skip_building_tests': False, 'cmake_args': None, 'cmake_clean_cache': False, 'cmake_clean_first': False, 'cmake_force_configure': False, 'cmake_target': None, 'cmake_target_skip_unavailable': False, 'install_base': '/home/momesso/vrx_ws/install', 'merge_install': True, 'path': '/home/momesso/vrx_ws/src/vrx/vrx_urdf/wamv_gazebo', 'symlink_install': False, 'test_result_base': None}
[0.366s] INFO:colcon.colcon_core.executor:Executing jobs using 'parallel' executor
[0.367s] DEBUG:colcon.colcon_parallel_executor.executor.parallel:run_until_complete
[0.367s] INFO:colcon.colcon_ros.task.ament_cmake.build:Building ROS package in '/home/momesso/vrx_ws/src/vrx/vrx_urdf/vrx_gazebo' with build type 'ament_cmake'
[0.367s] INFO:colcon.colcon_cmake.task.cmake.build:Building CMake package in '/home/momesso/vrx_ws/src/vrx/vrx_urdf/vrx_gazebo'
[0.369s] INFO:colcon.colcon_core.plugin_system:Skipping extension 'colcon_core.shell.bat': Not used on non-Windows systems
[0.369s] INFO:colcon.colcon_core.shell:Skip shell extension 'powershell' for command environment: Not usable outside of PowerShell
[0.369s] DEBUG:colcon.colcon_core.shell:Skip shell extension 'dsv' for command environment
[0.372s] INFO:colcon.colcon_ros.task.ament_cmake.build:Building ROS package in '/home/momesso/vrx_ws/src/vrx/vrx_ros' with build type 'ament_cmake'
[0.372s] INFO:colcon.colcon_cmake.task.cmake.build:Building CMake package in '/home/momesso/vrx_ws/src/vrx/vrx_ros'
[0.372s] INFO:colcon.colcon_core.shell:Skip shell extension 'powershell' for command environment: Not usable outside of PowerShell
[0.372s] DEBUG:colcon.colcon_core.shell:Skip shell extension 'dsv' for command environment
[0.374s] INFO:colcon.colcon_ros.task.ament_python.build:Building ROS package in '/home/momesso/vrx_ws/src/vrx_nav2' with build type 'ament_python'
[0.375s] Level 1:colcon.colcon_core.shell:create_environment_hook('vrx_nav2', 'ament_prefix_path')
[0.375s] INFO:colcon.colcon_core.shell:Creating environment hook '/home/momesso/vrx_ws/install/share/vrx_nav2/hook/ament_prefix_path.ps1'
[0.376s] INFO:colcon.colcon_core.shell:Creating environment descriptor '/home/momesso/vrx_ws/install/share/vrx_nav2/hook/ament_prefix_path.dsv'
[0.376s] INFO:colcon.colcon_core.shell:Creating environment hook '/home/momesso/vrx_ws/install/share/vrx_nav2/hook/ament_prefix_path.sh'
[0.376s] INFO:colcon.colcon_core.shell:Skip shell extension 'powershell' for command environment: Not usable outside of PowerShell
[0.376s] DEBUG:colcon.colcon_core.shell:Skip shell extension 'dsv' for command environment
[0.383s] DEBUG:colcon.colcon_core.event_handler.log_command:Invoking command in '/home/momesso/vrx_ws/build/vrx_gazebo': CMAKE_PREFIX_PATH=/opt/ros/humble /usr/bin/cmake --build /home/momesso/vrx_ws/build/vrx_gazebo -- -j12 -l12
[0.387s] DEBUG:colcon.colcon_core.event_handler.log_command:Invoking command in '/home/momesso/vrx_ws/build/vrx_ros': CMAKE_PREFIX_PATH=/opt/ros/humble /usr/bin/cmake --build /home/momesso/vrx_ws/build/vrx_ros -- -j12 -l12
[0.639s] INFO:colcon.colcon_core.task.python.build:Building Python package in '/home/momesso/vrx_ws/src/vrx_nav2'
[0.640s] INFO:colcon.colcon_core.shell:Skip shell extension 'powershell' for command environment: Not usable outside of PowerShell
[0.640s] DEBUG:colcon.colcon_core.shell:Skip shell extension 'dsv' for command environment
[0.643s] DEBUG:colcon.colcon_core.event_handler.log_command:Invoked command in '/home/momesso/vrx_ws/build/vrx_ros' returned '0': CMAKE_PREFIX_PATH=/opt/ros/humble /usr/bin/cmake --build /home/momesso/vrx_ws/build/vrx_ros -- -j12 -l12
[0.671s] DEBUG:colcon.colcon_core.event_handler.log_command:Invoking command in '/home/momesso/vrx_ws/build/vrx_ros': CMAKE_PREFIX_PATH=/opt/ros/humble /usr/bin/cmake --install /home/momesso/vrx_ws/build/vrx_ros
[0.681s] Level 1:colcon.colcon_core.environment:create_environment_scripts_only(vrx_ros)
[0.681s] DEBUG:colcon.colcon_core.event_handler.log_command:Invoked command in '/home/momesso/vrx_ws/build/vrx_ros' returned '0': CMAKE_PREFIX_PATH=/opt/ros/humble /usr/bin/cmake --install /home/momesso/vrx_ws/build/vrx_ros
[0.683s] Level 1:colcon.colcon_core.environment:checking '/home/momesso/vrx_ws/install' for CMake module files
[0.684s] Level 1:colcon.colcon_core.environment:checking '/home/momesso/vrx_ws/install' for CMake config files
[0.684s] Level 1:colcon.colcon_core.shell:create_environment_hook('vrx_ros', 'cmake_prefix_path')
[0.685s] INFO:colcon.colcon_core.shell:Creating environment hook '/home/momesso/vrx_ws/install/share/vrx_ros/hook/cmake_prefix_path.ps1'
[0.685s] INFO:colcon.colcon_core.shell:Creating environment descriptor '/home/momesso/vrx_ws/install/share/vrx_ros/hook/cmake_prefix_path.dsv'
[0.686s] INFO:colcon.colcon_core.shell:Creating environment hook '/home/momesso/vrx_ws/install/share/vrx_ros/hook/cmake_prefix_path.sh'
[0.686s] Level 1:colcon.colcon_core.environment:checking '/home/momesso/vrx_ws/install/lib'
[0.687s] Level 1:colcon.colcon_core.shell:create_environment_hook('vrx_ros', 'ld_library_path_lib')
[0.687s] INFO:colcon.colcon_core.shell:Creating environment hook '/home/momesso/vrx_ws/install/share/vrx_ros/hook/ld_library_path_lib.ps1'
[0.687s] INFO:colcon.colcon_core.shell:Creating environment descriptor '/home/momesso/vrx_ws/install/share/vrx_ros/hook/ld_library_path_lib.dsv'
[0.688s] INFO:colcon.colcon_core.shell:Creating environment hook '/home/momesso/vrx_ws/install/share/vrx_ros/hook/ld_library_path_lib.sh'
[0.688s] Level 1:colcon.colcon_core.environment:checking '/home/momesso/vrx_ws/install/bin'
[0.688s] Level 1:colcon.colcon_core.environment:checking '/home/momesso/vrx_ws/install/lib/pkgconfig/vrx_ros.pc'
[0.688s] Level 1:colcon.colcon_core.environment:checking '/home/momesso/vrx_ws/install/lib/python3.10/site-packages'
[0.688s] Level 1:colcon.colcon_core.shell:create_environment_hook('vrx_ros', 'pythonpath')
[0.689s] INFO:colcon.colcon_core.shell:Creating environment hook '/home/momesso/vrx_ws/install/share/vrx_ros/hook/pythonpath.ps1'
[0.689s] INFO:colcon.colcon_core.shell:Creating environment descriptor '/home/momesso/vrx_ws/install/share/vrx_ros/hook/pythonpath.dsv'
[0.690s] INFO:colcon.colcon_core.shell:Creating environment hook '/home/momesso/vrx_ws/install/share/vrx_ros/hook/pythonpath.sh'
[0.691s] Level 1:colcon.colcon_core.environment:checking '/home/momesso/vrx_ws/install/bin'
[0.691s] INFO:colcon.colcon_core.shell:Creating package script '/home/momesso/vrx_ws/install/share/vrx_ros/package.ps1'
[0.693s] INFO:colcon.colcon_core.shell:Creating package descriptor '/home/momesso/vrx_ws/install/share/vrx_ros/package.dsv'
[0.693s] INFO:colcon.colcon_core.shell:Creating package script '/home/momesso/vrx_ws/install/share/vrx_ros/package.sh'
[0.695s] INFO:colcon.colcon_core.shell:Creating package script '/home/momesso/vrx_ws/install/share/vrx_ros/package.bash'
[0.696s] INFO:colcon.colcon_core.shell:Creating package script '/home/momesso/vrx_ws/install/share/vrx_ros/package.zsh'
[0.697s] Level 1:colcon.colcon_core.environment:create_file_with_runtime_dependencies(/home/momesso/vrx_ws/install/share/colcon-core/packages/vrx_ros)
[0.700s] DEBUG:colcon.colcon_core.event_handler.log_command:Invoked command in '/home/momesso/vrx_ws/build/vrx_gazebo' returned '0': CMAKE_PREFIX_PATH=/opt/ros/humble /usr/bin/cmake --build /home/momesso/vrx_ws/build/vrx_gazebo -- -j12 -l12
[0.720s] DEBUG:colcon.colcon_core.event_handler.log_command:Invoking command in '/home/momesso/vrx_ws/build/vrx_gazebo': CMAKE_PREFIX_PATH=/opt/ros/humble /usr/bin/cmake --install /home/momesso/vrx_ws/build/vrx_gazebo
[0.721s] Level 1:colcon.colcon_core.environment:create_environment_scripts_only(vrx_ros)
[0.721s] Level 1:colcon.colcon_core.environment:checking '/home/momesso/vrx_ws/install' for CMake module files
[0.722s] Level 1:colcon.colcon_core.environment:checking '/home/momesso/vrx_ws/install' for CMake config files
[0.723s] Level 1:colcon.colcon_core.shell:create_environment_hook('vrx_ros', 'cmake_prefix_path')
[0.723s] INFO:colcon.colcon_core.shell:Creating environment hook '/home/momesso/vrx_ws/install/share/vrx_ros/hook/cmake_prefix_path.ps1'
[0.724s] INFO:colcon.colcon_core.shell:Creating environment descriptor '/home/momesso/vrx_ws/install/share/vrx_ros/hook/cmake_prefix_path.dsv'
[0.724s] INFO:colcon.colcon_core.shell:Creating environment hook '/home/momesso/vrx_ws/install/share/vrx_ros/hook/cmake_prefix_path.sh'
[0.724s] Level 1:colcon.colcon_core.environment:checking '/home/momesso/vrx_ws/install/lib'
[0.725s] Level 1:colcon.colcon_core.shell:create_environment_hook('vrx_ros', 'ld_library_path_lib')
[0.725s] INFO:colcon.colcon_core.shell:Creating environment hook '/home/momesso/vrx_ws/install/share/vrx_ros/hook/ld_library_path_lib.ps1'
[0.725s] INFO:colcon.colcon_core.shell:Creating environment descriptor '/home/momesso/vrx_ws/install/share/vrx_ros/hook/ld_library_path_lib.dsv'
[0.726s] INFO:colcon.colcon_core.shell:Creating environment hook '/home/momesso/vrx_ws/install/share/vrx_ros/hook/ld_library_path_lib.sh'
[0.726s] Level 1:colcon.colcon_core.environment:checking '/home/momesso/vrx_ws/install/bin'
[0.726s] Level 1:colcon.colcon_core.environment:checking '/home/momesso/vrx_ws/install/lib/pkgconfig/vrx_ros.pc'
[0.726s] Level 1:colcon.colcon_core.environment:checking '/home/momesso/vrx_ws/install/lib/python3.10/site-packages'
[0.726s] Level 1:colcon.colcon_core.shell:create_environment_hook('vrx_ros', 'pythonpath')
[0.726s] INFO:colcon.colcon_core.shell:Creating environment hook '/home/momesso/vrx_ws/install/share/vrx_ros/hook/pythonpath.ps1'
[0.727s] INFO:colcon.colcon_core.shell:Creating environment descriptor '/home/momesso/vrx_ws/install/share/vrx_ros/hook/pythonpath.dsv'
[0.728s] INFO:colcon.colcon_core.shell:Creating environment hook '/home/momesso/vrx_ws/install/share/vrx_ros/hook/pythonpath.sh'
[0.730s] Level 1:colcon.colcon_core.environment:checking '/home/momesso/vrx_ws/install/bin'
[0.730s] INFO:colcon.colcon_core.shell:Creating package script '/home/momesso/vrx_ws/install/share/vrx_ros/package.ps1'
[0.731s] INFO:colcon.colcon_core.shell:Creating package descriptor '/home/momesso/vrx_ws/install/share/vrx_ros/package.dsv'
[0.731s] INFO:colcon.colcon_core.shell:Creating package script '/home/momesso/vrx_ws/install/share/vrx_ros/package.sh'
[0.732s] INFO:colcon.colcon_core.shell:Creating package script '/home/momesso/vrx_ws/install/share/vrx_ros/package.bash'
[0.733s] INFO:colcon.colcon_core.shell:Creating package script '/home/momesso/vrx_ws/install/share/vrx_ros/package.zsh'
[0.734s] Level 1:colcon.colcon_core.environment:create_file_with_runtime_dependencies(/home/momesso/vrx_ws/install/share/colcon-core/packages/vrx_ros)
[0.735s] INFO:colcon.colcon_ros.task.ament_cmake.build:Building ROS package in '/home/momesso/vrx_ws/src/vrx/vrx_gz' with build type 'ament_cmake'
[0.736s] INFO:colcon.colcon_cmake.task.cmake.build:Building CMake package in '/home/momesso/vrx_ws/src/vrx/vrx_gz'
[0.736s] INFO:colcon.colcon_core.shell:Skip shell extension 'powershell' for command environment: Not usable outside of PowerShell
[0.736s] DEBUG:colcon.colcon_core.shell:Skip shell extension 'dsv' for command environment
[0.748s] DEBUG:colcon.colcon_core.event_handler.log_command:Invoking command in '/home/momesso/vrx_ws/build/vrx_gz': AMENT_PREFIX_PATH=/home/momesso/vrx_ws/install:${AMENT_PREFIX_PATH} CMAKE_PREFIX_PATH=/home/momesso/vrx_ws/install:/opt/ros/humble LD_LIBRARY_PATH=/home/momesso/vrx_ws/install/lib:${LD_LIBRARY_PATH} PYTHONPATH=/home/momesso/vrx_ws/install/lib/python3.10/site-packages:${PYTHONPATH} /usr/bin/cmake --build /home/momesso/vrx_ws/build/vrx_gz -- -j12 -l12
[0.764s] Level 1:colcon.colcon_core.environment:create_environment_scripts_only(vrx_gazebo)
[0.765s] Level 1:colcon.colcon_core.environment:checking '/home/momesso/vrx_ws/install' for CMake module files
[0.765s] DEBUG:colcon.colcon_core.event_handler.log_command:Invoked command in '/home/momesso/vrx_ws/build/vrx_gazebo' returned '0': CMAKE_PREFIX_PATH=/opt/ros/humble /usr/bin/cmake --install /home/momesso/vrx_ws/build/vrx_gazebo
[0.765s] Level 1:colcon.colcon_core.environment:checking '/home/momesso/vrx_ws/install' for CMake config files
[0.766s] Level 1:colcon.colcon_core.shell:create_environment_hook('vrx_gazebo', 'cmake_prefix_path')
[0.766s] INFO:colcon.colcon_core.shell:Creating environment hook '/home/momesso/vrx_ws/install/share/vrx_gazebo/hook/cmake_prefix_path.ps1'
[0.766s] INFO:colcon.colcon_core.shell:Creating environment descriptor '/home/momesso/vrx_ws/install/share/vrx_gazebo/hook/cmake_prefix_path.dsv'
[0.766s] INFO:colcon.colcon_core.shell:Creating environment hook '/home/momesso/vrx_ws/install/share/vrx_gazebo/hook/cmake_prefix_path.sh'
[0.767s] Level 1:colcon.colcon_core.environment:checking '/home/momesso/vrx_ws/install/lib'
[0.767s] Level 1:colcon.colcon_core.shell:create_environment_hook('vrx_gazebo', 'ld_library_path_lib')
[0.767s] INFO:colcon.colcon_core.shell:Creating environment hook '/home/momesso/vrx_ws/install/share/vrx_gazebo/hook/ld_library_path_lib.ps1'
[0.767s] INFO:colcon.colcon_core.shell:Creating environment descriptor '/home/momesso/vrx_ws/install/share/vrx_gazebo/hook/ld_library_path_lib.dsv'
[0.768s] INFO:colcon.colcon_core.shell:Creating environment hook '/home/momesso/vrx_ws/install/share/vrx_gazebo/hook/ld_library_path_lib.sh'
[0.768s] Level 1:colcon.colcon_core.environment:checking '/home/momesso/vrx_ws/install/bin'
[0.768s] Level 1:colcon.colcon_core.environment:checking '/home/momesso/vrx_ws/install/lib/pkgconfig/vrx_gazebo.pc'
[0.768s] Level 1:colcon.colcon_core.environment:checking '/home/momesso/vrx_ws/install/lib/python3.10/site-packages'
[0.769s] Level 1:colcon.colcon_core.shell:create_environment_hook('vrx_gazebo', 'pythonpath')
[0.769s] INFO:colcon.colcon_core.shell:Creating environment hook '/home/momesso/vrx_ws/install/share/vrx_gazebo/hook/pythonpath.ps1'
[0.769s] INFO:colcon.colcon_core.shell:Creating environment descriptor '/home/momesso/vrx_ws/install/share/vrx_gazebo/hook/pythonpath.dsv'
[0.769s] INFO:colcon.colcon_core.shell:Creating environment hook '/home/momesso/vrx_ws/install/share/vrx_gazebo/hook/pythonpath.sh'
[0.770s] Level 1:colcon.colcon_core.environment:checking '/home/momesso/vrx_ws/install/bin'
[0.770s] INFO:colcon.colcon_core.shell:Creating package script '/home/momesso/vrx_ws/install/share/vrx_gazebo/package.ps1'
[0.771s] INFO:colcon.colcon_core.shell:Creating package descriptor '/home/momesso/vrx_ws/install/share/vrx_gazebo/package.dsv'
[0.771s] INFO:colcon.colcon_core.shell:Creating package script '/home/momesso/vrx_ws/install/share/vrx_gazebo/package.sh'
[0.772s] INFO:colcon.colcon_core.shell:Creating package script '/home/momesso/vrx_ws/install/share/vrx_gazebo/package.bash'
[0.772s] INFO:colcon.colcon_core.shell:Creating package script '/home/momesso/vrx_ws/install/share/vrx_gazebo/package.zsh'
[0.773s] Level 1:colcon.colcon_core.environment:create_file_with_runtime_dependencies(/home/momesso/vrx_ws/install/share/colcon-core/packages/vrx_gazebo)
[0.793s] Level 1:colcon.colcon_core.environment:create_environment_scripts_only(vrx_gazebo)
[0.793s] Level 1:colcon.colcon_core.environment:checking '/home/momesso/vrx_ws/install' for CMake module files
[0.794s] Level 1:colcon.colcon_core.environment:checking '/home/momesso/vrx_ws/install' for CMake config files
[0.794s] Level 1:colcon.colcon_core.shell:create_environment_hook('vrx_gazebo', 'cmake_prefix_path')
[0.794s] INFO:colcon.colcon_core.shell:Creating environment hook '/home/momesso/vrx_ws/install/share/vrx_gazebo/hook/cmake_prefix_path.ps1'
[0.795s] INFO:colcon.colcon_core.shell:Creating environment descriptor '/home/momesso/vrx_ws/install/share/vrx_gazebo/hook/cmake_prefix_path.dsv'
[0.795s] INFO:colcon.colcon_core.shell:Creating environment hook '/home/momesso/vrx_ws/install/share/vrx_gazebo/hook/cmake_prefix_path.sh'
[0.796s] Level 1:colcon.colcon_core.environment:checking '/home/momesso/vrx_ws/install/lib'
[0.796s] Level 1:colcon.colcon_core.shell:create_environment_hook('vrx_gazebo', 'ld_library_path_lib')
[0.796s] INFO:colcon.colcon_core.shell:Creating environment hook '/home/momesso/vrx_ws/install/share/vrx_gazebo/hook/ld_library_path_lib.ps1'
[0.796s] INFO:colcon.colcon_core.shell:Creating environment descriptor '/home/momesso/vrx_ws/install/share/vrx_gazebo/hook/ld_library_path_lib.dsv'
[0.796s] INFO:colcon.colcon_core.shell:Creating environment hook '/home/momesso/vrx_ws/install/share/vrx_gazebo/hook/ld_library_path_lib.sh'
[0.798s] Level 1:colcon.colcon_core.environment:checking '/home/momesso/vrx_ws/install/bin'
[0.798s] Level 1:colcon.colcon_core.environment:checking '/home/momesso/vrx_ws/install/lib/pkgconfig/vrx_gazebo.pc'
[0.798s] Level 1:colcon.colcon_core.environment:checking '/home/momesso/vrx_ws/install/lib/python3.10/site-packages'
[0.798s] Level 1:colcon.colcon_core.shell:create_environment_hook('vrx_gazebo', 'pythonpath')
[0.798s] INFO:colcon.colcon_core.shell:Creating environment hook '/home/momesso/vrx_ws/install/share/vrx_gazebo/hook/pythonpath.ps1'
[0.799s] INFO:colcon.colcon_core.shell:Creating environment descriptor '/home/momesso/vrx_ws/install/share/vrx_gazebo/hook/pythonpath.dsv'
[0.799s] INFO:colcon.colcon_core.shell:Creating environment hook '/home/momesso/vrx_ws/install/share/vrx_gazebo/hook/pythonpath.sh'
[0.800s] Level 1:colcon.colcon_core.environment:checking '/home/momesso/vrx_ws/install/bin'
[0.801s] INFO:colcon.colcon_core.shell:Creating package script '/home/momesso/vrx_ws/install/share/vrx_gazebo/package.ps1'
[0.802s] INFO:colcon.colcon_core.shell:Creating package descriptor '/home/momesso/vrx_ws/install/share/vrx_gazebo/package.dsv'
[0.803s] INFO:colcon.colcon_core.shell:Creating package script '/home/momesso/vrx_ws/install/share/vrx_gazebo/package.sh'
[0.805s] INFO:colcon.colcon_core.shell:Creating package script '/home/momesso/vrx_ws/install/share/vrx_gazebo/package.bash'
[0.805s] INFO:colcon.colcon_core.shell:Creating package script '/home/momesso/vrx_ws/install/share/vrx_gazebo/package.zsh'
[0.806s] Level 1:colcon.colcon_core.environment:create_file_with_runtime_dependencies(/home/momesso/vrx_ws/install/share/colcon-core/packages/vrx_gazebo)
[0.806s] INFO:colcon.colcon_ros.task.ament_cmake.build:Building ROS package in '/home/momesso/vrx_ws/src/vrx/vrx_urdf/wamv_description' with build type 'ament_cmake'
[0.807s] INFO:colcon.colcon_cmake.task.cmake.build:Building CMake package in '/home/momesso/vrx_ws/src/vrx/vrx_urdf/wamv_description'
[0.807s] INFO:colcon.colcon_core.shell:Skip shell extension 'powershell' for command environment: Not usable outside of PowerShell
[0.807s] DEBUG:colcon.colcon_core.shell:Skip shell extension 'dsv' for command environment
[0.820s] DEBUG:colcon.colcon_core.event_handler.log_command:Invoking command in '/home/momesso/vrx_ws/build/wamv_description': AMENT_PREFIX_PATH=/home/momesso/vrx_ws/install:${AMENT_PREFIX_PATH} CMAKE_PREFIX_PATH=/home/momesso/vrx_ws/install:/opt/ros/humble GZ_SIM_RESOURCE_PATH=/home/momesso/vrx_ws/install/share/vrx_gazebo/models:/home/momesso/vrx_ws/install/share LD_LIBRARY_PATH=/home/momesso/vrx_ws/install/lib:${LD_LIBRARY_PATH} PYTHONPATH=/home/momesso/vrx_ws/install/local/lib/python3.10/dist-packages:/home/momesso/vrx_ws/install/lib/python3.10/site-packages:${PYTHONPATH} /usr/bin/cmake --build /home/momesso/vrx_ws/build/wamv_description -- -j12 -l12
[0.892s] DEBUG:colcon.colcon_core.event_handler.log_command:Invoked command in '/home/momesso/vrx_ws/build/wamv_description' returned '0': AMENT_PREFIX_PATH=/home/momesso/vrx_ws/install:${AMENT_PREFIX_PATH} CMAKE_PREFIX_PATH=/home/momesso/vrx_ws/install:/opt/ros/humble GZ_SIM_RESOURCE_PATH=/home/momesso/vrx_ws/install/share/vrx_gazebo/models:/home/momesso/vrx_ws/install/share LD_LIBRARY_PATH=/home/momesso/vrx_ws/install/lib:${LD_LIBRARY_PATH} PYTHONPATH=/home/momesso/vrx_ws/install/local/lib/python3.10/dist-packages:/home/momesso/vrx_ws/install/lib/python3.10/site-packages:${PYTHONPATH} /usr/bin/cmake --build /home/momesso/vrx_ws/build/wamv_description -- -j12 -l12
[0.912s] DEBUG:colcon.colcon_core.event_handler.log_command:Invoking command in '/home/momesso/vrx_ws/build/wamv_description': AMENT_PREFIX_PATH=/home/momesso/vrx_ws/install:${AMENT_PREFIX_PATH} CMAKE_PREFIX_PATH=/home/momesso/vrx_ws/install:/opt/ros/humble GZ_SIM_RESOURCE_PATH=/home/momesso/vrx_ws/install/share/vrx_gazebo/models:/home/momesso/vrx_ws/install/share LD_LIBRARY_PATH=/home/momesso/vrx_ws/install/lib:${LD_LIBRARY_PATH} PYTHONPATH=/home/momesso/vrx_ws/install/local/lib/python3.10/dist-packages:/home/momesso/vrx_ws/install/lib/python3.10/site-packages:${PYTHONPATH} /usr/bin/cmake --install /home/momesso/vrx_ws/build/wamv_description
[0.922s] Level 1:colcon.colcon_core.environment:create_environment_scripts_only(wamv_description)
[0.922s] Level 1:colcon.colcon_core.environment:checking '/home/momesso/vrx_ws/install' for CMake module files
[0.924s] DEBUG:colcon.colcon_core.event_handler.log_command:Invoked command in '/home/momesso/vrx_ws/build/wamv_description' returned '0': AMENT_PREFIX_PATH=/home/momesso/vrx_ws/install:${AMENT_PREFIX_PATH} CMAKE_PREFIX_PATH=/home/momesso/vrx_ws/install:/opt/ros/humble GZ_SIM_RESOURCE_PATH=/home/momesso/vrx_ws/install/share/vrx_gazebo/models:/home/momesso/vrx_ws/install/share LD_LIBRARY_PATH=/home/momesso/vrx_ws/install/lib:${LD_LIBRARY_PATH} PYTHONPATH=/home/momesso/vrx_ws/install/local/lib/python3.10/dist-packages:/home/momesso/vrx_ws/install/lib/python3.10/site-packages:${PYTHONPATH} /usr/bin/cmake --install /home/momesso/vrx_ws/build/wamv_description
[0.925s] Level 1:colcon.colcon_core.environment:checking '/home/momesso/vrx_ws/install' for CMake config files
[0.925s] Level 1:colcon.colcon_core.shell:create_environment_hook('wamv_description', 'cmake_prefix_path')
[0.925s] INFO:colcon.colcon_core.shell:Creating environment hook '/home/momesso/vrx_ws/install/share/wamv_description/hook/cmake_prefix_path.ps1'
[0.926s] INFO:colcon.colcon_core.shell:Creating environment descriptor '/home/momesso/vrx_ws/install/share/wamv_description/hook/cmake_prefix_path.dsv'
[0.926s] INFO:colcon.colcon_core.shell:Creating environment hook '/home/momesso/vrx_ws/install/share/wamv_description/hook/cmake_prefix_path.sh'
[0.927s] Level 1:colcon.colcon_core.environment:checking '/home/momesso/vrx_ws/install/lib'
[0.927s] Level 1:colcon.colcon_core.shell:create_environment_hook('wamv_description', 'ld_library_path_lib')
[0.927s] INFO:colcon.colcon_core.shell:Creating environment hook '/home/momesso/vrx_ws/install/share/wamv_description/hook/ld_library_path_lib.ps1'
[0.928s] INFO:colcon.colcon_core.shell:Creating environment descriptor '/home/momesso/vrx_ws/install/share/wamv_description/hook/ld_library_path_lib.dsv'
[0.928s] INFO:colcon.colcon_core.shell:Creating environment hook '/home/momesso/vrx_ws/install/share/wamv_description/hook/ld_library_path_lib.sh'
[0.928s] Level 1:colcon.colcon_core.environment:checking '/home/momesso/vrx_ws/install/bin'
[0.928s] Level 1:colcon.colcon_core.environment:checking '/home/momesso/vrx_ws/install/lib/pkgconfig/wamv_description.pc'
[0.929s] Level 1:colcon.colcon_core.environment:checking '/home/momesso/vrx_ws/install/lib/python3.10/site-packages'
[0.929s] Level 1:colcon.colcon_core.shell:create_environment_hook('wamv_description', 'pythonpath')
[0.929s] INFO:colcon.colcon_core.shell:Creating environment hook '/home/momesso/vrx_ws/install/share/wamv_description/hook/pythonpath.ps1'
[0.929s] INFO:colcon.colcon_core.shell:Creating environment descriptor '/home/momesso/vrx_ws/install/share/wamv_description/hook/pythonpath.dsv'
[0.930s] INFO:colcon.colcon_core.shell:Creating environment hook '/home/momesso/vrx_ws/install/share/wamv_description/hook/pythonpath.sh'
[0.930s] Level 1:colcon.colcon_core.environment:checking '/home/momesso/vrx_ws/install/bin'
[0.931s] INFO:colcon.colcon_core.shell:Creating package script '/home/momesso/vrx_ws/install/share/wamv_description/package.ps1'
[0.931s] INFO:colcon.colcon_core.shell:Creating package descriptor '/home/momesso/vrx_ws/install/share/wamv_description/package.dsv'
[0.932s] INFO:colcon.colcon_core.shell:Creating package script '/home/momesso/vrx_ws/install/share/wamv_description/package.sh'
[0.932s] INFO:colcon.colcon_core.shell:Creating package script '/home/momesso/vrx_ws/install/share/wamv_description/package.bash'
[0.933s] INFO:colcon.colcon_core.shell:Creating package script '/home/momesso/vrx_ws/install/share/wamv_description/package.zsh'
[0.933s] Level 1:colcon.colcon_core.environment:create_file_with_runtime_dependencies(/home/momesso/vrx_ws/install/share/colcon-core/packages/wamv_description)
[0.950s] Level 1:colcon.colcon_core.environment:create_environment_scripts_only(wamv_description)
[0.950s] Level 1:colcon.colcon_core.environment:checking '/home/momesso/vrx_ws/install' for CMake module files
[0.951s] Level 1:colcon.colcon_core.environment:checking '/home/momesso/vrx_ws/install' for CMake config files
[0.951s] Level 1:colcon.colcon_core.shell:create_environment_hook('wamv_description', 'cmake_prefix_path')
[0.951s] INFO:colcon.colcon_core.shell:Creating environment hook '/home/momesso/vrx_ws/install/share/wamv_description/hook/cmake_prefix_path.ps1'
[0.951s] INFO:colcon.colcon_core.shell:Creating environment descriptor '/home/momesso/vrx_ws/install/share/wamv_description/hook/cmake_prefix_path.dsv'
[0.952s] INFO:colcon.colcon_core.shell:Creating environment hook '/home/momesso/vrx_ws/install/share/wamv_description/hook/cmake_prefix_path.sh'
[0.952s] Level 1:colcon.colcon_core.environment:checking '/home/momesso/vrx_ws/install/lib'
[0.953s] Level 1:colcon.colcon_core.shell:create_environment_hook('wamv_description', 'ld_library_path_lib')
[0.953s] INFO:colcon.colcon_core.shell:Creating environment hook '/home/momesso/vrx_ws/install/share/wamv_description/hook/ld_library_path_lib.ps1'
[0.953s] INFO:colcon.colcon_core.shell:Creating environment descriptor '/home/momesso/vrx_ws/install/share/wamv_description/hook/ld_library_path_lib.dsv'
[0.954s] INFO:colcon.colcon_core.shell:Creating environment hook '/home/momesso/vrx_ws/install/share/wamv_description/hook/ld_library_path_lib.sh'
[0.954s] Level 1:colcon.colcon_core.environment:checking '/home/momesso/vrx_ws/install/bin'
[0.954s] Level 1:colcon.colcon_core.environment:checking '/home/momesso/vrx_ws/install/lib/pkgconfig/wamv_description.pc'
[0.954s] Level 1:colcon.colcon_core.environment:checking '/home/momesso/vrx_ws/install/lib/python3.10/site-packages'
[0.955s] Level 1:colcon.colcon_core.shell:create_environment_hook('wamv_description', 'pythonpath')
[0.955s] INFO:colcon.colcon_core.shell:Creating environment hook '/home/momesso/vrx_ws/install/share/wamv_description/hook/pythonpath.ps1'
[0.955s] INFO:colcon.colcon_core.shell:Creating environment descriptor '/home/momesso/vrx_ws/install/share/wamv_description/hook/pythonpath.dsv'
[0.955s] INFO:colcon.colcon_core.shell:Creating environment hook '/home/momesso/vrx_ws/install/share/wamv_description/hook/pythonpath.sh'
[0.956s] Level 1:colcon.colcon_core.environment:checking '/home/momesso/vrx_ws/install/bin'
[0.956s] INFO:colcon.colcon_core.shell:Creating package script '/home/momesso/vrx_ws/install/share/wamv_description/package.ps1'
[0.957s] INFO:colcon.colcon_core.shell:Creating package descriptor '/home/momesso/vrx_ws/install/share/wamv_description/package.dsv'
[0.957s] INFO:colcon.colcon_core.shell:Creating package script '/home/momesso/vrx_ws/install/share/wamv_description/package.sh'
[0.958s] INFO:colcon.colcon_core.shell:Creating package script '/home/momesso/vrx_ws/install/share/wamv_description/package.bash'
[0.959s] INFO:colcon.colcon_core.shell:Creating package script '/home/momesso/vrx_ws/install/share/wamv_description/package.zsh'
[0.959s] Level 1:colcon.colcon_core.environment:create_file_with_runtime_dependencies(/home/momesso/vrx_ws/install/share/colcon-core/packages/wamv_description)
[0.959s] INFO:colcon.colcon_ros.task.ament_cmake.build:Building ROS package in '/home/momesso/vrx_ws/src/vrx/vrx_urdf/wamv_gazebo' with build type 'ament_cmake'
[0.960s] INFO:colcon.colcon_cmake.task.cmake.build:Building CMake package in '/home/momesso/vrx_ws/src/vrx/vrx_urdf/wamv_gazebo'
[0.960s] INFO:colcon.colcon_core.shell:Skip shell extension 'powershell' for command environment: Not usable outside of PowerShell
[0.960s] DEBUG:colcon.colcon_core.shell:Skip shell extension 'dsv' for command environment
[0.968s] DEBUG:colcon.colcon_core.event_handler.log_command:Invoking command in '/home/momesso/vrx_ws/build/wamv_gazebo': AMENT_PREFIX_PATH=/home/momesso/vrx_ws/install:${AMENT_PREFIX_PATH} CMAKE_PREFIX_PATH=/home/momesso/vrx_ws/install:/opt/ros/humble GZ_SIM_RESOURCE_PATH=/home/momesso/vrx_ws/install/share/wamv_description/models:/home/momesso/vrx_ws/install/share/vrx_gazebo/models:/home/momesso/vrx_ws/install/share LD_LIBRARY_PATH=/home/momesso/vrx_ws/install/lib:${LD_LIBRARY_PATH} PYTHONPATH=/home/momesso/vrx_ws/install/lib/python3.10/site-packages:/home/momesso/vrx_ws/install/local/lib/python3.10/dist-packages:${PYTHONPATH} /usr/bin/cmake --build /home/momesso/vrx_ws/build/wamv_gazebo -- -j12 -l12
[1.001s] DEBUG:colcon.colcon_core.event_handler.log_command:Invoked command in '/home/momesso/vrx_ws/build/wamv_gazebo' returned '0': AMENT_PREFIX_PATH=/home/momesso/vrx_ws/install:${AMENT_PREFIX_PATH} CMAKE_PREFIX_PATH=/home/momesso/vrx_ws/install:/opt/ros/humble GZ_SIM_RESOURCE_PATH=/home/momesso/vrx_ws/install/share/wamv_description/models:/home/momesso/vrx_ws/install/share/vrx_gazebo/models:/home/momesso/vrx_ws/install/share LD_LIBRARY_PATH=/home/momesso/vrx_ws/install/lib:${LD_LIBRARY_PATH} PYTHONPATH=/home/momesso/vrx_ws/install/lib/python3.10/site-packages:/home/momesso/vrx_ws/install/local/lib/python3.10/dist-packages:${PYTHONPATH} /usr/bin/cmake --build /home/momesso/vrx_ws/build/wamv_gazebo -- -j12 -l12
[1.018s] DEBUG:colcon.colcon_core.event_handler.log_command:Invoking command in '/home/momesso/vrx_ws/build/wamv_gazebo': AMENT_PREFIX_PATH=/home/momesso/vrx_ws/install:${AMENT_PREFIX_PATH} CMAKE_PREFIX_PATH=/home/momesso/vrx_ws/install:/opt/ros/humble GZ_SIM_RESOURCE_PATH=/home/momesso/vrx_ws/install/share/wamv_description/models:/home/momesso/vrx_ws/install/share/vrx_gazebo/models:/home/momesso/vrx_ws/install/share LD_LIBRARY_PATH=/home/momesso/vrx_ws/install/lib:${LD_LIBRARY_PATH} PYTHONPATH=/home/momesso/vrx_ws/install/lib/python3.10/site-packages:/home/momesso/vrx_ws/install/local/lib/python3.10/dist-packages:${PYTHONPATH} /usr/bin/cmake --install /home/momesso/vrx_ws/build/wamv_gazebo
[1.022s] DEBUG:colcon.colcon_core.event_handler.log_command:Invoking command in '/home/momesso/vrx_ws/src/vrx_nav2': PYTHONPATH=/home/momesso/vrx_ws/build/vrx_nav2/prefix_override:/home/momesso/vrx_ws/install/lib/python3.10/site-packages:${PYTHONPATH} /usr/bin/python3 -W ignore:setup.py install is deprecated setup.py egg_info --egg-base ../../build/vrx_nav2 build --build-base /home/momesso/vrx_ws/build/vrx_nav2/build install --record /home/momesso/vrx_ws/build/vrx_nav2/install.log --single-version-externally-managed install_data
[1.028s] Level 1:colcon.colcon_core.environment:create_environment_scripts_only(wamv_gazebo)
[1.028s] Level 1:colcon.colcon_core.environment:checking '/home/momesso/vrx_ws/install' for CMake module files
[1.029s] Level 1:colcon.colcon_core.environment:checking '/home/momesso/vrx_ws/install' for CMake config files
[1.030s] DEBUG:colcon.colcon_core.event_handler.log_command:Invoked command in '/home/momesso/vrx_ws/build/wamv_gazebo' returned '0': AMENT_PREFIX_PATH=/home/momesso/vrx_ws/install:${AMENT_PREFIX_PATH} CMAKE_PREFIX_PATH=/home/momesso/vrx_ws/install:/opt/ros/humble GZ_SIM_RESOURCE_PATH=/home/momesso/vrx_ws/install/share/wamv_description/models:/home/momesso/vrx_ws/install/share/vrx_gazebo/models:/home/momesso/vrx_ws/install/share LD_LIBRARY_PATH=/home/momesso/vrx_ws/install/lib:${LD_LIBRARY_PATH} PYTHONPATH=/home/momesso/vrx_ws/install/lib/python3.10/site-packages:/home/momesso/vrx_ws/install/local/lib/python3.10/dist-packages:${PYTHONPATH} /usr/bin/cmake --install /home/momesso/vrx_ws/build/wamv_gazebo
[1.030s] Level 1:colcon.colcon_core.shell:create_environment_hook('wamv_gazebo', 'cmake_prefix_path')
[1.031s] INFO:colcon.colcon_core.shell:Creating environment hook '/home/momesso/vrx_ws/install/share/wamv_gazebo/hook/cmake_prefix_path.ps1'
[1.031s] INFO:colcon.colcon_core.shell:Creating environment descriptor '/home/momesso/vrx_ws/install/share/wamv_gazebo/hook/cmake_prefix_path.dsv'
[1.031s] INFO:colcon.colcon_core.shell:Creating environment hook '/home/momesso/vrx_ws/install/share/wamv_gazebo/hook/cmake_prefix_path.sh'
[1.032s] Level 1:colcon.colcon_core.environment:checking '/home/momesso/vrx_ws/install/lib'
[1.032s] Level 1:colcon.colcon_core.shell:create_environment_hook('wamv_gazebo', 'ld_library_path_lib')
[1.032s] INFO:colcon.colcon_core.shell:Creating environment hook '/home/momesso/vrx_ws/install/share/wamv_gazebo/hook/ld_library_path_lib.ps1'
[1.032s] INFO:colcon.colcon_core.shell:Creating environment descriptor '/home/momesso/vrx_ws/install/share/wamv_gazebo/hook/ld_library_path_lib.dsv'
[1.033s] INFO:colcon.colcon_core.shell:Creating environment hook '/home/momesso/vrx_ws/install/share/wamv_gazebo/hook/ld_library_path_lib.sh'
[1.033s] Level 1:colcon.colcon_core.environment:checking '/home/momesso/vrx_ws/install/bin'
[1.033s] Level 1:colcon.colcon_core.environment:checking '/home/momesso/vrx_ws/install/lib/pkgconfig/wamv_gazebo.pc'
[1.033s] Level 1:colcon.colcon_core.environment:checking '/home/momesso/vrx_ws/install/lib/python3.10/site-packages'
[1.033s] Level 1:colcon.colcon_core.shell:create_environment_hook('wamv_gazebo', 'pythonpath')
[1.033s] INFO:colcon.colcon_core.shell:Creating environment hook '/home/momesso/vrx_ws/install/share/wamv_gazebo/hook/pythonpath.ps1'
[1.034s] INFO:colcon.colcon_core.shell:Creating environment descriptor '/home/momesso/vrx_ws/install/share/wamv_gazebo/hook/pythonpath.dsv'
[1.034s] INFO:colcon.colcon_core.shell:Creating environment hook '/home/momesso/vrx_ws/install/share/wamv_gazebo/hook/pythonpath.sh'
[1.034s] Level 1:colcon.colcon_core.environment:checking '/home/momesso/vrx_ws/install/bin'
[1.035s] INFO:colcon.colcon_core.shell:Creating package script '/home/momesso/vrx_ws/install/share/wamv_gazebo/package.ps1'
[1.035s] INFO:colcon.colcon_core.shell:Creating package descriptor '/home/momesso/vrx_ws/install/share/wamv_gazebo/package.dsv'
[1.036s] INFO:colcon.colcon_core.shell:Creating package script '/home/momesso/vrx_ws/install/share/wamv_gazebo/package.sh'
[1.036s] INFO:colcon.colcon_core.shell:Creating package script '/home/momesso/vrx_ws/install/share/wamv_gazebo/package.bash'
[1.037s] INFO:colcon.colcon_core.shell:Creating package script '/home/momesso/vrx_ws/install/share/wamv_gazebo/package.zsh'
[1.037s] Level 1:colcon.colcon_core.environment:create_file_with_runtime_dependencies(/home/momesso/vrx_ws/install/share/colcon-core/packages/wamv_gazebo)
[1.053s] Level 1:colcon.colcon_core.environment:create_environment_scripts_only(wamv_gazebo)
[1.053s] Level 1:colcon.colcon_core.environment:checking '/home/momesso/vrx_ws/install' for CMake module files
[1.054s] Level 1:colcon.colcon_core.environment:checking '/home/momesso/vrx_ws/install' for CMake config files
[1.054s] Level 1:colcon.colcon_core.shell:create_environment_hook('wamv_gazebo', 'cmake_prefix_path')
[1.054s] INFO:colcon.colcon_core.shell:Creating environment hook '/home/momesso/vrx_ws/install/share/wamv_gazebo/hook/cmake_prefix_path.ps1'
[1.055s] INFO:colcon.colcon_core.shell:Creating environment descriptor '/home/momesso/vrx_ws/install/share/wamv_gazebo/hook/cmake_prefix_path.dsv'
[1.055s] INFO:colcon.colcon_core.shell:Creating environment hook '/home/momesso/vrx_ws/install/share/wamv_gazebo/hook/cmake_prefix_path.sh'
[1.055s] Level 1:colcon.colcon_core.environment:checking '/home/momesso/vrx_ws/install/lib'
[1.056s] Level 1:colcon.colcon_core.shell:create_environment_hook('wamv_gazebo', 'ld_library_path_lib')
[1.056s] INFO:colcon.colcon_core.shell:Creating environment hook '/home/momesso/vrx_ws/install/share/wamv_gazebo/hook/ld_library_path_lib.ps1'
[1.056s] INFO:colcon.colcon_core.shell:Creating environment descriptor '/home/momesso/vrx_ws/install/share/wamv_gazebo/hook/ld_library_path_lib.dsv'
[1.056s] INFO:colcon.colcon_core.shell:Creating environment hook '/home/momesso/vrx_ws/install/share/wamv_gazebo/hook/ld_library_path_lib.sh'
[1.057s] Level 1:colcon.colcon_core.environment:checking '/home/momesso/vrx_ws/install/bin'
[1.057s] Level 1:colcon.colcon_core.environment:checking '/home/momesso/vrx_ws/install/lib/pkgconfig/wamv_gazebo.pc'
[1.057s] Level 1:colcon.colcon_core.environment:checking '/home/momesso/vrx_ws/install/lib/python3.10/site-packages'
[1.057s] Level 1:colcon.colcon_core.shell:create_environment_hook('wamv_gazebo', 'pythonpath')
[1.057s] INFO:colcon.colcon_core.shell:Creating environment hook '/home/momesso/vrx_ws/install/share/wamv_gazebo/hook/pythonpath.ps1'
[1.058s] INFO:colcon.colcon_core.shell:Creating environment descriptor '/home/momesso/vrx_ws/install/share/wamv_gazebo/hook/pythonpath.dsv'
[1.058s] INFO:colcon.colcon_core.shell:Creating environment hook '/home/momesso/vrx_ws/install/share/wamv_gazebo/hook/pythonpath.sh'
[1.059s] Level 1:colcon.colcon_core.environment:checking '/home/momesso/vrx_ws/install/bin'
[1.059s] INFO:colcon.colcon_core.shell:Creating package script '/home/momesso/vrx_ws/install/share/wamv_gazebo/package.ps1'
[1.060s] INFO:colcon.colcon_core.shell:Creating package descriptor '/home/momesso/vrx_ws/install/share/wamv_gazebo/package.dsv'
[1.060s] INFO:colcon.colcon_core.shell:Creating package script '/home/momesso/vrx_ws/install/share/wamv_gazebo/package.sh'
[1.061s] INFO:colcon.colcon_core.shell:Creating package script '/home/momesso/vrx_ws/install/share/wamv_gazebo/package.bash'
[1.061s] INFO:colcon.colcon_core.shell:Creating package script '/home/momesso/vrx_ws/install/share/wamv_gazebo/package.zsh'
[1.062s] Level 1:colcon.colcon_core.environment:create_file_with_runtime_dependencies(/home/momesso/vrx_ws/install/share/colcon-core/packages/wamv_gazebo)
[1.132s] DEBUG:colcon.colcon_core.event_handler.log_command:Invoked command in '/home/momesso/vrx_ws/build/vrx_gz' returned '0': AMENT_PREFIX_PATH=/home/momesso/vrx_ws/install:${AMENT_PREFIX_PATH} CMAKE_PREFIX_PATH=/home/momesso/vrx_ws/install:/opt/ros/humble LD_LIBRARY_PATH=/home/momesso/vrx_ws/install/lib:${LD_LIBRARY_PATH} PYTHONPATH=/home/momesso/vrx_ws/install/lib/python3.10/site-packages:${PYTHONPATH} /usr/bin/cmake --build /home/momesso/vrx_ws/build/vrx_gz -- -j12 -l12
[1.196s] DEBUG:colcon.colcon_core.event_handler.log_command:Invoking command in '/home/momesso/vrx_ws/build/vrx_gz': AMENT_PREFIX_PATH=/home/momesso/vrx_ws/install:${AMENT_PREFIX_PATH} CMAKE_PREFIX_PATH=/home/momesso/vrx_ws/install:/opt/ros/humble LD_LIBRARY_PATH=/home/momesso/vrx_ws/install/lib:${LD_LIBRARY_PATH} PYTHONPATH=/home/momesso/vrx_ws/install/lib/python3.10/site-packages:${PYTHONPATH} /usr/bin/cmake --install /home/momesso/vrx_ws/build/vrx_gz
[1.255s] Level 1:colcon.colcon_core.environment:create_environment_scripts_only(vrx_gz)
[1.255s] Level 1:colcon.colcon_core.environment:checking '/home/momesso/vrx_ws/install' for CMake module files
[1.256s] Level 1:colcon.colcon_core.environment:checking '/home/momesso/vrx_ws/install' for CMake config files
[1.258s] Level 1:colcon.colcon_core.shell:create_environment_hook('vrx_gz', 'cmake_prefix_path')
[1.258s] INFO:colcon.colcon_core.shell:Creating environment hook '/home/momesso/vrx_ws/install/share/vrx_gz/hook/cmake_prefix_path.ps1'
[1.262s] INFO:colcon.colcon_core.shell:Creating environment descriptor '/home/momesso/vrx_ws/install/share/vrx_gz/hook/cmake_prefix_path.dsv'
[1.263s] INFO:colcon.colcon_core.shell:Creating environment hook '/home/momesso/vrx_ws/install/share/vrx_gz/hook/cmake_prefix_path.sh'
[1.264s] Level 1:colcon.colcon_core.environment:checking '/home/momesso/vrx_ws/install/lib'
[1.264s] Level 1:colcon.colcon_core.shell:create_environment_hook('vrx_gz', 'ld_library_path_lib')
[1.264s] INFO:colcon.colcon_core.shell:Creating environment hook '/home/momesso/vrx_ws/install/share/vrx_gz/hook/ld_library_path_lib.ps1'
[1.265s] INFO:colcon.colcon_core.shell:Creating environment descriptor '/home/momesso/vrx_ws/install/share/vrx_gz/hook/ld_library_path_lib.dsv'
[1.266s] INFO:colcon.colcon_core.shell:Creating environment hook '/home/momesso/vrx_ws/install/share/vrx_gz/hook/ld_library_path_lib.sh'
[1.266s] Level 1:colcon.colcon_core.environment:checking '/home/momesso/vrx_ws/install/bin'
[1.267s] Level 1:colcon.colcon_core.environment:checking '/home/momesso/vrx_ws/install/lib/pkgconfig/vrx_gz.pc'
[1.267s] Level 1:colcon.colcon_core.environment:checking '/home/momesso/vrx_ws/install/lib/python3.10/site-packages'
[1.267s] Level 1:colcon.colcon_core.shell:create_environment_hook('vrx_gz', 'pythonpath')
[1.268s] INFO:colcon.colcon_core.shell:Creating environment hook '/home/momesso/vrx_ws/install/share/vrx_gz/hook/pythonpath.ps1'
[1.268s] INFO:colcon.colcon_core.shell:Creating environment descriptor '/home/momesso/vrx_ws/install/share/vrx_gz/hook/pythonpath.dsv'
[1.269s] INFO:colcon.colcon_core.shell:Creating environment hook '/home/momesso/vrx_ws/install/share/vrx_gz/hook/pythonpath.sh'
[1.270s] Level 1:colcon.colcon_core.environment:checking '/home/momesso/vrx_ws/install/bin'
[1.271s] INFO:colcon.colcon_core.shell:Creating package script '/home/momesso/vrx_ws/install/share/vrx_gz/package.ps1'
[1.272s] INFO:colcon.colcon_core.shell:Creating package descriptor '/home/momesso/vrx_ws/install/share/vrx_gz/package.dsv'
[1.272s] INFO:colcon.colcon_core.shell:Creating package script '/home/momesso/vrx_ws/install/share/vrx_gz/package.sh'
[1.273s] INFO:colcon.colcon_core.shell:Creating package script '/home/momesso/vrx_ws/install/share/vrx_gz/package.bash'
[1.274s] INFO:colcon.colcon_core.shell:Creating package script '/home/momesso/vrx_ws/install/share/vrx_gz/package.zsh'
[1.275s] Level 1:colcon.colcon_core.environment:create_file_with_runtime_dependencies(/home/momesso/vrx_ws/install/share/colcon-core/packages/vrx_gz)
[1.278s] DEBUG:colcon.colcon_core.event_handler.log_command:Invoked command in '/home/momesso/vrx_ws/build/vrx_gz' returned '0': AMENT_PREFIX_PATH=/home/momesso/vrx_ws/install:${AMENT_PREFIX_PATH} CMAKE_PREFIX_PATH=/home/momesso/vrx_ws/install:/opt/ros/humble LD_LIBRARY_PATH=/home/momesso/vrx_ws/install/lib:${LD_LIBRARY_PATH} PYTHONPATH=/home/momesso/vrx_ws/install/lib/python3.10/site-packages:${PYTHONPATH} /usr/bin/cmake --install /home/momesso/vrx_ws/build/vrx_gz
[1.326s] Level 1:colcon.colcon_core.environment:checking '/home/momesso/vrx_ws/install' for CMake module files
[1.327s] DEBUG:colcon.colcon_core.event_handler.log_command:Invoked command in '/home/momesso/vrx_ws/src/vrx_nav2' returned '0': PYTHONPATH=/home/momesso/vrx_ws/build/vrx_nav2/prefix_override:/home/momesso/vrx_ws/install/lib/python3.10/site-packages:${PYTHONPATH} /usr/bin/python3 -W ignore:setup.py install is deprecated setup.py egg_info --egg-base ../../build/vrx_nav2 build --build-base /home/momesso/vrx_ws/build/vrx_nav2/build install --record /home/momesso/vrx_ws/build/vrx_nav2/install.log --single-version-externally-managed install_data
[1.327s] Level 1:colcon.colcon_core.environment:checking '/home/momesso/vrx_ws/install' for CMake config files
[1.328s] Level 1:colcon.colcon_core.shell:create_environment_hook('vrx_nav2', 'cmake_prefix_path')
[1.328s] INFO:colcon.colcon_core.shell:Creating environment hook '/home/momesso/vrx_ws/install/share/vrx_nav2/hook/cmake_prefix_path.ps1'
[1.328s] INFO:colcon.colcon_core.shell:Creating environment descriptor '/home/momesso/vrx_ws/install/share/vrx_nav2/hook/cmake_prefix_path.dsv'
[1.328s] INFO:colcon.colcon_core.shell:Creating environment hook '/home/momesso/vrx_ws/install/share/vrx_nav2/hook/cmake_prefix_path.sh'
[1.329s] Level 1:colcon.colcon_core.environment:checking '/home/momesso/vrx_ws/install/lib'
[1.329s] Level 1:colcon.colcon_core.shell:create_environment_hook('vrx_nav2', 'ld_library_path_lib')
[1.329s] INFO:colcon.colcon_core.shell:Creating environment hook '/home/momesso/vrx_ws/install/share/vrx_nav2/hook/ld_library_path_lib.ps1'
[1.330s] INFO:colcon.colcon_core.shell:Creating environment descriptor '/home/momesso/vrx_ws/install/share/vrx_nav2/hook/ld_library_path_lib.dsv'
[1.330s] INFO:colcon.colcon_core.shell:Creating environment hook '/home/momesso/vrx_ws/install/share/vrx_nav2/hook/ld_library_path_lib.sh'
[1.330s] Level 1:colcon.colcon_core.environment:checking '/home/momesso/vrx_ws/install/bin'
[1.330s] Level 1:colcon.colcon_core.environment:checking '/home/momesso/vrx_ws/install/lib/pkgconfig/vrx_nav2.pc'
[1.330s] Level 1:colcon.colcon_core.environment:checking '/home/momesso/vrx_ws/install/lib/python3.10/site-packages'
[1.330s] Level 1:colcon.colcon_core.shell:create_environment_hook('vrx_nav2', 'pythonpath')
[1.331s] INFO:colcon.colcon_core.shell:Creating environment hook '/home/momesso/vrx_ws/install/share/vrx_nav2/hook/pythonpath.ps1'
[1.331s] INFO:colcon.colcon_core.shell:Creating environment descriptor '/home/momesso/vrx_ws/install/share/vrx_nav2/hook/pythonpath.dsv'
[1.332s] INFO:colcon.colcon_core.shell:Creating environment hook '/home/momesso/vrx_ws/install/share/vrx_nav2/hook/pythonpath.sh'
[1.332s] Level 1:colcon.colcon_core.environment:checking '/home/momesso/vrx_ws/install/bin'
[1.332s] Level 1:colcon.colcon_core.environment:create_environment_scripts_only(vrx_nav2)
[1.333s] INFO:colcon.colcon_core.shell:Creating package script '/home/momesso/vrx_ws/install/share/vrx_nav2/package.ps1'
[1.333s] INFO:colcon.colcon_core.shell:Creating package descriptor '/home/momesso/vrx_ws/install/share/vrx_nav2/package.dsv'
[1.334s] INFO:colcon.colcon_core.shell:Creating package script '/home/momesso/vrx_ws/install/share/vrx_nav2/package.sh'
[1.334s] INFO:colcon.colcon_core.shell:Creating package script '/home/momesso/vrx_ws/install/share/vrx_nav2/package.bash'
[1.335s] INFO:colcon.colcon_core.shell:Creating package script '/home/momesso/vrx_ws/install/share/vrx_nav2/package.zsh'
[1.335s] Level 1:colcon.colcon_core.environment:create_file_with_runtime_dependencies(/home/momesso/vrx_ws/install/share/colcon-core/packages/vrx_nav2)
[1.347s] Level 1:colcon.colcon_core.environment:create_environment_scripts_only(vrx_gz)
[1.347s] Level 1:colcon.colcon_core.environment:checking '/home/momesso/vrx_ws/install' for CMake module files
[1.348s] Level 1:colcon.colcon_core.environment:checking '/home/momesso/vrx_ws/install' for CMake config files
[1.348s] Level 1:colcon.colcon_core.shell:create_environment_hook('vrx_gz', 'cmake_prefix_path')
[1.348s] INFO:colcon.colcon_core.shell:Creating environment hook '/home/momesso/vrx_ws/install/share/vrx_gz/hook/cmake_prefix_path.ps1'
[1.349s] INFO:colcon.colcon_core.shell:Creating environment descriptor '/home/momesso/vrx_ws/install/share/vrx_gz/hook/cmake_prefix_path.dsv'
[1.349s] INFO:colcon.colcon_core.shell:Creating environment hook '/home/momesso/vrx_ws/install/share/vrx_gz/hook/cmake_prefix_path.sh'
[1.349s] Level 1:colcon.colcon_core.environment:checking '/home/momesso/vrx_ws/install/lib'
[1.349s] Level 1:colcon.colcon_core.shell:create_environment_hook('vrx_gz', 'ld_library_path_lib')
[1.350s] INFO:colcon.colcon_core.shell:Creating environment hook '/home/momesso/vrx_ws/install/share/vrx_gz/hook/ld_library_path_lib.ps1'
[1.350s] INFO:colcon.colcon_core.shell:Creating environment descriptor '/home/momesso/vrx_ws/install/share/vrx_gz/hook/ld_library_path_lib.dsv'
[1.350s] INFO:colcon.colcon_core.shell:Creating environment hook '/home/momesso/vrx_ws/install/share/vrx_gz/hook/ld_library_path_lib.sh'
[1.350s] Level 1:colcon.colcon_core.environment:checking '/home/momesso/vrx_ws/install/bin'
[1.350s] Level 1:colcon.colcon_core.environment:checking '/home/momesso/vrx_ws/install/lib/pkgconfig/vrx_gz.pc'
[1.351s] Level 1:colcon.colcon_core.environment:checking '/home/momesso/vrx_ws/install/lib/python3.10/site-packages'
[1.351s] Level 1:colcon.colcon_core.shell:create_environment_hook('vrx_gz', 'pythonpath')
[1.351s] INFO:colcon.colcon_core.shell:Creating environment hook '/home/momesso/vrx_ws/install/share/vrx_gz/hook/pythonpath.ps1'
[1.351s] INFO:colcon.colcon_core.shell:Creating environment descriptor '/home/momesso/vrx_ws/install/share/vrx_gz/hook/pythonpath.dsv'
[1.352s] INFO:colcon.colcon_core.shell:Creating environment hook '/home/momesso/vrx_ws/install/share/vrx_gz/hook/pythonpath.sh'
[1.352s] Level 1:colcon.colcon_core.environment:checking '/home/momesso/vrx_ws/install/bin'
[1.352s] INFO:colcon.colcon_core.shell:Creating package script '/home/momesso/vrx_ws/install/share/vrx_gz/package.ps1'
[1.353s] INFO:colcon.colcon_core.shell:Creating package descriptor '/home/momesso/vrx_ws/install/share/vrx_gz/package.dsv'
[1.353s] INFO:colcon.colcon_core.shell:Creating package script '/home/momesso/vrx_ws/install/share/vrx_gz/package.sh'
[1.354s] INFO:colcon.colcon_core.shell:Creating package script '/home/momesso/vrx_ws/install/share/vrx_gz/package.bash'
[1.354s] INFO:colcon.colcon_core.shell:Creating package script '/home/momesso/vrx_ws/install/share/vrx_gz/package.zsh'
[1.354s] Level 1:colcon.colcon_core.environment:create_file_with_runtime_dependencies(/home/momesso/vrx_ws/install/share/colcon-core/packages/vrx_gz)
[1.355s] DEBUG:colcon.colcon_parallel_executor.executor.parallel:closing loop
[1.355s] DEBUG:colcon.colcon_parallel_executor.executor.parallel:loop closed
[1.355s] DEBUG:colcon.colcon_parallel_executor.executor.parallel:run_until_complete finished with '0'
[1.355s] DEBUG:colcon.colcon_core.event_reactor:joining thread
[1.360s] INFO:colcon.colcon_core.plugin_system:Skipping extension 'colcon_notification.desktop_notification.terminal_notifier': Not used on non-Darwin systems
[1.360s] INFO:colcon.colcon_core.plugin_system:Skipping extension 'colcon_notification.desktop_notification.win32': Not used on non-Windows systems
[1.360s] INFO:colcon.colcon_notification.desktop_notification:Sending desktop notification using 'notify2'
[1.376s] DEBUG:colcon.colcon_core.event_reactor:joined thread
[1.377s] INFO:colcon.colcon_core.shell:Creating prefix script '/home/momesso/vrx_ws/install/local_setup.ps1'
[1.378s] INFO:colcon.colcon_core.shell:Creating prefix util module '/home/momesso/vrx_ws/install/_local_setup_util_ps1.py'
[1.380s] INFO:colcon.colcon_core.shell:Creating prefix chain script '/home/momesso/vrx_ws/install/setup.ps1'
[1.381s] INFO:colcon.colcon_core.shell:Creating prefix script '/home/momesso/vrx_ws/install/local_setup.sh'
[1.382s] INFO:colcon.colcon_core.shell:Creating prefix util module '/home/momesso/vrx_ws/install/_local_setup_util_sh.py'
[1.382s] INFO:colcon.colcon_core.shell:Creating prefix chain script '/home/momesso/vrx_ws/install/setup.sh'
[1.384s] INFO:colcon.colcon_core.shell:Creating prefix script '/home/momesso/vrx_ws/install/local_setup.bash'
[1.384s] INFO:colcon.colcon_core.shell:Creating prefix chain script '/home/momesso/vrx_ws/install/setup.bash'
[1.386s] INFO:colcon.colcon_core.shell:Creating prefix script '/home/momesso/vrx_ws/install/local_setup.zsh'
[1.386s] INFO:colcon.colcon_core.shell:Creating prefix chain script '/home/momesso/vrx_ws/install/setup.zsh'
