[0.008s] Invoking command in '/home/momesso/vrx_ws/build/vrx_gz': AMENT_PREFIX_PATH=/home/momesso/vrx_ws/install:${AMENT_PREFIX_PATH} CMAKE_PREFIX_PATH=/home/momesso/vrx_ws/install:/opt/ros/humble LD_LIBRARY_PATH=/home/momesso/vrx_ws/install/lib:${LD_LIBRARY_PATH} PYTHONPATH=/home/momesso/vrx_ws/install/lib/python3.10/site-packages:${PYTHONPATH} /usr/bin/cmake --build /home/momesso/vrx_ws/build/vrx_gz -- -j12 -l12
[0.042s] [35m[1mConsolidate compiler generated dependencies of target Waves[0m
[0.044s] [35m[1mConsolidate compiler generated dependencies of target ScoringPlugin[0m
[0.059s] [  2%] Built target ament_cmake_python_copy_vrx_gz
[0.059s] [  4%] Built target Waves
[0.060s] [  8%] Built target ScoringPlugin
[0.072s] [35m[1mConsolidate compiler generated dependencies of target PolyhedraBuoyancyDrag[0m
[0.072s] [35m[1mConsolidate compiler generated dependencies of target WayfindingScoringPlugin[0m
[0.073s] [35m[1mConsolidate compiler generated dependencies of target StationkeepingScoringPlugin[0m
[0.074s] [35m[1mConsolidate compiler generated dependencies of target AcousticTrackingScoringPlugin[0m
[0.074s] [35m[1mConsolidate compiler generated dependencies of target BallShooterPlugin[0m
[0.075s] [35m[1mConsolidate compiler generated dependencies of target AcousticPerceptionScoringPlugin[0m
[0.079s] [35m[1mConsolidate compiler generated dependencies of target LightBuoyPlugin[0m
[0.083s] [35m[1mConsolidate compiler generated dependencies of target AcousticPingerPlugin[0m
[0.085s] [35m[1mConsolidate compiler generated dependencies of target GymkhanaScoringPlugin[0m
[0.088s] [35m[1mConsolidate compiler generated dependencies of target NavigationScoringPlugin[0m
[0.096s] [35m[1mConsolidate compiler generated dependencies of target PerceptionScoringPlugin[0m
[0.112s] [ 18%] Built target BallShooterPlugin
[0.113s] [ 18%] Built target StationkeepingScoringPlugin
[0.113s] [ 22%] Built target LightBuoyPlugin
[0.113s] [ 31%] Built target PolyhedraBuoyancyDrag
[0.120s] [ 37%] Built target WayfindingScoringPlugin
[0.122s] [ 50%] Built target AcousticPingerPlugin
[0.122s] [ 50%] Built target AcousticPerceptionScoringPlugin
[0.122s] [ 52%] Built target NavigationScoringPlugin
[0.123s] [ 58%] Built target AcousticTrackingScoringPlugin
[0.130s] [ 62%] Built target PerceptionScoringPlugin
[0.133s] [ 66%] Built target GymkhanaScoringPlugin
[0.134s] [35m[1mConsolidate compiler generated dependencies of target PublisherPlugin[0m
[0.135s] [35m[1mConsolidate compiler generated dependencies of target ScanDockScoringPlugin[0m
[0.137s] [35m[1mConsolidate compiler generated dependencies of target PlacardPlugin[0m
[0.143s] [35m[1mConsolidate compiler generated dependencies of target SimpleHydrodynamics[0m
[0.146s] [35m[1mConsolidate compiler generated dependencies of target Surface[0m
[0.147s] [35m[1mConsolidate compiler generated dependencies of target USVWind[0m
[0.147s] [35m[1mConsolidate compiler generated dependencies of target WaveVisual[0m
[0.153s] [35m[1mConsolidate compiler generated dependencies of target WildlifeScoringPlugin[0m
[0.161s] [ 70%] Built target PublisherPlugin
[0.180s] [ 75%] Built target ScanDockScoringPlugin
[0.180s] [ 79%] Built target SimpleHydrodynamics
[0.180s] [ 87%] Built target WaveVisual
[0.180s] [ 87%] Built target PlacardPlugin
[0.180s] [ 91%] Built target Surface
[0.181s] [ 95%] Built target USVWind
[0.182s] [100%] Built target WildlifeScoringPlugin
[0.336s] running egg_info
[0.337s] writing vrx_gz.egg-info/PKG-INFO
[0.337s] writing dependency_links to vrx_gz.egg-info/dependency_links.txt
[0.337s] writing top-level names to vrx_gz.egg-info/top_level.txt
[0.339s] reading manifest file 'vrx_gz.egg-info/SOURCES.txt'
[0.340s] writing manifest file 'vrx_gz.egg-info/SOURCES.txt'
[0.369s] [100%] Built target ament_cmake_python_build_vrx_gz_egg
[0.381s] Invoked command in '/home/momesso/vrx_ws/build/vrx_gz' returned '0': AMENT_PREFIX_PATH=/home/momesso/vrx_ws/install:${AMENT_PREFIX_PATH} CMAKE_PREFIX_PATH=/home/momesso/vrx_ws/install:/opt/ros/humble LD_LIBRARY_PATH=/home/momesso/vrx_ws/install/lib:${LD_LIBRARY_PATH} PYTHONPATH=/home/momesso/vrx_ws/install/lib/python3.10/site-packages:${PYTHONPATH} /usr/bin/cmake --build /home/momesso/vrx_ws/build/vrx_gz -- -j12 -l12
[0.443s] Invoking command in '/home/momesso/vrx_ws/build/vrx_gz': AMENT_PREFIX_PATH=/home/momesso/vrx_ws/install:${AMENT_PREFIX_PATH} CMAKE_PREFIX_PATH=/home/momesso/vrx_ws/install:/opt/ros/humble LD_LIBRARY_PATH=/home/momesso/vrx_ws/install/lib:${LD_LIBRARY_PATH} PYTHONPATH=/home/momesso/vrx_ws/install/lib/python3.10/site-packages:${PYTHONPATH} /usr/bin/cmake --install /home/momesso/vrx_ws/build/vrx_gz
[0.450s] -- Install configuration: ""
[0.450s] -- Up-to-date: /home/momesso/vrx_ws/install/share/vrx_gz/environment/resource_paths.dsv
[0.450s] -- Up-to-date: /home/momesso/vrx_ws/install/share/vrx_gz/environment/resource_paths.sh
[0.451s] -- Up-to-date: /home/momesso/vrx_ws/install/lib/libWaves.so
[0.451s] -- Up-to-date: /home/momesso/vrx_ws/install/lib/libPolyhedraBuoyancyDrag.so
[0.451s] -- Up-to-date: /home/momesso/vrx_ws/install/lib/libScoringPlugin.so
[0.451s] -- Up-to-date: /home/momesso/vrx_ws/install/lib/libStationkeepingScoringPlugin.so
[0.451s] -- Up-to-date: /home/momesso/vrx_ws/install/lib/libWayfindingScoringPlugin.so
[0.451s] -- Up-to-date: /home/momesso/vrx_ws/install/lib/libAcousticPerceptionScoringPlugin.so
[0.452s] -- Up-to-date: /home/momesso/vrx_ws/install/lib/libAcousticTrackingScoringPlugin.so
[0.452s] -- Up-to-date: /home/momesso/vrx_ws/install/lib/libAcousticPingerPlugin.so
[0.452s] -- Up-to-date: /home/momesso/vrx_ws/install/lib/libBallShooterPlugin.so
[0.452s] -- Up-to-date: /home/momesso/vrx_ws/install/lib/libLightBuoyPlugin.so
[0.453s] -- Up-to-date: /home/momesso/vrx_ws/install/lib/libNavigationScoringPlugin.so
[0.453s] -- Up-to-date: /home/momesso/vrx_ws/install/lib/libGymkhanaScoringPlugin.so
[0.453s] -- Up-to-date: /home/momesso/vrx_ws/install/lib/libPerceptionScoringPlugin.so
[0.453s] -- Up-to-date: /home/momesso/vrx_ws/install/lib/libPlacardPlugin.so
[0.454s] -- Up-to-date: /home/momesso/vrx_ws/install/lib/libPublisherPlugin.so
[0.454s] -- Up-to-date: /home/momesso/vrx_ws/install/lib/libScanDockScoringPlugin.so
[0.454s] -- Up-to-date: /home/momesso/vrx_ws/install/lib/libSimpleHydrodynamics.so
[0.454s] -- Up-to-date: /home/momesso/vrx_ws/install/lib/libSurface.so
[0.454s] -- Up-to-date: /home/momesso/vrx_ws/install/lib/libUSVWind.so
[0.454s] -- Up-to-date: /home/momesso/vrx_ws/install/lib/libWaveVisual.so
[0.455s] -- Up-to-date: /home/momesso/vrx_ws/install/lib/libWildlifeScoringPlugin.so
[0.455s] -- Up-to-date: /home/momesso/vrx_ws/install/share/vrx_gz/environment/pythonpath.sh
[0.455s] -- Up-to-date: /home/momesso/vrx_ws/install/share/vrx_gz/environment/pythonpath.dsv
[0.455s] -- Up-to-date: /home/momesso/vrx_ws/install/local/lib/python3.10/dist-packages/vrx_gz-0.0.0-py3.10.egg-info
[0.455s] -- Installing: /home/momesso/vrx_ws/install/local/lib/python3.10/dist-packages/vrx_gz-0.0.0-py3.10.egg-info/top_level.txt
[0.455s] -- Installing: /home/momesso/vrx_ws/install/local/lib/python3.10/dist-packages/vrx_gz-0.0.0-py3.10.egg-info/SOURCES.txt
[0.455s] -- Installing: /home/momesso/vrx_ws/install/local/lib/python3.10/dist-packages/vrx_gz-0.0.0-py3.10.egg-info/PKG-INFO
[0.455s] -- Installing: /home/momesso/vrx_ws/install/local/lib/python3.10/dist-packages/vrx_gz-0.0.0-py3.10.egg-info/dependency_links.txt
[0.455s] -- Up-to-date: /home/momesso/vrx_ws/install/local/lib/python3.10/dist-packages/vrx_gz
[0.455s] -- Up-to-date: /home/momesso/vrx_ws/install/local/lib/python3.10/dist-packages/vrx_gz/launch.py
[0.455s] -- Up-to-date: /home/momesso/vrx_ws/install/local/lib/python3.10/dist-packages/vrx_gz/__init__.py
[0.456s] -- Up-to-date: /home/momesso/vrx_ws/install/local/lib/python3.10/dist-packages/vrx_gz/bridges.py
[0.456s] -- Up-to-date: /home/momesso/vrx_ws/install/local/lib/python3.10/dist-packages/vrx_gz/payload_bridges.py
[0.456s] -- Up-to-date: /home/momesso/vrx_ws/install/local/lib/python3.10/dist-packages/vrx_gz/model.py
[0.456s] -- Up-to-date: /home/momesso/vrx_ws/install/local/lib/python3.10/dist-packages/vrx_gz/bridge.py
[0.483s] Listing '/home/momesso/vrx_ws/install/local/lib/python3.10/dist-packages/vrx_gz'...
[0.488s] -- Up-to-date: /home/momesso/vrx_ws/install/share/vrx_gz/config
[0.488s] -- Up-to-date: /home/momesso/vrx_ws/install/share/vrx_gz/config/roboboat.yaml
[0.488s] -- Up-to-date: /home/momesso/vrx_ws/install/share/vrx_gz/config/wamv.yaml
[0.488s] -- Up-to-date: /home/momesso/vrx_ws/install/share/vrx_gz/launch
[0.488s] -- Up-to-date: /home/momesso/vrx_ws/install/share/vrx_gz/launch/competition.launch.py
[0.488s] -- Up-to-date: /home/momesso/vrx_ws/install/share/vrx_gz/launch/spawn.launch.py
[0.488s] -- Up-to-date: /home/momesso/vrx_ws/install/share/vrx_gz/launch/spawn_config.launch.py
[0.488s] -- Up-to-date: /home/momesso/vrx_ws/install/share/vrx_gz/launch/vrx_environment.launch.py
[0.488s] -- Up-to-date: /home/momesso/vrx_ws/install/share/vrx_gz/launch/usv_joy_teleop.py
[0.488s] -- Up-to-date: /home/momesso/vrx_ws/install/share/vrx_gz/models
[0.489s] -- Up-to-date: /home/momesso/vrx_ws/install/share/vrx_gz/models/platform
[0.489s] -- Up-to-date: /home/momesso/vrx_ws/install/share/vrx_gz/models/platform/model.config
[0.489s] -- Up-to-date: /home/momesso/vrx_ws/install/share/vrx_gz/models/platform/model.sdf
[0.489s] -- Up-to-date: /home/momesso/vrx_ws/install/share/vrx_gz/models/roboboat02
[0.489s] -- Up-to-date: /home/momesso/vrx_ws/install/share/vrx_gz/models/roboboat02/meshes
[0.489s] -- Up-to-date: /home/momesso/vrx_ws/install/share/vrx_gz/models/roboboat02/meshes/roboboat02.dae
[0.490s] -- Up-to-date: /home/momesso/vrx_ws/install/share/vrx_gz/models/roboboat02/model.config
[0.490s] -- Up-to-date: /home/momesso/vrx_ws/install/share/vrx_gz/models/roboboat02/materials
[0.490s] -- Up-to-date: /home/momesso/vrx_ws/install/share/vrx_gz/models/roboboat02/materials/textures
[0.490s] -- Up-to-date: /home/momesso/vrx_ws/install/share/vrx_gz/models/roboboat02/materials/textures/Boat02_Albedo.png
[0.490s] -- Up-to-date: /home/momesso/vrx_ws/install/share/vrx_gz/models/roboboat02/materials/textures/Boat02_Metallic.png
[0.490s] -- Up-to-date: /home/momesso/vrx_ws/install/share/vrx_gz/models/roboboat02/materials/textures/Boat02_Roughness.png
[0.490s] -- Up-to-date: /home/momesso/vrx_ws/install/share/vrx_gz/models/roboboat02/materials/textures/Boat02_Normal.png
[0.490s] -- Up-to-date: /home/momesso/vrx_ws/install/share/vrx_gz/models/roboboat02/materials/scripts
[0.491s] -- Up-to-date: /home/momesso/vrx_ws/install/share/vrx_gz/models/roboboat02/materials/scripts/model.material
[0.491s] -- Up-to-date: /home/momesso/vrx_ws/install/share/vrx_gz/models/roboboat02/model.sdf
[0.491s] -- Up-to-date: /home/momesso/vrx_ws/install/share/vrx_gz/models/robotx_light_buoy_ygb
[0.491s] -- Up-to-date: /home/momesso/vrx_ws/install/share/vrx_gz/models/robotx_light_buoy_ygb/model.config
[0.491s] -- Up-to-date: /home/momesso/vrx_ws/install/share/vrx_gz/models/robotx_light_buoy_ygb/model.sdf
[0.491s] -- Up-to-date: /home/momesso/vrx_ws/install/share/vrx_gz/models/articulated_platform
[0.491s] -- Up-to-date: /home/momesso/vrx_ws/install/share/vrx_gz/models/articulated_platform/model.config
[0.491s] -- Up-to-date: /home/momesso/vrx_ws/install/share/vrx_gz/models/articulated_platform/model.sdf
[0.492s] -- Up-to-date: /home/momesso/vrx_ws/install/share/vrx_gz/models/robotx_light_buoy_rgb
[0.492s] -- Up-to-date: /home/momesso/vrx_ws/install/share/vrx_gz/models/robotx_light_buoy_rgb/mesh
[0.492s] -- Up-to-date: /home/momesso/vrx_ws/install/share/vrx_gz/models/robotx_light_buoy_rgb/mesh/LightTower_Opacity.png
[0.492s] -- Up-to-date: /home/momesso/vrx_ws/install/share/vrx_gz/models/robotx_light_buoy_rgb/mesh/robotx_light_buoy.dae
[0.492s] -- Up-to-date: /home/momesso/vrx_ws/install/share/vrx_gz/models/robotx_light_buoy_rgb/mesh/LightTower_Normal.png
[0.492s] -- Up-to-date: /home/momesso/vrx_ws/install/share/vrx_gz/models/robotx_light_buoy_rgb/mesh/LightTower_Albedo.png
[0.492s] -- Up-to-date: /home/momesso/vrx_ws/install/share/vrx_gz/models/robotx_light_buoy_rgb/mesh/LightTower_Roughness.png
[0.492s] -- Up-to-date: /home/momesso/vrx_ws/install/share/vrx_gz/models/robotx_light_buoy_rgb/mesh/LightTower_Metalness.png
[0.492s] -- Up-to-date: /home/momesso/vrx_ws/install/share/vrx_gz/models/robotx_light_buoy_rgb/model.config
[0.493s] -- Up-to-date: /home/momesso/vrx_ws/install/share/vrx_gz/models/robotx_light_buoy_rgb/model.sdf
[0.493s] -- Up-to-date: /home/momesso/vrx_ws/install/share/vrx_gz/models/obstacle_course
[0.493s] -- Up-to-date: /home/momesso/vrx_ws/install/share/vrx_gz/models/obstacle_course/model.config
[0.493s] -- Up-to-date: /home/momesso/vrx_ws/install/share/vrx_gz/models/obstacle_course/model.sdf
[0.493s] -- Up-to-date: /home/momesso/vrx_ws/install/share/vrx_gz/models/short_navigation_course_1
[0.493s] -- Up-to-date: /home/momesso/vrx_ws/install/share/vrx_gz/models/short_navigation_course_1/model.config
[0.493s] -- Up-to-date: /home/momesso/vrx_ws/install/share/vrx_gz/models/short_navigation_course_1/model.sdf
[0.493s] -- Up-to-date: /home/momesso/vrx_ws/install/share/vrx_gz/models/short_navigation_course_4
[0.493s] -- Up-to-date: /home/momesso/vrx_ws/install/share/vrx_gz/models/short_navigation_course_4/model.config
[0.493s] -- Up-to-date: /home/momesso/vrx_ws/install/share/vrx_gz/models/short_navigation_course_4/model.sdf
[0.493s] -- Up-to-date: /home/momesso/vrx_ws/install/share/vrx_gz/models/roboboat01
[0.494s] -- Up-to-date: /home/momesso/vrx_ws/install/share/vrx_gz/models/roboboat01/meshes
[0.494s] -- Up-to-date: /home/momesso/vrx_ws/install/share/vrx_gz/models/roboboat01/meshes/prop.dae
[0.494s] -- Up-to-date: /home/momesso/vrx_ws/install/share/vrx_gz/models/roboboat01/meshes/mount.dae
[0.495s] -- Up-to-date: /home/momesso/vrx_ws/install/share/vrx_gz/models/roboboat01/meshes/roboboat01.dae
[0.495s] -- Up-to-date: /home/momesso/vrx_ws/install/share/vrx_gz/models/roboboat01/meshes/housing.dae
[0.495s] -- Up-to-date: /home/momesso/vrx_ws/install/share/vrx_gz/models/roboboat01/model.config
[0.495s] -- Up-to-date: /home/momesso/vrx_ws/install/share/vrx_gz/models/roboboat01/materials
[0.495s] -- Up-to-date: /home/momesso/vrx_ws/install/share/vrx_gz/models/roboboat01/materials/textures
[0.495s] -- Up-to-date: /home/momesso/vrx_ws/install/share/vrx_gz/models/roboboat01/materials/textures/Thruster_Albedo.png
[0.495s] -- Up-to-date: /home/momesso/vrx_ws/install/share/vrx_gz/models/roboboat01/materials/textures/Boat01_Roughness.png
[0.495s] -- Up-to-date: /home/momesso/vrx_ws/install/share/vrx_gz/models/roboboat01/materials/textures/Boat01_Normal.png
[0.495s] -- Up-to-date: /home/momesso/vrx_ws/install/share/vrx_gz/models/roboboat01/materials/textures/Thruster_Roughness.png
[0.496s] -- Up-to-date: /home/momesso/vrx_ws/install/share/vrx_gz/models/roboboat01/materials/textures/Boat01_Albedo.png
[0.496s] -- Up-to-date: /home/momesso/vrx_ws/install/share/vrx_gz/models/roboboat01/materials/textures/Boat01_Metallic.png
[0.496s] -- Up-to-date: /home/momesso/vrx_ws/install/share/vrx_gz/models/roboboat01/materials/scripts
[0.496s] -- Up-to-date: /home/momesso/vrx_ws/install/share/vrx_gz/models/roboboat01/materials/scripts/model.material
[0.496s] -- Up-to-date: /home/momesso/vrx_ws/install/share/vrx_gz/models/roboboat01/model.sdf
[0.496s] -- Up-to-date: /home/momesso/vrx_ws/install/share/vrx_gz/models/symbol_triangle
[0.496s] -- Up-to-date: /home/momesso/vrx_ws/install/share/vrx_gz/models/symbol_triangle/mesh
[0.496s] -- Up-to-date: /home/momesso/vrx_ws/install/share/vrx_gz/models/symbol_triangle/mesh/triangle.dae
[0.496s] -- Up-to-date: /home/momesso/vrx_ws/install/share/vrx_gz/models/symbol_triangle/model.config
[0.497s] -- Up-to-date: /home/momesso/vrx_ws/install/share/vrx_gz/models/symbol_triangle/model.sdf
[0.497s] -- Up-to-date: /home/momesso/vrx_ws/install/share/vrx_gz/models/robotx_light_buoy_rbg
[0.497s] -- Up-to-date: /home/momesso/vrx_ws/install/share/vrx_gz/models/robotx_light_buoy_rbg/model.config
[0.497s] -- Up-to-date: /home/momesso/vrx_ws/install/share/vrx_gz/models/robotx_light_buoy_rbg/model.sdf
[0.497s] -- Up-to-date: /home/momesso/vrx_ws/install/share/vrx_gz/models/short_navigation_course_3
[0.498s] -- Up-to-date: /home/momesso/vrx_ws/install/share/vrx_gz/models/short_navigation_course_3/model.config
[0.498s] -- Up-to-date: /home/momesso/vrx_ws/install/share/vrx_gz/models/short_navigation_course_3/model.sdf
[0.498s] -- Up-to-date: /home/momesso/vrx_ws/install/share/vrx_gz/models/short_navigation_course_2
[0.498s] -- Up-to-date: /home/momesso/vrx_ws/install/share/vrx_gz/models/short_navigation_course_2/model.config
[0.498s] -- Up-to-date: /home/momesso/vrx_ws/install/share/vrx_gz/models/short_navigation_course_2/model.sdf
[0.498s] -- Up-to-date: /home/momesso/vrx_ws/install/share/vrx_gz/models/dock_2022_base
[0.498s] -- Up-to-date: /home/momesso/vrx_ws/install/share/vrx_gz/models/dock_2022_base/model.config
[0.498s] -- Up-to-date: /home/momesso/vrx_ws/install/share/vrx_gz/models/dock_2022_base/model.sdf
[0.499s] -- Up-to-date: /home/momesso/vrx_ws/install/share/vrx_gz/models/robotx_light_buoy_rgy
[0.499s] -- Up-to-date: /home/momesso/vrx_ws/install/share/vrx_gz/models/robotx_light_buoy_rgy/model.config
[0.499s] -- Up-to-date: /home/momesso/vrx_ws/install/share/vrx_gz/models/robotx_light_buoy_rgy/model.sdf
[0.499s] -- Up-to-date: /home/momesso/vrx_ws/install/share/vrx_gz/models/robotx_light_buoy_bgr
[0.499s] -- Up-to-date: /home/momesso/vrx_ws/install/share/vrx_gz/models/robotx_light_buoy_bgr/model.config
[0.499s] -- Up-to-date: /home/momesso/vrx_ws/install/share/vrx_gz/models/robotx_light_buoy_bgr/model.sdf
[0.500s] -- Up-to-date: /home/momesso/vrx_ws/install/share/vrx_gz/models/robotx_light_buoy_gbr
[0.500s] -- Up-to-date: /home/momesso/vrx_ws/install/share/vrx_gz/models/robotx_light_buoy_gbr/model.config
[0.500s] -- Up-to-date: /home/momesso/vrx_ws/install/share/vrx_gz/models/robotx_light_buoy_gbr/model.sdf
[0.500s] -- Up-to-date: /home/momesso/vrx_ws/install/share/vrx_gz/models/roboboat_cpubox
[0.501s] -- Up-to-date: /home/momesso/vrx_ws/install/share/vrx_gz/models/roboboat_cpubox/meshes
[0.501s] -- Up-to-date: /home/momesso/vrx_ws/install/share/vrx_gz/models/roboboat_cpubox/meshes/drybox.dae
[0.502s] -- Up-to-date: /home/momesso/vrx_ws/install/share/vrx_gz/models/roboboat_cpubox/model.config
[0.502s] -- Up-to-date: /home/momesso/vrx_ws/install/share/vrx_gz/models/roboboat_cpubox/materials
[0.502s] -- Up-to-date: /home/momesso/vrx_ws/install/share/vrx_gz/models/roboboat_cpubox/materials/textures
[0.502s] -- Up-to-date: /home/momesso/vrx_ws/install/share/vrx_gz/models/roboboat_cpubox/materials/textures/DryBox_Roughness.png
[0.503s] -- Up-to-date: /home/momesso/vrx_ws/install/share/vrx_gz/models/roboboat_cpubox/materials/textures/DryBox_Albedo.png
[0.503s] -- Up-to-date: /home/momesso/vrx_ws/install/share/vrx_gz/models/roboboat_cpubox/model.sdf
[0.503s] -- Up-to-date: /home/momesso/vrx_ws/install/share/vrx_gz/models/coast_waves
[0.504s] -- Up-to-date: /home/momesso/vrx_ws/install/share/vrx_gz/models/coast_waves/meshes
[0.504s] -- Up-to-date: /home/momesso/vrx_ws/install/share/vrx_gz/models/coast_waves/meshes/waterlow.dae
[0.504s] -- Up-to-date: /home/momesso/vrx_ws/install/share/vrx_gz/models/coast_waves/model.config
[0.504s] -- Up-to-date: /home/momesso/vrx_ws/install/share/vrx_gz/models/coast_waves/materials
[0.504s] -- Up-to-date: /home/momesso/vrx_ws/install/share/vrx_gz/models/coast_waves/materials/textures
[0.505s] -- Up-to-date: /home/momesso/vrx_ws/install/share/vrx_gz/models/coast_waves/materials/textures/skybox_lowres.dds
[0.505s] -- Up-to-date: /home/momesso/vrx_ws/install/share/vrx_gz/models/coast_waves/materials/textures/wave_normals.dds
[0.505s] -- Up-to-date: /home/momesso/vrx_ws/install/share/vrx_gz/models/coast_waves/materials/programs
[0.505s] -- Up-to-date: /home/momesso/vrx_ws/install/share/vrx_gz/models/coast_waves/materials/programs/GerstnerWaves_vs_330.glsl
[0.505s] -- Up-to-date: /home/momesso/vrx_ws/install/share/vrx_gz/models/coast_waves/materials/programs/GerstnerWaves_fs_330.glsl
[0.505s] -- Up-to-date: /home/momesso/vrx_ws/install/share/vrx_gz/models/coast_waves/model.sdf
[0.505s] -- Up-to-date: /home/momesso/vrx_ws/install/share/vrx_gz/models/placard_2022
[0.505s] -- Up-to-date: /home/momesso/vrx_ws/install/share/vrx_gz/models/placard_2022/meshes
[0.505s] -- Up-to-date: /home/momesso/vrx_ws/install/share/vrx_gz/models/placard_2022/meshes/placard_2022.dae
[0.506s] -- Up-to-date: /home/momesso/vrx_ws/install/share/vrx_gz/models/placard_2022/model.config
[0.506s] -- Up-to-date: /home/momesso/vrx_ws/install/share/vrx_gz/models/placard_2022/materials
[0.506s] -- Up-to-date: /home/momesso/vrx_ws/install/share/vrx_gz/models/placard_2022/materials/textures
[0.506s] -- Up-to-date: /home/momesso/vrx_ws/install/share/vrx_gz/models/placard_2022/materials/textures/Placard.png
[0.506s] -- Up-to-date: /home/momesso/vrx_ws/install/share/vrx_gz/models/placard_2022/model.sdf
[0.506s] -- Up-to-date: /home/momesso/vrx_ws/install/share/vrx_gz/models/short_course_2023_phase3_1
[0.506s] -- Up-to-date: /home/momesso/vrx_ws/install/share/vrx_gz/models/short_course_2023_phase3_1/model.config
[0.506s] -- Up-to-date: /home/momesso/vrx_ws/install/share/vrx_gz/models/short_course_2023_phase3_1/model.sdf
[0.506s] -- Up-to-date: /home/momesso/vrx_ws/install/share/vrx_gz/models/short_navigation_course_5
[0.507s] -- Up-to-date: /home/momesso/vrx_ws/install/share/vrx_gz/models/short_navigation_course_5/model.config
[0.507s] -- Up-to-date: /home/momesso/vrx_ws/install/share/vrx_gz/models/short_navigation_course_5/model.sdf
[0.507s] -- Up-to-date: /home/momesso/vrx_ws/install/share/vrx_gz/models/entrance_exit
[0.507s] -- Up-to-date: /home/momesso/vrx_ws/install/share/vrx_gz/models/entrance_exit/model.config
[0.507s] -- Up-to-date: /home/momesso/vrx_ws/install/share/vrx_gz/models/entrance_exit/model.sdf
[0.508s] -- Up-to-date: /home/momesso/vrx_ws/install/share/vrx_gz/models/robotx_light_buoy_yrg
[0.508s] -- Up-to-date: /home/momesso/vrx_ws/install/share/vrx_gz/models/robotx_light_buoy_yrg/model.config
[0.508s] -- Up-to-date: /home/momesso/vrx_ws/install/share/vrx_gz/models/robotx_light_buoy_yrg/model.sdf
[0.508s] -- Up-to-date: /home/momesso/vrx_ws/install/share/vrx_gz/models/robotx_light_buoy_bgy
[0.508s] -- Up-to-date: /home/momesso/vrx_ws/install/share/vrx_gz/models/robotx_light_buoy_bgy/model.config
[0.508s] -- Up-to-date: /home/momesso/vrx_ws/install/share/vrx_gz/models/robotx_light_buoy_bgy/model.sdf
[0.508s] -- Up-to-date: /home/momesso/vrx_ws/install/share/vrx_gz/models/dock_block_4x4
[0.509s] -- Up-to-date: /home/momesso/vrx_ws/install/share/vrx_gz/models/dock_block_4x4/mesh
[0.509s] -- Up-to-date: /home/momesso/vrx_ws/install/share/vrx_gz/models/dock_block_4x4/mesh/dock_block_4x4.dae
[0.509s] -- Up-to-date: /home/momesso/vrx_ws/install/share/vrx_gz/models/dock_block_4x4/mesh/DockCubes_Roughness.png
[0.509s] -- Up-to-date: /home/momesso/vrx_ws/install/share/vrx_gz/models/dock_block_4x4/mesh/DockCubes_Albedo.png
[0.509s] -- Up-to-date: /home/momesso/vrx_ws/install/share/vrx_gz/models/dock_block_4x4/mesh/DockCubes_Metalness.png
[0.509s] -- Up-to-date: /home/momesso/vrx_ws/install/share/vrx_gz/models/dock_block_4x4/mesh/DockCubes_Normal.png
[0.510s] -- Up-to-date: /home/momesso/vrx_ws/install/share/vrx_gz/models/dock_block_4x4/model.config
[0.511s] -- Up-to-date: /home/momesso/vrx_ws/install/share/vrx_gz/models/dock_block_4x4/model.sdf
[0.511s] -- Up-to-date: /home/momesso/vrx_ws/install/share/vrx_gz/models/short_navigation_course_0
[0.511s] -- Up-to-date: /home/momesso/vrx_ws/install/share/vrx_gz/models/short_navigation_course_0/model.config
[0.511s] -- Up-to-date: /home/momesso/vrx_ws/install/share/vrx_gz/models/short_navigation_course_0/model.sdf
[0.511s] -- Up-to-date: /home/momesso/vrx_ws/install/share/vrx_gz/models/dock_2022
[0.511s] -- Up-to-date: /home/momesso/vrx_ws/install/share/vrx_gz/models/dock_2022/model.config
[0.511s] -- Up-to-date: /home/momesso/vrx_ws/install/share/vrx_gz/models/dock_2022/model.sdf
[0.511s] -- Up-to-date: /home/momesso/vrx_ws/install/share/vrx_gz/models/short_course_2023_phase3_2
[0.511s] -- Up-to-date: /home/momesso/vrx_ws/install/share/vrx_gz/models/short_course_2023_phase3_2/model.config
[0.511s] -- Up-to-date: /home/momesso/vrx_ws/install/share/vrx_gz/models/short_course_2023_phase3_2/model.sdf
[0.511s] -- Up-to-date: /home/momesso/vrx_ws/install/share/vrx_gz/models/robotx_light_buoy_ybr
[0.511s] -- Up-to-date: /home/momesso/vrx_ws/install/share/vrx_gz/models/robotx_light_buoy_ybr/model.config
[0.511s] -- Up-to-date: /home/momesso/vrx_ws/install/share/vrx_gz/models/robotx_light_buoy_ybr/model.sdf
[0.511s] -- Up-to-date: /home/momesso/vrx_ws/install/share/vrx_gz/worlds
[0.512s] -- Up-to-date: /home/momesso/vrx_ws/install/share/vrx_gz/worlds/follow_path_task.sdf
[0.512s] -- Up-to-date: /home/momesso/vrx_ws/install/share/vrx_gz/worlds/acoustic_perception_task.sdf
[0.512s] -- Up-to-date: /home/momesso/vrx_ws/install/share/vrx_gz/worlds/perception_task.sdf
[0.512s] -- Up-to-date: /home/momesso/vrx_ws/install/share/vrx_gz/worlds/wildlife_task.sdf
[0.512s] -- Up-to-date: /home/momesso/vrx_ws/install/share/vrx_gz/worlds/acoustic_tracking_task.sdf
[0.512s] -- Up-to-date: /home/momesso/vrx_ws/install/share/vrx_gz/worlds/sydney_regatta.sdf
[0.512s] -- Up-to-date: /home/momesso/vrx_ws/install/share/vrx_gz/worlds/nbpark.sdf
[0.512s] -- Up-to-date: /home/momesso/vrx_ws/install/share/vrx_gz/worlds/navigation_task.sdf
[0.512s] -- Up-to-date: /home/momesso/vrx_ws/install/share/vrx_gz/worlds/stationkeeping_task.sdf
[0.512s] -- Up-to-date: /home/momesso/vrx_ws/install/share/vrx_gz/worlds/scan_dock_deliver_task.sdf
[0.512s] -- Up-to-date: /home/momesso/vrx_ws/install/share/vrx_gz/worlds/gymkhana_task.sdf
[0.512s] -- Up-to-date: /home/momesso/vrx_ws/install/share/vrx_gz/worlds/2023_practice
[0.512s] -- Up-to-date: /home/momesso/vrx_ws/install/share/vrx_gz/worlds/2023_practice/practice_2023_acoustic_perception0_task.sdf
[0.512s] -- Up-to-date: /home/momesso/vrx_ws/install/share/vrx_gz/worlds/2023_practice/practice_2023_acoustic_tracking1_task.sdf
[0.512s] -- Up-to-date: /home/momesso/vrx_ws/install/share/vrx_gz/worlds/2023_practice/practice_2023_wayfinding2_task.sdf
[0.512s] -- Up-to-date: /home/momesso/vrx_ws/install/share/vrx_gz/worlds/2023_practice/practice_2023_stationkeeping2_task.sdf
[0.512s] -- Up-to-date: /home/momesso/vrx_ws/install/share/vrx_gz/worlds/2023_practice/practice_2023_wildlife1_task.sdf
[0.512s] -- Up-to-date: /home/momesso/vrx_ws/install/share/vrx_gz/worlds/2023_practice/practice_2023_follow_path2_task.sdf
[0.512s] -- Up-to-date: /home/momesso/vrx_ws/install/share/vrx_gz/worlds/2023_practice/practice_2023_stationkeeping0_task.sdf
[0.512s] -- Up-to-date: /home/momesso/vrx_ws/install/share/vrx_gz/worlds/2023_practice/practice_2023_perception1_task.sdf
[0.513s] -- Up-to-date: /home/momesso/vrx_ws/install/share/vrx_gz/worlds/2023_practice/practice_2023_perception0_task.sdf
[0.513s] -- Up-to-date: /home/momesso/vrx_ws/install/share/vrx_gz/worlds/2023_practice/practice_2023_wayfinding1_task.sdf
[0.513s] -- Up-to-date: /home/momesso/vrx_ws/install/share/vrx_gz/worlds/2023_practice/practice_2023_scan_dock_deliver0_task.sdf
[0.513s] -- Up-to-date: /home/momesso/vrx_ws/install/share/vrx_gz/worlds/2023_practice/practice_2023_scan_dock_deliver2_task.sdf
[0.513s] -- Up-to-date: /home/momesso/vrx_ws/install/share/vrx_gz/worlds/2023_practice/practice_2023_stationkeeping1_task.sdf
[0.513s] -- Up-to-date: /home/momesso/vrx_ws/install/share/vrx_gz/worlds/2023_practice/practice_2023_follow_path1_task.sdf
[0.513s] -- Up-to-date: /home/momesso/vrx_ws/install/share/vrx_gz/worlds/2023_practice/practice_2023_wayfinding0_task.sdf
[0.513s] -- Up-to-date: /home/momesso/vrx_ws/install/share/vrx_gz/worlds/2023_practice/practice_2023_acoustic_tracking0_task.sdf
[0.513s] -- Up-to-date: /home/momesso/vrx_ws/install/share/vrx_gz/worlds/2023_practice/practice_2023_scan_dock_deliver1_task.sdf
[0.513s] -- Up-to-date: /home/momesso/vrx_ws/install/share/vrx_gz/worlds/2023_practice/practice_2023_follow_path0_task.sdf
[0.513s] -- Up-to-date: /home/momesso/vrx_ws/install/share/vrx_gz/worlds/2023_practice/practice_2023_wildlife0_task.sdf
[0.513s] -- Up-to-date: /home/momesso/vrx_ws/install/share/vrx_gz/worlds/2023_practice/practice_2023_acoustic_tracking2_task.sdf
[0.513s] -- Up-to-date: /home/momesso/vrx_ws/install/share/vrx_gz/worlds/2023_practice/practice_2023_wildlife2_task.sdf
[0.513s] -- Up-to-date: /home/momesso/vrx_ws/install/share/vrx_gz/worlds/2023_practice/practice_2023_perception2_task.sdf
[0.513s] -- Up-to-date: /home/momesso/vrx_ws/install/share/vrx_gz/worlds/2023_practice/practice_2023_acoustic_perception1_task.sdf
[0.513s] -- Up-to-date: /home/momesso/vrx_ws/install/share/vrx_gz/worlds/2023_practice/practice_2023_acoustic_perception2_task.sdf
[0.513s] -- Up-to-date: /home/momesso/vrx_ws/install/share/vrx_gz/worlds/wayfinding_task.sdf
[0.513s] -- Up-to-date: /home/momesso/vrx_ws/install/share/ament_index/resource_index/package_run_dependencies/vrx_gz
[0.514s] -- Up-to-date: /home/momesso/vrx_ws/install/share/ament_index/resource_index/parent_prefix_path/vrx_gz
[0.514s] -- Up-to-date: /home/momesso/vrx_ws/install/share/vrx_gz/environment/ament_prefix_path.sh
[0.514s] -- Up-to-date: /home/momesso/vrx_ws/install/share/vrx_gz/environment/ament_prefix_path.dsv
[0.514s] -- Up-to-date: /home/momesso/vrx_ws/install/share/vrx_gz/environment/path.sh
[0.514s] -- Up-to-date: /home/momesso/vrx_ws/install/share/vrx_gz/environment/path.dsv
[0.514s] -- Up-to-date: /home/momesso/vrx_ws/install/share/vrx_gz/local_setup.bash
[0.514s] -- Up-to-date: /home/momesso/vrx_ws/install/share/vrx_gz/local_setup.sh
[0.514s] -- Up-to-date: /home/momesso/vrx_ws/install/share/vrx_gz/local_setup.zsh
[0.514s] -- Up-to-date: /home/momesso/vrx_ws/install/share/vrx_gz/local_setup.dsv
[0.514s] -- Installing: /home/momesso/vrx_ws/install/share/vrx_gz/package.dsv
[0.514s] -- Up-to-date: /home/momesso/vrx_ws/install/share/ament_index/resource_index/packages/vrx_gz
[0.514s] -- Up-to-date: /home/momesso/vrx_ws/install/share/vrx_gz/cmake/vrx_gzConfig.cmake
[0.514s] -- Up-to-date: /home/momesso/vrx_ws/install/share/vrx_gz/cmake/vrx_gzConfig-version.cmake
[0.514s] -- Up-to-date: /home/momesso/vrx_ws/install/share/vrx_gz/package.xml
[0.514s] Invoked command in '/home/momesso/vrx_ws/build/vrx_gz' returned '0': AMENT_PREFIX_PATH=/home/momesso/vrx_ws/install:${AMENT_PREFIX_PATH} CMAKE_PREFIX_PATH=/home/momesso/vrx_ws/install:/opt/ros/humble LD_LIBRARY_PATH=/home/momesso/vrx_ws/install/lib:${LD_LIBRARY_PATH} PYTHONPATH=/home/momesso/vrx_ws/install/lib/python3.10/site-packages:${PYTHONPATH} /usr/bin/cmake --install /home/momesso/vrx_ws/build/vrx_gz
