[0.101s] DEBUG:colcon:Command line arguments: ['/usr/bin/colcon', 'build', '--merge-install']
[0.101s] DEBUG:colcon:Parsed command line arguments: Namespace(log_base=None, log_level=None, verb_name='build', build_base='build', install_base='install', merge_install=True, symlink_install=False, test_result_base=None, continue_on_error=False, executor='parallel', parallel_workers=12, event_handlers=None, ignore_user_meta=False, metas=['./colcon.meta'], base_paths=['.'], packages_ignore=None, packages_ignore_regex=None, paths=None, packages_up_to=None, packages_up_to_regex=None, packages_above=None, packages_above_and_dependencies=None, packages_above_depth=None, packages_select_by_dep=None, packages_skip_by_dep=None, packages_skip_up_to=None, packages_select_build_failed=False, packages_skip_build_finished=False, packages_select_test_failures=False, packages_skip_test_passed=False, packages_select=None, packages_skip=None, packages_select_regex=None, packages_skip_regex=None, packages_start=None, packages_end=None, allow_overriding=[], cmake_args=None, cmake_target=None, cmake_target_skip_unavailable=False, cmake_clean_cache=False, cmake_clean_first=False, cmake_force_configure=False, ament_cmake_args=None, catkin_cmake_args=None, catkin_skip_building_tests=False, verb_parser=<colcon_defaults.argument_parser.defaults.DefaultArgumentsDecorator object at 0x79b547efc1c0>, verb_extension=<colcon_core.verb.build.BuildVerb object at 0x79b5480ff190>, main=<bound method BuildVerb.main of <colcon_core.verb.build.BuildVerb object at 0x79b5480ff190>>)
[0.257s] Level 1:colcon.colcon_core.package_discovery:discover_packages(colcon_meta) check parameters
[0.257s] Level 1:colcon.colcon_core.package_discovery:discover_packages(recursive) check parameters
[0.257s] Level 1:colcon.colcon_core.package_discovery:discover_packages(ignore) check parameters
[0.257s] Level 1:colcon.colcon_core.package_discovery:discover_packages(path) check parameters
[0.257s] Level 1:colcon.colcon_core.package_discovery:discover_packages(colcon_meta) discover
[0.257s] Level 1:colcon.colcon_core.package_discovery:discover_packages(recursive) discover
[0.258s] INFO:colcon.colcon_core.package_discovery:Crawling recursively for packages in '/home/momesso/vrx_ws'
[0.258s] Level 1:colcon.colcon_core.package_identification:_identify(.) by extensions ['ignore', 'ignore_ament_install']
[0.258s] Level 1:colcon.colcon_core.package_identification:_identify(.) by extension 'ignore'
[0.258s] Level 1:colcon.colcon_core.package_identification:_identify(.) by extension 'ignore_ament_install'
[0.258s] Level 1:colcon.colcon_core.package_identification:_identify(.) by extensions ['colcon_pkg']
[0.258s] Level 1:colcon.colcon_core.package_identification:_identify(.) by extension 'colcon_pkg'
[0.258s] Level 1:colcon.colcon_core.package_identification:_identify(.) by extensions ['colcon_meta']
[0.258s] Level 1:colcon.colcon_core.package_identification:_identify(.) by extension 'colcon_meta'
[0.258s] Level 1:colcon.colcon_core.package_identification:_identify(.) by extensions ['ros']
[0.258s] Level 1:colcon.colcon_core.package_identification:_identify(.) by extension 'ros'
[0.268s] Level 1:colcon.colcon_core.package_identification:_identify(.) by extensions ['cmake', 'python']
[0.268s] Level 1:colcon.colcon_core.package_identification:_identify(.) by extension 'cmake'
[0.268s] Level 1:colcon.colcon_core.package_identification:_identify(.) by extension 'python'
[0.268s] Level 1:colcon.colcon_core.package_identification:_identify(.) by extensions ['python_setup_py']
[0.269s] Level 1:colcon.colcon_core.package_identification:_identify(.) by extension 'python_setup_py'
[0.269s] Level 1:colcon.colcon_core.package_identification:_identify(build) by extensions ['ignore', 'ignore_ament_install']
[0.269s] Level 1:colcon.colcon_core.package_identification:_identify(build) by extension 'ignore'
[0.269s] Level 1:colcon.colcon_core.package_identification:_identify(build) ignored
[0.269s] Level 1:colcon.colcon_core.package_identification:_identify(install) by extensions ['ignore', 'ignore_ament_install']
[0.269s] Level 1:colcon.colcon_core.package_identification:_identify(install) by extension 'ignore'
[0.269s] Level 1:colcon.colcon_core.package_identification:_identify(install) ignored
[0.269s] Level 1:colcon.colcon_core.package_identification:_identify(log) by extensions ['ignore', 'ignore_ament_install']
[0.269s] Level 1:colcon.colcon_core.package_identification:_identify(log) by extension 'ignore'
[0.269s] Level 1:colcon.colcon_core.package_identification:_identify(log) ignored
[0.269s] Level 1:colcon.colcon_core.package_identification:_identify(src) by extensions ['ignore', 'ignore_ament_install']
[0.269s] Level 1:colcon.colcon_core.package_identification:_identify(src) by extension 'ignore'
[0.269s] Level 1:colcon.colcon_core.package_identification:_identify(src) by extension 'ignore_ament_install'
[0.269s] Level 1:colcon.colcon_core.package_identification:_identify(src) by extensions ['colcon_pkg']
[0.269s] Level 1:colcon.colcon_core.package_identification:_identify(src) by extension 'colcon_pkg'
[0.270s] Level 1:colcon.colcon_core.package_identification:_identify(src) by extensions ['colcon_meta']
[0.270s] Level 1:colcon.colcon_core.package_identification:_identify(src) by extension 'colcon_meta'
[0.270s] Level 1:colcon.colcon_core.package_identification:_identify(src) by extensions ['ros']
[0.270s] Level 1:colcon.colcon_core.package_identification:_identify(src) by extension 'ros'
[0.270s] Level 1:colcon.colcon_core.package_identification:_identify(src) by extensions ['cmake', 'python']
[0.270s] Level 1:colcon.colcon_core.package_identification:_identify(src) by extension 'cmake'
[0.270s] Level 1:colcon.colcon_core.package_identification:_identify(src) by extension 'python'
[0.270s] Level 1:colcon.colcon_core.package_identification:_identify(src) by extensions ['python_setup_py']
[0.270s] Level 1:colcon.colcon_core.package_identification:_identify(src) by extension 'python_setup_py'
[0.270s] Level 1:colcon.colcon_core.package_identification:_identify(src/vrx) by extensions ['ignore', 'ignore_ament_install']
[0.270s] Level 1:colcon.colcon_core.package_identification:_identify(src/vrx) by extension 'ignore'
[0.270s] Level 1:colcon.colcon_core.package_identification:_identify(src/vrx) by extension 'ignore_ament_install'
[0.270s] Level 1:colcon.colcon_core.package_identification:_identify(src/vrx) by extensions ['colcon_pkg']
[0.270s] Level 1:colcon.colcon_core.package_identification:_identify(src/vrx) by extension 'colcon_pkg'
[0.270s] Level 1:colcon.colcon_core.package_identification:_identify(src/vrx) by extensions ['colcon_meta']
[0.270s] Level 1:colcon.colcon_core.package_identification:_identify(src/vrx) by extension 'colcon_meta'
[0.270s] Level 1:colcon.colcon_core.package_identification:_identify(src/vrx) by extensions ['ros']
[0.270s] Level 1:colcon.colcon_core.package_identification:_identify(src/vrx) by extension 'ros'
[0.270s] Level 1:colcon.colcon_core.package_identification:_identify(src/vrx) by extensions ['cmake', 'python']
[0.270s] Level 1:colcon.colcon_core.package_identification:_identify(src/vrx) by extension 'cmake'
[0.270s] Level 1:colcon.colcon_core.package_identification:_identify(src/vrx) by extension 'python'
[0.270s] Level 1:colcon.colcon_core.package_identification:_identify(src/vrx) by extensions ['python_setup_py']
[0.270s] Level 1:colcon.colcon_core.package_identification:_identify(src/vrx) by extension 'python_setup_py'
[0.271s] Level 1:colcon.colcon_core.package_identification:_identify(src/vrx/images) by extensions ['ignore', 'ignore_ament_install']
[0.271s] Level 1:colcon.colcon_core.package_identification:_identify(src/vrx/images) by extension 'ignore'
[0.271s] Level 1:colcon.colcon_core.package_identification:_identify(src/vrx/images) by extension 'ignore_ament_install'
[0.271s] Level 1:colcon.colcon_core.package_identification:_identify(src/vrx/images) by extensions ['colcon_pkg']
[0.271s] Level 1:colcon.colcon_core.package_identification:_identify(src/vrx/images) by extension 'colcon_pkg'
[0.271s] Level 1:colcon.colcon_core.package_identification:_identify(src/vrx/images) by extensions ['colcon_meta']
[0.271s] Level 1:colcon.colcon_core.package_identification:_identify(src/vrx/images) by extension 'colcon_meta'
[0.271s] Level 1:colcon.colcon_core.package_identification:_identify(src/vrx/images) by extensions ['ros']
[0.271s] Level 1:colcon.colcon_core.package_identification:_identify(src/vrx/images) by extension 'ros'
[0.271s] Level 1:colcon.colcon_core.package_identification:_identify(src/vrx/images) by extensions ['cmake', 'python']
[0.271s] Level 1:colcon.colcon_core.package_identification:_identify(src/vrx/images) by extension 'cmake'
[0.271s] Level 1:colcon.colcon_core.package_identification:_identify(src/vrx/images) by extension 'python'
[0.271s] Level 1:colcon.colcon_core.package_identification:_identify(src/vrx/images) by extensions ['python_setup_py']
[0.271s] Level 1:colcon.colcon_core.package_identification:_identify(src/vrx/images) by extension 'python_setup_py'
[0.271s] Level 1:colcon.colcon_core.package_identification:_identify(src/vrx/vrx_gz) by extensions ['ignore', 'ignore_ament_install']
[0.271s] Level 1:colcon.colcon_core.package_identification:_identify(src/vrx/vrx_gz) by extension 'ignore'
[0.271s] Level 1:colcon.colcon_core.package_identification:_identify(src/vrx/vrx_gz) by extension 'ignore_ament_install'
[0.271s] Level 1:colcon.colcon_core.package_identification:_identify(src/vrx/vrx_gz) by extensions ['colcon_pkg']
[0.271s] Level 1:colcon.colcon_core.package_identification:_identify(src/vrx/vrx_gz) by extension 'colcon_pkg'
[0.271s] Level 1:colcon.colcon_core.package_identification:_identify(src/vrx/vrx_gz) by extensions ['colcon_meta']
[0.271s] Level 1:colcon.colcon_core.package_identification:_identify(src/vrx/vrx_gz) by extension 'colcon_meta'
[0.272s] Level 1:colcon.colcon_core.package_identification:_identify(src/vrx/vrx_gz) by extensions ['ros']
[0.272s] Level 1:colcon.colcon_core.package_identification:_identify(src/vrx/vrx_gz) by extension 'ros'
[0.274s] DEBUG:colcon.colcon_core.package_identification:Package 'src/vrx/vrx_gz' with type 'ros.ament_cmake' and name 'vrx_gz'
[0.274s] Level 1:colcon.colcon_core.package_identification:_identify(src/vrx/vrx_ros) by extensions ['ignore', 'ignore_ament_install']
[0.274s] Level 1:colcon.colcon_core.package_identification:_identify(src/vrx/vrx_ros) by extension 'ignore'
[0.274s] Level 1:colcon.colcon_core.package_identification:_identify(src/vrx/vrx_ros) by extension 'ignore_ament_install'
[0.274s] Level 1:colcon.colcon_core.package_identification:_identify(src/vrx/vrx_ros) by extensions ['colcon_pkg']
[0.274s] Level 1:colcon.colcon_core.package_identification:_identify(src/vrx/vrx_ros) by extension 'colcon_pkg'
[0.274s] Level 1:colcon.colcon_core.package_identification:_identify(src/vrx/vrx_ros) by extensions ['colcon_meta']
[0.274s] Level 1:colcon.colcon_core.package_identification:_identify(src/vrx/vrx_ros) by extension 'colcon_meta'
[0.275s] Level 1:colcon.colcon_core.package_identification:_identify(src/vrx/vrx_ros) by extensions ['ros']
[0.275s] Level 1:colcon.colcon_core.package_identification:_identify(src/vrx/vrx_ros) by extension 'ros'
[0.275s] DEBUG:colcon.colcon_core.package_identification:Package 'src/vrx/vrx_ros' with type 'ros.ament_cmake' and name 'vrx_ros'
[0.276s] Level 1:colcon.colcon_core.package_identification:_identify(src/vrx/vrx_urdf) by extensions ['ignore', 'ignore_ament_install']
[0.276s] Level 1:colcon.colcon_core.package_identification:_identify(src/vrx/vrx_urdf) by extension 'ignore'
[0.276s] Level 1:colcon.colcon_core.package_identification:_identify(src/vrx/vrx_urdf) by extension 'ignore_ament_install'
[0.276s] Level 1:colcon.colcon_core.package_identification:_identify(src/vrx/vrx_urdf) by extensions ['colcon_pkg']
[0.276s] Level 1:colcon.colcon_core.package_identification:_identify(src/vrx/vrx_urdf) by extension 'colcon_pkg'
[0.276s] Level 1:colcon.colcon_core.package_identification:_identify(src/vrx/vrx_urdf) by extensions ['colcon_meta']
[0.276s] Level 1:colcon.colcon_core.package_identification:_identify(src/vrx/vrx_urdf) by extension 'colcon_meta'
[0.276s] Level 1:colcon.colcon_core.package_identification:_identify(src/vrx/vrx_urdf) by extensions ['ros']
[0.276s] Level 1:colcon.colcon_core.package_identification:_identify(src/vrx/vrx_urdf) by extension 'ros'
[0.276s] Level 1:colcon.colcon_core.package_identification:_identify(src/vrx/vrx_urdf) by extensions ['cmake', 'python']
[0.276s] Level 1:colcon.colcon_core.package_identification:_identify(src/vrx/vrx_urdf) by extension 'cmake'
[0.276s] Level 1:colcon.colcon_core.package_identification:_identify(src/vrx/vrx_urdf) by extension 'python'
[0.276s] Level 1:colcon.colcon_core.package_identification:_identify(src/vrx/vrx_urdf) by extensions ['python_setup_py']
[0.276s] Level 1:colcon.colcon_core.package_identification:_identify(src/vrx/vrx_urdf) by extension 'python_setup_py'
[0.276s] Level 1:colcon.colcon_core.package_identification:_identify(src/vrx/vrx_urdf/vrx_gazebo) by extensions ['ignore', 'ignore_ament_install']
[0.276s] Level 1:colcon.colcon_core.package_identification:_identify(src/vrx/vrx_urdf/vrx_gazebo) by extension 'ignore'
[0.276s] Level 1:colcon.colcon_core.package_identification:_identify(src/vrx/vrx_urdf/vrx_gazebo) by extension 'ignore_ament_install'
[0.276s] Level 1:colcon.colcon_core.package_identification:_identify(src/vrx/vrx_urdf/vrx_gazebo) by extensions ['colcon_pkg']
[0.276s] Level 1:colcon.colcon_core.package_identification:_identify(src/vrx/vrx_urdf/vrx_gazebo) by extension 'colcon_pkg'
[0.276s] Level 1:colcon.colcon_core.package_identification:_identify(src/vrx/vrx_urdf/vrx_gazebo) by extensions ['colcon_meta']
[0.277s] Level 1:colcon.colcon_core.package_identification:_identify(src/vrx/vrx_urdf/vrx_gazebo) by extension 'colcon_meta'
[0.277s] Level 1:colcon.colcon_core.package_identification:_identify(src/vrx/vrx_urdf/vrx_gazebo) by extensions ['ros']
[0.277s] Level 1:colcon.colcon_core.package_identification:_identify(src/vrx/vrx_urdf/vrx_gazebo) by extension 'ros'
[0.277s] DEBUG:colcon.colcon_core.package_identification:Package 'src/vrx/vrx_urdf/vrx_gazebo' with type 'ros.ament_cmake' and name 'vrx_gazebo'
[0.278s] Level 1:colcon.colcon_core.package_identification:_identify(src/vrx/vrx_urdf/wamv_description) by extensions ['ignore', 'ignore_ament_install']
[0.278s] Level 1:colcon.colcon_core.package_identification:_identify(src/vrx/vrx_urdf/wamv_description) by extension 'ignore'
[0.278s] Level 1:colcon.colcon_core.package_identification:_identify(src/vrx/vrx_urdf/wamv_description) by extension 'ignore_ament_install'
[0.278s] Level 1:colcon.colcon_core.package_identification:_identify(src/vrx/vrx_urdf/wamv_description) by extensions ['colcon_pkg']
[0.278s] Level 1:colcon.colcon_core.package_identification:_identify(src/vrx/vrx_urdf/wamv_description) by extension 'colcon_pkg'
[0.278s] Level 1:colcon.colcon_core.package_identification:_identify(src/vrx/vrx_urdf/wamv_description) by extensions ['colcon_meta']
[0.278s] Level 1:colcon.colcon_core.package_identification:_identify(src/vrx/vrx_urdf/wamv_description) by extension 'colcon_meta'
[0.278s] Level 1:colcon.colcon_core.package_identification:_identify(src/vrx/vrx_urdf/wamv_description) by extensions ['ros']
[0.278s] Level 1:colcon.colcon_core.package_identification:_identify(src/vrx/vrx_urdf/wamv_description) by extension 'ros'
[0.279s] DEBUG:colcon.colcon_core.package_identification:Package 'src/vrx/vrx_urdf/wamv_description' with type 'ros.ament_cmake' and name 'wamv_description'
[0.279s] Level 1:colcon.colcon_core.package_identification:_identify(src/vrx/vrx_urdf/wamv_gazebo) by extensions ['ignore', 'ignore_ament_install']
[0.279s] Level 1:colcon.colcon_core.package_identification:_identify(src/vrx/vrx_urdf/wamv_gazebo) by extension 'ignore'
[0.279s] Level 1:colcon.colcon_core.package_identification:_identify(src/vrx/vrx_urdf/wamv_gazebo) by extension 'ignore_ament_install'
[0.279s] Level 1:colcon.colcon_core.package_identification:_identify(src/vrx/vrx_urdf/wamv_gazebo) by extensions ['colcon_pkg']
[0.279s] Level 1:colcon.colcon_core.package_identification:_identify(src/vrx/vrx_urdf/wamv_gazebo) by extension 'colcon_pkg'
[0.279s] Level 1:colcon.colcon_core.package_identification:_identify(src/vrx/vrx_urdf/wamv_gazebo) by extensions ['colcon_meta']
[0.279s] Level 1:colcon.colcon_core.package_identification:_identify(src/vrx/vrx_urdf/wamv_gazebo) by extension 'colcon_meta'
[0.279s] Level 1:colcon.colcon_core.package_identification:_identify(src/vrx/vrx_urdf/wamv_gazebo) by extensions ['ros']
[0.279s] Level 1:colcon.colcon_core.package_identification:_identify(src/vrx/vrx_urdf/wamv_gazebo) by extension 'ros'
[0.280s] DEBUG:colcon.colcon_core.package_identification:Package 'src/vrx/vrx_urdf/wamv_gazebo' with type 'ros.ament_cmake' and name 'wamv_gazebo'
[0.280s] Level 1:colcon.colcon_core.package_identification:_identify(src/vrx_nav2) by extensions ['ignore', 'ignore_ament_install']
[0.280s] Level 1:colcon.colcon_core.package_identification:_identify(src/vrx_nav2) by extension 'ignore'
[0.280s] Level 1:colcon.colcon_core.package_identification:_identify(src/vrx_nav2) by extension 'ignore_ament_install'
[0.280s] Level 1:colcon.colcon_core.package_identification:_identify(src/vrx_nav2) by extensions ['colcon_pkg']
[0.280s] Level 1:colcon.colcon_core.package_identification:_identify(src/vrx_nav2) by extension 'colcon_pkg'
[0.280s] Level 1:colcon.colcon_core.package_identification:_identify(src/vrx_nav2) by extensions ['colcon_meta']
[0.280s] Level 1:colcon.colcon_core.package_identification:_identify(src/vrx_nav2) by extension 'colcon_meta'
[0.280s] Level 1:colcon.colcon_core.package_identification:_identify(src/vrx_nav2) by extensions ['ros']
[0.280s] Level 1:colcon.colcon_core.package_identification:_identify(src/vrx_nav2) by extension 'ros'
[0.281s] DEBUG:colcon.colcon_core.package_identification:Package 'src/vrx_nav2' with type 'ros.ament_python' and name 'vrx_nav2'
[0.281s] Level 1:colcon.colcon_core.package_discovery:discover_packages(recursive) using defaults
[0.281s] Level 1:colcon.colcon_core.package_discovery:discover_packages(ignore) discover
[0.281s] Level 1:colcon.colcon_core.package_discovery:discover_packages(ignore) using defaults
[0.281s] Level 1:colcon.colcon_core.package_discovery:discover_packages(path) discover
[0.281s] Level 1:colcon.colcon_core.package_discovery:discover_packages(path) using defaults
[0.299s] Level 1:colcon.colcon_core.package_discovery:discover_packages(prefix_path) check parameters
[0.299s] Level 1:colcon.colcon_core.package_discovery:discover_packages(prefix_path) discover
[0.302s] DEBUG:colcon.colcon_installed_package_information.package_discovery:Found 288 installed packages in /opt/ros/humble
[0.315s] Level 1:colcon.colcon_core.package_discovery:discover_packages(prefix_path) using defaults
[0.355s] Level 5:colcon.colcon_core.verb:set package 'vrx_gazebo' build argument 'cmake_args' from command line to 'None'
[0.355s] Level 5:colcon.colcon_core.verb:set package 'vrx_gazebo' build argument 'cmake_target' from command line to 'None'
[0.355s] Level 5:colcon.colcon_core.verb:set package 'vrx_gazebo' build argument 'cmake_target_skip_unavailable' from command line to 'False'
[0.355s] Level 5:colcon.colcon_core.verb:set package 'vrx_gazebo' build argument 'cmake_clean_cache' from command line to 'False'
[0.355s] Level 5:colcon.colcon_core.verb:set package 'vrx_gazebo' build argument 'cmake_clean_first' from command line to 'False'
[0.355s] Level 5:colcon.colcon_core.verb:set package 'vrx_gazebo' build argument 'cmake_force_configure' from command line to 'False'
[0.355s] Level 5:colcon.colcon_core.verb:set package 'vrx_gazebo' build argument 'ament_cmake_args' from command line to 'None'
[0.355s] Level 5:colcon.colcon_core.verb:set package 'vrx_gazebo' build argument 'catkin_cmake_args' from command line to 'None'
[0.355s] Level 5:colcon.colcon_core.verb:set package 'vrx_gazebo' build argument 'catkin_skip_building_tests' from command line to 'False'
[0.355s] DEBUG:colcon.colcon_core.verb:Building package 'vrx_gazebo' with the following arguments: {'ament_cmake_args': None, 'build_base': '/home/momesso/vrx_ws/build/vrx_gazebo', 'catkin_cmake_args': None, 'catkin_skip_building_tests': False, 'cmake_args': None, 'cmake_clean_cache': False, 'cmake_clean_first': False, 'cmake_force_configure': False, 'cmake_target': None, 'cmake_target_skip_unavailable': False, 'install_base': '/home/momesso/vrx_ws/install', 'merge_install': True, 'path': '/home/momesso/vrx_ws/src/vrx/vrx_urdf/vrx_gazebo', 'symlink_install': False, 'test_result_base': None}
[0.355s] Level 5:colcon.colcon_core.verb:set package 'vrx_nav2' build argument 'cmake_args' from command line to 'None'
[0.355s] Level 5:colcon.colcon_core.verb:set package 'vrx_nav2' build argument 'cmake_target' from command line to 'None'
[0.355s] Level 5:colcon.colcon_core.verb:set package 'vrx_nav2' build argument 'cmake_target_skip_unavailable' from command line to 'False'
[0.355s] Level 5:colcon.colcon_core.verb:set package 'vrx_nav2' build argument 'cmake_clean_cache' from command line to 'False'
[0.355s] Level 5:colcon.colcon_core.verb:set package 'vrx_nav2' build argument 'cmake_clean_first' from command line to 'False'
[0.355s] Level 5:colcon.colcon_core.verb:set package 'vrx_nav2' build argument 'cmake_force_configure' from command line to 'False'
[0.355s] Level 5:colcon.colcon_core.verb:set package 'vrx_nav2' build argument 'ament_cmake_args' from command line to 'None'
[0.355s] Level 5:colcon.colcon_core.verb:set package 'vrx_nav2' build argument 'catkin_cmake_args' from command line to 'None'
[0.355s] Level 5:colcon.colcon_core.verb:set package 'vrx_nav2' build argument 'catkin_skip_building_tests' from command line to 'False'
[0.355s] DEBUG:colcon.colcon_core.verb:Building package 'vrx_nav2' with the following arguments: {'ament_cmake_args': None, 'build_base': '/home/momesso/vrx_ws/build/vrx_nav2', 'catkin_cmake_args': None, 'catkin_skip_building_tests': False, 'cmake_args': None, 'cmake_clean_cache': False, 'cmake_clean_first': False, 'cmake_force_configure': False, 'cmake_target': None, 'cmake_target_skip_unavailable': False, 'install_base': '/home/momesso/vrx_ws/install', 'merge_install': True, 'path': '/home/momesso/vrx_ws/src/vrx_nav2', 'symlink_install': False, 'test_result_base': None}
[0.356s] Level 5:colcon.colcon_core.verb:set package 'vrx_ros' build argument 'cmake_args' from command line to 'None'
[0.356s] Level 5:colcon.colcon_core.verb:set package 'vrx_ros' build argument 'cmake_target' from command line to 'None'
[0.356s] Level 5:colcon.colcon_core.verb:set package 'vrx_ros' build argument 'cmake_target_skip_unavailable' from command line to 'False'
[0.356s] Level 5:colcon.colcon_core.verb:set package 'vrx_ros' build argument 'cmake_clean_cache' from command line to 'False'
[0.356s] Level 5:colcon.colcon_core.verb:set package 'vrx_ros' build argument 'cmake_clean_first' from command line to 'False'
[0.356s] Level 5:colcon.colcon_core.verb:set package 'vrx_ros' build argument 'cmake_force_configure' from command line to 'False'
[0.356s] Level 5:colcon.colcon_core.verb:set package 'vrx_ros' build argument 'ament_cmake_args' from command line to 'None'
[0.356s] Level 5:colcon.colcon_core.verb:set package 'vrx_ros' build argument 'catkin_cmake_args' from command line to 'None'
[0.356s] Level 5:colcon.colcon_core.verb:set package 'vrx_ros' build argument 'catkin_skip_building_tests' from command line to 'False'
[0.356s] DEBUG:colcon.colcon_core.verb:Building package 'vrx_ros' with the following arguments: {'ament_cmake_args': None, 'build_base': '/home/momesso/vrx_ws/build/vrx_ros', 'catkin_cmake_args': None, 'catkin_skip_building_tests': False, 'cmake_args': None, 'cmake_clean_cache': False, 'cmake_clean_first': False, 'cmake_force_configure': False, 'cmake_target': None, 'cmake_target_skip_unavailable': False, 'install_base': '/home/momesso/vrx_ws/install', 'merge_install': True, 'path': '/home/momesso/vrx_ws/src/vrx/vrx_ros', 'symlink_install': False, 'test_result_base': None}
[0.356s] Level 5:colcon.colcon_core.verb:set package 'vrx_gz' build argument 'cmake_args' from command line to 'None'
[0.356s] Level 5:colcon.colcon_core.verb:set package 'vrx_gz' build argument 'cmake_target' from command line to 'None'
[0.356s] Level 5:colcon.colcon_core.verb:set package 'vrx_gz' build argument 'cmake_target_skip_unavailable' from command line to 'False'
[0.356s] Level 5:colcon.colcon_core.verb:set package 'vrx_gz' build argument 'cmake_clean_cache' from command line to 'False'
[0.356s] Level 5:colcon.colcon_core.verb:set package 'vrx_gz' build argument 'cmake_clean_first' from command line to 'False'
[0.356s] Level 5:colcon.colcon_core.verb:set package 'vrx_gz' build argument 'cmake_force_configure' from command line to 'False'
[0.356s] Level 5:colcon.colcon_core.verb:set package 'vrx_gz' build argument 'ament_cmake_args' from command line to 'None'
[0.357s] Level 5:colcon.colcon_core.verb:set package 'vrx_gz' build argument 'catkin_cmake_args' from command line to 'None'
[0.357s] Level 5:colcon.colcon_core.verb:set package 'vrx_gz' build argument 'catkin_skip_building_tests' from command line to 'False'
[0.357s] DEBUG:colcon.colcon_core.verb:Building package 'vrx_gz' with the following arguments: {'ament_cmake_args': None, 'build_base': '/home/momesso/vrx_ws/build/vrx_gz', 'catkin_cmake_args': None, 'catkin_skip_building_tests': False, 'cmake_args': None, 'cmake_clean_cache': False, 'cmake_clean_first': False, 'cmake_force_configure': False, 'cmake_target': None, 'cmake_target_skip_unavailable': False, 'install_base': '/home/momesso/vrx_ws/install', 'merge_install': True, 'path': '/home/momesso/vrx_ws/src/vrx/vrx_gz', 'symlink_install': False, 'test_result_base': None}
[0.357s] Level 5:colcon.colcon_core.verb:set package 'wamv_description' build argument 'cmake_args' from command line to 'None'
[0.357s] Level 5:colcon.colcon_core.verb:set package 'wamv_description' build argument 'cmake_target' from command line to 'None'
[0.357s] Level 5:colcon.colcon_core.verb:set package 'wamv_description' build argument 'cmake_target_skip_unavailable' from command line to 'False'
[0.357s] Level 5:colcon.colcon_core.verb:set package 'wamv_description' build argument 'cmake_clean_cache' from command line to 'False'
[0.357s] Level 5:colcon.colcon_core.verb:set package 'wamv_description' build argument 'cmake_clean_first' from command line to 'False'
[0.357s] Level 5:colcon.colcon_core.verb:set package 'wamv_description' build argument 'cmake_force_configure' from command line to 'False'
[0.357s] Level 5:colcon.colcon_core.verb:set package 'wamv_description' build argument 'ament_cmake_args' from command line to 'None'
[0.357s] Level 5:colcon.colcon_core.verb:set package 'wamv_description' build argument 'catkin_cmake_args' from command line to 'None'
[0.357s] Level 5:colcon.colcon_core.verb:set package 'wamv_description' build argument 'catkin_skip_building_tests' from command line to 'False'
[0.357s] DEBUG:colcon.colcon_core.verb:Building package 'wamv_description' with the following arguments: {'ament_cmake_args': None, 'build_base': '/home/momesso/vrx_ws/build/wamv_description', 'catkin_cmake_args': None, 'catkin_skip_building_tests': False, 'cmake_args': None, 'cmake_clean_cache': False, 'cmake_clean_first': False, 'cmake_force_configure': False, 'cmake_target': None, 'cmake_target_skip_unavailable': False, 'install_base': '/home/momesso/vrx_ws/install', 'merge_install': True, 'path': '/home/momesso/vrx_ws/src/vrx/vrx_urdf/wamv_description', 'symlink_install': False, 'test_result_base': None}
[0.357s] Level 5:colcon.colcon_core.verb:set package 'wamv_gazebo' build argument 'cmake_args' from command line to 'None'
[0.357s] Level 5:colcon.colcon_core.verb:set package 'wamv_gazebo' build argument 'cmake_target' from command line to 'None'
[0.357s] Level 5:colcon.colcon_core.verb:set package 'wamv_gazebo' build argument 'cmake_target_skip_unavailable' from command line to 'False'
[0.357s] Level 5:colcon.colcon_core.verb:set package 'wamv_gazebo' build argument 'cmake_clean_cache' from command line to 'False'
[0.357s] Level 5:colcon.colcon_core.verb:set package 'wamv_gazebo' build argument 'cmake_clean_first' from command line to 'False'
[0.358s] Level 5:colcon.colcon_core.verb:set package 'wamv_gazebo' build argument 'cmake_force_configure' from command line to 'False'
[0.358s] Level 5:colcon.colcon_core.verb:set package 'wamv_gazebo' build argument 'ament_cmake_args' from command line to 'None'
[0.358s] Level 5:colcon.colcon_core.verb:set package 'wamv_gazebo' build argument 'catkin_cmake_args' from command line to 'None'
[0.358s] Level 5:colcon.colcon_core.verb:set package 'wamv_gazebo' build argument 'catkin_skip_building_tests' from command line to 'False'
[0.358s] DEBUG:colcon.colcon_core.verb:Building package 'wamv_gazebo' with the following arguments: {'ament_cmake_args': None, 'build_base': '/home/momesso/vrx_ws/build/wamv_gazebo', 'catkin_cmake_args': None, 'catkin_skip_building_tests': False, 'cmake_args': None, 'cmake_clean_cache': False, 'cmake_clean_first': False, 'cmake_force_configure': False, 'cmake_target': None, 'cmake_target_skip_unavailable': False, 'install_base': '/home/momesso/vrx_ws/install', 'merge_install': True, 'path': '/home/momesso/vrx_ws/src/vrx/vrx_urdf/wamv_gazebo', 'symlink_install': False, 'test_result_base': None}
[0.358s] INFO:colcon.colcon_core.executor:Executing jobs using 'parallel' executor
[0.359s] DEBUG:colcon.colcon_parallel_executor.executor.parallel:run_until_complete
[0.359s] INFO:colcon.colcon_ros.task.ament_cmake.build:Building ROS package in '/home/momesso/vrx_ws/src/vrx/vrx_urdf/vrx_gazebo' with build type 'ament_cmake'
[0.359s] INFO:colcon.colcon_cmake.task.cmake.build:Building CMake package in '/home/momesso/vrx_ws/src/vrx/vrx_urdf/vrx_gazebo'
[0.361s] INFO:colcon.colcon_core.plugin_system:Skipping extension 'colcon_core.shell.bat': Not used on non-Windows systems
[0.361s] INFO:colcon.colcon_core.shell:Skip shell extension 'powershell' for command environment: Not usable outside of PowerShell
[0.361s] DEBUG:colcon.colcon_core.shell:Skip shell extension 'dsv' for command environment
[0.363s] INFO:colcon.colcon_ros.task.ament_cmake.build:Building ROS package in '/home/momesso/vrx_ws/src/vrx/vrx_ros' with build type 'ament_cmake'
[0.363s] INFO:colcon.colcon_cmake.task.cmake.build:Building CMake package in '/home/momesso/vrx_ws/src/vrx/vrx_ros'
[0.364s] INFO:colcon.colcon_core.shell:Skip shell extension 'powershell' for command environment: Not usable outside of PowerShell
[0.364s] DEBUG:colcon.colcon_core.shell:Skip shell extension 'dsv' for command environment
[0.366s] INFO:colcon.colcon_ros.task.ament_python.build:Building ROS package in '/home/momesso/vrx_ws/src/vrx_nav2' with build type 'ament_python'
[0.366s] Level 1:colcon.colcon_core.shell:create_environment_hook('vrx_nav2', 'ament_prefix_path')
[0.366s] INFO:colcon.colcon_core.shell:Creating environment hook '/home/momesso/vrx_ws/install/share/vrx_nav2/hook/ament_prefix_path.ps1'
[0.367s] INFO:colcon.colcon_core.shell:Creating environment descriptor '/home/momesso/vrx_ws/install/share/vrx_nav2/hook/ament_prefix_path.dsv'
[0.367s] INFO:colcon.colcon_core.shell:Creating environment hook '/home/momesso/vrx_ws/install/share/vrx_nav2/hook/ament_prefix_path.sh'
[0.368s] INFO:colcon.colcon_core.shell:Skip shell extension 'powershell' for command environment: Not usable outside of PowerShell
[0.368s] DEBUG:colcon.colcon_core.shell:Skip shell extension 'dsv' for command environment
[0.375s] DEBUG:colcon.colcon_core.event_handler.log_command:Invoking command in '/home/momesso/vrx_ws/build/vrx_gazebo': CMAKE_PREFIX_PATH=/opt/ros/humble /usr/bin/cmake --build /home/momesso/vrx_ws/build/vrx_gazebo -- -j12 -l12
[0.378s] DEBUG:colcon.colcon_core.event_handler.log_command:Invoking command in '/home/momesso/vrx_ws/build/vrx_ros': CMAKE_PREFIX_PATH=/opt/ros/humble /usr/bin/cmake --build /home/momesso/vrx_ws/build/vrx_ros -- -j12 -l12
[0.687s] INFO:colcon.colcon_core.task.python.build:Building Python package in '/home/momesso/vrx_ws/src/vrx_nav2'
[0.687s] INFO:colcon.colcon_core.shell:Skip shell extension 'powershell' for command environment: Not usable outside of PowerShell
[0.687s] DEBUG:colcon.colcon_core.shell:Skip shell extension 'dsv' for command environment
[0.690s] DEBUG:colcon.colcon_core.event_handler.log_command:Invoked command in '/home/momesso/vrx_ws/build/vrx_ros' returned '0': CMAKE_PREFIX_PATH=/opt/ros/humble /usr/bin/cmake --build /home/momesso/vrx_ws/build/vrx_ros -- -j12 -l12
[0.692s] DEBUG:colcon.colcon_core.event_handler.log_command:Invoked command in '/home/momesso/vrx_ws/build/vrx_gazebo' returned '0': CMAKE_PREFIX_PATH=/opt/ros/humble /usr/bin/cmake --build /home/momesso/vrx_ws/build/vrx_gazebo -- -j12 -l12
[0.718s] DEBUG:colcon.colcon_core.event_handler.log_command:Invoking command in '/home/momesso/vrx_ws/build/vrx_gazebo': CMAKE_PREFIX_PATH=/opt/ros/humble /usr/bin/cmake --install /home/momesso/vrx_ws/build/vrx_gazebo
[0.720s] DEBUG:colcon.colcon_core.event_handler.log_command:Invoking command in '/home/momesso/vrx_ws/build/vrx_ros': CMAKE_PREFIX_PATH=/opt/ros/humble /usr/bin/cmake --install /home/momesso/vrx_ws/build/vrx_ros
[0.731s] Level 1:colcon.colcon_core.environment:create_environment_scripts_only(vrx_ros)
[0.735s] DEBUG:colcon.colcon_core.event_handler.log_command:Invoked command in '/home/momesso/vrx_ws/build/vrx_ros' returned '0': CMAKE_PREFIX_PATH=/opt/ros/humble /usr/bin/cmake --install /home/momesso/vrx_ws/build/vrx_ros
[0.738s] Level 1:colcon.colcon_core.environment:checking '/home/momesso/vrx_ws/install' for CMake module files
[0.738s] Level 1:colcon.colcon_core.environment:checking '/home/momesso/vrx_ws/install' for CMake config files
[0.739s] Level 1:colcon.colcon_core.shell:create_environment_hook('vrx_ros', 'cmake_prefix_path')
[0.739s] INFO:colcon.colcon_core.shell:Creating environment hook '/home/momesso/vrx_ws/install/share/vrx_ros/hook/cmake_prefix_path.ps1'
[0.740s] INFO:colcon.colcon_core.shell:Creating environment descriptor '/home/momesso/vrx_ws/install/share/vrx_ros/hook/cmake_prefix_path.dsv'
[0.740s] INFO:colcon.colcon_core.shell:Creating environment hook '/home/momesso/vrx_ws/install/share/vrx_ros/hook/cmake_prefix_path.sh'
[0.741s] Level 1:colcon.colcon_core.environment:checking '/home/momesso/vrx_ws/install/lib'
[0.741s] Level 1:colcon.colcon_core.shell:create_environment_hook('vrx_ros', 'ld_library_path_lib')
[0.741s] INFO:colcon.colcon_core.shell:Creating environment hook '/home/momesso/vrx_ws/install/share/vrx_ros/hook/ld_library_path_lib.ps1'
[0.742s] INFO:colcon.colcon_core.shell:Creating environment descriptor '/home/momesso/vrx_ws/install/share/vrx_ros/hook/ld_library_path_lib.dsv'
[0.742s] INFO:colcon.colcon_core.shell:Creating environment hook '/home/momesso/vrx_ws/install/share/vrx_ros/hook/ld_library_path_lib.sh'
[0.742s] Level 1:colcon.colcon_core.environment:checking '/home/momesso/vrx_ws/install/bin'
[0.742s] Level 1:colcon.colcon_core.environment:checking '/home/momesso/vrx_ws/install/lib/pkgconfig/vrx_ros.pc'
[0.743s] Level 1:colcon.colcon_core.environment:checking '/home/momesso/vrx_ws/install/lib/python3.10/site-packages'
[0.743s] Level 1:colcon.colcon_core.shell:create_environment_hook('vrx_ros', 'pythonpath')
[0.743s] INFO:colcon.colcon_core.shell:Creating environment hook '/home/momesso/vrx_ws/install/share/vrx_ros/hook/pythonpath.ps1'
[0.743s] INFO:colcon.colcon_core.shell:Creating environment descriptor '/home/momesso/vrx_ws/install/share/vrx_ros/hook/pythonpath.dsv'
[0.744s] INFO:colcon.colcon_core.shell:Creating environment hook '/home/momesso/vrx_ws/install/share/vrx_ros/hook/pythonpath.sh'
[0.744s] Level 1:colcon.colcon_core.environment:checking '/home/momesso/vrx_ws/install/bin'
[0.745s] INFO:colcon.colcon_core.shell:Creating package script '/home/momesso/vrx_ws/install/share/vrx_ros/package.ps1'
[0.746s] INFO:colcon.colcon_core.shell:Creating package descriptor '/home/momesso/vrx_ws/install/share/vrx_ros/package.dsv'
[0.747s] INFO:colcon.colcon_core.shell:Creating package script '/home/momesso/vrx_ws/install/share/vrx_ros/package.sh'
[0.748s] INFO:colcon.colcon_core.shell:Creating package script '/home/momesso/vrx_ws/install/share/vrx_ros/package.bash'
[0.749s] INFO:colcon.colcon_core.shell:Creating package script '/home/momesso/vrx_ws/install/share/vrx_ros/package.zsh'
[0.750s] Level 1:colcon.colcon_core.environment:create_file_with_runtime_dependencies(/home/momesso/vrx_ws/install/share/colcon-core/packages/vrx_ros)
[0.768s] Level 1:colcon.colcon_core.environment:create_environment_scripts_only(vrx_gazebo)
[0.768s] Level 1:colcon.colcon_core.environment:checking '/home/momesso/vrx_ws/install' for CMake module files
[0.769s] DEBUG:colcon.colcon_core.event_handler.log_command:Invoked command in '/home/momesso/vrx_ws/build/vrx_gazebo' returned '0': CMAKE_PREFIX_PATH=/opt/ros/humble /usr/bin/cmake --install /home/momesso/vrx_ws/build/vrx_gazebo
[0.769s] Level 1:colcon.colcon_core.environment:checking '/home/momesso/vrx_ws/install' for CMake config files
[0.769s] Level 1:colcon.colcon_core.shell:create_environment_hook('vrx_gazebo', 'cmake_prefix_path')
[0.770s] INFO:colcon.colcon_core.shell:Creating environment hook '/home/momesso/vrx_ws/install/share/vrx_gazebo/hook/cmake_prefix_path.ps1'
[0.770s] INFO:colcon.colcon_core.shell:Creating environment descriptor '/home/momesso/vrx_ws/install/share/vrx_gazebo/hook/cmake_prefix_path.dsv'
[0.771s] INFO:colcon.colcon_core.shell:Creating environment hook '/home/momesso/vrx_ws/install/share/vrx_gazebo/hook/cmake_prefix_path.sh'
[0.771s] Level 1:colcon.colcon_core.environment:checking '/home/momesso/vrx_ws/install/lib'
[0.771s] Level 1:colcon.colcon_core.shell:create_environment_hook('vrx_gazebo', 'ld_library_path_lib')
[0.772s] INFO:colcon.colcon_core.shell:Creating environment hook '/home/momesso/vrx_ws/install/share/vrx_gazebo/hook/ld_library_path_lib.ps1'
[0.772s] INFO:colcon.colcon_core.shell:Creating environment descriptor '/home/momesso/vrx_ws/install/share/vrx_gazebo/hook/ld_library_path_lib.dsv'
[0.772s] INFO:colcon.colcon_core.shell:Creating environment hook '/home/momesso/vrx_ws/install/share/vrx_gazebo/hook/ld_library_path_lib.sh'
[0.773s] Level 1:colcon.colcon_core.environment:checking '/home/momesso/vrx_ws/install/bin'
[0.773s] Level 1:colcon.colcon_core.environment:checking '/home/momesso/vrx_ws/install/lib/pkgconfig/vrx_gazebo.pc'
[0.773s] Level 1:colcon.colcon_core.environment:checking '/home/momesso/vrx_ws/install/lib/python3.10/site-packages'
[0.773s] Level 1:colcon.colcon_core.shell:create_environment_hook('vrx_gazebo', 'pythonpath')
[0.773s] INFO:colcon.colcon_core.shell:Creating environment hook '/home/momesso/vrx_ws/install/share/vrx_gazebo/hook/pythonpath.ps1'
[0.774s] INFO:colcon.colcon_core.shell:Creating environment descriptor '/home/momesso/vrx_ws/install/share/vrx_gazebo/hook/pythonpath.dsv'
[0.774s] INFO:colcon.colcon_core.shell:Creating environment hook '/home/momesso/vrx_ws/install/share/vrx_gazebo/hook/pythonpath.sh'
[0.774s] Level 1:colcon.colcon_core.environment:checking '/home/momesso/vrx_ws/install/bin'
[0.775s] INFO:colcon.colcon_core.shell:Creating package script '/home/momesso/vrx_ws/install/share/vrx_gazebo/package.ps1'
[0.775s] INFO:colcon.colcon_core.shell:Creating package descriptor '/home/momesso/vrx_ws/install/share/vrx_gazebo/package.dsv'
[0.776s] INFO:colcon.colcon_core.shell:Creating package script '/home/momesso/vrx_ws/install/share/vrx_gazebo/package.sh'
[0.776s] INFO:colcon.colcon_core.shell:Creating package script '/home/momesso/vrx_ws/install/share/vrx_gazebo/package.bash'
[0.777s] INFO:colcon.colcon_core.shell:Creating package script '/home/momesso/vrx_ws/install/share/vrx_gazebo/package.zsh'
[0.777s] Level 1:colcon.colcon_core.environment:create_file_with_runtime_dependencies(/home/momesso/vrx_ws/install/share/colcon-core/packages/vrx_gazebo)
[0.779s] Level 1:colcon.colcon_core.environment:create_environment_scripts_only(vrx_ros)
[0.779s] Level 1:colcon.colcon_core.environment:checking '/home/momesso/vrx_ws/install' for CMake module files
[0.779s] Level 1:colcon.colcon_core.environment:checking '/home/momesso/vrx_ws/install' for CMake config files
[0.780s] Level 1:colcon.colcon_core.shell:create_environment_hook('vrx_ros', 'cmake_prefix_path')
[0.780s] INFO:colcon.colcon_core.shell:Creating environment hook '/home/momesso/vrx_ws/install/share/vrx_ros/hook/cmake_prefix_path.ps1'
[0.780s] INFO:colcon.colcon_core.shell:Creating environment descriptor '/home/momesso/vrx_ws/install/share/vrx_ros/hook/cmake_prefix_path.dsv'
[0.781s] INFO:colcon.colcon_core.shell:Creating environment hook '/home/momesso/vrx_ws/install/share/vrx_ros/hook/cmake_prefix_path.sh'
[0.781s] Level 1:colcon.colcon_core.environment:checking '/home/momesso/vrx_ws/install/lib'
[0.781s] Level 1:colcon.colcon_core.shell:create_environment_hook('vrx_ros', 'ld_library_path_lib')
[0.781s] INFO:colcon.colcon_core.shell:Creating environment hook '/home/momesso/vrx_ws/install/share/vrx_ros/hook/ld_library_path_lib.ps1'
[0.782s] INFO:colcon.colcon_core.shell:Creating environment descriptor '/home/momesso/vrx_ws/install/share/vrx_ros/hook/ld_library_path_lib.dsv'
[0.782s] INFO:colcon.colcon_core.shell:Creating environment hook '/home/momesso/vrx_ws/install/share/vrx_ros/hook/ld_library_path_lib.sh'
[0.782s] Level 1:colcon.colcon_core.environment:checking '/home/momesso/vrx_ws/install/bin'
[0.782s] Level 1:colcon.colcon_core.environment:checking '/home/momesso/vrx_ws/install/lib/pkgconfig/vrx_ros.pc'
[0.783s] Level 1:colcon.colcon_core.environment:checking '/home/momesso/vrx_ws/install/lib/python3.10/site-packages'
[0.783s] Level 1:colcon.colcon_core.shell:create_environment_hook('vrx_ros', 'pythonpath')
[0.783s] INFO:colcon.colcon_core.shell:Creating environment hook '/home/momesso/vrx_ws/install/share/vrx_ros/hook/pythonpath.ps1'
[0.783s] INFO:colcon.colcon_core.shell:Creating environment descriptor '/home/momesso/vrx_ws/install/share/vrx_ros/hook/pythonpath.dsv'
[0.783s] INFO:colcon.colcon_core.shell:Creating environment hook '/home/momesso/vrx_ws/install/share/vrx_ros/hook/pythonpath.sh'
[0.784s] Level 1:colcon.colcon_core.environment:checking '/home/momesso/vrx_ws/install/bin'
[0.784s] INFO:colcon.colcon_core.shell:Creating package script '/home/momesso/vrx_ws/install/share/vrx_ros/package.ps1'
[0.784s] INFO:colcon.colcon_core.shell:Creating package descriptor '/home/momesso/vrx_ws/install/share/vrx_ros/package.dsv'
[0.785s] INFO:colcon.colcon_core.shell:Creating package script '/home/momesso/vrx_ws/install/share/vrx_ros/package.sh'
[0.785s] INFO:colcon.colcon_core.shell:Creating package script '/home/momesso/vrx_ws/install/share/vrx_ros/package.bash'
[0.786s] INFO:colcon.colcon_core.shell:Creating package script '/home/momesso/vrx_ws/install/share/vrx_ros/package.zsh'
[0.786s] Level 1:colcon.colcon_core.environment:create_file_with_runtime_dependencies(/home/momesso/vrx_ws/install/share/colcon-core/packages/vrx_ros)
[0.787s] INFO:colcon.colcon_ros.task.ament_cmake.build:Building ROS package in '/home/momesso/vrx_ws/src/vrx/vrx_gz' with build type 'ament_cmake'
[0.787s] INFO:colcon.colcon_cmake.task.cmake.build:Building CMake package in '/home/momesso/vrx_ws/src/vrx/vrx_gz'
[0.787s] INFO:colcon.colcon_core.shell:Skip shell extension 'powershell' for command environment: Not usable outside of PowerShell
[0.787s] DEBUG:colcon.colcon_core.shell:Skip shell extension 'dsv' for command environment
[0.795s] DEBUG:colcon.colcon_core.event_handler.log_command:Invoking command in '/home/momesso/vrx_ws/build/vrx_gz': AMENT_PREFIX_PATH=/home/momesso/vrx_ws/install:${AMENT_PREFIX_PATH} CMAKE_PREFIX_PATH=/home/momesso/vrx_ws/install:/opt/ros/humble LD_LIBRARY_PATH=/home/momesso/vrx_ws/install/lib:${LD_LIBRARY_PATH} PYTHONPATH=/home/momesso/vrx_ws/install/lib/python3.10/site-packages:${PYTHONPATH} /usr/bin/cmake --build /home/momesso/vrx_ws/build/vrx_gz -- -j12 -l12
[0.796s] Level 1:colcon.colcon_core.environment:create_environment_scripts_only(vrx_gazebo)
[0.796s] Level 1:colcon.colcon_core.environment:checking '/home/momesso/vrx_ws/install' for CMake module files
[0.797s] Level 1:colcon.colcon_core.environment:checking '/home/momesso/vrx_ws/install' for CMake config files
[0.797s] Level 1:colcon.colcon_core.shell:create_environment_hook('vrx_gazebo', 'cmake_prefix_path')
[0.797s] INFO:colcon.colcon_core.shell:Creating environment hook '/home/momesso/vrx_ws/install/share/vrx_gazebo/hook/cmake_prefix_path.ps1'
[0.798s] INFO:colcon.colcon_core.shell:Creating environment descriptor '/home/momesso/vrx_ws/install/share/vrx_gazebo/hook/cmake_prefix_path.dsv'
[0.798s] INFO:colcon.colcon_core.shell:Creating environment hook '/home/momesso/vrx_ws/install/share/vrx_gazebo/hook/cmake_prefix_path.sh'
[0.799s] Level 1:colcon.colcon_core.environment:checking '/home/momesso/vrx_ws/install/lib'
[0.799s] Level 1:colcon.colcon_core.shell:create_environment_hook('vrx_gazebo', 'ld_library_path_lib')
[0.799s] INFO:colcon.colcon_core.shell:Creating environment hook '/home/momesso/vrx_ws/install/share/vrx_gazebo/hook/ld_library_path_lib.ps1'
[0.800s] INFO:colcon.colcon_core.shell:Creating environment descriptor '/home/momesso/vrx_ws/install/share/vrx_gazebo/hook/ld_library_path_lib.dsv'
[0.800s] INFO:colcon.colcon_core.shell:Creating environment hook '/home/momesso/vrx_ws/install/share/vrx_gazebo/hook/ld_library_path_lib.sh'
[0.800s] Level 1:colcon.colcon_core.environment:checking '/home/momesso/vrx_ws/install/bin'
[0.801s] Level 1:colcon.colcon_core.environment:checking '/home/momesso/vrx_ws/install/lib/pkgconfig/vrx_gazebo.pc'
[0.801s] Level 1:colcon.colcon_core.environment:checking '/home/momesso/vrx_ws/install/lib/python3.10/site-packages'
[0.801s] Level 1:colcon.colcon_core.shell:create_environment_hook('vrx_gazebo', 'pythonpath')
[0.801s] INFO:colcon.colcon_core.shell:Creating environment hook '/home/momesso/vrx_ws/install/share/vrx_gazebo/hook/pythonpath.ps1'
[0.802s] INFO:colcon.colcon_core.shell:Creating environment descriptor '/home/momesso/vrx_ws/install/share/vrx_gazebo/hook/pythonpath.dsv'
[0.802s] INFO:colcon.colcon_core.shell:Creating environment hook '/home/momesso/vrx_ws/install/share/vrx_gazebo/hook/pythonpath.sh'
[0.802s] Level 1:colcon.colcon_core.environment:checking '/home/momesso/vrx_ws/install/bin'
[0.803s] INFO:colcon.colcon_core.shell:Creating package script '/home/momesso/vrx_ws/install/share/vrx_gazebo/package.ps1'
[0.804s] INFO:colcon.colcon_core.shell:Creating package descriptor '/home/momesso/vrx_ws/install/share/vrx_gazebo/package.dsv'
[0.804s] INFO:colcon.colcon_core.shell:Creating package script '/home/momesso/vrx_ws/install/share/vrx_gazebo/package.sh'
[0.805s] INFO:colcon.colcon_core.shell:Creating package script '/home/momesso/vrx_ws/install/share/vrx_gazebo/package.bash'
[0.805s] INFO:colcon.colcon_core.shell:Creating package script '/home/momesso/vrx_ws/install/share/vrx_gazebo/package.zsh'
[0.805s] Level 1:colcon.colcon_core.environment:create_file_with_runtime_dependencies(/home/momesso/vrx_ws/install/share/colcon-core/packages/vrx_gazebo)
[0.806s] INFO:colcon.colcon_ros.task.ament_cmake.build:Building ROS package in '/home/momesso/vrx_ws/src/vrx/vrx_urdf/wamv_description' with build type 'ament_cmake'
[0.806s] INFO:colcon.colcon_cmake.task.cmake.build:Building CMake package in '/home/momesso/vrx_ws/src/vrx/vrx_urdf/wamv_description'
[0.806s] INFO:colcon.colcon_core.shell:Skip shell extension 'powershell' for command environment: Not usable outside of PowerShell
[0.806s] DEBUG:colcon.colcon_core.shell:Skip shell extension 'dsv' for command environment
[0.815s] DEBUG:colcon.colcon_core.event_handler.log_command:Invoking command in '/home/momesso/vrx_ws/build/wamv_description': AMENT_PREFIX_PATH=/home/momesso/vrx_ws/install:${AMENT_PREFIX_PATH} CMAKE_PREFIX_PATH=/home/momesso/vrx_ws/install:/opt/ros/humble GZ_SIM_RESOURCE_PATH=/home/momesso/vrx_ws/install/share/vrx_gazebo/models:/home/momesso/vrx_ws/install/share LD_LIBRARY_PATH=/home/momesso/vrx_ws/install/lib:${LD_LIBRARY_PATH} PYTHONPATH=/home/momesso/vrx_ws/install/local/lib/python3.10/dist-packages:/home/momesso/vrx_ws/install/lib/python3.10/site-packages:${PYTHONPATH} /usr/bin/cmake --build /home/momesso/vrx_ws/build/wamv_description -- -j12 -l12
[0.896s] DEBUG:colcon.colcon_core.event_handler.log_command:Invoked command in '/home/momesso/vrx_ws/build/wamv_description' returned '0': AMENT_PREFIX_PATH=/home/momesso/vrx_ws/install:${AMENT_PREFIX_PATH} CMAKE_PREFIX_PATH=/home/momesso/vrx_ws/install:/opt/ros/humble GZ_SIM_RESOURCE_PATH=/home/momesso/vrx_ws/install/share/vrx_gazebo/models:/home/momesso/vrx_ws/install/share LD_LIBRARY_PATH=/home/momesso/vrx_ws/install/lib:${LD_LIBRARY_PATH} PYTHONPATH=/home/momesso/vrx_ws/install/local/lib/python3.10/dist-packages:/home/momesso/vrx_ws/install/lib/python3.10/site-packages:${PYTHONPATH} /usr/bin/cmake --build /home/momesso/vrx_ws/build/wamv_description -- -j12 -l12
[0.942s] DEBUG:colcon.colcon_core.event_handler.log_command:Invoking command in '/home/momesso/vrx_ws/build/wamv_description': AMENT_PREFIX_PATH=/home/momesso/vrx_ws/install:${AMENT_PREFIX_PATH} CMAKE_PREFIX_PATH=/home/momesso/vrx_ws/install:/opt/ros/humble GZ_SIM_RESOURCE_PATH=/home/momesso/vrx_ws/install/share/vrx_gazebo/models:/home/momesso/vrx_ws/install/share LD_LIBRARY_PATH=/home/momesso/vrx_ws/install/lib:${LD_LIBRARY_PATH} PYTHONPATH=/home/momesso/vrx_ws/install/local/lib/python3.10/dist-packages:/home/momesso/vrx_ws/install/lib/python3.10/site-packages:${PYTHONPATH} /usr/bin/cmake --install /home/momesso/vrx_ws/build/wamv_description
[0.955s] Level 1:colcon.colcon_core.environment:create_environment_scripts_only(wamv_description)
[0.955s] Level 1:colcon.colcon_core.environment:checking '/home/momesso/vrx_ws/install' for CMake module files
[0.956s] Level 1:colcon.colcon_core.environment:checking '/home/momesso/vrx_ws/install' for CMake config files
[0.956s] Level 1:colcon.colcon_core.shell:create_environment_hook('wamv_description', 'cmake_prefix_path')
[0.956s] INFO:colcon.colcon_core.shell:Creating environment hook '/home/momesso/vrx_ws/install/share/wamv_description/hook/cmake_prefix_path.ps1'
[0.957s] INFO:colcon.colcon_core.shell:Creating environment descriptor '/home/momesso/vrx_ws/install/share/wamv_description/hook/cmake_prefix_path.dsv'
[0.957s] INFO:colcon.colcon_core.shell:Creating environment hook '/home/momesso/vrx_ws/install/share/wamv_description/hook/cmake_prefix_path.sh'
[0.958s] Level 1:colcon.colcon_core.environment:checking '/home/momesso/vrx_ws/install/lib'
[0.958s] Level 1:colcon.colcon_core.shell:create_environment_hook('wamv_description', 'ld_library_path_lib')
[0.959s] INFO:colcon.colcon_core.shell:Creating environment hook '/home/momesso/vrx_ws/install/share/wamv_description/hook/ld_library_path_lib.ps1'
[0.959s] INFO:colcon.colcon_core.shell:Creating environment descriptor '/home/momesso/vrx_ws/install/share/wamv_description/hook/ld_library_path_lib.dsv'
[0.960s] INFO:colcon.colcon_core.shell:Creating environment hook '/home/momesso/vrx_ws/install/share/wamv_description/hook/ld_library_path_lib.sh'
[0.960s] Level 1:colcon.colcon_core.environment:checking '/home/momesso/vrx_ws/install/bin'
[0.960s] Level 1:colcon.colcon_core.environment:checking '/home/momesso/vrx_ws/install/lib/pkgconfig/wamv_description.pc'
[0.960s] Level 1:colcon.colcon_core.environment:checking '/home/momesso/vrx_ws/install/lib/python3.10/site-packages'
[0.960s] Level 1:colcon.colcon_core.shell:create_environment_hook('wamv_description', 'pythonpath')
[0.961s] INFO:colcon.colcon_core.shell:Creating environment hook '/home/momesso/vrx_ws/install/share/wamv_description/hook/pythonpath.ps1'
[0.961s] INFO:colcon.colcon_core.shell:Creating environment descriptor '/home/momesso/vrx_ws/install/share/wamv_description/hook/pythonpath.dsv'
[0.962s] INFO:colcon.colcon_core.shell:Creating environment hook '/home/momesso/vrx_ws/install/share/wamv_description/hook/pythonpath.sh'
[0.962s] Level 1:colcon.colcon_core.environment:checking '/home/momesso/vrx_ws/install/bin'
[0.963s] INFO:colcon.colcon_core.shell:Creating package script '/home/momesso/vrx_ws/install/share/wamv_description/package.ps1'
[0.963s] INFO:colcon.colcon_core.shell:Creating package descriptor '/home/momesso/vrx_ws/install/share/wamv_description/package.dsv'
[0.964s] INFO:colcon.colcon_core.shell:Creating package script '/home/momesso/vrx_ws/install/share/wamv_description/package.sh'
[0.964s] INFO:colcon.colcon_core.shell:Creating package script '/home/momesso/vrx_ws/install/share/wamv_description/package.bash'
[0.965s] INFO:colcon.colcon_core.shell:Creating package script '/home/momesso/vrx_ws/install/share/wamv_description/package.zsh'
[0.965s] Level 1:colcon.colcon_core.environment:create_file_with_runtime_dependencies(/home/momesso/vrx_ws/install/share/colcon-core/packages/wamv_description)
[0.967s] DEBUG:colcon.colcon_core.event_handler.log_command:Invoked command in '/home/momesso/vrx_ws/build/wamv_description' returned '0': AMENT_PREFIX_PATH=/home/momesso/vrx_ws/install:${AMENT_PREFIX_PATH} CMAKE_PREFIX_PATH=/home/momesso/vrx_ws/install:/opt/ros/humble GZ_SIM_RESOURCE_PATH=/home/momesso/vrx_ws/install/share/vrx_gazebo/models:/home/momesso/vrx_ws/install/share LD_LIBRARY_PATH=/home/momesso/vrx_ws/install/lib:${LD_LIBRARY_PATH} PYTHONPATH=/home/momesso/vrx_ws/install/local/lib/python3.10/dist-packages:/home/momesso/vrx_ws/install/lib/python3.10/site-packages:${PYTHONPATH} /usr/bin/cmake --install /home/momesso/vrx_ws/build/wamv_description
[0.986s] Level 1:colcon.colcon_core.environment:create_environment_scripts_only(wamv_description)
[0.987s] Level 1:colcon.colcon_core.environment:checking '/home/momesso/vrx_ws/install' for CMake module files
[0.987s] Level 1:colcon.colcon_core.environment:checking '/home/momesso/vrx_ws/install' for CMake config files
[0.987s] Level 1:colcon.colcon_core.shell:create_environment_hook('wamv_description', 'cmake_prefix_path')
[0.987s] INFO:colcon.colcon_core.shell:Creating environment hook '/home/momesso/vrx_ws/install/share/wamv_description/hook/cmake_prefix_path.ps1'
[0.988s] INFO:colcon.colcon_core.shell:Creating environment descriptor '/home/momesso/vrx_ws/install/share/wamv_description/hook/cmake_prefix_path.dsv'
[0.988s] INFO:colcon.colcon_core.shell:Creating environment hook '/home/momesso/vrx_ws/install/share/wamv_description/hook/cmake_prefix_path.sh'
[0.988s] Level 1:colcon.colcon_core.environment:checking '/home/momesso/vrx_ws/install/lib'
[0.989s] Level 1:colcon.colcon_core.shell:create_environment_hook('wamv_description', 'ld_library_path_lib')
[0.989s] INFO:colcon.colcon_core.shell:Creating environment hook '/home/momesso/vrx_ws/install/share/wamv_description/hook/ld_library_path_lib.ps1'
[0.989s] INFO:colcon.colcon_core.shell:Creating environment descriptor '/home/momesso/vrx_ws/install/share/wamv_description/hook/ld_library_path_lib.dsv'
[0.989s] INFO:colcon.colcon_core.shell:Creating environment hook '/home/momesso/vrx_ws/install/share/wamv_description/hook/ld_library_path_lib.sh'
[0.990s] Level 1:colcon.colcon_core.environment:checking '/home/momesso/vrx_ws/install/bin'
[0.990s] Level 1:colcon.colcon_core.environment:checking '/home/momesso/vrx_ws/install/lib/pkgconfig/wamv_description.pc'
[0.990s] Level 1:colcon.colcon_core.environment:checking '/home/momesso/vrx_ws/install/lib/python3.10/site-packages'
[0.990s] Level 1:colcon.colcon_core.shell:create_environment_hook('wamv_description', 'pythonpath')
[0.990s] INFO:colcon.colcon_core.shell:Creating environment hook '/home/momesso/vrx_ws/install/share/wamv_description/hook/pythonpath.ps1'
[0.991s] INFO:colcon.colcon_core.shell:Creating environment descriptor '/home/momesso/vrx_ws/install/share/wamv_description/hook/pythonpath.dsv'
[0.991s] INFO:colcon.colcon_core.shell:Creating environment hook '/home/momesso/vrx_ws/install/share/wamv_description/hook/pythonpath.sh'
[0.992s] Level 1:colcon.colcon_core.environment:checking '/home/momesso/vrx_ws/install/bin'
[0.992s] INFO:colcon.colcon_core.shell:Creating package script '/home/momesso/vrx_ws/install/share/wamv_description/package.ps1'
[0.993s] INFO:colcon.colcon_core.shell:Creating package descriptor '/home/momesso/vrx_ws/install/share/wamv_description/package.dsv'
[0.994s] INFO:colcon.colcon_core.shell:Creating package script '/home/momesso/vrx_ws/install/share/wamv_description/package.sh'
[0.994s] INFO:colcon.colcon_core.shell:Creating package script '/home/momesso/vrx_ws/install/share/wamv_description/package.bash'
[0.995s] INFO:colcon.colcon_core.shell:Creating package script '/home/momesso/vrx_ws/install/share/wamv_description/package.zsh'
[0.995s] Level 1:colcon.colcon_core.environment:create_file_with_runtime_dependencies(/home/momesso/vrx_ws/install/share/colcon-core/packages/wamv_description)
[0.996s] INFO:colcon.colcon_ros.task.ament_cmake.build:Building ROS package in '/home/momesso/vrx_ws/src/vrx/vrx_urdf/wamv_gazebo' with build type 'ament_cmake'
[0.996s] INFO:colcon.colcon_cmake.task.cmake.build:Building CMake package in '/home/momesso/vrx_ws/src/vrx/vrx_urdf/wamv_gazebo'
[0.996s] INFO:colcon.colcon_core.shell:Skip shell extension 'powershell' for command environment: Not usable outside of PowerShell
[0.996s] DEBUG:colcon.colcon_core.shell:Skip shell extension 'dsv' for command environment
[1.006s] DEBUG:colcon.colcon_core.event_handler.log_command:Invoking command in '/home/momesso/vrx_ws/build/wamv_gazebo': AMENT_PREFIX_PATH=/home/momesso/vrx_ws/install:${AMENT_PREFIX_PATH} CMAKE_PREFIX_PATH=/home/momesso/vrx_ws/install:/opt/ros/humble GZ_SIM_RESOURCE_PATH=/home/momesso/vrx_ws/install/share/wamv_description/models:/home/momesso/vrx_ws/install/share/vrx_gazebo/models:/home/momesso/vrx_ws/install/share LD_LIBRARY_PATH=/home/momesso/vrx_ws/install/lib:${LD_LIBRARY_PATH} PYTHONPATH=/home/momesso/vrx_ws/install/lib/python3.10/site-packages:/home/momesso/vrx_ws/install/local/lib/python3.10/dist-packages:${PYTHONPATH} /usr/bin/cmake --build /home/momesso/vrx_ws/build/wamv_gazebo -- -j12 -l12
[1.039s] DEBUG:colcon.colcon_core.event_handler.log_command:Invoked command in '/home/momesso/vrx_ws/build/wamv_gazebo' returned '0': AMENT_PREFIX_PATH=/home/momesso/vrx_ws/install:${AMENT_PREFIX_PATH} CMAKE_PREFIX_PATH=/home/momesso/vrx_ws/install:/opt/ros/humble GZ_SIM_RESOURCE_PATH=/home/momesso/vrx_ws/install/share/wamv_description/models:/home/momesso/vrx_ws/install/share/vrx_gazebo/models:/home/momesso/vrx_ws/install/share LD_LIBRARY_PATH=/home/momesso/vrx_ws/install/lib:${LD_LIBRARY_PATH} PYTHONPATH=/home/momesso/vrx_ws/install/lib/python3.10/site-packages:/home/momesso/vrx_ws/install/local/lib/python3.10/dist-packages:${PYTHONPATH} /usr/bin/cmake --build /home/momesso/vrx_ws/build/wamv_gazebo -- -j12 -l12
[1.057s] DEBUG:colcon.colcon_core.event_handler.log_command:Invoking command in '/home/momesso/vrx_ws/build/wamv_gazebo': AMENT_PREFIX_PATH=/home/momesso/vrx_ws/install:${AMENT_PREFIX_PATH} CMAKE_PREFIX_PATH=/home/momesso/vrx_ws/install:/opt/ros/humble GZ_SIM_RESOURCE_PATH=/home/momesso/vrx_ws/install/share/wamv_description/models:/home/momesso/vrx_ws/install/share/vrx_gazebo/models:/home/momesso/vrx_ws/install/share LD_LIBRARY_PATH=/home/momesso/vrx_ws/install/lib:${LD_LIBRARY_PATH} PYTHONPATH=/home/momesso/vrx_ws/install/lib/python3.10/site-packages:/home/momesso/vrx_ws/install/local/lib/python3.10/dist-packages:${PYTHONPATH} /usr/bin/cmake --install /home/momesso/vrx_ws/build/wamv_gazebo
[1.061s] DEBUG:colcon.colcon_core.event_handler.log_command:Invoking command in '/home/momesso/vrx_ws/src/vrx_nav2': PYTHONPATH=/home/momesso/vrx_ws/build/vrx_nav2/prefix_override:/home/momesso/vrx_ws/install/lib/python3.10/site-packages:${PYTHONPATH} /usr/bin/python3 -W ignore:setup.py install is deprecated setup.py egg_info --egg-base ../../build/vrx_nav2 build --build-base /home/momesso/vrx_ws/build/vrx_nav2/build install --record /home/momesso/vrx_ws/build/vrx_nav2/install.log --single-version-externally-managed install_data
[1.068s] Level 1:colcon.colcon_core.environment:create_environment_scripts_only(wamv_gazebo)
[1.068s] Level 1:colcon.colcon_core.environment:checking '/home/momesso/vrx_ws/install' for CMake module files
[1.068s] DEBUG:colcon.colcon_core.event_handler.log_command:Invoked command in '/home/momesso/vrx_ws/build/wamv_gazebo' returned '0': AMENT_PREFIX_PATH=/home/momesso/vrx_ws/install:${AMENT_PREFIX_PATH} CMAKE_PREFIX_PATH=/home/momesso/vrx_ws/install:/opt/ros/humble GZ_SIM_RESOURCE_PATH=/home/momesso/vrx_ws/install/share/wamv_description/models:/home/momesso/vrx_ws/install/share/vrx_gazebo/models:/home/momesso/vrx_ws/install/share LD_LIBRARY_PATH=/home/momesso/vrx_ws/install/lib:${LD_LIBRARY_PATH} PYTHONPATH=/home/momesso/vrx_ws/install/lib/python3.10/site-packages:/home/momesso/vrx_ws/install/local/lib/python3.10/dist-packages:${PYTHONPATH} /usr/bin/cmake --install /home/momesso/vrx_ws/build/wamv_gazebo
[1.069s] Level 1:colcon.colcon_core.environment:checking '/home/momesso/vrx_ws/install' for CMake config files
[1.069s] Level 1:colcon.colcon_core.shell:create_environment_hook('wamv_gazebo', 'cmake_prefix_path')
[1.070s] INFO:colcon.colcon_core.shell:Creating environment hook '/home/momesso/vrx_ws/install/share/wamv_gazebo/hook/cmake_prefix_path.ps1'
[1.070s] INFO:colcon.colcon_core.shell:Creating environment descriptor '/home/momesso/vrx_ws/install/share/wamv_gazebo/hook/cmake_prefix_path.dsv'
[1.071s] INFO:colcon.colcon_core.shell:Creating environment hook '/home/momesso/vrx_ws/install/share/wamv_gazebo/hook/cmake_prefix_path.sh'
[1.071s] Level 1:colcon.colcon_core.environment:checking '/home/momesso/vrx_ws/install/lib'
[1.071s] Level 1:colcon.colcon_core.shell:create_environment_hook('wamv_gazebo', 'ld_library_path_lib')
[1.072s] INFO:colcon.colcon_core.shell:Creating environment hook '/home/momesso/vrx_ws/install/share/wamv_gazebo/hook/ld_library_path_lib.ps1'
[1.072s] INFO:colcon.colcon_core.shell:Creating environment descriptor '/home/momesso/vrx_ws/install/share/wamv_gazebo/hook/ld_library_path_lib.dsv'
[1.072s] INFO:colcon.colcon_core.shell:Creating environment hook '/home/momesso/vrx_ws/install/share/wamv_gazebo/hook/ld_library_path_lib.sh'
[1.073s] Level 1:colcon.colcon_core.environment:checking '/home/momesso/vrx_ws/install/bin'
[1.073s] Level 1:colcon.colcon_core.environment:checking '/home/momesso/vrx_ws/install/lib/pkgconfig/wamv_gazebo.pc'
[1.073s] Level 1:colcon.colcon_core.environment:checking '/home/momesso/vrx_ws/install/lib/python3.10/site-packages'
[1.073s] Level 1:colcon.colcon_core.shell:create_environment_hook('wamv_gazebo', 'pythonpath')
[1.073s] INFO:colcon.colcon_core.shell:Creating environment hook '/home/momesso/vrx_ws/install/share/wamv_gazebo/hook/pythonpath.ps1'
[1.074s] INFO:colcon.colcon_core.shell:Creating environment descriptor '/home/momesso/vrx_ws/install/share/wamv_gazebo/hook/pythonpath.dsv'
[1.074s] INFO:colcon.colcon_core.shell:Creating environment hook '/home/momesso/vrx_ws/install/share/wamv_gazebo/hook/pythonpath.sh'
[1.075s] Level 1:colcon.colcon_core.environment:checking '/home/momesso/vrx_ws/install/bin'
[1.075s] INFO:colcon.colcon_core.shell:Creating package script '/home/momesso/vrx_ws/install/share/wamv_gazebo/package.ps1'
[1.076s] INFO:colcon.colcon_core.shell:Creating package descriptor '/home/momesso/vrx_ws/install/share/wamv_gazebo/package.dsv'
[1.076s] INFO:colcon.colcon_core.shell:Creating package script '/home/momesso/vrx_ws/install/share/wamv_gazebo/package.sh'
[1.077s] INFO:colcon.colcon_core.shell:Creating package script '/home/momesso/vrx_ws/install/share/wamv_gazebo/package.bash'
[1.077s] INFO:colcon.colcon_core.shell:Creating package script '/home/momesso/vrx_ws/install/share/wamv_gazebo/package.zsh'
[1.077s] Level 1:colcon.colcon_core.environment:create_file_with_runtime_dependencies(/home/momesso/vrx_ws/install/share/colcon-core/packages/wamv_gazebo)
[1.092s] Level 1:colcon.colcon_core.environment:create_environment_scripts_only(wamv_gazebo)
[1.092s] Level 1:colcon.colcon_core.environment:checking '/home/momesso/vrx_ws/install' for CMake module files
[1.093s] Level 1:colcon.colcon_core.environment:checking '/home/momesso/vrx_ws/install' for CMake config files
[1.093s] Level 1:colcon.colcon_core.shell:create_environment_hook('wamv_gazebo', 'cmake_prefix_path')
[1.094s] INFO:colcon.colcon_core.shell:Creating environment hook '/home/momesso/vrx_ws/install/share/wamv_gazebo/hook/cmake_prefix_path.ps1'
[1.094s] INFO:colcon.colcon_core.shell:Creating environment descriptor '/home/momesso/vrx_ws/install/share/wamv_gazebo/hook/cmake_prefix_path.dsv'
[1.095s] INFO:colcon.colcon_core.shell:Creating environment hook '/home/momesso/vrx_ws/install/share/wamv_gazebo/hook/cmake_prefix_path.sh'
[1.095s] Level 1:colcon.colcon_core.environment:checking '/home/momesso/vrx_ws/install/lib'
[1.095s] Level 1:colcon.colcon_core.shell:create_environment_hook('wamv_gazebo', 'ld_library_path_lib')
[1.096s] INFO:colcon.colcon_core.shell:Creating environment hook '/home/momesso/vrx_ws/install/share/wamv_gazebo/hook/ld_library_path_lib.ps1'
[1.096s] INFO:colcon.colcon_core.shell:Creating environment descriptor '/home/momesso/vrx_ws/install/share/wamv_gazebo/hook/ld_library_path_lib.dsv'
[1.096s] INFO:colcon.colcon_core.shell:Creating environment hook '/home/momesso/vrx_ws/install/share/wamv_gazebo/hook/ld_library_path_lib.sh'
[1.097s] Level 1:colcon.colcon_core.environment:checking '/home/momesso/vrx_ws/install/bin'
[1.097s] Level 1:colcon.colcon_core.environment:checking '/home/momesso/vrx_ws/install/lib/pkgconfig/wamv_gazebo.pc'
[1.097s] Level 1:colcon.colcon_core.environment:checking '/home/momesso/vrx_ws/install/lib/python3.10/site-packages'
[1.097s] Level 1:colcon.colcon_core.shell:create_environment_hook('wamv_gazebo', 'pythonpath')
[1.097s] INFO:colcon.colcon_core.shell:Creating environment hook '/home/momesso/vrx_ws/install/share/wamv_gazebo/hook/pythonpath.ps1'
[1.098s] INFO:colcon.colcon_core.shell:Creating environment descriptor '/home/momesso/vrx_ws/install/share/wamv_gazebo/hook/pythonpath.dsv'
[1.098s] INFO:colcon.colcon_core.shell:Creating environment hook '/home/momesso/vrx_ws/install/share/wamv_gazebo/hook/pythonpath.sh'
[1.099s] Level 1:colcon.colcon_core.environment:checking '/home/momesso/vrx_ws/install/bin'
[1.099s] INFO:colcon.colcon_core.shell:Creating package script '/home/momesso/vrx_ws/install/share/wamv_gazebo/package.ps1'
[1.100s] INFO:colcon.colcon_core.shell:Creating package descriptor '/home/momesso/vrx_ws/install/share/wamv_gazebo/package.dsv'
[1.101s] INFO:colcon.colcon_core.shell:Creating package script '/home/momesso/vrx_ws/install/share/wamv_gazebo/package.sh'
[1.102s] INFO:colcon.colcon_core.shell:Creating package script '/home/momesso/vrx_ws/install/share/wamv_gazebo/package.bash'
[1.102s] INFO:colcon.colcon_core.shell:Creating package script '/home/momesso/vrx_ws/install/share/wamv_gazebo/package.zsh'
[1.103s] Level 1:colcon.colcon_core.environment:create_file_with_runtime_dependencies(/home/momesso/vrx_ws/install/share/colcon-core/packages/wamv_gazebo)
[1.168s] DEBUG:colcon.colcon_core.event_handler.log_command:Invoked command in '/home/momesso/vrx_ws/build/vrx_gz' returned '0': AMENT_PREFIX_PATH=/home/momesso/vrx_ws/install:${AMENT_PREFIX_PATH} CMAKE_PREFIX_PATH=/home/momesso/vrx_ws/install:/opt/ros/humble LD_LIBRARY_PATH=/home/momesso/vrx_ws/install/lib:${LD_LIBRARY_PATH} PYTHONPATH=/home/momesso/vrx_ws/install/lib/python3.10/site-packages:${PYTHONPATH} /usr/bin/cmake --build /home/momesso/vrx_ws/build/vrx_gz -- -j12 -l12
[1.231s] DEBUG:colcon.colcon_core.event_handler.log_command:Invoking command in '/home/momesso/vrx_ws/build/vrx_gz': AMENT_PREFIX_PATH=/home/momesso/vrx_ws/install:${AMENT_PREFIX_PATH} CMAKE_PREFIX_PATH=/home/momesso/vrx_ws/install:/opt/ros/humble LD_LIBRARY_PATH=/home/momesso/vrx_ws/install/lib:${LD_LIBRARY_PATH} PYTHONPATH=/home/momesso/vrx_ws/install/lib/python3.10/site-packages:${PYTHONPATH} /usr/bin/cmake --install /home/momesso/vrx_ws/build/vrx_gz
[1.281s] Level 1:colcon.colcon_core.environment:create_environment_scripts_only(vrx_gz)
[1.281s] Level 1:colcon.colcon_core.environment:checking '/home/momesso/vrx_ws/install' for CMake module files
[1.282s] Level 1:colcon.colcon_core.environment:checking '/home/momesso/vrx_ws/install' for CMake config files
[1.284s] Level 1:colcon.colcon_core.shell:create_environment_hook('vrx_gz', 'cmake_prefix_path')
[1.284s] INFO:colcon.colcon_core.shell:Creating environment hook '/home/momesso/vrx_ws/install/share/vrx_gz/hook/cmake_prefix_path.ps1'
[1.285s] INFO:colcon.colcon_core.shell:Creating environment descriptor '/home/momesso/vrx_ws/install/share/vrx_gz/hook/cmake_prefix_path.dsv'
[1.285s] INFO:colcon.colcon_core.shell:Creating environment hook '/home/momesso/vrx_ws/install/share/vrx_gz/hook/cmake_prefix_path.sh'
[1.286s] Level 1:colcon.colcon_core.environment:checking '/home/momesso/vrx_ws/install/lib'
[1.286s] Level 1:colcon.colcon_core.shell:create_environment_hook('vrx_gz', 'ld_library_path_lib')
[1.286s] INFO:colcon.colcon_core.shell:Creating environment hook '/home/momesso/vrx_ws/install/share/vrx_gz/hook/ld_library_path_lib.ps1'
[1.287s] INFO:colcon.colcon_core.shell:Creating environment descriptor '/home/momesso/vrx_ws/install/share/vrx_gz/hook/ld_library_path_lib.dsv'
[1.287s] INFO:colcon.colcon_core.shell:Creating environment hook '/home/momesso/vrx_ws/install/share/vrx_gz/hook/ld_library_path_lib.sh'
[1.288s] Level 1:colcon.colcon_core.environment:checking '/home/momesso/vrx_ws/install/bin'
[1.288s] Level 1:colcon.colcon_core.environment:checking '/home/momesso/vrx_ws/install/lib/pkgconfig/vrx_gz.pc'
[1.288s] Level 1:colcon.colcon_core.environment:checking '/home/momesso/vrx_ws/install/lib/python3.10/site-packages'
[1.288s] Level 1:colcon.colcon_core.shell:create_environment_hook('vrx_gz', 'pythonpath')
[1.289s] INFO:colcon.colcon_core.shell:Creating environment hook '/home/momesso/vrx_ws/install/share/vrx_gz/hook/pythonpath.ps1'
[1.289s] INFO:colcon.colcon_core.shell:Creating environment descriptor '/home/momesso/vrx_ws/install/share/vrx_gz/hook/pythonpath.dsv'
[1.290s] INFO:colcon.colcon_core.shell:Creating environment hook '/home/momesso/vrx_ws/install/share/vrx_gz/hook/pythonpath.sh'
[1.290s] Level 1:colcon.colcon_core.environment:checking '/home/momesso/vrx_ws/install/bin'
[1.291s] INFO:colcon.colcon_core.shell:Creating package script '/home/momesso/vrx_ws/install/share/vrx_gz/package.ps1'
[1.292s] INFO:colcon.colcon_core.shell:Creating package descriptor '/home/momesso/vrx_ws/install/share/vrx_gz/package.dsv'
[1.293s] INFO:colcon.colcon_core.shell:Creating package script '/home/momesso/vrx_ws/install/share/vrx_gz/package.sh'
[1.294s] INFO:colcon.colcon_core.shell:Creating package script '/home/momesso/vrx_ws/install/share/vrx_gz/package.bash'
[1.295s] INFO:colcon.colcon_core.shell:Creating package script '/home/momesso/vrx_ws/install/share/vrx_gz/package.zsh'
[1.296s] Level 1:colcon.colcon_core.environment:create_file_with_runtime_dependencies(/home/momesso/vrx_ws/install/share/colcon-core/packages/vrx_gz)
[1.302s] DEBUG:colcon.colcon_core.event_handler.log_command:Invoked command in '/home/momesso/vrx_ws/build/vrx_gz' returned '0': AMENT_PREFIX_PATH=/home/momesso/vrx_ws/install:${AMENT_PREFIX_PATH} CMAKE_PREFIX_PATH=/home/momesso/vrx_ws/install:/opt/ros/humble LD_LIBRARY_PATH=/home/momesso/vrx_ws/install/lib:${LD_LIBRARY_PATH} PYTHONPATH=/home/momesso/vrx_ws/install/lib/python3.10/site-packages:${PYTHONPATH} /usr/bin/cmake --install /home/momesso/vrx_ws/build/vrx_gz
[1.345s] Level 1:colcon.colcon_core.environment:checking '/home/momesso/vrx_ws/install' for CMake module files
[1.346s] DEBUG:colcon.colcon_core.event_handler.log_command:Invoked command in '/home/momesso/vrx_ws/src/vrx_nav2' returned '0': PYTHONPATH=/home/momesso/vrx_ws/build/vrx_nav2/prefix_override:/home/momesso/vrx_ws/install/lib/python3.10/site-packages:${PYTHONPATH} /usr/bin/python3 -W ignore:setup.py install is deprecated setup.py egg_info --egg-base ../../build/vrx_nav2 build --build-base /home/momesso/vrx_ws/build/vrx_nav2/build install --record /home/momesso/vrx_ws/build/vrx_nav2/install.log --single-version-externally-managed install_data
[1.346s] Level 1:colcon.colcon_core.environment:checking '/home/momesso/vrx_ws/install' for CMake config files
[1.346s] Level 1:colcon.colcon_core.shell:create_environment_hook('vrx_nav2', 'cmake_prefix_path')
[1.347s] INFO:colcon.colcon_core.shell:Creating environment hook '/home/momesso/vrx_ws/install/share/vrx_nav2/hook/cmake_prefix_path.ps1'
[1.347s] INFO:colcon.colcon_core.shell:Creating environment descriptor '/home/momesso/vrx_ws/install/share/vrx_nav2/hook/cmake_prefix_path.dsv'
[1.347s] INFO:colcon.colcon_core.shell:Creating environment hook '/home/momesso/vrx_ws/install/share/vrx_nav2/hook/cmake_prefix_path.sh'
[1.348s] Level 1:colcon.colcon_core.environment:checking '/home/momesso/vrx_ws/install/lib'
[1.348s] Level 1:colcon.colcon_core.shell:create_environment_hook('vrx_nav2', 'ld_library_path_lib')
[1.348s] INFO:colcon.colcon_core.shell:Creating environment hook '/home/momesso/vrx_ws/install/share/vrx_nav2/hook/ld_library_path_lib.ps1'
[1.349s] INFO:colcon.colcon_core.shell:Creating environment descriptor '/home/momesso/vrx_ws/install/share/vrx_nav2/hook/ld_library_path_lib.dsv'
[1.349s] INFO:colcon.colcon_core.shell:Creating environment hook '/home/momesso/vrx_ws/install/share/vrx_nav2/hook/ld_library_path_lib.sh'
[1.349s] Level 1:colcon.colcon_core.environment:checking '/home/momesso/vrx_ws/install/bin'
[1.349s] Level 1:colcon.colcon_core.environment:checking '/home/momesso/vrx_ws/install/lib/pkgconfig/vrx_nav2.pc'
[1.349s] Level 1:colcon.colcon_core.environment:checking '/home/momesso/vrx_ws/install/lib/python3.10/site-packages'
[1.349s] Level 1:colcon.colcon_core.shell:create_environment_hook('vrx_nav2', 'pythonpath')
[1.349s] INFO:colcon.colcon_core.shell:Creating environment hook '/home/momesso/vrx_ws/install/share/vrx_nav2/hook/pythonpath.ps1'
[1.350s] INFO:colcon.colcon_core.shell:Creating environment descriptor '/home/momesso/vrx_ws/install/share/vrx_nav2/hook/pythonpath.dsv'
[1.350s] INFO:colcon.colcon_core.shell:Creating environment hook '/home/momesso/vrx_ws/install/share/vrx_nav2/hook/pythonpath.sh'
[1.350s] Level 1:colcon.colcon_core.environment:checking '/home/momesso/vrx_ws/install/bin'
[1.350s] Level 1:colcon.colcon_core.environment:create_environment_scripts_only(vrx_nav2)
[1.351s] INFO:colcon.colcon_core.shell:Creating package script '/home/momesso/vrx_ws/install/share/vrx_nav2/package.ps1'
[1.351s] INFO:colcon.colcon_core.shell:Creating package descriptor '/home/momesso/vrx_ws/install/share/vrx_nav2/package.dsv'
[1.351s] INFO:colcon.colcon_core.shell:Creating package script '/home/momesso/vrx_ws/install/share/vrx_nav2/package.sh'
[1.352s] INFO:colcon.colcon_core.shell:Creating package script '/home/momesso/vrx_ws/install/share/vrx_nav2/package.bash'
[1.352s] INFO:colcon.colcon_core.shell:Creating package script '/home/momesso/vrx_ws/install/share/vrx_nav2/package.zsh'
[1.352s] Level 1:colcon.colcon_core.environment:create_file_with_runtime_dependencies(/home/momesso/vrx_ws/install/share/colcon-core/packages/vrx_nav2)
[1.359s] Level 1:colcon.colcon_core.environment:create_environment_scripts_only(vrx_gz)
[1.359s] Level 1:colcon.colcon_core.environment:checking '/home/momesso/vrx_ws/install' for CMake module files
[1.360s] Level 1:colcon.colcon_core.environment:checking '/home/momesso/vrx_ws/install' for CMake config files
[1.360s] Level 1:colcon.colcon_core.shell:create_environment_hook('vrx_gz', 'cmake_prefix_path')
[1.360s] INFO:colcon.colcon_core.shell:Creating environment hook '/home/momesso/vrx_ws/install/share/vrx_gz/hook/cmake_prefix_path.ps1'
[1.360s] INFO:colcon.colcon_core.shell:Creating environment descriptor '/home/momesso/vrx_ws/install/share/vrx_gz/hook/cmake_prefix_path.dsv'
[1.361s] INFO:colcon.colcon_core.shell:Creating environment hook '/home/momesso/vrx_ws/install/share/vrx_gz/hook/cmake_prefix_path.sh'
[1.361s] Level 1:colcon.colcon_core.environment:checking '/home/momesso/vrx_ws/install/lib'
[1.361s] Level 1:colcon.colcon_core.shell:create_environment_hook('vrx_gz', 'ld_library_path_lib')
[1.361s] INFO:colcon.colcon_core.shell:Creating environment hook '/home/momesso/vrx_ws/install/share/vrx_gz/hook/ld_library_path_lib.ps1'
[1.362s] INFO:colcon.colcon_core.shell:Creating environment descriptor '/home/momesso/vrx_ws/install/share/vrx_gz/hook/ld_library_path_lib.dsv'
[1.362s] INFO:colcon.colcon_core.shell:Creating environment hook '/home/momesso/vrx_ws/install/share/vrx_gz/hook/ld_library_path_lib.sh'
[1.362s] Level 1:colcon.colcon_core.environment:checking '/home/momesso/vrx_ws/install/bin'
[1.362s] Level 1:colcon.colcon_core.environment:checking '/home/momesso/vrx_ws/install/lib/pkgconfig/vrx_gz.pc'
[1.363s] Level 1:colcon.colcon_core.environment:checking '/home/momesso/vrx_ws/install/lib/python3.10/site-packages'
[1.363s] Level 1:colcon.colcon_core.shell:create_environment_hook('vrx_gz', 'pythonpath')
[1.363s] INFO:colcon.colcon_core.shell:Creating environment hook '/home/momesso/vrx_ws/install/share/vrx_gz/hook/pythonpath.ps1'
[1.363s] INFO:colcon.colcon_core.shell:Creating environment descriptor '/home/momesso/vrx_ws/install/share/vrx_gz/hook/pythonpath.dsv'
[1.364s] INFO:colcon.colcon_core.shell:Creating environment hook '/home/momesso/vrx_ws/install/share/vrx_gz/hook/pythonpath.sh'
[1.364s] Level 1:colcon.colcon_core.environment:checking '/home/momesso/vrx_ws/install/bin'
[1.365s] INFO:colcon.colcon_core.shell:Creating package script '/home/momesso/vrx_ws/install/share/vrx_gz/package.ps1'
[1.365s] INFO:colcon.colcon_core.shell:Creating package descriptor '/home/momesso/vrx_ws/install/share/vrx_gz/package.dsv'
[1.366s] INFO:colcon.colcon_core.shell:Creating package script '/home/momesso/vrx_ws/install/share/vrx_gz/package.sh'
[1.366s] INFO:colcon.colcon_core.shell:Creating package script '/home/momesso/vrx_ws/install/share/vrx_gz/package.bash'
[1.367s] INFO:colcon.colcon_core.shell:Creating package script '/home/momesso/vrx_ws/install/share/vrx_gz/package.zsh'
[1.367s] Level 1:colcon.colcon_core.environment:create_file_with_runtime_dependencies(/home/momesso/vrx_ws/install/share/colcon-core/packages/vrx_gz)
[1.367s] DEBUG:colcon.colcon_parallel_executor.executor.parallel:closing loop
[1.368s] DEBUG:colcon.colcon_parallel_executor.executor.parallel:loop closed
[1.368s] DEBUG:colcon.colcon_parallel_executor.executor.parallel:run_until_complete finished with '0'
[1.368s] DEBUG:colcon.colcon_core.event_reactor:joining thread
[1.372s] INFO:colcon.colcon_core.plugin_system:Skipping extension 'colcon_notification.desktop_notification.terminal_notifier': Not used on non-Darwin systems
[1.372s] INFO:colcon.colcon_core.plugin_system:Skipping extension 'colcon_notification.desktop_notification.win32': Not used on non-Windows systems
[1.372s] INFO:colcon.colcon_notification.desktop_notification:Sending desktop notification using 'notify2'
[1.394s] DEBUG:colcon.colcon_core.event_reactor:joined thread
[1.394s] INFO:colcon.colcon_core.shell:Creating prefix script '/home/momesso/vrx_ws/install/local_setup.ps1'
[1.395s] INFO:colcon.colcon_core.shell:Creating prefix util module '/home/momesso/vrx_ws/install/_local_setup_util_ps1.py'
[1.397s] INFO:colcon.colcon_core.shell:Creating prefix chain script '/home/momesso/vrx_ws/install/setup.ps1'
[1.398s] INFO:colcon.colcon_core.shell:Creating prefix script '/home/momesso/vrx_ws/install/local_setup.sh'
[1.399s] INFO:colcon.colcon_core.shell:Creating prefix util module '/home/momesso/vrx_ws/install/_local_setup_util_sh.py'
[1.399s] INFO:colcon.colcon_core.shell:Creating prefix chain script '/home/momesso/vrx_ws/install/setup.sh'
[1.400s] INFO:colcon.colcon_core.shell:Creating prefix script '/home/momesso/vrx_ws/install/local_setup.bash'
[1.401s] INFO:colcon.colcon_core.shell:Creating prefix chain script '/home/momesso/vrx_ws/install/setup.bash'
[1.402s] INFO:colcon.colcon_core.shell:Creating prefix script '/home/momesso/vrx_ws/install/local_setup.zsh'
[1.402s] INFO:colcon.colcon_core.shell:Creating prefix chain script '/home/momesso/vrx_ws/install/setup.zsh'
