[0.727s] Invoking command in '/home/momesso/vrx_ws/src/ros2_teleop_keyboard': PYTHONPATH=/home/momesso/vrx_ws/build/teleop_twist_keyboard/prefix_override:/home/momesso/vrx_ws/install/lib/python3.10/site-packages:${PYTHONPATH} /usr/bin/python3 -W ignore:setup.py install is deprecated setup.py egg_info --egg-base ../../build/teleop_twist_keyboard build --build-base /home/momesso/vrx_ws/build/teleop_twist_keyboard/build install --record /home/momesso/vrx_ws/build/teleop_twist_keyboard/install.log --single-version-externally-managed
[0.916s] running egg_info
[0.916s] creating ../../build/teleop_twist_keyboard/teleop_twist_keyboard.egg-info
[0.917s] writing ../../build/teleop_twist_keyboard/teleop_twist_keyboard.egg-info/PKG-INFO
[0.917s] writing dependency_links to ../../build/teleop_twist_keyboard/teleop_twist_keyboard.egg-info/dependency_links.txt
[0.917s] writing entry points to ../../build/teleop_twist_keyboard/teleop_twist_keyboard.egg-info/entry_points.txt
[0.917s] writing requirements to ../../build/teleop_twist_keyboard/teleop_twist_keyboard.egg-info/requires.txt
[0.917s] writing top-level names to ../../build/teleop_twist_keyboard/teleop_twist_keyboard.egg-info/top_level.txt
[0.917s] writing manifest file '../../build/teleop_twist_keyboard/teleop_twist_keyboard.egg-info/SOURCES.txt'
[0.918s] reading manifest file '../../build/teleop_twist_keyboard/teleop_twist_keyboard.egg-info/SOURCES.txt'
[0.919s] writing manifest file '../../build/teleop_twist_keyboard/teleop_twist_keyboard.egg-info/SOURCES.txt'
[0.919s] running build
[0.919s] running build_py
[0.919s] creating /home/momesso/vrx_ws/build/teleop_twist_keyboard/build
[0.919s] creating /home/momesso/vrx_ws/build/teleop_twist_keyboard/build/lib
[0.919s] copying teleop_twist_keyboard.py -> /home/momesso/vrx_ws/build/teleop_twist_keyboard/build/lib
[0.919s] running install
[0.919s] running install_lib
[0.920s] copying /home/momesso/vrx_ws/build/teleop_twist_keyboard/build/lib/teleop_twist_keyboard.py -> /home/momesso/vrx_ws/install/lib/python3.10/site-packages
[0.920s] byte-compiling /home/momesso/vrx_ws/install/lib/python3.10/site-packages/teleop_twist_keyboard.py to teleop_twist_keyboard.cpython-310.pyc
[0.921s] running install_egg_info
[0.922s] Copying ../../build/teleop_twist_keyboard/teleop_twist_keyboard.egg-info to /home/momesso/vrx_ws/install/lib/python3.10/site-packages/teleop_twist_keyboard-0.0.0-py3.10.egg-info
[0.923s] running install_scripts
[0.951s] Installing teleop_twist_keyboard script to /home/momesso/vrx_ws/install/bin
[0.957s] writing list of installed files to '/home/momesso/vrx_ws/build/teleop_twist_keyboard/install.log'
[0.975s] Invoked command in '/home/momesso/vrx_ws/src/ros2_teleop_keyboard' returned '0': PYTHONPATH=/home/momesso/vrx_ws/build/teleop_twist_keyboard/prefix_override:/home/momesso/vrx_ws/install/lib/python3.10/site-packages:${PYTHONPATH} /usr/bin/python3 -W ignore:setup.py install is deprecated setup.py egg_info --egg-base ../../build/teleop_twist_keyboard build --build-base /home/momesso/vrx_ws/build/teleop_twist_keyboard/build install --record /home/momesso/vrx_ws/build/teleop_twist_keyboard/install.log --single-version-externally-managed
