[0.004s] Invoking command in '/home/momesso/vrx_ws/build/vrx_gz': AMENT_PREFIX_PATH=/home/momesso/vrx_ws/install:${AMENT_PREFIX_PATH} CMAKE_PREFIX_PATH=/home/momesso/vrx_ws/install:/opt/ros/humble /usr/bin/cmake /home/momesso/vrx_ws/src/vrx/vrx_gz -DCMAKE_INSTALL_PREFIX=/home/momesso/vrx_ws/install
[0.042s] -- The C compiler identification is GNU 11.4.0
[0.088s] -- The CXX compiler identification is GNU 11.4.0
[0.095s] -- Detecting C compiler ABI info
[0.142s] -- Detecting C compiler ABI info - done
[0.148s] -- Check for working C compiler: /usr/bin/cc - skipped
[0.149s] -- Detecting C compile features
[0.149s] -- Detecting C compile features - done
[0.151s] -- Detecting CXX compiler ABI info
[0.208s] -- Detecting CXX compiler ABI info - done
[0.214s] -- Check for working CXX compiler: /usr/bin/c++ - skipped
[0.214s] -- Detecting CXX compile features
[0.215s] -- Detecting CXX compile features - done
[0.216s] -- Found ament_cmake: 1.3.8 (/opt/ros/humble/share/ament_cmake/cmake)
[0.324s] -- Found Python3: /usr/bin/python3 (found version "3.10.12") found components: Interpreter 
[0.385s] -- Looking for gz-sim7 -- found version 7.7.0
[0.390s] -- Searching for dependencies of gz-sim7
[0.391s] -- Looking for sdformat13 -- found version 13.6.0
[0.391s] -- Searching for dependencies of sdformat13
[0.394s] -- Checking for module 'tinyxml2'
[0.402s] --   Found tinyxml2, version 9.0.0
[0.423s] -- Looking for gz-math7 -- found version 7.4.0
[0.423s] -- Searching for dependencies of gz-math7
[0.424s] -- Looking for gz-utils2 -- found version 2.2.0
[0.424s] -- Searching for dependencies of gz-utils2
[0.425s] -- Looking for gz-utils2 -- found version 2.2.0
[0.426s] -- Searching for dependencies of gz-utils2
[0.426s] -- Searching for <gz-utils2> component [cli]
[0.427s] -- Looking for gz-utils2-cli -- found version 2.2.0
[0.428s] -- Searching for dependencies of gz-utils2-cli
[0.430s] -- Looking for gz-plugin2 -- found version 2.0.2
[0.430s] -- Searching for dependencies of gz-plugin2
[0.430s] -- Looking for gz-utils2 -- found version 2.2.0
[0.431s] -- Searching for <gz-plugin2> component [loader]
[0.432s] -- Looking for gz-plugin2-loader -- found version 2.0.2
[0.432s] -- Searching for dependencies of gz-plugin2-loader
[0.433s] -- Searching for <gz-plugin2> component [register]
[0.434s] -- Looking for gz-plugin2-register -- found version 2.0.2
[0.434s] -- Searching for dependencies of gz-plugin2-register
[0.436s] -- Looking for gz-transport12 -- found version 12.2.1
[0.436s] -- Searching for dependencies of gz-transport12
[0.563s] -- Found Protobuf: /usr/lib/x86_64-linux-gnu/libprotobuf.so (found version "3.12.4") 
[0.573s] -- Config-file not installed for ZeroMQ -- checking for pkg-config
[0.576s] -- Checking for module 'libzmq >= 4'
[0.584s] --   Found libzmq , version 4.3.4
[0.605s] -- Found ZeroMQ: TRUE (Required is at least version "4") 
[0.609s] -- Checking for module 'uuid'
[0.616s] --   Found uuid, version 2.37.2
[0.638s] -- Found UUID: TRUE  
[0.638s] -- Looking for gz-utils2 -- found version 2.2.0
[0.640s] -- Looking for gz-msgs9 -- found version 9.5.0
[0.640s] -- Searching for dependencies of gz-msgs9
[0.657s] -- Looking for gz-math7 -- found version 7.4.0
[0.662s] -- Searching for <gz-transport12> component [log]
[0.664s] -- Looking for gz-transport12-log -- found version 12.2.1
[0.664s] -- Searching for dependencies of gz-transport12-log
[0.665s] -- Searching for <gz-transport12> component [parameters]
[0.666s] -- Looking for gz-transport12-parameters -- found version 12.2.1
[0.666s] -- Searching for dependencies of gz-transport12-parameters
[0.667s] -- Looking for gz-msgs9 -- found version 9.5.0
[0.669s] -- Looking for gz-common5 -- found version 5.5.1
[0.669s] -- Searching for dependencies of gz-common5
[0.669s] -- Looking for gz-utils2 -- found version 2.2.0
[0.670s] -- Looking for dlfcn.h - found
[0.670s] -- Looking for libdl - found
[0.671s] -- Found DL: TRUE  
[0.676s] -- Searching for <gz-common5> component [profiler]
[0.677s] -- Looking for gz-common5-profiler -- found version 5.5.1
[0.677s] -- Searching for dependencies of gz-common5-profiler
[0.678s] -- Searching for <gz-common5> component [events]
[0.679s] -- Looking for gz-common5-events -- found version 5.5.1
[0.679s] -- Searching for dependencies of gz-common5-events
[0.679s] -- Looking for gz-math7 -- found version 7.4.0
[0.680s] -- Searching for <gz-common5> component [av]
[0.681s] -- Looking for gz-common5-av -- found version 5.5.1
[0.681s] -- Searching for dependencies of gz-common5-av
[0.685s] -- Checking for module 'libswscale'
[0.692s] --   Found libswscale, version 5.9.100
[0.712s] -- Found SWSCALE: TRUE  
[0.715s] -- Checking for module 'libavdevice >= 56.4.100'
[0.723s] --   Found libavdevice , version 58.13.100
[0.746s] -- Found AVDEVICE: TRUE (Required is at least version "56.4.100") 
[0.749s] -- Checking for module 'libavformat'
[0.757s] --   Found libavformat, version 58.76.100
[0.777s] -- Found AVFORMAT: TRUE  
[0.781s] -- Checking for module 'libavcodec'
[0.788s] --   Found libavcodec, version 58.134.100
[0.808s] -- Found AVCODEC: TRUE  
[0.812s] -- Checking for module 'libavutil'
[0.819s] --   Found libavutil, version 56.70.100
[0.839s] -- Found AVUTIL: TRUE  
[0.839s] -- Searching for <gz-common5> component [io]
[0.840s] -- Looking for gz-common5-io -- found version 5.5.1
[0.841s] -- Searching for dependencies of gz-common5-io
[0.842s] -- Looking for gz-fuel_tools8 -- found version 8.1.0
[0.843s] -- Searching for dependencies of gz-fuel_tools8
[0.891s] -- Found CURL: /usr/lib/x86_64-linux-gnu/libcurl.so (found version "7.81.0")  
[0.897s] -- Checking for module 'jsoncpp'
[0.905s] --   Found jsoncpp, version 1.9.5
[0.925s] -- Found JSONCPP: TRUE  
[0.929s] -- Checking for module 'libzip'
[0.936s] --   Found libzip, version 1.7.3
[0.956s] -- Found ZIP: TRUE  
[0.956s] -- Looking for gz-utils2 -- found version 2.2.0
[0.956s] -- Looking for gz-common5 -- found version 5.5.1
[0.957s] -- Searching for dependencies of gz-common5
[0.957s] -- Looking for gz-utils2 -- found version 2.2.0
[0.957s] -- Looking for dlfcn.h - found
[0.957s] -- Looking for libdl - found
[0.962s] -- Searching for <gz-common5> component [testing]
[0.964s] -- Looking for gz-common5-testing -- found version 5.5.1
[0.964s] -- Searching for dependencies of gz-common5-testing
[0.965s] -- Looking for gz-math7 -- found version 7.4.0
[0.965s] -- Looking for gz-msgs9 -- found version 9.5.0
[0.967s] -- Looking for gz-gui7 -- found version 7.2.1
[0.967s] -- Searching for dependencies of gz-gui7
[0.984s] -- Looking for gz-utils2 -- found version 2.2.0
[0.984s] -- Looking for gz-math7 -- found version 7.4.0
[0.984s] -- Looking for gz-common5 -- found version 5.5.1
[0.985s] -- Looking for gz-plugin2 -- found version 2.0.2
[0.985s] -- Looking for gz-transport12 -- found version 12.2.1
[0.986s] -- Looking for gz-rendering7 -- found version 7.4.2
[0.987s] -- Searching for dependencies of gz-rendering7
[0.987s] -- Looking for gz-math7 -- found version 7.4.0
[0.987s] -- Searching for dependencies of gz-math7
[0.988s] -- Looking for gz-utils2 -- found version 2.2.0
[0.988s] -- Searching for <gz-math7> component [eigen3]
[0.989s] -- Looking for gz-math7-eigen3 -- found version 7.4.0
[0.989s] -- Searching for dependencies of gz-math7-eigen3
[0.995s] -- Looking for gz-common5 -- found version 5.5.1
[0.996s] -- Searching for dependencies of gz-common5
[0.996s] -- Looking for gz-utils2 -- found version 2.2.0
[0.996s] -- Looking for dlfcn.h - found
[0.996s] -- Looking for libdl - found
[1.002s] -- Searching for <gz-common5> component [graphics]
[1.003s] -- Looking for gz-common5-graphics -- found version 5.5.1
[1.003s] -- Searching for dependencies of gz-common5-graphics
[1.003s] -- Looking for gz-math7 -- found version 7.4.0
[1.008s] -- Found GzAssimp: TRUE (found version "5.2.0") 
[1.008s] -- Searching for <gz-common5> component [events]
[1.009s] -- Searching for <gz-common5> component [geospatial]
[1.010s] -- Looking for gz-common5-geospatial -- found version 5.5.1
[1.010s] -- Searching for dependencies of gz-common5-geospatial
[1.010s] -- Looking for gz-math7 -- found version 7.4.0
[1.011s] -- Looking for gz-common5 -- found version 5.5.1
[1.011s] -- Looking for gz-plugin2 -- found version 2.0.2
[1.012s] -- Searching for dependencies of gz-plugin2
[1.012s] -- Looking for gz-utils2 -- found version 2.2.0
[1.012s] -- Searching for <gz-plugin2> component [all]
[1.014s] -- Looking for all libraries of gz-plugin2 -- found version 2.0.2
[1.014s] -- Looking for gz-plugin2 -- found version 2.0.2
[1.015s] -- Looking for gz-utils2 -- found version 2.2.0
[1.019s] -- Found OpenGL: /usr/lib/x86_64-linux-gnu/libOpenGL.so  found components: OpenGL 
[1.020s] -- Looking for gz-msgs9 -- found version 9.5.0
[1.043s] -- Looking for gz-physics6 -- found version 6.5.1
[1.044s] -- Searching for dependencies of gz-physics6
[1.044s] -- Looking for gz-math7 -- found version 7.4.0
[1.044s] -- Looking for gz-plugin2 -- found version 2.0.2
[1.044s] -- Looking for gz-utils2 -- found version 2.2.0
[1.045s] -- Searching for <gz-physics6> component [heightmap]
[1.047s] -- Looking for gz-physics6-heightmap -- found version 6.5.1
[1.047s] -- Searching for dependencies of gz-physics6-heightmap
[1.047s] -- Looking for gz-common5 -- found version 5.5.1
[1.047s] -- Searching for <gz-physics6> component [mesh]
[1.049s] -- Looking for gz-physics6-mesh -- found version 6.5.1
[1.049s] -- Searching for dependencies of gz-physics6-mesh
[1.049s] -- Looking for gz-common5 -- found version 5.5.1
[1.050s] -- Searching for <gz-physics6> component [sdf]
[1.051s] -- Looking for gz-physics6-sdf -- found version 6.5.1
[1.051s] -- Searching for dependencies of gz-physics6-sdf
[1.051s] -- Looking for sdformat13 -- found version 13.6.0
[1.053s] -- Looking for gz-sensors7 -- found version 7.3.0
[1.053s] -- Searching for dependencies of gz-sensors7
[1.067s] -- Looking for gz-math7 -- found version 7.4.0
[1.067s] -- Looking for gz-common5 -- found version 5.5.1
[1.067s] -- Looking for gz-transport12 -- found version 12.2.1
[1.068s] -- Looking for gz-rendering7 -- found version 7.4.2
[1.068s] -- Looking for gz-msgs9 -- found version 9.5.0
[1.068s] -- Looking for sdformat13 -- found version 13.6.0
[1.069s] -- Searching for <gz-sensors7> component [air_pressure]
[1.070s] -- Looking for gz-sensors7-air_pressure -- found version 7.3.0
[1.070s] -- Searching for dependencies of gz-sensors7-air_pressure
[1.071s] -- Searching for <gz-sensors7> component [air_speed]
[1.072s] -- Looking for gz-sensors7-air_speed -- found version 7.3.0
[1.072s] -- Searching for dependencies of gz-sensors7-air_speed
[1.073s] -- Searching for <gz-sensors7> component [altimeter]
[1.074s] -- Looking for gz-sensors7-altimeter -- found version 7.3.0
[1.074s] -- Searching for dependencies of gz-sensors7-altimeter
[1.075s] -- Searching for <gz-sensors7> component [imu]
[1.076s] -- Looking for gz-sensors7-imu -- found version 7.3.0
[1.076s] -- Searching for dependencies of gz-sensors7-imu
[1.077s] -- Searching for <gz-sensors7> component [force_torque]
[1.078s] -- Looking for gz-sensors7-force_torque -- found version 7.3.0
[1.078s] -- Searching for dependencies of gz-sensors7-force_torque
[1.079s] -- Searching for <gz-sensors7> component [logical_camera]
[1.080s] -- Looking for gz-sensors7-logical_camera -- found version 7.3.0
[1.080s] -- Searching for dependencies of gz-sensors7-logical_camera
[1.080s] -- Searching for <gz-sensors7> component [magnetometer]
[1.082s] -- Looking for gz-sensors7-magnetometer -- found version 7.3.0
[1.082s] -- Searching for dependencies of gz-sensors7-magnetometer
[1.082s] -- Searching for <gz-sensors7> component [navsat]
[1.084s] -- Looking for gz-sensors7-navsat -- found version 7.3.0
[1.084s] -- Searching for dependencies of gz-sensors7-navsat
[1.084s] -- Searching for <gz-sensors7> component [rendering]
[1.085s] -- Looking for gz-sensors7-rendering -- found version 7.3.0
[1.086s] -- Searching for dependencies of gz-sensors7-rendering
[1.086s] -- Searching for <gz-sensors7> component [lidar]
[1.088s] -- Looking for gz-sensors7-lidar -- found version 7.3.0
[1.088s] -- Searching for dependencies of gz-sensors7-lidar
[1.088s] -- Looking for gz-sensors7 -- found version 7.3.0
[1.089s] -- Searching for <gz-sensors7> component [gpu_lidar]
[1.090s] -- Looking for gz-sensors7-gpu_lidar -- found version 7.3.0
[1.090s] -- Searching for dependencies of gz-sensors7-gpu_lidar
[1.090s] -- Looking for gz-sensors7 -- found version 7.3.0
[1.091s] -- Searching for <gz-sensors7> component [camera]
[1.092s] -- Looking for gz-sensors7-camera -- found version 7.3.0
[1.092s] -- Searching for dependencies of gz-sensors7-camera
[1.093s] -- Looking for gz-sensors7 -- found version 7.3.0
[1.093s] -- Searching for <gz-sensors7> component [boundingbox_camera]
[1.094s] -- Looking for gz-sensors7-boundingbox_camera -- found version 7.3.0
[1.095s] -- Searching for dependencies of gz-sensors7-boundingbox_camera
[1.095s] -- Searching for <gz-sensors7> component [segmentation_camera]
[1.096s] -- Looking for gz-sensors7-segmentation_camera -- found version 7.3.0
[1.097s] -- Searching for dependencies of gz-sensors7-segmentation_camera
[1.097s] -- Searching for <gz-sensors7> component [depth_camera]
[1.098s] -- Looking for gz-sensors7-depth_camera -- found version 7.3.0
[1.099s] -- Searching for dependencies of gz-sensors7-depth_camera
[1.099s] -- Looking for gz-sensors7 -- found version 7.3.0
[1.099s] -- Searching for <gz-sensors7> component [rgbd_camera]
[1.101s] -- Looking for gz-sensors7-rgbd_camera -- found version 7.3.0
[1.101s] -- Searching for dependencies of gz-sensors7-rgbd_camera
[1.101s] -- Looking for gz-sensors7 -- found version 7.3.0
[1.102s] -- Searching for <gz-sensors7> component [thermal_camera]
[1.103s] -- Looking for gz-sensors7-thermal_camera -- found version 7.3.0
[1.103s] -- Searching for dependencies of gz-sensors7-thermal_camera
[1.104s] -- Looking for gz-sensors7 -- found version 7.3.0
[1.104s] -- Searching for <gz-sensors7> component [wide_angle_camera]
[1.105s] -- Looking for gz-sensors7-wide_angle_camera -- found version 7.3.0
[1.106s] -- Searching for dependencies of gz-sensors7-wide_angle_camera
[1.106s] -- Looking for gz-rendering7 -- found version 7.4.2
[1.107s] -- Looking for gz-math7 -- found version 7.4.0
[1.107s] -- Looking for gz-utils2 -- found version 2.2.0
[1.121s] -- Looking for gz-common5 -- found version 5.5.1
[1.121s] -- Looking for gz-fuel_tools8 -- found version 8.1.0
[1.122s] -- Looking for gz-math7 -- found version 7.4.0
[1.122s] -- Looking for gz-msgs9 -- found version 9.5.0
[1.122s] -- Looking for gz-transport12 -- found version 12.2.1
[1.123s] -- Looking for gz-plugin2 -- found version 2.0.2
[1.123s] -- Looking for gz-rendering7 -- found version 7.4.2
[1.123s] -- Looking for gz-sensors7 -- found version 7.3.0
[1.124s] -- Looking for gz-utils2 -- found version 2.2.0
[1.124s] -- Looking for sdformat13 -- found version 13.6.0
[1.125s] -- Found std_msgs: 4.2.3 (/opt/ros/humble/share/std_msgs/cmake)
[1.146s] -- Found rosidl_generator_c: 3.1.5 (/opt/ros/humble/share/rosidl_generator_c/cmake)
[1.149s] -- Found rosidl_adapter: 3.1.5 (/opt/ros/humble/share/rosidl_adapter/cmake)
[1.156s] -- Found rosidl_generator_cpp: 3.1.5 (/opt/ros/humble/share/rosidl_generator_cpp/cmake)
[1.166s] -- Using all available rosidl_typesupport_c: rosidl_typesupport_fastrtps_c;rosidl_typesupport_introspection_c
[1.182s] -- Using all available rosidl_typesupport_cpp: rosidl_typesupport_fastrtps_cpp;rosidl_typesupport_introspection_cpp
[1.339s] -- Configuring done
[1.402s] -- Generating done
[1.404s] -- Build files have been written to: /home/momesso/vrx_ws/build/vrx_gz
[1.414s] Invoked command in '/home/momesso/vrx_ws/build/vrx_gz' returned '0': AMENT_PREFIX_PATH=/home/momesso/vrx_ws/install:${AMENT_PREFIX_PATH} CMAKE_PREFIX_PATH=/home/momesso/vrx_ws/install:/opt/ros/humble /usr/bin/cmake /home/momesso/vrx_ws/src/vrx/vrx_gz -DCMAKE_INSTALL_PREFIX=/home/momesso/vrx_ws/install
[1.415s] Invoking command in '/home/momesso/vrx_ws/build/vrx_gz': AMENT_PREFIX_PATH=/home/momesso/vrx_ws/install:${AMENT_PREFIX_PATH} CMAKE_PREFIX_PATH=/home/momesso/vrx_ws/install:/opt/ros/humble /usr/bin/cmake --build /home/momesso/vrx_ws/build/vrx_gz -- -j12 -l12
[1.449s] [  4%] [32mBuilding CXX object CMakeFiles/ScoringPlugin.dir/src/ScoringPlugin.cc.o[0m
[1.449s] [  4%] [32mBuilding CXX object CMakeFiles/Waves.dir/src/Wavefield.cc.o[0m
[1.455s] [  4%] Built target ament_cmake_python_copy_vrx_gz
[1.639s] running egg_info
[1.639s] creating vrx_gz.egg-info
[1.639s] writing vrx_gz.egg-info/PKG-INFO
[1.640s] writing dependency_links to vrx_gz.egg-info/dependency_links.txt
[1.640s] writing top-level names to vrx_gz.egg-info/top_level.txt
[1.640s] writing manifest file 'vrx_gz.egg-info/SOURCES.txt'
[1.641s] reading manifest file 'vrx_gz.egg-info/SOURCES.txt'
[1.642s] writing manifest file 'vrx_gz.egg-info/SOURCES.txt'
[1.663s] [  4%] Built target ament_cmake_python_build_vrx_gz_egg
[4.230s] [  6%] [32m[1mLinking CXX shared library libWaves.so[0m
[4.406s] [  6%] Built target Waves
[4.420s] [ 12%] [32mBuilding CXX object CMakeFiles/PolyhedraBuoyancyDrag.dir/src/PolyhedronVolume.cc.o[0m
[4.420s] [ 12%] [32mBuilding CXX object CMakeFiles/PolyhedraBuoyancyDrag.dir/src/ShapeVolume.cc.o[0m
[4.420s] [ 12%] [32mBuilding CXX object CMakeFiles/PolyhedraBuoyancyDrag.dir/src/PolyhedraBuoyancyDrag.cc.o[0m
[5.238s] [ 14%] [32m[1mLinking CXX shared library libScoringPlugin.so[0m
[5.451s] [ 14%] Built target ScoringPlugin
[5.470s] [ 27%] [32mBuilding CXX object CMakeFiles/StationkeepingScoringPlugin.dir/src/StationkeepingScoringPlugin.cc.o[0m
[5.471s] [ 27%] [32mBuilding CXX object CMakeFiles/AcousticPingerPlugin.dir/src/AcousticPingerPlugin.cc.o[0m
[5.471s] [ 27%] [32mBuilding CXX object CMakeFiles/AcousticTrackingScoringPlugin.dir/src/AcousticTrackingScoringPlugin.cc.o[0m
[5.471s] [ 29%] [32mBuilding CXX object CMakeFiles/AcousticPerceptionScoringPlugin.dir/src/AcousticPerceptionScoringPlugin.cc.o[0m
[5.471s] [ 27%] [32mBuilding CXX object CMakeFiles/WayfindingScoringPlugin.dir/src/WayfindingScoringPlugin.cc.o[0m
[5.471s] [ 29%] [32mBuilding CXX object CMakeFiles/NavigationScoringPlugin.dir/src/NavigationScoringPlugin.cc.o[0m
[5.471s] [ 31%] [32mBuilding CXX object CMakeFiles/LightBuoyPlugin.dir/src/LightBuoyPlugin.cc.o[0m
[5.471s] [ 33%] [32mBuilding CXX object CMakeFiles/GymkhanaScoringPlugin.dir/src/GymkhanaScoringPlugin.cc.o[0m
[5.471s] [ 35%] [32mBuilding CXX object CMakeFiles/PerceptionScoringPlugin.dir/src/PerceptionScoringPlugin.cc.o[0m
[5.471s] [ 27%] [32mBuilding CXX object CMakeFiles/BallShooterPlugin.dir/src/BallShooterPlugin.cc.o[0m
[5.954s] [ 37%] [32mBuilding CXX object CMakeFiles/StationkeepingScoringPlugin.dir/src/WaypointMarkers.cc.o[0m
[10.600s] [ 39%] [32m[1mLinking CXX shared library libLightBuoyPlugin.so[0m
[10.959s] [ 39%] Built target LightBuoyPlugin
[10.981s] [ 41%] [32mBuilding CXX object CMakeFiles/PlacardPlugin.dir/src/PlacardPlugin.cc.o[0m
[11.597s] [ 43%] [32m[1mLinking CXX shared library libGymkhanaScoringPlugin.so[0m
[11.997s] [ 43%] Built target GymkhanaScoringPlugin
[12.005s] [ 45%] [32m[1mLinking CXX shared library libPolyhedraBuoyancyDrag.so[0m
[12.019s] [ 47%] [32mBuilding CXX object CMakeFiles/PublisherPlugin.dir/src/PublisherPlugin.cc.o[0m
[12.436s] [ 47%] Built target PolyhedraBuoyancyDrag
[12.458s] [ 50%] [32mBuilding CXX object CMakeFiles/ScanDockScoringPlugin.dir/src/ScanDockScoringPlugin.cc.o[0m
[12.597s] [ 52%] [32mBuilding CXX object CMakeFiles/SimpleHydrodynamics.dir/src/SimpleHydrodynamics.cc.o[0m
[12.754s] [ 54%] [32m[1mLinking CXX shared library libPerceptionScoringPlugin.so[0m
[12.996s] [ 56%] [32m[1mLinking CXX shared library libAcousticPingerPlugin.so[0m
[13.274s] [ 56%] Built target PerceptionScoringPlugin
[13.298s] [ 58%] [32mBuilding CXX object CMakeFiles/Surface.dir/src/Surface.cc.o[0m
[13.445s] [ 58%] Built target AcousticPingerPlugin
[13.467s] [ 60%] [32mBuilding CXX object CMakeFiles/USVWind.dir/src/USVWind.cc.o[0m
[14.022s] [ 62%] [32mBuilding CXX object CMakeFiles/AcousticTrackingScoringPlugin.dir/src/WaypointMarkers.cc.o[0m
[14.051s] [ 64%] [32mBuilding CXX object CMakeFiles/AcousticPerceptionScoringPlugin.dir/src/WaypointMarkers.cc.o[0m
[14.286s] [ 66%] [32mBuilding CXX object CMakeFiles/WayfindingScoringPlugin.dir/src/WaypointMarkers.cc.o[0m
[14.305s] [ 68%] [32m[1mLinking CXX shared library libStationkeepingScoringPlugin.so[0m
[14.479s] [ 70%] [32m[1mLinking CXX shared library libNavigationScoringPlugin.so[0m
[14.814s] [ 70%] Built target StationkeepingScoringPlugin
[14.835s] [ 72%] [32mBuilding CXX object CMakeFiles/WaveVisual.dir/src/WaveVisual.cc.o[0m
[14.907s] [ 72%] Built target NavigationScoringPlugin
[14.928s] [ 75%] [32mBuilding CXX object CMakeFiles/WildlifeScoringPlugin.dir/src/WildlifeScoringPlugin.cc.o[0m
[15.232s] [ 77%] [32m[1mLinking CXX shared library libBallShooterPlugin.so[0m
[15.724s] [ 77%] Built target BallShooterPlugin
[16.667s] [ 79%] [32m[1mLinking CXX shared library libPublisherPlugin.so[0m
[16.990s] [ 79%] Built target PublisherPlugin
[17.500s] [ 81%] [32m[1mLinking CXX shared library libPlacardPlugin.so[0m
[17.909s] [ 81%] Built target PlacardPlugin
[18.825s] [ 83%] [32m[1mLinking CXX shared library libSimpleHydrodynamics.so[0m
[19.141s] [ 83%] Built target SimpleHydrodynamics
[19.365s] [ 85%] [32m[1mLinking CXX shared library libSurface.so[0m
[19.522s] [ 87%] [32m[1mLinking CXX shared library libAcousticPerceptionScoringPlugin.so[0m
[19.571s] [ 89%] [32m[1mLinking CXX shared library libWayfindingScoringPlugin.so[0m
[19.648s] [ 89%] Built target Surface
[19.839s] [ 89%] Built target AcousticPerceptionScoringPlugin
[19.897s] [ 89%] Built target WayfindingScoringPlugin
[20.204s] [ 91%] [32m[1mLinking CXX shared library libScanDockScoringPlugin.so[0m
[20.284s] [ 93%] [32m[1mLinking CXX shared library libAcousticTrackingScoringPlugin.so[0m
[20.509s] [ 93%] Built target ScanDockScoringPlugin
[20.577s] [ 93%] Built target AcousticTrackingScoringPlugin
[21.450s] [ 95%] [32m[1mLinking CXX shared library libWildlifeScoringPlugin.so[0m
[21.703s] [ 95%] Built target WildlifeScoringPlugin
[21.838s] [ 97%] [32m[1mLinking CXX shared library libUSVWind.so[0m
[22.054s] [ 97%] Built target USVWind
[22.345s] [100%] [32m[1mLinking CXX shared library libWaveVisual.so[0m
[22.560s] [100%] Built target WaveVisual
[22.568s] Invoked command in '/home/momesso/vrx_ws/build/vrx_gz' returned '0': AMENT_PREFIX_PATH=/home/momesso/vrx_ws/install:${AMENT_PREFIX_PATH} CMAKE_PREFIX_PATH=/home/momesso/vrx_ws/install:/opt/ros/humble /usr/bin/cmake --build /home/momesso/vrx_ws/build/vrx_gz -- -j12 -l12
[22.621s] Invoking command in '/home/momesso/vrx_ws/build/vrx_gz': AMENT_PREFIX_PATH=/home/momesso/vrx_ws/install:${AMENT_PREFIX_PATH} CMAKE_PREFIX_PATH=/home/momesso/vrx_ws/install:/opt/ros/humble /usr/bin/cmake --install /home/momesso/vrx_ws/build/vrx_gz
[22.627s] -- Install configuration: ""
[22.627s] -- Installing: /home/momesso/vrx_ws/install/share/vrx_gz/environment/resource_paths.dsv
[22.627s] -- Installing: /home/momesso/vrx_ws/install/share/vrx_gz/environment/resource_paths.sh
[22.627s] -- Installing: /home/momesso/vrx_ws/install/lib/libWaves.so
[22.627s] -- Installing: /home/momesso/vrx_ws/install/lib/libPolyhedraBuoyancyDrag.so
[22.629s] -- Set runtime path of "/home/momesso/vrx_ws/install/lib/libPolyhedraBuoyancyDrag.so" to ""
[22.629s] -- Installing: /home/momesso/vrx_ws/install/lib/libScoringPlugin.so
[22.630s] -- Installing: /home/momesso/vrx_ws/install/lib/libStationkeepingScoringPlugin.so
[22.631s] -- Set runtime path of "/home/momesso/vrx_ws/install/lib/libStationkeepingScoringPlugin.so" to ""
[22.631s] -- Installing: /home/momesso/vrx_ws/install/lib/libWayfindingScoringPlugin.so
[22.633s] -- Set runtime path of "/home/momesso/vrx_ws/install/lib/libWayfindingScoringPlugin.so" to ""
[22.633s] -- Installing: /home/momesso/vrx_ws/install/lib/libAcousticPerceptionScoringPlugin.so
[22.635s] -- Set runtime path of "/home/momesso/vrx_ws/install/lib/libAcousticPerceptionScoringPlugin.so" to ""
[22.635s] -- Installing: /home/momesso/vrx_ws/install/lib/libAcousticTrackingScoringPlugin.so
[22.636s] -- Set runtime path of "/home/momesso/vrx_ws/install/lib/libAcousticTrackingScoringPlugin.so" to ""
[22.636s] -- Installing: /home/momesso/vrx_ws/install/lib/libAcousticPingerPlugin.so
[22.637s] -- Set runtime path of "/home/momesso/vrx_ws/install/lib/libAcousticPingerPlugin.so" to ""
[22.637s] -- Installing: /home/momesso/vrx_ws/install/lib/libBallShooterPlugin.so
[22.639s] -- Set runtime path of "/home/momesso/vrx_ws/install/lib/libBallShooterPlugin.so" to ""
[22.639s] -- Installing: /home/momesso/vrx_ws/install/lib/libLightBuoyPlugin.so
[22.640s] -- Set runtime path of "/home/momesso/vrx_ws/install/lib/libLightBuoyPlugin.so" to ""
[22.640s] -- Installing: /home/momesso/vrx_ws/install/lib/libNavigationScoringPlugin.so
[22.641s] -- Set runtime path of "/home/momesso/vrx_ws/install/lib/libNavigationScoringPlugin.so" to ""
[22.642s] -- Installing: /home/momesso/vrx_ws/install/lib/libGymkhanaScoringPlugin.so
[22.643s] -- Set runtime path of "/home/momesso/vrx_ws/install/lib/libGymkhanaScoringPlugin.so" to ""
[22.643s] -- Installing: /home/momesso/vrx_ws/install/lib/libPerceptionScoringPlugin.so
[22.644s] -- Set runtime path of "/home/momesso/vrx_ws/install/lib/libPerceptionScoringPlugin.so" to ""
[22.644s] -- Installing: /home/momesso/vrx_ws/install/lib/libPlacardPlugin.so
[22.646s] -- Set runtime path of "/home/momesso/vrx_ws/install/lib/libPlacardPlugin.so" to ""
[22.646s] -- Installing: /home/momesso/vrx_ws/install/lib/libPublisherPlugin.so
[22.646s] -- Set runtime path of "/home/momesso/vrx_ws/install/lib/libPublisherPlugin.so" to ""
[22.646s] -- Installing: /home/momesso/vrx_ws/install/lib/libScanDockScoringPlugin.so
[22.648s] -- Set runtime path of "/home/momesso/vrx_ws/install/lib/libScanDockScoringPlugin.so" to ""
[22.648s] -- Installing: /home/momesso/vrx_ws/install/lib/libSimpleHydrodynamics.so
[22.649s] -- Set runtime path of "/home/momesso/vrx_ws/install/lib/libSimpleHydrodynamics.so" to ""
[22.649s] -- Installing: /home/momesso/vrx_ws/install/lib/libSurface.so
[22.650s] -- Set runtime path of "/home/momesso/vrx_ws/install/lib/libSurface.so" to ""
[22.650s] -- Installing: /home/momesso/vrx_ws/install/lib/libUSVWind.so
[22.651s] -- Set runtime path of "/home/momesso/vrx_ws/install/lib/libUSVWind.so" to ""
[22.652s] -- Installing: /home/momesso/vrx_ws/install/lib/libWaveVisual.so
[22.653s] -- Set runtime path of "/home/momesso/vrx_ws/install/lib/libWaveVisual.so" to ""
[22.653s] -- Installing: /home/momesso/vrx_ws/install/lib/libWildlifeScoringPlugin.so
[22.654s] -- Set runtime path of "/home/momesso/vrx_ws/install/lib/libWildlifeScoringPlugin.so" to ""
[22.654s] -- Installing: /home/momesso/vrx_ws/install/share/vrx_gz/environment/pythonpath.sh
[22.655s] -- Installing: /home/momesso/vrx_ws/install/share/vrx_gz/environment/pythonpath.dsv
[22.655s] -- Installing: /home/momesso/vrx_ws/install/local/lib/python3.10/dist-packages/vrx_gz-0.0.0-py3.10.egg-info
[22.655s] -- Installing: /home/momesso/vrx_ws/install/local/lib/python3.10/dist-packages/vrx_gz-0.0.0-py3.10.egg-info/top_level.txt
[22.655s] -- Installing: /home/momesso/vrx_ws/install/local/lib/python3.10/dist-packages/vrx_gz-0.0.0-py3.10.egg-info/SOURCES.txt
[22.655s] -- Installing: /home/momesso/vrx_ws/install/local/lib/python3.10/dist-packages/vrx_gz-0.0.0-py3.10.egg-info/PKG-INFO
[22.655s] -- Installing: /home/momesso/vrx_ws/install/local/lib/python3.10/dist-packages/vrx_gz-0.0.0-py3.10.egg-info/dependency_links.txt
[22.655s] -- Installing: /home/momesso/vrx_ws/install/local/lib/python3.10/dist-packages/vrx_gz
[22.655s] -- Installing: /home/momesso/vrx_ws/install/local/lib/python3.10/dist-packages/vrx_gz/launch.py
[22.655s] -- Installing: /home/momesso/vrx_ws/install/local/lib/python3.10/dist-packages/vrx_gz/__init__.py
[22.655s] -- Installing: /home/momesso/vrx_ws/install/local/lib/python3.10/dist-packages/vrx_gz/bridges.py
[22.655s] -- Installing: /home/momesso/vrx_ws/install/local/lib/python3.10/dist-packages/vrx_gz/payload_bridges.py
[22.655s] -- Installing: /home/momesso/vrx_ws/install/local/lib/python3.10/dist-packages/vrx_gz/model.py
[22.656s] -- Installing: /home/momesso/vrx_ws/install/local/lib/python3.10/dist-packages/vrx_gz/bridge.py
[22.683s] Listing '/home/momesso/vrx_ws/install/local/lib/python3.10/dist-packages/vrx_gz'...
[22.683s] Compiling '/home/momesso/vrx_ws/install/local/lib/python3.10/dist-packages/vrx_gz/__init__.py'...
[22.683s] Compiling '/home/momesso/vrx_ws/install/local/lib/python3.10/dist-packages/vrx_gz/bridge.py'...
[22.683s] Compiling '/home/momesso/vrx_ws/install/local/lib/python3.10/dist-packages/vrx_gz/bridges.py'...
[22.683s] Compiling '/home/momesso/vrx_ws/install/local/lib/python3.10/dist-packages/vrx_gz/launch.py'...
[22.683s] Compiling '/home/momesso/vrx_ws/install/local/lib/python3.10/dist-packages/vrx_gz/model.py'...
[22.684s] Compiling '/home/momesso/vrx_ws/install/local/lib/python3.10/dist-packages/vrx_gz/payload_bridges.py'...
[22.686s] -- Installing: /home/momesso/vrx_ws/install/share/vrx_gz/config
[22.686s] -- Installing: /home/momesso/vrx_ws/install/share/vrx_gz/config/roboboat.yaml
[22.686s] -- Installing: /home/momesso/vrx_ws/install/share/vrx_gz/config/wamv.yaml
[22.687s] -- Installing: /home/momesso/vrx_ws/install/share/vrx_gz/launch
[22.687s] -- Installing: /home/momesso/vrx_ws/install/share/vrx_gz/launch/competition.launch.py
[22.687s] -- Installing: /home/momesso/vrx_ws/install/share/vrx_gz/launch/spawn.launch.py
[22.687s] -- Installing: /home/momesso/vrx_ws/install/share/vrx_gz/launch/spawn_config.launch.py
[22.687s] -- Installing: /home/momesso/vrx_ws/install/share/vrx_gz/launch/vrx_environment.launch.py
[22.687s] -- Installing: /home/momesso/vrx_ws/install/share/vrx_gz/launch/usv_joy_teleop.py
[22.687s] -- Installing: /home/momesso/vrx_ws/install/share/vrx_gz/models
[22.687s] -- Installing: /home/momesso/vrx_ws/install/share/vrx_gz/models/platform
[22.687s] -- Installing: /home/momesso/vrx_ws/install/share/vrx_gz/models/platform/model.config
[22.687s] -- Installing: /home/momesso/vrx_ws/install/share/vrx_gz/models/platform/model.sdf
[22.687s] -- Installing: /home/momesso/vrx_ws/install/share/vrx_gz/models/roboboat02
[22.687s] -- Installing: /home/momesso/vrx_ws/install/share/vrx_gz/models/roboboat02/meshes
[22.687s] -- Installing: /home/momesso/vrx_ws/install/share/vrx_gz/models/roboboat02/meshes/roboboat02.dae
[22.688s] -- Installing: /home/momesso/vrx_ws/install/share/vrx_gz/models/roboboat02/model.config
[22.688s] -- Installing: /home/momesso/vrx_ws/install/share/vrx_gz/models/roboboat02/materials
[22.688s] -- Installing: /home/momesso/vrx_ws/install/share/vrx_gz/models/roboboat02/materials/textures
[22.688s] -- Installing: /home/momesso/vrx_ws/install/share/vrx_gz/models/roboboat02/materials/textures/Boat02_Albedo.png
[22.691s] -- Installing: /home/momesso/vrx_ws/install/share/vrx_gz/models/roboboat02/materials/textures/Boat02_Metallic.png
[22.692s] -- Installing: /home/momesso/vrx_ws/install/share/vrx_gz/models/roboboat02/materials/textures/Boat02_Roughness.png
[22.694s] -- Installing: /home/momesso/vrx_ws/install/share/vrx_gz/models/roboboat02/materials/textures/Boat02_Normal.png
[22.695s] -- Installing: /home/momesso/vrx_ws/install/share/vrx_gz/models/roboboat02/materials/scripts
[22.695s] -- Installing: /home/momesso/vrx_ws/install/share/vrx_gz/models/roboboat02/materials/scripts/model.material
[22.695s] -- Installing: /home/momesso/vrx_ws/install/share/vrx_gz/models/roboboat02/model.sdf
[22.695s] -- Installing: /home/momesso/vrx_ws/install/share/vrx_gz/models/robotx_light_buoy_ygb
[22.695s] -- Installing: /home/momesso/vrx_ws/install/share/vrx_gz/models/robotx_light_buoy_ygb/model.config
[22.695s] -- Installing: /home/momesso/vrx_ws/install/share/vrx_gz/models/robotx_light_buoy_ygb/model.sdf
[22.695s] -- Installing: /home/momesso/vrx_ws/install/share/vrx_gz/models/articulated_platform
[22.695s] -- Installing: /home/momesso/vrx_ws/install/share/vrx_gz/models/articulated_platform/model.config
[22.695s] -- Installing: /home/momesso/vrx_ws/install/share/vrx_gz/models/articulated_platform/model.sdf
[22.696s] -- Installing: /home/momesso/vrx_ws/install/share/vrx_gz/models/robotx_light_buoy_rgb
[22.696s] -- Installing: /home/momesso/vrx_ws/install/share/vrx_gz/models/robotx_light_buoy_rgb/mesh
[22.696s] -- Installing: /home/momesso/vrx_ws/install/share/vrx_gz/models/robotx_light_buoy_rgb/mesh/LightTower_Opacity.png
[22.696s] -- Installing: /home/momesso/vrx_ws/install/share/vrx_gz/models/robotx_light_buoy_rgb/mesh/robotx_light_buoy.dae
[22.696s] -- Installing: /home/momesso/vrx_ws/install/share/vrx_gz/models/robotx_light_buoy_rgb/mesh/LightTower_Normal.png
[22.699s] -- Installing: /home/momesso/vrx_ws/install/share/vrx_gz/models/robotx_light_buoy_rgb/mesh/LightTower_Albedo.png
[22.700s] -- Installing: /home/momesso/vrx_ws/install/share/vrx_gz/models/robotx_light_buoy_rgb/mesh/LightTower_Roughness.png
[22.701s] -- Installing: /home/momesso/vrx_ws/install/share/vrx_gz/models/robotx_light_buoy_rgb/mesh/LightTower_Metalness.png
[22.701s] -- Installing: /home/momesso/vrx_ws/install/share/vrx_gz/models/robotx_light_buoy_rgb/model.config
[22.701s] -- Installing: /home/momesso/vrx_ws/install/share/vrx_gz/models/robotx_light_buoy_rgb/model.sdf
[22.701s] -- Installing: /home/momesso/vrx_ws/install/share/vrx_gz/models/obstacle_course
[22.701s] -- Installing: /home/momesso/vrx_ws/install/share/vrx_gz/models/obstacle_course/model.config
[22.701s] -- Installing: /home/momesso/vrx_ws/install/share/vrx_gz/models/obstacle_course/model.sdf
[22.701s] -- Installing: /home/momesso/vrx_ws/install/share/vrx_gz/models/short_navigation_course_1
[22.701s] -- Installing: /home/momesso/vrx_ws/install/share/vrx_gz/models/short_navigation_course_1/model.config
[22.701s] -- Installing: /home/momesso/vrx_ws/install/share/vrx_gz/models/short_navigation_course_1/model.sdf
[22.701s] -- Installing: /home/momesso/vrx_ws/install/share/vrx_gz/models/short_navigation_course_4
[22.701s] -- Installing: /home/momesso/vrx_ws/install/share/vrx_gz/models/short_navigation_course_4/model.config
[22.701s] -- Installing: /home/momesso/vrx_ws/install/share/vrx_gz/models/short_navigation_course_4/model.sdf
[22.701s] -- Installing: /home/momesso/vrx_ws/install/share/vrx_gz/models/roboboat01
[22.701s] -- Installing: /home/momesso/vrx_ws/install/share/vrx_gz/models/roboboat01/meshes
[22.702s] -- Installing: /home/momesso/vrx_ws/install/share/vrx_gz/models/roboboat01/meshes/prop.dae
[22.702s] -- Installing: /home/momesso/vrx_ws/install/share/vrx_gz/models/roboboat01/meshes/mount.dae
[22.702s] -- Installing: /home/momesso/vrx_ws/install/share/vrx_gz/models/roboboat01/meshes/roboboat01.dae
[22.702s] -- Installing: /home/momesso/vrx_ws/install/share/vrx_gz/models/roboboat01/meshes/housing.dae
[22.702s] -- Installing: /home/momesso/vrx_ws/install/share/vrx_gz/models/roboboat01/model.config
[22.702s] -- Installing: /home/momesso/vrx_ws/install/share/vrx_gz/models/roboboat01/materials
[22.703s] -- Installing: /home/momesso/vrx_ws/install/share/vrx_gz/models/roboboat01/materials/textures
[22.703s] -- Installing: /home/momesso/vrx_ws/install/share/vrx_gz/models/roboboat01/materials/textures/Thruster_Albedo.png
[22.703s] -- Installing: /home/momesso/vrx_ws/install/share/vrx_gz/models/roboboat01/materials/textures/Boat01_Roughness.png
[22.706s] -- Installing: /home/momesso/vrx_ws/install/share/vrx_gz/models/roboboat01/materials/textures/Boat01_Normal.png
[22.706s] -- Installing: /home/momesso/vrx_ws/install/share/vrx_gz/models/roboboat01/materials/textures/Thruster_Roughness.png
[22.707s] -- Installing: /home/momesso/vrx_ws/install/share/vrx_gz/models/roboboat01/materials/textures/Boat01_Albedo.png
[22.711s] -- Installing: /home/momesso/vrx_ws/install/share/vrx_gz/models/roboboat01/materials/textures/Boat01_Metallic.png
[22.711s] -- Installing: /home/momesso/vrx_ws/install/share/vrx_gz/models/roboboat01/materials/scripts
[22.711s] -- Installing: /home/momesso/vrx_ws/install/share/vrx_gz/models/roboboat01/materials/scripts/model.material
[22.711s] -- Installing: /home/momesso/vrx_ws/install/share/vrx_gz/models/roboboat01/model.sdf
[22.711s] -- Installing: /home/momesso/vrx_ws/install/share/vrx_gz/models/symbol_triangle
[22.711s] -- Installing: /home/momesso/vrx_ws/install/share/vrx_gz/models/symbol_triangle/mesh
[22.711s] -- Installing: /home/momesso/vrx_ws/install/share/vrx_gz/models/symbol_triangle/mesh/triangle.dae
[22.712s] -- Installing: /home/momesso/vrx_ws/install/share/vrx_gz/models/symbol_triangle/model.config
[22.712s] -- Installing: /home/momesso/vrx_ws/install/share/vrx_gz/models/symbol_triangle/model.sdf
[22.712s] -- Installing: /home/momesso/vrx_ws/install/share/vrx_gz/models/robotx_light_buoy_rbg
[22.712s] -- Installing: /home/momesso/vrx_ws/install/share/vrx_gz/models/robotx_light_buoy_rbg/model.config
[22.712s] -- Installing: /home/momesso/vrx_ws/install/share/vrx_gz/models/robotx_light_buoy_rbg/model.sdf
[22.712s] -- Installing: /home/momesso/vrx_ws/install/share/vrx_gz/models/short_navigation_course_3
[22.712s] -- Installing: /home/momesso/vrx_ws/install/share/vrx_gz/models/short_navigation_course_3/model.config
[22.712s] -- Installing: /home/momesso/vrx_ws/install/share/vrx_gz/models/short_navigation_course_3/model.sdf
[22.712s] -- Installing: /home/momesso/vrx_ws/install/share/vrx_gz/models/short_navigation_course_2
[22.712s] -- Installing: /home/momesso/vrx_ws/install/share/vrx_gz/models/short_navigation_course_2/model.config
[22.712s] -- Installing: /home/momesso/vrx_ws/install/share/vrx_gz/models/short_navigation_course_2/model.sdf
[22.712s] -- Installing: /home/momesso/vrx_ws/install/share/vrx_gz/models/dock_2022_base
[22.712s] -- Installing: /home/momesso/vrx_ws/install/share/vrx_gz/models/dock_2022_base/model.config
[22.712s] -- Installing: /home/momesso/vrx_ws/install/share/vrx_gz/models/dock_2022_base/model.sdf
[22.712s] -- Installing: /home/momesso/vrx_ws/install/share/vrx_gz/models/robotx_light_buoy_rgy
[22.712s] -- Installing: /home/momesso/vrx_ws/install/share/vrx_gz/models/robotx_light_buoy_rgy/model.config
[22.713s] -- Installing: /home/momesso/vrx_ws/install/share/vrx_gz/models/robotx_light_buoy_rgy/model.sdf
[22.713s] -- Installing: /home/momesso/vrx_ws/install/share/vrx_gz/models/robotx_light_buoy_bgr
[22.713s] -- Installing: /home/momesso/vrx_ws/install/share/vrx_gz/models/robotx_light_buoy_bgr/model.config
[22.713s] -- Installing: /home/momesso/vrx_ws/install/share/vrx_gz/models/robotx_light_buoy_bgr/model.sdf
[22.713s] -- Installing: /home/momesso/vrx_ws/install/share/vrx_gz/models/robotx_light_buoy_gbr
[22.713s] -- Installing: /home/momesso/vrx_ws/install/share/vrx_gz/models/robotx_light_buoy_gbr/model.config
[22.713s] -- Installing: /home/momesso/vrx_ws/install/share/vrx_gz/models/robotx_light_buoy_gbr/model.sdf
[22.713s] -- Installing: /home/momesso/vrx_ws/install/share/vrx_gz/models/roboboat_cpubox
[22.713s] -- Installing: /home/momesso/vrx_ws/install/share/vrx_gz/models/roboboat_cpubox/meshes
[22.713s] -- Installing: /home/momesso/vrx_ws/install/share/vrx_gz/models/roboboat_cpubox/meshes/drybox.dae
[22.713s] -- Installing: /home/momesso/vrx_ws/install/share/vrx_gz/models/roboboat_cpubox/model.config
[22.713s] -- Installing: /home/momesso/vrx_ws/install/share/vrx_gz/models/roboboat_cpubox/materials
[22.713s] -- Installing: /home/momesso/vrx_ws/install/share/vrx_gz/models/roboboat_cpubox/materials/textures
[22.713s] -- Installing: /home/momesso/vrx_ws/install/share/vrx_gz/models/roboboat_cpubox/materials/textures/DryBox_Roughness.png
[22.719s] -- Installing: /home/momesso/vrx_ws/install/share/vrx_gz/models/roboboat_cpubox/materials/textures/DryBox_Albedo.png
[22.723s] -- Installing: /home/momesso/vrx_ws/install/share/vrx_gz/models/roboboat_cpubox/model.sdf
[22.723s] -- Installing: /home/momesso/vrx_ws/install/share/vrx_gz/models/coast_waves
[22.723s] -- Installing: /home/momesso/vrx_ws/install/share/vrx_gz/models/coast_waves/meshes
[22.723s] -- Installing: /home/momesso/vrx_ws/install/share/vrx_gz/models/coast_waves/meshes/waterlow.dae
[22.731s] -- Installing: /home/momesso/vrx_ws/install/share/vrx_gz/models/coast_waves/model.config
[22.731s] -- Installing: /home/momesso/vrx_ws/install/share/vrx_gz/models/coast_waves/materials
[22.731s] -- Installing: /home/momesso/vrx_ws/install/share/vrx_gz/models/coast_waves/materials/textures
[22.731s] -- Installing: /home/momesso/vrx_ws/install/share/vrx_gz/models/coast_waves/materials/textures/skybox_lowres.dds
[22.732s] -- Installing: /home/momesso/vrx_ws/install/share/vrx_gz/models/coast_waves/materials/textures/wave_normals.dds
[22.732s] -- Installing: /home/momesso/vrx_ws/install/share/vrx_gz/models/coast_waves/materials/programs
[22.732s] -- Installing: /home/momesso/vrx_ws/install/share/vrx_gz/models/coast_waves/materials/programs/GerstnerWaves_vs_330.glsl
[22.732s] -- Installing: /home/momesso/vrx_ws/install/share/vrx_gz/models/coast_waves/materials/programs/GerstnerWaves_fs_330.glsl
[22.732s] -- Installing: /home/momesso/vrx_ws/install/share/vrx_gz/models/coast_waves/model.sdf
[22.732s] -- Installing: /home/momesso/vrx_ws/install/share/vrx_gz/models/placard_2022
[22.732s] -- Installing: /home/momesso/vrx_ws/install/share/vrx_gz/models/placard_2022/meshes
[22.732s] -- Installing: /home/momesso/vrx_ws/install/share/vrx_gz/models/placard_2022/meshes/placard_2022.dae
[22.732s] -- Installing: /home/momesso/vrx_ws/install/share/vrx_gz/models/placard_2022/model.config
[22.733s] -- Installing: /home/momesso/vrx_ws/install/share/vrx_gz/models/placard_2022/materials
[22.733s] -- Installing: /home/momesso/vrx_ws/install/share/vrx_gz/models/placard_2022/materials/textures
[22.733s] -- Installing: /home/momesso/vrx_ws/install/share/vrx_gz/models/placard_2022/materials/textures/Placard.png
[22.733s] -- Installing: /home/momesso/vrx_ws/install/share/vrx_gz/models/placard_2022/model.sdf
[22.733s] -- Installing: /home/momesso/vrx_ws/install/share/vrx_gz/models/short_course_2023_phase3_1
[22.733s] -- Installing: /home/momesso/vrx_ws/install/share/vrx_gz/models/short_course_2023_phase3_1/model.config
[22.733s] -- Installing: /home/momesso/vrx_ws/install/share/vrx_gz/models/short_course_2023_phase3_1/model.sdf
[22.733s] -- Installing: /home/momesso/vrx_ws/install/share/vrx_gz/models/short_navigation_course_5
[22.733s] -- Installing: /home/momesso/vrx_ws/install/share/vrx_gz/models/short_navigation_course_5/model.config
[22.733s] -- Installing: /home/momesso/vrx_ws/install/share/vrx_gz/models/short_navigation_course_5/model.sdf
[22.733s] -- Installing: /home/momesso/vrx_ws/install/share/vrx_gz/models/entrance_exit
[22.733s] -- Installing: /home/momesso/vrx_ws/install/share/vrx_gz/models/entrance_exit/model.config
[22.733s] -- Installing: /home/momesso/vrx_ws/install/share/vrx_gz/models/entrance_exit/model.sdf
[22.733s] -- Installing: /home/momesso/vrx_ws/install/share/vrx_gz/models/robotx_light_buoy_yrg
[22.733s] -- Installing: /home/momesso/vrx_ws/install/share/vrx_gz/models/robotx_light_buoy_yrg/model.config
[22.733s] -- Installing: /home/momesso/vrx_ws/install/share/vrx_gz/models/robotx_light_buoy_yrg/model.sdf
[22.733s] -- Installing: /home/momesso/vrx_ws/install/share/vrx_gz/models/robotx_light_buoy_bgy
[22.734s] -- Installing: /home/momesso/vrx_ws/install/share/vrx_gz/models/robotx_light_buoy_bgy/model.config
[22.734s] -- Installing: /home/momesso/vrx_ws/install/share/vrx_gz/models/robotx_light_buoy_bgy/model.sdf
[22.734s] -- Installing: /home/momesso/vrx_ws/install/share/vrx_gz/models/dock_block_4x4
[22.734s] -- Installing: /home/momesso/vrx_ws/install/share/vrx_gz/models/dock_block_4x4/mesh
[22.734s] -- Installing: /home/momesso/vrx_ws/install/share/vrx_gz/models/dock_block_4x4/mesh/dock_block_4x4.dae
[22.735s] -- Installing: /home/momesso/vrx_ws/install/share/vrx_gz/models/dock_block_4x4/mesh/DockCubes_Roughness.png
[22.735s] -- Installing: /home/momesso/vrx_ws/install/share/vrx_gz/models/dock_block_4x4/mesh/DockCubes_Albedo.png
[22.736s] -- Installing: /home/momesso/vrx_ws/install/share/vrx_gz/models/dock_block_4x4/mesh/DockCubes_Metalness.png
[22.736s] -- Installing: /home/momesso/vrx_ws/install/share/vrx_gz/models/dock_block_4x4/mesh/DockCubes_Normal.png
[22.753s] -- Installing: /home/momesso/vrx_ws/install/share/vrx_gz/models/dock_block_4x4/model.config
[22.753s] -- Installing: /home/momesso/vrx_ws/install/share/vrx_gz/models/dock_block_4x4/model.sdf
[22.753s] -- Installing: /home/momesso/vrx_ws/install/share/vrx_gz/models/short_navigation_course_0
[22.753s] -- Installing: /home/momesso/vrx_ws/install/share/vrx_gz/models/short_navigation_course_0/model.config
[22.753s] -- Installing: /home/momesso/vrx_ws/install/share/vrx_gz/models/short_navigation_course_0/model.sdf
[22.753s] -- Installing: /home/momesso/vrx_ws/install/share/vrx_gz/models/dock_2022
[22.753s] -- Installing: /home/momesso/vrx_ws/install/share/vrx_gz/models/dock_2022/model.config
[22.753s] -- Installing: /home/momesso/vrx_ws/install/share/vrx_gz/models/dock_2022/model.sdf
[22.753s] -- Installing: /home/momesso/vrx_ws/install/share/vrx_gz/models/short_course_2023_phase3_2
[22.753s] -- Installing: /home/momesso/vrx_ws/install/share/vrx_gz/models/short_course_2023_phase3_2/model.config
[22.753s] -- Installing: /home/momesso/vrx_ws/install/share/vrx_gz/models/short_course_2023_phase3_2/model.sdf
[22.753s] -- Installing: /home/momesso/vrx_ws/install/share/vrx_gz/models/robotx_light_buoy_ybr
[22.753s] -- Installing: /home/momesso/vrx_ws/install/share/vrx_gz/models/robotx_light_buoy_ybr/model.config
[22.753s] -- Installing: /home/momesso/vrx_ws/install/share/vrx_gz/models/robotx_light_buoy_ybr/model.sdf
[22.754s] -- Installing: /home/momesso/vrx_ws/install/share/vrx_gz/worlds
[22.754s] -- Installing: /home/momesso/vrx_ws/install/share/vrx_gz/worlds/follow_path_task.sdf
[22.754s] -- Installing: /home/momesso/vrx_ws/install/share/vrx_gz/worlds/acoustic_perception_task.sdf
[22.754s] -- Installing: /home/momesso/vrx_ws/install/share/vrx_gz/worlds/perception_task.sdf
[22.754s] -- Installing: /home/momesso/vrx_ws/install/share/vrx_gz/worlds/wildlife_task.sdf
[22.754s] -- Installing: /home/momesso/vrx_ws/install/share/vrx_gz/worlds/acoustic_tracking_task.sdf
[22.754s] -- Installing: /home/momesso/vrx_ws/install/share/vrx_gz/worlds/sydney_regatta.sdf
[22.754s] -- Installing: /home/momesso/vrx_ws/install/share/vrx_gz/worlds/nbpark.sdf
[22.754s] -- Installing: /home/momesso/vrx_ws/install/share/vrx_gz/worlds/navigation_task.sdf
[22.754s] -- Installing: /home/momesso/vrx_ws/install/share/vrx_gz/worlds/stationkeeping_task.sdf
[22.754s] -- Installing: /home/momesso/vrx_ws/install/share/vrx_gz/worlds/scan_dock_deliver_task.sdf
[22.754s] -- Installing: /home/momesso/vrx_ws/install/share/vrx_gz/worlds/gymkhana_task.sdf
[22.755s] -- Installing: /home/momesso/vrx_ws/install/share/vrx_gz/worlds/2023_practice
[22.755s] -- Installing: /home/momesso/vrx_ws/install/share/vrx_gz/worlds/2023_practice/practice_2023_acoustic_perception0_task.sdf
[22.755s] -- Installing: /home/momesso/vrx_ws/install/share/vrx_gz/worlds/2023_practice/practice_2023_acoustic_tracking1_task.sdf
[22.755s] -- Installing: /home/momesso/vrx_ws/install/share/vrx_gz/worlds/2023_practice/practice_2023_wayfinding2_task.sdf
[22.755s] -- Installing: /home/momesso/vrx_ws/install/share/vrx_gz/worlds/2023_practice/practice_2023_stationkeeping2_task.sdf
[22.755s] -- Installing: /home/momesso/vrx_ws/install/share/vrx_gz/worlds/2023_practice/practice_2023_wildlife1_task.sdf
[22.755s] -- Installing: /home/momesso/vrx_ws/install/share/vrx_gz/worlds/2023_practice/practice_2023_follow_path2_task.sdf
[22.755s] -- Installing: /home/momesso/vrx_ws/install/share/vrx_gz/worlds/2023_practice/practice_2023_stationkeeping0_task.sdf
[22.755s] -- Installing: /home/momesso/vrx_ws/install/share/vrx_gz/worlds/2023_practice/practice_2023_perception1_task.sdf
[22.755s] -- Installing: /home/momesso/vrx_ws/install/share/vrx_gz/worlds/2023_practice/practice_2023_perception0_task.sdf
[22.755s] -- Installing: /home/momesso/vrx_ws/install/share/vrx_gz/worlds/2023_practice/practice_2023_wayfinding1_task.sdf
[22.755s] -- Installing: /home/momesso/vrx_ws/install/share/vrx_gz/worlds/2023_practice/practice_2023_scan_dock_deliver0_task.sdf
[22.755s] -- Installing: /home/momesso/vrx_ws/install/share/vrx_gz/worlds/2023_practice/practice_2023_scan_dock_deliver2_task.sdf
[22.755s] -- Installing: /home/momesso/vrx_ws/install/share/vrx_gz/worlds/2023_practice/practice_2023_stationkeeping1_task.sdf
[22.755s] -- Installing: /home/momesso/vrx_ws/install/share/vrx_gz/worlds/2023_practice/practice_2023_follow_path1_task.sdf
[22.755s] -- Installing: /home/momesso/vrx_ws/install/share/vrx_gz/worlds/2023_practice/practice_2023_wayfinding0_task.sdf
[22.755s] -- Installing: /home/momesso/vrx_ws/install/share/vrx_gz/worlds/2023_practice/practice_2023_acoustic_tracking0_task.sdf
[22.755s] -- Installing: /home/momesso/vrx_ws/install/share/vrx_gz/worlds/2023_practice/practice_2023_scan_dock_deliver1_task.sdf
[22.756s] -- Installing: /home/momesso/vrx_ws/install/share/vrx_gz/worlds/2023_practice/practice_2023_follow_path0_task.sdf
[22.756s] -- Installing: /home/momesso/vrx_ws/install/share/vrx_gz/worlds/2023_practice/practice_2023_wildlife0_task.sdf
[22.756s] -- Installing: /home/momesso/vrx_ws/install/share/vrx_gz/worlds/2023_practice/practice_2023_acoustic_tracking2_task.sdf
[22.756s] -- Installing: /home/momesso/vrx_ws/install/share/vrx_gz/worlds/2023_practice/practice_2023_wildlife2_task.sdf
[22.756s] -- Installing: /home/momesso/vrx_ws/install/share/vrx_gz/worlds/2023_practice/practice_2023_perception2_task.sdf
[22.756s] -- Installing: /home/momesso/vrx_ws/install/share/vrx_gz/worlds/2023_practice/practice_2023_acoustic_perception1_task.sdf
[22.756s] -- Installing: /home/momesso/vrx_ws/install/share/vrx_gz/worlds/2023_practice/practice_2023_acoustic_perception2_task.sdf
[22.756s] -- Installing: /home/momesso/vrx_ws/install/share/vrx_gz/worlds/wayfinding_task.sdf
[22.756s] -- Installing: /home/momesso/vrx_ws/install/share/ament_index/resource_index/package_run_dependencies/vrx_gz
[22.756s] -- Installing: /home/momesso/vrx_ws/install/share/ament_index/resource_index/parent_prefix_path/vrx_gz
[22.756s] -- Installing: /home/momesso/vrx_ws/install/share/vrx_gz/environment/ament_prefix_path.sh
[22.756s] -- Installing: /home/momesso/vrx_ws/install/share/vrx_gz/environment/ament_prefix_path.dsv
[22.757s] -- Installing: /home/momesso/vrx_ws/install/share/vrx_gz/environment/path.sh
[22.757s] -- Installing: /home/momesso/vrx_ws/install/share/vrx_gz/environment/path.dsv
[22.757s] -- Installing: /home/momesso/vrx_ws/install/share/vrx_gz/local_setup.bash
[22.757s] -- Installing: /home/momesso/vrx_ws/install/share/vrx_gz/local_setup.sh
[22.757s] -- Installing: /home/momesso/vrx_ws/install/share/vrx_gz/local_setup.zsh
[22.757s] -- Installing: /home/momesso/vrx_ws/install/share/vrx_gz/local_setup.dsv
[22.757s] -- Installing: /home/momesso/vrx_ws/install/share/vrx_gz/package.dsv
[22.757s] -- Installing: /home/momesso/vrx_ws/install/share/ament_index/resource_index/packages/vrx_gz
[22.757s] -- Installing: /home/momesso/vrx_ws/install/share/vrx_gz/cmake/vrx_gzConfig.cmake
[22.757s] -- Installing: /home/momesso/vrx_ws/install/share/vrx_gz/cmake/vrx_gzConfig-version.cmake
[22.757s] -- Installing: /home/momesso/vrx_ws/install/share/vrx_gz/package.xml
[22.759s] Invoked command in '/home/momesso/vrx_ws/build/vrx_gz' returned '0': AMENT_PREFIX_PATH=/home/momesso/vrx_ws/install:${AMENT_PREFIX_PATH} CMAKE_PREFIX_PATH=/home/momesso/vrx_ws/install:/opt/ros/humble /usr/bin/cmake --install /home/momesso/vrx_ws/build/vrx_gz
