[0.006s] Invoking command in '/home/momesso/vrx_ws/build/wamv_description': AMENT_PREFIX_PATH=/home/momesso/vrx_ws/install:${AMENT_PREFIX_PATH} CMAKE_PREFIX_PATH=/home/momesso/vrx_ws/install:/opt/ros/humble GZ_SIM_RESOURCE_PATH=/home/momesso/vrx_ws/install/share/vrx_gazebo/models:/home/momesso/vrx_ws/install/share PYTHONPATH=/home/momesso/vrx_ws/install/local/lib/python3.10/dist-packages:${PYTHONPATH} /usr/bin/cmake /home/momesso/vrx_ws/src/vrx/vrx_urdf/wamv_description -DCMAKE_INSTALL_PREFIX=/home/momesso/vrx_ws/install
[0.042s] -- The C compiler identification is GNU 11.4.0
[0.081s] -- The CXX compiler identification is GNU 11.4.0
[0.086s] -- Detecting C compiler ABI info
[0.132s] -- Detecting C compiler ABI info - done
[0.137s] -- Check for working C compiler: /usr/bin/cc - skipped
[0.138s] -- Detecting C compile features
[0.138s] -- Detecting C compile features - done
[0.140s] -- Detecting CXX compiler ABI info
[0.194s] -- Detecting CXX compiler ABI info - done
[0.200s] -- Check for working CXX compiler: /usr/bin/c++ - skipped
[0.200s] -- Detecting CXX compile features
[0.200s] -- Detecting CXX compile features - done
[0.202s] -- Found ament_cmake: 1.3.8 (/opt/ros/humble/share/ament_cmake/cmake)
[0.313s] -- Found Python3: /usr/bin/python3 (found version "3.10.12") found components: Interpreter 
[0.376s] -- Found xacro: 2.0.8 (/opt/ros/humble/share/xacro/cmake)
[0.377s] -- xacro: determining deps for: urdf/wamv_base.urdf.xacro ...
[0.502s] -- Configuring done
[0.504s] -- Generating done
[0.504s] -- Build files have been written to: /home/momesso/vrx_ws/build/wamv_description
[0.507s] Invoked command in '/home/momesso/vrx_ws/build/wamv_description' returned '0': AMENT_PREFIX_PATH=/home/momesso/vrx_ws/install:${AMENT_PREFIX_PATH} CMAKE_PREFIX_PATH=/home/momesso/vrx_ws/install:/opt/ros/humble GZ_SIM_RESOURCE_PATH=/home/momesso/vrx_ws/install/share/vrx_gazebo/models:/home/momesso/vrx_ws/install/share PYTHONPATH=/home/momesso/vrx_ws/install/local/lib/python3.10/dist-packages:${PYTHONPATH} /usr/bin/cmake /home/momesso/vrx_ws/src/vrx/vrx_urdf/wamv_description -DCMAKE_INSTALL_PREFIX=/home/momesso/vrx_ws/install
[0.509s] Invoking command in '/home/momesso/vrx_ws/build/wamv_description': AMENT_PREFIX_PATH=/home/momesso/vrx_ws/install:${AMENT_PREFIX_PATH} CMAKE_PREFIX_PATH=/home/momesso/vrx_ws/install:/opt/ros/humble GZ_SIM_RESOURCE_PATH=/home/momesso/vrx_ws/install/share/vrx_gazebo/models:/home/momesso/vrx_ws/install/share PYTHONPATH=/home/momesso/vrx_ws/install/local/lib/python3.10/dist-packages:${PYTHONPATH} /usr/bin/cmake --build /home/momesso/vrx_ws/build/wamv_description -- -j12 -l12
[0.538s] [100%] [34m[1mxacro: generating urdf/wamv_base.urdf from urdf/wamv_base.urdf.xacro[0m
[0.617s] [100%] Built target wamv_description__xacro_auto_generate
[0.625s] Invoked command in '/home/momesso/vrx_ws/build/wamv_description' returned '0': AMENT_PREFIX_PATH=/home/momesso/vrx_ws/install:${AMENT_PREFIX_PATH} CMAKE_PREFIX_PATH=/home/momesso/vrx_ws/install:/opt/ros/humble GZ_SIM_RESOURCE_PATH=/home/momesso/vrx_ws/install/share/vrx_gazebo/models:/home/momesso/vrx_ws/install/share PYTHONPATH=/home/momesso/vrx_ws/install/local/lib/python3.10/dist-packages:${PYTHONPATH} /usr/bin/cmake --build /home/momesso/vrx_ws/build/wamv_description -- -j12 -l12
[0.639s] Invoking command in '/home/momesso/vrx_ws/build/wamv_description': AMENT_PREFIX_PATH=/home/momesso/vrx_ws/install:${AMENT_PREFIX_PATH} CMAKE_PREFIX_PATH=/home/momesso/vrx_ws/install:/opt/ros/humble GZ_SIM_RESOURCE_PATH=/home/momesso/vrx_ws/install/share/vrx_gazebo/models:/home/momesso/vrx_ws/install/share PYTHONPATH=/home/momesso/vrx_ws/install/local/lib/python3.10/dist-packages:${PYTHONPATH} /usr/bin/cmake --install /home/momesso/vrx_ws/build/wamv_description
[0.645s] -- Install configuration: ""
[0.645s] -- Installing: /home/momesso/vrx_ws/install/share/wamv_description/environment/resource_paths.dsv
[0.645s] -- Installing: /home/momesso/vrx_ws/install/share/wamv_description/environment/resource_paths.sh
[0.645s] -- Installing: /home/momesso/vrx_ws/install/share/wamv_description/urdf/wamv_base.urdf
[0.645s] -- Installing: /home/momesso/vrx_ws/install/share/wamv_description/models
[0.645s] -- Installing: /home/momesso/vrx_ws/install/share/wamv_description/models/propeller
[0.645s] -- Installing: /home/momesso/vrx_ws/install/share/wamv_description/models/propeller/mesh
[0.645s] -- Installing: /home/momesso/vrx_ws/install/share/wamv_description/models/propeller/mesh/propeller.dae
[0.645s] -- Installing: /home/momesso/vrx_ws/install/share/wamv_description/models/propeller/model.config
[0.645s] -- Installing: /home/momesso/vrx_ws/install/share/wamv_description/models/engine
[0.646s] -- Installing: /home/momesso/vrx_ws/install/share/wamv_description/models/engine/mesh
[0.646s] -- Installing: /home/momesso/vrx_ws/install/share/wamv_description/models/engine/mesh/engine.dae
[0.646s] -- Installing: /home/momesso/vrx_ws/install/share/wamv_description/models/engine/model.config
[0.646s] -- Installing: /home/momesso/vrx_ws/install/share/wamv_description/models/WAM-V-Base
[0.646s] -- Installing: /home/momesso/vrx_ws/install/share/wamv_description/models/WAM-V-Base/mesh
[0.646s] -- Installing: /home/momesso/vrx_ws/install/share/wamv_description/models/WAM-V-Base/mesh/WamV.png
[0.647s] -- Installing: /home/momesso/vrx_ws/install/share/wamv_description/models/WAM-V-Base/mesh/WAM-V-Base.dae
[0.648s] -- Installing: /home/momesso/vrx_ws/install/share/wamv_description/models/WAM-V-Base/mesh/WAM-V_Albedo.png
[0.652s] -- Installing: /home/momesso/vrx_ws/install/share/wamv_description/models/WAM-V-Base/mesh/WAM-V_Normal.png
[0.655s] -- Installing: /home/momesso/vrx_ws/install/share/wamv_description/models/WAM-V-Base/mesh/WAM-V_Roughness.png
[0.657s] -- Installing: /home/momesso/vrx_ws/install/share/wamv_description/models/WAM-V-Base/mesh/WAM-V_Metalness.png
[0.657s] -- Installing: /home/momesso/vrx_ws/install/share/wamv_description/models/WAM-V-Base/model.config
[0.658s] -- Up-to-date: /home/momesso/vrx_ws/install/share/wamv_description/urdf
[0.658s] -- Installing: /home/momesso/vrx_ws/install/share/wamv_description/urdf/wamv_base.urdf.xacro
[0.658s] -- Installing: /home/momesso/vrx_ws/install/share/wamv_description/urdf/thrusters
[0.658s] -- Installing: /home/momesso/vrx_ws/install/share/wamv_description/urdf/thrusters/engine.xacro
[0.658s] -- Installing: /home/momesso/vrx_ws/install/share/wamv_description/urdf/cpu_cases.xacro
[0.658s] -- Installing: /home/momesso/vrx_ws/install/share/wamv_description/urdf/battery.xacro
[0.658s] -- Installing: /home/momesso/vrx_ws/install/share/ament_index/resource_index/package_run_dependencies/wamv_description
[0.658s] -- Installing: /home/momesso/vrx_ws/install/share/ament_index/resource_index/parent_prefix_path/wamv_description
[0.658s] -- Installing: /home/momesso/vrx_ws/install/share/wamv_description/environment/ament_prefix_path.sh
[0.658s] -- Installing: /home/momesso/vrx_ws/install/share/wamv_description/environment/ament_prefix_path.dsv
[0.658s] -- Installing: /home/momesso/vrx_ws/install/share/wamv_description/environment/path.sh
[0.658s] -- Installing: /home/momesso/vrx_ws/install/share/wamv_description/environment/path.dsv
[0.658s] -- Installing: /home/momesso/vrx_ws/install/share/wamv_description/local_setup.bash
[0.658s] -- Installing: /home/momesso/vrx_ws/install/share/wamv_description/local_setup.sh
[0.659s] -- Installing: /home/momesso/vrx_ws/install/share/wamv_description/local_setup.zsh
[0.659s] -- Installing: /home/momesso/vrx_ws/install/share/wamv_description/local_setup.dsv
[0.659s] -- Installing: /home/momesso/vrx_ws/install/share/wamv_description/package.dsv
[0.659s] -- Installing: /home/momesso/vrx_ws/install/share/ament_index/resource_index/packages/wamv_description
[0.659s] -- Installing: /home/momesso/vrx_ws/install/share/wamv_description/cmake/wamv_descriptionConfig.cmake
[0.659s] -- Installing: /home/momesso/vrx_ws/install/share/wamv_description/cmake/wamv_descriptionConfig-version.cmake
[0.659s] -- Installing: /home/momesso/vrx_ws/install/share/wamv_description/package.xml
[0.661s] Invoked command in '/home/momesso/vrx_ws/build/wamv_description' returned '0': AMENT_PREFIX_PATH=/home/momesso/vrx_ws/install:${AMENT_PREFIX_PATH} CMAKE_PREFIX_PATH=/home/momesso/vrx_ws/install:/opt/ros/humble GZ_SIM_RESOURCE_PATH=/home/momesso/vrx_ws/install/share/vrx_gazebo/models:/home/momesso/vrx_ws/install/share PYTHONPATH=/home/momesso/vrx_ws/install/local/lib/python3.10/dist-packages:${PYTHONPATH} /usr/bin/cmake --install /home/momesso/vrx_ws/build/wamv_description
