[0.015s] Invoking command in '/home/momesso/vrx_ws/build/vrx_ros': CMAKE_PREFIX_PATH=${CMAKE_PREFIX_PATH}:/opt/ros/humble /usr/bin/cmake --build /home/momesso/vrx_ws/build/vrx_ros -- -j12 -l12
[0.228s] [100%] Built target optical_frame_publisher
[0.229s] [100%] Built target pose_tf_broadcaster
[0.429s] Invoked command in '/home/momesso/vrx_ws/build/vrx_ros' returned '0': CMAKE_PREFIX_PATH=${CMAKE_PREFIX_PATH}:/opt/ros/humble /usr/bin/cmake --build /home/momesso/vrx_ws/build/vrx_ros -- -j12 -l12
[0.455s] Invoking command in '/home/momesso/vrx_ws/build/vrx_ros': CMAKE_PREFIX_PATH=${CMAKE_PREFIX_PATH}:/opt/ros/humble /usr/bin/cmake --install /home/momesso/vrx_ws/build/vrx_ros
[0.465s] -- Install configuration: ""
[0.466s] -- Up-to-date: /home/momesso/vrx_ws/install/lib/vrx_ros/optical_frame_publisher
[0.469s] -- Up-to-date: /home/momesso/vrx_ws/install/lib/vrx_ros/pose_tf_broadcaster
[0.470s] -- Up-to-date: /home/momesso/vrx_ws/install/share/vrx_ros/launch
[0.470s] -- Up-to-date: /home/momesso/vrx_ws/install/share/vrx_ros/launch/monitor_sim.py
[0.470s] -- Up-to-date: /home/momesso/vrx_ws/install/share/ament_index/resource_index/package_run_dependencies/vrx_ros
[0.470s] -- Up-to-date: /home/momesso/vrx_ws/install/share/ament_index/resource_index/parent_prefix_path/vrx_ros
[0.470s] -- Up-to-date: /home/momesso/vrx_ws/install/share/vrx_ros/environment/ament_prefix_path.sh
[0.470s] -- Up-to-date: /home/momesso/vrx_ws/install/share/vrx_ros/environment/ament_prefix_path.dsv
[0.470s] -- Up-to-date: /home/momesso/vrx_ws/install/share/vrx_ros/environment/path.sh
[0.470s] -- Up-to-date: /home/momesso/vrx_ws/install/share/vrx_ros/environment/path.dsv
[0.471s] -- Up-to-date: /home/momesso/vrx_ws/install/share/vrx_ros/local_setup.bash
[0.471s] -- Up-to-date: /home/momesso/vrx_ws/install/share/vrx_ros/local_setup.sh
[0.471s] -- Up-to-date: /home/momesso/vrx_ws/install/share/vrx_ros/local_setup.zsh
[0.471s] -- Up-to-date: /home/momesso/vrx_ws/install/share/vrx_ros/local_setup.dsv
[0.471s] -- Installing: /home/momesso/vrx_ws/install/share/vrx_ros/package.dsv
[0.472s] -- Up-to-date: /home/momesso/vrx_ws/install/share/ament_index/resource_index/packages/vrx_ros
[0.472s] -- Up-to-date: /home/momesso/vrx_ws/install/share/vrx_ros/cmake/vrx_rosConfig.cmake
[0.472s] -- Up-to-date: /home/momesso/vrx_ws/install/share/vrx_ros/cmake/vrx_rosConfig-version.cmake
[0.472s] -- Up-to-date: /home/momesso/vrx_ws/install/share/vrx_ros/package.xml
[0.472s] Invoked command in '/home/momesso/vrx_ws/build/vrx_ros' returned '0': CMAKE_PREFIX_PATH=${CMAKE_PREFIX_PATH}:/opt/ros/humble /usr/bin/cmake --install /home/momesso/vrx_ws/build/vrx_ros
