[0.084s] DEBUG:colcon:Command line arguments: ['/usr/bin/colcon', 'build', '--merge-install']
[0.084s] DEBUG:colcon:Parsed command line arguments: Namespace(log_base=None, log_level=None, verb_name='build', build_base='build', install_base='install', merge_install=True, symlink_install=False, test_result_base=None, continue_on_error=False, executor='parallel', parallel_workers=12, event_handlers=None, ignore_user_meta=False, metas=['./colcon.meta'], base_paths=['.'], packages_ignore=None, packages_ignore_regex=None, paths=None, packages_up_to=None, packages_up_to_regex=None, packages_above=None, packages_above_and_dependencies=None, packages_above_depth=None, packages_select_by_dep=None, packages_skip_by_dep=None, packages_skip_up_to=None, packages_select_build_failed=False, packages_skip_build_finished=False, packages_select_test_failures=False, packages_skip_test_passed=False, packages_select=None, packages_skip=None, packages_select_regex=None, packages_skip_regex=None, packages_start=None, packages_end=None, allow_overriding=[], cmake_args=None, cmake_target=None, cmake_target_skip_unavailable=False, cmake_clean_cache=False, cmake_clean_first=False, cmake_force_configure=False, ament_cmake_args=None, catkin_cmake_args=None, catkin_skip_building_tests=False, verb_parser=<colcon_defaults.argument_parser.defaults.DefaultArgumentsDecorator object at 0x787c47f34670>, verb_extension=<colcon_core.verb.build.BuildVerb object at 0x787c47f340a0>, main=<bound method BuildVerb.main of <colcon_core.verb.build.BuildVerb object at 0x787c47f340a0>>)
[0.218s] Level 1:colcon.colcon_core.package_discovery:discover_packages(colcon_meta) check parameters
[0.218s] Level 1:colcon.colcon_core.package_discovery:discover_packages(recursive) check parameters
[0.218s] Level 1:colcon.colcon_core.package_discovery:discover_packages(ignore) check parameters
[0.218s] Level 1:colcon.colcon_core.package_discovery:discover_packages(path) check parameters
[0.218s] Level 1:colcon.colcon_core.package_discovery:discover_packages(colcon_meta) discover
[0.218s] Level 1:colcon.colcon_core.package_discovery:discover_packages(recursive) discover
[0.218s] INFO:colcon.colcon_core.package_discovery:Crawling recursively for packages in '/home/momesso/vrx_ws'
[0.218s] Level 1:colcon.colcon_core.package_identification:_identify(.) by extensions ['ignore', 'ignore_ament_install']
[0.218s] Level 1:colcon.colcon_core.package_identification:_identify(.) by extension 'ignore'
[0.218s] Level 1:colcon.colcon_core.package_identification:_identify(.) by extension 'ignore_ament_install'
[0.219s] Level 1:colcon.colcon_core.package_identification:_identify(.) by extensions ['colcon_pkg']
[0.219s] Level 1:colcon.colcon_core.package_identification:_identify(.) by extension 'colcon_pkg'
[0.219s] Level 1:colcon.colcon_core.package_identification:_identify(.) by extensions ['colcon_meta']
[0.219s] Level 1:colcon.colcon_core.package_identification:_identify(.) by extension 'colcon_meta'
[0.219s] Level 1:colcon.colcon_core.package_identification:_identify(.) by extensions ['ros']
[0.219s] Level 1:colcon.colcon_core.package_identification:_identify(.) by extension 'ros'
[0.228s] Level 1:colcon.colcon_core.package_identification:_identify(.) by extensions ['cmake', 'python']
[0.228s] Level 1:colcon.colcon_core.package_identification:_identify(.) by extension 'cmake'
[0.228s] Level 1:colcon.colcon_core.package_identification:_identify(.) by extension 'python'
[0.228s] Level 1:colcon.colcon_core.package_identification:_identify(.) by extensions ['python_setup_py']
[0.228s] Level 1:colcon.colcon_core.package_identification:_identify(.) by extension 'python_setup_py'
[0.228s] Level 1:colcon.colcon_core.package_identification:_identify(build) by extensions ['ignore', 'ignore_ament_install']
[0.228s] Level 1:colcon.colcon_core.package_identification:_identify(build) by extension 'ignore'
[0.228s] Level 1:colcon.colcon_core.package_identification:_identify(build) ignored
[0.228s] Level 1:colcon.colcon_core.package_identification:_identify(install) by extensions ['ignore', 'ignore_ament_install']
[0.228s] Level 1:colcon.colcon_core.package_identification:_identify(install) by extension 'ignore'
[0.228s] Level 1:colcon.colcon_core.package_identification:_identify(install) ignored
[0.228s] Level 1:colcon.colcon_core.package_identification:_identify(log) by extensions ['ignore', 'ignore_ament_install']
[0.228s] Level 1:colcon.colcon_core.package_identification:_identify(log) by extension 'ignore'
[0.228s] Level 1:colcon.colcon_core.package_identification:_identify(log) ignored
[0.228s] Level 1:colcon.colcon_core.package_identification:_identify(src) by extensions ['ignore', 'ignore_ament_install']
[0.229s] Level 1:colcon.colcon_core.package_identification:_identify(src) by extension 'ignore'
[0.229s] Level 1:colcon.colcon_core.package_identification:_identify(src) by extension 'ignore_ament_install'
[0.229s] Level 1:colcon.colcon_core.package_identification:_identify(src) by extensions ['colcon_pkg']
[0.229s] Level 1:colcon.colcon_core.package_identification:_identify(src) by extension 'colcon_pkg'
[0.229s] Level 1:colcon.colcon_core.package_identification:_identify(src) by extensions ['colcon_meta']
[0.229s] Level 1:colcon.colcon_core.package_identification:_identify(src) by extension 'colcon_meta'
[0.229s] Level 1:colcon.colcon_core.package_identification:_identify(src) by extensions ['ros']
[0.229s] Level 1:colcon.colcon_core.package_identification:_identify(src) by extension 'ros'
[0.229s] Level 1:colcon.colcon_core.package_identification:_identify(src) by extensions ['cmake', 'python']
[0.229s] Level 1:colcon.colcon_core.package_identification:_identify(src) by extension 'cmake'
[0.229s] Level 1:colcon.colcon_core.package_identification:_identify(src) by extension 'python'
[0.229s] Level 1:colcon.colcon_core.package_identification:_identify(src) by extensions ['python_setup_py']
[0.229s] Level 1:colcon.colcon_core.package_identification:_identify(src) by extension 'python_setup_py'
[0.229s] Level 1:colcon.colcon_core.package_identification:_identify(src/vrx) by extensions ['ignore', 'ignore_ament_install']
[0.229s] Level 1:colcon.colcon_core.package_identification:_identify(src/vrx) by extension 'ignore'
[0.229s] Level 1:colcon.colcon_core.package_identification:_identify(src/vrx) by extension 'ignore_ament_install'
[0.229s] Level 1:colcon.colcon_core.package_identification:_identify(src/vrx) by extensions ['colcon_pkg']
[0.230s] Level 1:colcon.colcon_core.package_identification:_identify(src/vrx) by extension 'colcon_pkg'
[0.230s] Level 1:colcon.colcon_core.package_identification:_identify(src/vrx) by extensions ['colcon_meta']
[0.230s] Level 1:colcon.colcon_core.package_identification:_identify(src/vrx) by extension 'colcon_meta'
[0.230s] Level 1:colcon.colcon_core.package_identification:_identify(src/vrx) by extensions ['ros']
[0.230s] Level 1:colcon.colcon_core.package_identification:_identify(src/vrx) by extension 'ros'
[0.230s] Level 1:colcon.colcon_core.package_identification:_identify(src/vrx) by extensions ['cmake', 'python']
[0.230s] Level 1:colcon.colcon_core.package_identification:_identify(src/vrx) by extension 'cmake'
[0.230s] Level 1:colcon.colcon_core.package_identification:_identify(src/vrx) by extension 'python'
[0.230s] Level 1:colcon.colcon_core.package_identification:_identify(src/vrx) by extensions ['python_setup_py']
[0.230s] Level 1:colcon.colcon_core.package_identification:_identify(src/vrx) by extension 'python_setup_py'
[0.230s] Level 1:colcon.colcon_core.package_identification:_identify(src/vrx/images) by extensions ['ignore', 'ignore_ament_install']
[0.230s] Level 1:colcon.colcon_core.package_identification:_identify(src/vrx/images) by extension 'ignore'
[0.230s] Level 1:colcon.colcon_core.package_identification:_identify(src/vrx/images) by extension 'ignore_ament_install'
[0.230s] Level 1:colcon.colcon_core.package_identification:_identify(src/vrx/images) by extensions ['colcon_pkg']
[0.230s] Level 1:colcon.colcon_core.package_identification:_identify(src/vrx/images) by extension 'colcon_pkg'
[0.230s] Level 1:colcon.colcon_core.package_identification:_identify(src/vrx/images) by extensions ['colcon_meta']
[0.230s] Level 1:colcon.colcon_core.package_identification:_identify(src/vrx/images) by extension 'colcon_meta'
[0.230s] Level 1:colcon.colcon_core.package_identification:_identify(src/vrx/images) by extensions ['ros']
[0.230s] Level 1:colcon.colcon_core.package_identification:_identify(src/vrx/images) by extension 'ros'
[0.230s] Level 1:colcon.colcon_core.package_identification:_identify(src/vrx/images) by extensions ['cmake', 'python']
[0.230s] Level 1:colcon.colcon_core.package_identification:_identify(src/vrx/images) by extension 'cmake'
[0.230s] Level 1:colcon.colcon_core.package_identification:_identify(src/vrx/images) by extension 'python'
[0.231s] Level 1:colcon.colcon_core.package_identification:_identify(src/vrx/images) by extensions ['python_setup_py']
[0.231s] Level 1:colcon.colcon_core.package_identification:_identify(src/vrx/images) by extension 'python_setup_py'
[0.231s] Level 1:colcon.colcon_core.package_identification:_identify(src/vrx/vrx_gz) by extensions ['ignore', 'ignore_ament_install']
[0.231s] Level 1:colcon.colcon_core.package_identification:_identify(src/vrx/vrx_gz) by extension 'ignore'
[0.231s] Level 1:colcon.colcon_core.package_identification:_identify(src/vrx/vrx_gz) by extension 'ignore_ament_install'
[0.231s] Level 1:colcon.colcon_core.package_identification:_identify(src/vrx/vrx_gz) by extensions ['colcon_pkg']
[0.231s] Level 1:colcon.colcon_core.package_identification:_identify(src/vrx/vrx_gz) by extension 'colcon_pkg'
[0.231s] Level 1:colcon.colcon_core.package_identification:_identify(src/vrx/vrx_gz) by extensions ['colcon_meta']
[0.231s] Level 1:colcon.colcon_core.package_identification:_identify(src/vrx/vrx_gz) by extension 'colcon_meta'
[0.231s] Level 1:colcon.colcon_core.package_identification:_identify(src/vrx/vrx_gz) by extensions ['ros']
[0.231s] Level 1:colcon.colcon_core.package_identification:_identify(src/vrx/vrx_gz) by extension 'ros'
[0.233s] DEBUG:colcon.colcon_core.package_identification:Package 'src/vrx/vrx_gz' with type 'ros.ament_cmake' and name 'vrx_gz'
[0.233s] Level 1:colcon.colcon_core.package_identification:_identify(src/vrx/vrx_ros) by extensions ['ignore', 'ignore_ament_install']
[0.233s] Level 1:colcon.colcon_core.package_identification:_identify(src/vrx/vrx_ros) by extension 'ignore'
[0.233s] Level 1:colcon.colcon_core.package_identification:_identify(src/vrx/vrx_ros) by extension 'ignore_ament_install'
[0.233s] Level 1:colcon.colcon_core.package_identification:_identify(src/vrx/vrx_ros) by extensions ['colcon_pkg']
[0.233s] Level 1:colcon.colcon_core.package_identification:_identify(src/vrx/vrx_ros) by extension 'colcon_pkg'
[0.233s] Level 1:colcon.colcon_core.package_identification:_identify(src/vrx/vrx_ros) by extensions ['colcon_meta']
[0.233s] Level 1:colcon.colcon_core.package_identification:_identify(src/vrx/vrx_ros) by extension 'colcon_meta'
[0.233s] Level 1:colcon.colcon_core.package_identification:_identify(src/vrx/vrx_ros) by extensions ['ros']
[0.233s] Level 1:colcon.colcon_core.package_identification:_identify(src/vrx/vrx_ros) by extension 'ros'
[0.234s] DEBUG:colcon.colcon_core.package_identification:Package 'src/vrx/vrx_ros' with type 'ros.ament_cmake' and name 'vrx_ros'
[0.234s] Level 1:colcon.colcon_core.package_identification:_identify(src/vrx/vrx_urdf) by extensions ['ignore', 'ignore_ament_install']
[0.234s] Level 1:colcon.colcon_core.package_identification:_identify(src/vrx/vrx_urdf) by extension 'ignore'
[0.235s] Level 1:colcon.colcon_core.package_identification:_identify(src/vrx/vrx_urdf) by extension 'ignore_ament_install'
[0.235s] Level 1:colcon.colcon_core.package_identification:_identify(src/vrx/vrx_urdf) by extensions ['colcon_pkg']
[0.235s] Level 1:colcon.colcon_core.package_identification:_identify(src/vrx/vrx_urdf) by extension 'colcon_pkg'
[0.235s] Level 1:colcon.colcon_core.package_identification:_identify(src/vrx/vrx_urdf) by extensions ['colcon_meta']
[0.235s] Level 1:colcon.colcon_core.package_identification:_identify(src/vrx/vrx_urdf) by extension 'colcon_meta'
[0.235s] Level 1:colcon.colcon_core.package_identification:_identify(src/vrx/vrx_urdf) by extensions ['ros']
[0.235s] Level 1:colcon.colcon_core.package_identification:_identify(src/vrx/vrx_urdf) by extension 'ros'
[0.235s] Level 1:colcon.colcon_core.package_identification:_identify(src/vrx/vrx_urdf) by extensions ['cmake', 'python']
[0.235s] Level 1:colcon.colcon_core.package_identification:_identify(src/vrx/vrx_urdf) by extension 'cmake'
[0.235s] Level 1:colcon.colcon_core.package_identification:_identify(src/vrx/vrx_urdf) by extension 'python'
[0.235s] Level 1:colcon.colcon_core.package_identification:_identify(src/vrx/vrx_urdf) by extensions ['python_setup_py']
[0.235s] Level 1:colcon.colcon_core.package_identification:_identify(src/vrx/vrx_urdf) by extension 'python_setup_py'
[0.235s] Level 1:colcon.colcon_core.package_identification:_identify(src/vrx/vrx_urdf/vrx_gazebo) by extensions ['ignore', 'ignore_ament_install']
[0.235s] Level 1:colcon.colcon_core.package_identification:_identify(src/vrx/vrx_urdf/vrx_gazebo) by extension 'ignore'
[0.235s] Level 1:colcon.colcon_core.package_identification:_identify(src/vrx/vrx_urdf/vrx_gazebo) by extension 'ignore_ament_install'
[0.235s] Level 1:colcon.colcon_core.package_identification:_identify(src/vrx/vrx_urdf/vrx_gazebo) by extensions ['colcon_pkg']
[0.235s] Level 1:colcon.colcon_core.package_identification:_identify(src/vrx/vrx_urdf/vrx_gazebo) by extension 'colcon_pkg'
[0.235s] Level 1:colcon.colcon_core.package_identification:_identify(src/vrx/vrx_urdf/vrx_gazebo) by extensions ['colcon_meta']
[0.235s] Level 1:colcon.colcon_core.package_identification:_identify(src/vrx/vrx_urdf/vrx_gazebo) by extension 'colcon_meta'
[0.235s] Level 1:colcon.colcon_core.package_identification:_identify(src/vrx/vrx_urdf/vrx_gazebo) by extensions ['ros']
[0.235s] Level 1:colcon.colcon_core.package_identification:_identify(src/vrx/vrx_urdf/vrx_gazebo) by extension 'ros'
[0.236s] DEBUG:colcon.colcon_core.package_identification:Package 'src/vrx/vrx_urdf/vrx_gazebo' with type 'ros.ament_cmake' and name 'vrx_gazebo'
[0.236s] Level 1:colcon.colcon_core.package_identification:_identify(src/vrx/vrx_urdf/wamv_description) by extensions ['ignore', 'ignore_ament_install']
[0.236s] Level 1:colcon.colcon_core.package_identification:_identify(src/vrx/vrx_urdf/wamv_description) by extension 'ignore'
[0.236s] Level 1:colcon.colcon_core.package_identification:_identify(src/vrx/vrx_urdf/wamv_description) by extension 'ignore_ament_install'
[0.236s] Level 1:colcon.colcon_core.package_identification:_identify(src/vrx/vrx_urdf/wamv_description) by extensions ['colcon_pkg']
[0.236s] Level 1:colcon.colcon_core.package_identification:_identify(src/vrx/vrx_urdf/wamv_description) by extension 'colcon_pkg'
[0.236s] Level 1:colcon.colcon_core.package_identification:_identify(src/vrx/vrx_urdf/wamv_description) by extensions ['colcon_meta']
[0.236s] Level 1:colcon.colcon_core.package_identification:_identify(src/vrx/vrx_urdf/wamv_description) by extension 'colcon_meta'
[0.236s] Level 1:colcon.colcon_core.package_identification:_identify(src/vrx/vrx_urdf/wamv_description) by extensions ['ros']
[0.236s] Level 1:colcon.colcon_core.package_identification:_identify(src/vrx/vrx_urdf/wamv_description) by extension 'ros'
[0.237s] DEBUG:colcon.colcon_core.package_identification:Package 'src/vrx/vrx_urdf/wamv_description' with type 'ros.ament_cmake' and name 'wamv_description'
[0.237s] Level 1:colcon.colcon_core.package_identification:_identify(src/vrx/vrx_urdf/wamv_gazebo) by extensions ['ignore', 'ignore_ament_install']
[0.237s] Level 1:colcon.colcon_core.package_identification:_identify(src/vrx/vrx_urdf/wamv_gazebo) by extension 'ignore'
[0.237s] Level 1:colcon.colcon_core.package_identification:_identify(src/vrx/vrx_urdf/wamv_gazebo) by extension 'ignore_ament_install'
[0.237s] Level 1:colcon.colcon_core.package_identification:_identify(src/vrx/vrx_urdf/wamv_gazebo) by extensions ['colcon_pkg']
[0.237s] Level 1:colcon.colcon_core.package_identification:_identify(src/vrx/vrx_urdf/wamv_gazebo) by extension 'colcon_pkg'
[0.237s] Level 1:colcon.colcon_core.package_identification:_identify(src/vrx/vrx_urdf/wamv_gazebo) by extensions ['colcon_meta']
[0.237s] Level 1:colcon.colcon_core.package_identification:_identify(src/vrx/vrx_urdf/wamv_gazebo) by extension 'colcon_meta'
[0.237s] Level 1:colcon.colcon_core.package_identification:_identify(src/vrx/vrx_urdf/wamv_gazebo) by extensions ['ros']
[0.237s] Level 1:colcon.colcon_core.package_identification:_identify(src/vrx/vrx_urdf/wamv_gazebo) by extension 'ros'
[0.238s] DEBUG:colcon.colcon_core.package_identification:Package 'src/vrx/vrx_urdf/wamv_gazebo' with type 'ros.ament_cmake' and name 'wamv_gazebo'
[0.238s] Level 1:colcon.colcon_core.package_identification:_identify(src/vrx_nav2) by extensions ['ignore', 'ignore_ament_install']
[0.238s] Level 1:colcon.colcon_core.package_identification:_identify(src/vrx_nav2) by extension 'ignore'
[0.238s] Level 1:colcon.colcon_core.package_identification:_identify(src/vrx_nav2) by extension 'ignore_ament_install'
[0.238s] Level 1:colcon.colcon_core.package_identification:_identify(src/vrx_nav2) by extensions ['colcon_pkg']
[0.238s] Level 1:colcon.colcon_core.package_identification:_identify(src/vrx_nav2) by extension 'colcon_pkg'
[0.238s] Level 1:colcon.colcon_core.package_identification:_identify(src/vrx_nav2) by extensions ['colcon_meta']
[0.239s] Level 1:colcon.colcon_core.package_identification:_identify(src/vrx_nav2) by extension 'colcon_meta'
[0.239s] Level 1:colcon.colcon_core.package_identification:_identify(src/vrx_nav2) by extensions ['ros']
[0.239s] Level 1:colcon.colcon_core.package_identification:_identify(src/vrx_nav2) by extension 'ros'
[0.239s] DEBUG:colcon.colcon_core.package_identification:Package 'src/vrx_nav2' with type 'ros.ament_python' and name 'vrx_nav2'
[0.239s] Level 1:colcon.colcon_core.package_discovery:discover_packages(recursive) using defaults
[0.239s] Level 1:colcon.colcon_core.package_discovery:discover_packages(ignore) discover
[0.239s] Level 1:colcon.colcon_core.package_discovery:discover_packages(ignore) using defaults
[0.239s] Level 1:colcon.colcon_core.package_discovery:discover_packages(path) discover
[0.239s] Level 1:colcon.colcon_core.package_discovery:discover_packages(path) using defaults
[0.256s] Level 1:colcon.colcon_core.package_discovery:discover_packages(prefix_path) check parameters
[0.256s] Level 1:colcon.colcon_core.package_discovery:discover_packages(prefix_path) discover
[0.257s] DEBUG:colcon.colcon_installed_package_information.package_discovery:Found 6 installed packages in /home/momesso/vrx_ws/install
[0.258s] DEBUG:colcon.colcon_installed_package_information.package_discovery:Found 288 installed packages in /opt/ros/humble
[0.266s] Level 1:colcon.colcon_core.package_discovery:discover_packages(prefix_path) using defaults
[0.297s] Level 5:colcon.colcon_core.verb:set package 'vrx_gazebo' build argument 'cmake_args' from command line to 'None'
[0.297s] Level 5:colcon.colcon_core.verb:set package 'vrx_gazebo' build argument 'cmake_target' from command line to 'None'
[0.297s] Level 5:colcon.colcon_core.verb:set package 'vrx_gazebo' build argument 'cmake_target_skip_unavailable' from command line to 'False'
[0.297s] Level 5:colcon.colcon_core.verb:set package 'vrx_gazebo' build argument 'cmake_clean_cache' from command line to 'False'
[0.297s] Level 5:colcon.colcon_core.verb:set package 'vrx_gazebo' build argument 'cmake_clean_first' from command line to 'False'
[0.297s] Level 5:colcon.colcon_core.verb:set package 'vrx_gazebo' build argument 'cmake_force_configure' from command line to 'False'
[0.297s] Level 5:colcon.colcon_core.verb:set package 'vrx_gazebo' build argument 'ament_cmake_args' from command line to 'None'
[0.297s] Level 5:colcon.colcon_core.verb:set package 'vrx_gazebo' build argument 'catkin_cmake_args' from command line to 'None'
[0.297s] Level 5:colcon.colcon_core.verb:set package 'vrx_gazebo' build argument 'catkin_skip_building_tests' from command line to 'False'
[0.297s] DEBUG:colcon.colcon_core.verb:Building package 'vrx_gazebo' with the following arguments: {'ament_cmake_args': None, 'build_base': '/home/momesso/vrx_ws/build/vrx_gazebo', 'catkin_cmake_args': None, 'catkin_skip_building_tests': False, 'cmake_args': None, 'cmake_clean_cache': False, 'cmake_clean_first': False, 'cmake_force_configure': False, 'cmake_target': None, 'cmake_target_skip_unavailable': False, 'install_base': '/home/momesso/vrx_ws/install', 'merge_install': True, 'path': '/home/momesso/vrx_ws/src/vrx/vrx_urdf/vrx_gazebo', 'symlink_install': False, 'test_result_base': None}
[0.297s] Level 5:colcon.colcon_core.verb:set package 'vrx_nav2' build argument 'cmake_args' from command line to 'None'
[0.298s] Level 5:colcon.colcon_core.verb:set package 'vrx_nav2' build argument 'cmake_target' from command line to 'None'
[0.298s] Level 5:colcon.colcon_core.verb:set package 'vrx_nav2' build argument 'cmake_target_skip_unavailable' from command line to 'False'
[0.298s] Level 5:colcon.colcon_core.verb:set package 'vrx_nav2' build argument 'cmake_clean_cache' from command line to 'False'
[0.298s] Level 5:colcon.colcon_core.verb:set package 'vrx_nav2' build argument 'cmake_clean_first' from command line to 'False'
[0.298s] Level 5:colcon.colcon_core.verb:set package 'vrx_nav2' build argument 'cmake_force_configure' from command line to 'False'
[0.298s] Level 5:colcon.colcon_core.verb:set package 'vrx_nav2' build argument 'ament_cmake_args' from command line to 'None'
[0.298s] Level 5:colcon.colcon_core.verb:set package 'vrx_nav2' build argument 'catkin_cmake_args' from command line to 'None'
[0.298s] Level 5:colcon.colcon_core.verb:set package 'vrx_nav2' build argument 'catkin_skip_building_tests' from command line to 'False'
[0.298s] DEBUG:colcon.colcon_core.verb:Building package 'vrx_nav2' with the following arguments: {'ament_cmake_args': None, 'build_base': '/home/momesso/vrx_ws/build/vrx_nav2', 'catkin_cmake_args': None, 'catkin_skip_building_tests': False, 'cmake_args': None, 'cmake_clean_cache': False, 'cmake_clean_first': False, 'cmake_force_configure': False, 'cmake_target': None, 'cmake_target_skip_unavailable': False, 'install_base': '/home/momesso/vrx_ws/install', 'merge_install': True, 'path': '/home/momesso/vrx_ws/src/vrx_nav2', 'symlink_install': False, 'test_result_base': None}
[0.298s] Level 5:colcon.colcon_core.verb:set package 'vrx_ros' build argument 'cmake_args' from command line to 'None'
[0.298s] Level 5:colcon.colcon_core.verb:set package 'vrx_ros' build argument 'cmake_target' from command line to 'None'
[0.298s] Level 5:colcon.colcon_core.verb:set package 'vrx_ros' build argument 'cmake_target_skip_unavailable' from command line to 'False'
[0.298s] Level 5:colcon.colcon_core.verb:set package 'vrx_ros' build argument 'cmake_clean_cache' from command line to 'False'
[0.298s] Level 5:colcon.colcon_core.verb:set package 'vrx_ros' build argument 'cmake_clean_first' from command line to 'False'
[0.298s] Level 5:colcon.colcon_core.verb:set package 'vrx_ros' build argument 'cmake_force_configure' from command line to 'False'
[0.298s] Level 5:colcon.colcon_core.verb:set package 'vrx_ros' build argument 'ament_cmake_args' from command line to 'None'
[0.298s] Level 5:colcon.colcon_core.verb:set package 'vrx_ros' build argument 'catkin_cmake_args' from command line to 'None'
[0.298s] Level 5:colcon.colcon_core.verb:set package 'vrx_ros' build argument 'catkin_skip_building_tests' from command line to 'False'
[0.298s] DEBUG:colcon.colcon_core.verb:Building package 'vrx_ros' with the following arguments: {'ament_cmake_args': None, 'build_base': '/home/momesso/vrx_ws/build/vrx_ros', 'catkin_cmake_args': None, 'catkin_skip_building_tests': False, 'cmake_args': None, 'cmake_clean_cache': False, 'cmake_clean_first': False, 'cmake_force_configure': False, 'cmake_target': None, 'cmake_target_skip_unavailable': False, 'install_base': '/home/momesso/vrx_ws/install', 'merge_install': True, 'path': '/home/momesso/vrx_ws/src/vrx/vrx_ros', 'symlink_install': False, 'test_result_base': None}
[0.298s] Level 5:colcon.colcon_core.verb:set package 'vrx_gz' build argument 'cmake_args' from command line to 'None'
[0.299s] Level 5:colcon.colcon_core.verb:set package 'vrx_gz' build argument 'cmake_target' from command line to 'None'
[0.299s] Level 5:colcon.colcon_core.verb:set package 'vrx_gz' build argument 'cmake_target_skip_unavailable' from command line to 'False'
[0.299s] Level 5:colcon.colcon_core.verb:set package 'vrx_gz' build argument 'cmake_clean_cache' from command line to 'False'
[0.299s] Level 5:colcon.colcon_core.verb:set package 'vrx_gz' build argument 'cmake_clean_first' from command line to 'False'
[0.299s] Level 5:colcon.colcon_core.verb:set package 'vrx_gz' build argument 'cmake_force_configure' from command line to 'False'
[0.299s] Level 5:colcon.colcon_core.verb:set package 'vrx_gz' build argument 'ament_cmake_args' from command line to 'None'
[0.299s] Level 5:colcon.colcon_core.verb:set package 'vrx_gz' build argument 'catkin_cmake_args' from command line to 'None'
[0.299s] Level 5:colcon.colcon_core.verb:set package 'vrx_gz' build argument 'catkin_skip_building_tests' from command line to 'False'
[0.299s] DEBUG:colcon.colcon_core.verb:Building package 'vrx_gz' with the following arguments: {'ament_cmake_args': None, 'build_base': '/home/momesso/vrx_ws/build/vrx_gz', 'catkin_cmake_args': None, 'catkin_skip_building_tests': False, 'cmake_args': None, 'cmake_clean_cache': False, 'cmake_clean_first': False, 'cmake_force_configure': False, 'cmake_target': None, 'cmake_target_skip_unavailable': False, 'install_base': '/home/momesso/vrx_ws/install', 'merge_install': True, 'path': '/home/momesso/vrx_ws/src/vrx/vrx_gz', 'symlink_install': False, 'test_result_base': None}
[0.299s] Level 5:colcon.colcon_core.verb:set package 'wamv_description' build argument 'cmake_args' from command line to 'None'
[0.299s] Level 5:colcon.colcon_core.verb:set package 'wamv_description' build argument 'cmake_target' from command line to 'None'
[0.299s] Level 5:colcon.colcon_core.verb:set package 'wamv_description' build argument 'cmake_target_skip_unavailable' from command line to 'False'
[0.299s] Level 5:colcon.colcon_core.verb:set package 'wamv_description' build argument 'cmake_clean_cache' from command line to 'False'
[0.299s] Level 5:colcon.colcon_core.verb:set package 'wamv_description' build argument 'cmake_clean_first' from command line to 'False'
[0.299s] Level 5:colcon.colcon_core.verb:set package 'wamv_description' build argument 'cmake_force_configure' from command line to 'False'
[0.299s] Level 5:colcon.colcon_core.verb:set package 'wamv_description' build argument 'ament_cmake_args' from command line to 'None'
[0.299s] Level 5:colcon.colcon_core.verb:set package 'wamv_description' build argument 'catkin_cmake_args' from command line to 'None'
[0.299s] Level 5:colcon.colcon_core.verb:set package 'wamv_description' build argument 'catkin_skip_building_tests' from command line to 'False'
[0.299s] DEBUG:colcon.colcon_core.verb:Building package 'wamv_description' with the following arguments: {'ament_cmake_args': None, 'build_base': '/home/momesso/vrx_ws/build/wamv_description', 'catkin_cmake_args': None, 'catkin_skip_building_tests': False, 'cmake_args': None, 'cmake_clean_cache': False, 'cmake_clean_first': False, 'cmake_force_configure': False, 'cmake_target': None, 'cmake_target_skip_unavailable': False, 'install_base': '/home/momesso/vrx_ws/install', 'merge_install': True, 'path': '/home/momesso/vrx_ws/src/vrx/vrx_urdf/wamv_description', 'symlink_install': False, 'test_result_base': None}
[0.299s] Level 5:colcon.colcon_core.verb:set package 'wamv_gazebo' build argument 'cmake_args' from command line to 'None'
[0.300s] Level 5:colcon.colcon_core.verb:set package 'wamv_gazebo' build argument 'cmake_target' from command line to 'None'
[0.300s] Level 5:colcon.colcon_core.verb:set package 'wamv_gazebo' build argument 'cmake_target_skip_unavailable' from command line to 'False'
[0.300s] Level 5:colcon.colcon_core.verb:set package 'wamv_gazebo' build argument 'cmake_clean_cache' from command line to 'False'
[0.300s] Level 5:colcon.colcon_core.verb:set package 'wamv_gazebo' build argument 'cmake_clean_first' from command line to 'False'
[0.300s] Level 5:colcon.colcon_core.verb:set package 'wamv_gazebo' build argument 'cmake_force_configure' from command line to 'False'
[0.300s] Level 5:colcon.colcon_core.verb:set package 'wamv_gazebo' build argument 'ament_cmake_args' from command line to 'None'
[0.300s] Level 5:colcon.colcon_core.verb:set package 'wamv_gazebo' build argument 'catkin_cmake_args' from command line to 'None'
[0.300s] Level 5:colcon.colcon_core.verb:set package 'wamv_gazebo' build argument 'catkin_skip_building_tests' from command line to 'False'
[0.300s] DEBUG:colcon.colcon_core.verb:Building package 'wamv_gazebo' with the following arguments: {'ament_cmake_args': None, 'build_base': '/home/momesso/vrx_ws/build/wamv_gazebo', 'catkin_cmake_args': None, 'catkin_skip_building_tests': False, 'cmake_args': None, 'cmake_clean_cache': False, 'cmake_clean_first': False, 'cmake_force_configure': False, 'cmake_target': None, 'cmake_target_skip_unavailable': False, 'install_base': '/home/momesso/vrx_ws/install', 'merge_install': True, 'path': '/home/momesso/vrx_ws/src/vrx/vrx_urdf/wamv_gazebo', 'symlink_install': False, 'test_result_base': None}
[0.300s] INFO:colcon.colcon_core.executor:Executing jobs using 'parallel' executor
[0.301s] DEBUG:colcon.colcon_parallel_executor.executor.parallel:run_until_complete
[0.301s] INFO:colcon.colcon_ros.task.ament_cmake.build:Building ROS package in '/home/momesso/vrx_ws/src/vrx/vrx_urdf/vrx_gazebo' with build type 'ament_cmake'
[0.301s] INFO:colcon.colcon_cmake.task.cmake.build:Building CMake package in '/home/momesso/vrx_ws/src/vrx/vrx_urdf/vrx_gazebo'
[0.303s] INFO:colcon.colcon_core.plugin_system:Skipping extension 'colcon_core.shell.bat': Not used on non-Windows systems
[0.303s] INFO:colcon.colcon_core.shell:Skip shell extension 'powershell' for command environment: Not usable outside of PowerShell
[0.303s] DEBUG:colcon.colcon_core.shell:Skip shell extension 'dsv' for command environment
[0.305s] INFO:colcon.colcon_ros.task.ament_cmake.build:Building ROS package in '/home/momesso/vrx_ws/src/vrx/vrx_ros' with build type 'ament_cmake'
[0.306s] INFO:colcon.colcon_cmake.task.cmake.build:Building CMake package in '/home/momesso/vrx_ws/src/vrx/vrx_ros'
[0.306s] INFO:colcon.colcon_core.shell:Skip shell extension 'powershell' for command environment: Not usable outside of PowerShell
[0.306s] DEBUG:colcon.colcon_core.shell:Skip shell extension 'dsv' for command environment
[0.308s] INFO:colcon.colcon_ros.task.ament_python.build:Building ROS package in '/home/momesso/vrx_ws/src/vrx_nav2' with build type 'ament_python'
[0.308s] Level 1:colcon.colcon_core.shell:create_environment_hook('vrx_nav2', 'ament_prefix_path')
[0.308s] INFO:colcon.colcon_core.shell:Creating environment hook '/home/momesso/vrx_ws/install/share/vrx_nav2/hook/ament_prefix_path.ps1'
[0.309s] INFO:colcon.colcon_core.shell:Creating environment descriptor '/home/momesso/vrx_ws/install/share/vrx_nav2/hook/ament_prefix_path.dsv'
[0.309s] INFO:colcon.colcon_core.shell:Creating environment hook '/home/momesso/vrx_ws/install/share/vrx_nav2/hook/ament_prefix_path.sh'
[0.309s] INFO:colcon.colcon_core.shell:Skip shell extension 'powershell' for command environment: Not usable outside of PowerShell
[0.310s] DEBUG:colcon.colcon_core.shell:Skip shell extension 'dsv' for command environment
[0.316s] DEBUG:colcon.colcon_core.event_handler.log_command:Invoking command in '/home/momesso/vrx_ws/build/vrx_gazebo': CMAKE_PREFIX_PATH=${CMAKE_PREFIX_PATH}:/opt/ros/humble /usr/bin/cmake --build /home/momesso/vrx_ws/build/vrx_gazebo -- -j12 -l12
[0.318s] DEBUG:colcon.colcon_core.event_handler.log_command:Invoking command in '/home/momesso/vrx_ws/build/vrx_ros': CMAKE_PREFIX_PATH=${CMAKE_PREFIX_PATH}:/opt/ros/humble /usr/bin/cmake --build /home/momesso/vrx_ws/build/vrx_ros -- -j12 -l12
[0.529s] INFO:colcon.colcon_core.task.python.build:Building Python package in '/home/momesso/vrx_ws/src/vrx_nav2'
[0.529s] INFO:colcon.colcon_core.shell:Skip shell extension 'powershell' for command environment: Not usable outside of PowerShell
[0.529s] DEBUG:colcon.colcon_core.shell:Skip shell extension 'dsv' for command environment
[0.532s] DEBUG:colcon.colcon_core.event_handler.log_command:Invoked command in '/home/momesso/vrx_ws/build/vrx_ros' returned '0': CMAKE_PREFIX_PATH=${CMAKE_PREFIX_PATH}:/opt/ros/humble /usr/bin/cmake --build /home/momesso/vrx_ws/build/vrx_ros -- -j12 -l12
[0.557s] DEBUG:colcon.colcon_core.event_handler.log_command:Invoking command in '/home/momesso/vrx_ws/build/vrx_ros': CMAKE_PREFIX_PATH=${CMAKE_PREFIX_PATH}:/opt/ros/humble /usr/bin/cmake --install /home/momesso/vrx_ws/build/vrx_ros
[0.565s] Level 1:colcon.colcon_core.environment:create_environment_scripts_only(vrx_ros)
[0.566s] DEBUG:colcon.colcon_core.event_handler.log_command:Invoked command in '/home/momesso/vrx_ws/build/vrx_ros' returned '0': CMAKE_PREFIX_PATH=${CMAKE_PREFIX_PATH}:/opt/ros/humble /usr/bin/cmake --install /home/momesso/vrx_ws/build/vrx_ros
[0.568s] Level 1:colcon.colcon_core.environment:checking '/home/momesso/vrx_ws/install' for CMake module files
[0.568s] Level 1:colcon.colcon_core.environment:checking '/home/momesso/vrx_ws/install' for CMake config files
[0.568s] Level 1:colcon.colcon_core.shell:create_environment_hook('vrx_ros', 'cmake_prefix_path')
[0.568s] INFO:colcon.colcon_core.shell:Creating environment hook '/home/momesso/vrx_ws/install/share/vrx_ros/hook/cmake_prefix_path.ps1'
[0.569s] INFO:colcon.colcon_core.shell:Creating environment descriptor '/home/momesso/vrx_ws/install/share/vrx_ros/hook/cmake_prefix_path.dsv'
[0.569s] INFO:colcon.colcon_core.shell:Creating environment hook '/home/momesso/vrx_ws/install/share/vrx_ros/hook/cmake_prefix_path.sh'
[0.569s] Level 1:colcon.colcon_core.environment:checking '/home/momesso/vrx_ws/install/lib'
[0.570s] Level 1:colcon.colcon_core.shell:create_environment_hook('vrx_ros', 'ld_library_path_lib')
[0.570s] INFO:colcon.colcon_core.shell:Creating environment hook '/home/momesso/vrx_ws/install/share/vrx_ros/hook/ld_library_path_lib.ps1'
[0.570s] INFO:colcon.colcon_core.shell:Creating environment descriptor '/home/momesso/vrx_ws/install/share/vrx_ros/hook/ld_library_path_lib.dsv'
[0.570s] INFO:colcon.colcon_core.shell:Creating environment hook '/home/momesso/vrx_ws/install/share/vrx_ros/hook/ld_library_path_lib.sh'
[0.571s] Level 1:colcon.colcon_core.environment:checking '/home/momesso/vrx_ws/install/bin'
[0.571s] Level 1:colcon.colcon_core.environment:checking '/home/momesso/vrx_ws/install/lib/pkgconfig/vrx_ros.pc'
[0.571s] Level 1:colcon.colcon_core.environment:checking '/home/momesso/vrx_ws/install/lib/python3.10/site-packages'
[0.571s] Level 1:colcon.colcon_core.shell:create_environment_hook('vrx_ros', 'pythonpath')
[0.571s] INFO:colcon.colcon_core.shell:Creating environment hook '/home/momesso/vrx_ws/install/share/vrx_ros/hook/pythonpath.ps1'
[0.572s] INFO:colcon.colcon_core.shell:Creating environment descriptor '/home/momesso/vrx_ws/install/share/vrx_ros/hook/pythonpath.dsv'
[0.572s] INFO:colcon.colcon_core.shell:Creating environment hook '/home/momesso/vrx_ws/install/share/vrx_ros/hook/pythonpath.sh'
[0.572s] Level 1:colcon.colcon_core.environment:checking '/home/momesso/vrx_ws/install/bin'
[0.572s] INFO:colcon.colcon_core.shell:Creating package script '/home/momesso/vrx_ws/install/share/vrx_ros/package.ps1'
[0.573s] INFO:colcon.colcon_core.shell:Creating package descriptor '/home/momesso/vrx_ws/install/share/vrx_ros/package.dsv'
[0.574s] INFO:colcon.colcon_core.shell:Creating package script '/home/momesso/vrx_ws/install/share/vrx_ros/package.sh'
[0.575s] INFO:colcon.colcon_core.shell:Creating package script '/home/momesso/vrx_ws/install/share/vrx_ros/package.bash'
[0.575s] INFO:colcon.colcon_core.shell:Creating package script '/home/momesso/vrx_ws/install/share/vrx_ros/package.zsh'
[0.576s] Level 1:colcon.colcon_core.environment:create_file_with_runtime_dependencies(/home/momesso/vrx_ws/install/share/colcon-core/packages/vrx_ros)
[0.588s] DEBUG:colcon.colcon_core.event_handler.log_command:Invoked command in '/home/momesso/vrx_ws/build/vrx_gazebo' returned '0': CMAKE_PREFIX_PATH=${CMAKE_PREFIX_PATH}:/opt/ros/humble /usr/bin/cmake --build /home/momesso/vrx_ws/build/vrx_gazebo -- -j12 -l12
[0.594s] Level 1:colcon.colcon_core.environment:create_environment_scripts_only(vrx_ros)
[0.594s] Level 1:colcon.colcon_core.environment:checking '/home/momesso/vrx_ws/install' for CMake module files
[0.595s] Level 1:colcon.colcon_core.environment:checking '/home/momesso/vrx_ws/install' for CMake config files
[0.595s] Level 1:colcon.colcon_core.shell:create_environment_hook('vrx_ros', 'cmake_prefix_path')
[0.595s] INFO:colcon.colcon_core.shell:Creating environment hook '/home/momesso/vrx_ws/install/share/vrx_ros/hook/cmake_prefix_path.ps1'
[0.596s] INFO:colcon.colcon_core.shell:Creating environment descriptor '/home/momesso/vrx_ws/install/share/vrx_ros/hook/cmake_prefix_path.dsv'
[0.596s] INFO:colcon.colcon_core.shell:Creating environment hook '/home/momesso/vrx_ws/install/share/vrx_ros/hook/cmake_prefix_path.sh'
[0.596s] Level 1:colcon.colcon_core.environment:checking '/home/momesso/vrx_ws/install/lib'
[0.596s] Level 1:colcon.colcon_core.shell:create_environment_hook('vrx_ros', 'ld_library_path_lib')
[0.597s] INFO:colcon.colcon_core.shell:Creating environment hook '/home/momesso/vrx_ws/install/share/vrx_ros/hook/ld_library_path_lib.ps1'
[0.597s] INFO:colcon.colcon_core.shell:Creating environment descriptor '/home/momesso/vrx_ws/install/share/vrx_ros/hook/ld_library_path_lib.dsv'
[0.597s] INFO:colcon.colcon_core.shell:Creating environment hook '/home/momesso/vrx_ws/install/share/vrx_ros/hook/ld_library_path_lib.sh'
[0.598s] Level 1:colcon.colcon_core.environment:checking '/home/momesso/vrx_ws/install/bin'
[0.598s] Level 1:colcon.colcon_core.environment:checking '/home/momesso/vrx_ws/install/lib/pkgconfig/vrx_ros.pc'
[0.598s] Level 1:colcon.colcon_core.environment:checking '/home/momesso/vrx_ws/install/lib/python3.10/site-packages'
[0.598s] Level 1:colcon.colcon_core.shell:create_environment_hook('vrx_ros', 'pythonpath')
[0.598s] INFO:colcon.colcon_core.shell:Creating environment hook '/home/momesso/vrx_ws/install/share/vrx_ros/hook/pythonpath.ps1'
[0.599s] INFO:colcon.colcon_core.shell:Creating environment descriptor '/home/momesso/vrx_ws/install/share/vrx_ros/hook/pythonpath.dsv'
[0.599s] INFO:colcon.colcon_core.shell:Creating environment hook '/home/momesso/vrx_ws/install/share/vrx_ros/hook/pythonpath.sh'
[0.599s] Level 1:colcon.colcon_core.environment:checking '/home/momesso/vrx_ws/install/bin'
[0.600s] INFO:colcon.colcon_core.shell:Creating package script '/home/momesso/vrx_ws/install/share/vrx_ros/package.ps1'
[0.600s] INFO:colcon.colcon_core.shell:Creating package descriptor '/home/momesso/vrx_ws/install/share/vrx_ros/package.dsv'
[0.601s] INFO:colcon.colcon_core.shell:Creating package script '/home/momesso/vrx_ws/install/share/vrx_ros/package.sh'
[0.601s] INFO:colcon.colcon_core.shell:Creating package script '/home/momesso/vrx_ws/install/share/vrx_ros/package.bash'
[0.602s] INFO:colcon.colcon_core.shell:Creating package script '/home/momesso/vrx_ws/install/share/vrx_ros/package.zsh'
[0.602s] Level 1:colcon.colcon_core.environment:create_file_with_runtime_dependencies(/home/momesso/vrx_ws/install/share/colcon-core/packages/vrx_ros)
[0.602s] INFO:colcon.colcon_ros.task.ament_cmake.build:Building ROS package in '/home/momesso/vrx_ws/src/vrx/vrx_gz' with build type 'ament_cmake'
[0.602s] INFO:colcon.colcon_cmake.task.cmake.build:Building CMake package in '/home/momesso/vrx_ws/src/vrx/vrx_gz'
[0.603s] INFO:colcon.colcon_core.shell:Skip shell extension 'powershell' for command environment: Not usable outside of PowerShell
[0.603s] DEBUG:colcon.colcon_core.shell:Skip shell extension 'dsv' for command environment
[0.606s] DEBUG:colcon.colcon_core.event_handler.log_command:Invoking command in '/home/momesso/vrx_ws/build/vrx_gazebo': CMAKE_PREFIX_PATH=${CMAKE_PREFIX_PATH}:/opt/ros/humble /usr/bin/cmake --install /home/momesso/vrx_ws/build/vrx_gazebo
[0.609s] DEBUG:colcon.colcon_core.event_handler.log_command:Invoking command in '/home/momesso/vrx_ws/build/vrx_gz': CMAKE_PREFIX_PATH=${CMAKE_PREFIX_PATH}:/opt/ros/humble PYTHONPATH=/home/momesso/vrx_ws/install/lib/python3.10/site-packages:/home/momesso/vrx_ws/install/local/lib/python3.10/dist-packages:/opt/ros/humble/lib/python3.10/site-packages:/opt/ros/humble/local/lib/python3.10/dist-packages /usr/bin/cmake --build /home/momesso/vrx_ws/build/vrx_gz -- -j12 -l12
[0.644s] Level 1:colcon.colcon_core.environment:create_environment_scripts_only(vrx_gazebo)
[0.644s] Level 1:colcon.colcon_core.environment:checking '/home/momesso/vrx_ws/install' for CMake module files
[0.644s] DEBUG:colcon.colcon_core.event_handler.log_command:Invoked command in '/home/momesso/vrx_ws/build/vrx_gazebo' returned '0': CMAKE_PREFIX_PATH=${CMAKE_PREFIX_PATH}:/opt/ros/humble /usr/bin/cmake --install /home/momesso/vrx_ws/build/vrx_gazebo
[0.645s] Level 1:colcon.colcon_core.environment:checking '/home/momesso/vrx_ws/install' for CMake config files
[0.645s] Level 1:colcon.colcon_core.shell:create_environment_hook('vrx_gazebo', 'cmake_prefix_path')
[0.645s] INFO:colcon.colcon_core.shell:Creating environment hook '/home/momesso/vrx_ws/install/share/vrx_gazebo/hook/cmake_prefix_path.ps1'
[0.646s] INFO:colcon.colcon_core.shell:Creating environment descriptor '/home/momesso/vrx_ws/install/share/vrx_gazebo/hook/cmake_prefix_path.dsv'
[0.646s] INFO:colcon.colcon_core.shell:Creating environment hook '/home/momesso/vrx_ws/install/share/vrx_gazebo/hook/cmake_prefix_path.sh'
[0.646s] Level 1:colcon.colcon_core.environment:checking '/home/momesso/vrx_ws/install/lib'
[0.646s] Level 1:colcon.colcon_core.shell:create_environment_hook('vrx_gazebo', 'ld_library_path_lib')
[0.647s] INFO:colcon.colcon_core.shell:Creating environment hook '/home/momesso/vrx_ws/install/share/vrx_gazebo/hook/ld_library_path_lib.ps1'
[0.647s] INFO:colcon.colcon_core.shell:Creating environment descriptor '/home/momesso/vrx_ws/install/share/vrx_gazebo/hook/ld_library_path_lib.dsv'
[0.647s] INFO:colcon.colcon_core.shell:Creating environment hook '/home/momesso/vrx_ws/install/share/vrx_gazebo/hook/ld_library_path_lib.sh'
[0.647s] Level 1:colcon.colcon_core.environment:checking '/home/momesso/vrx_ws/install/bin'
[0.647s] Level 1:colcon.colcon_core.environment:checking '/home/momesso/vrx_ws/install/lib/pkgconfig/vrx_gazebo.pc'
[0.648s] Level 1:colcon.colcon_core.environment:checking '/home/momesso/vrx_ws/install/lib/python3.10/site-packages'
[0.648s] Level 1:colcon.colcon_core.shell:create_environment_hook('vrx_gazebo', 'pythonpath')
[0.648s] INFO:colcon.colcon_core.shell:Creating environment hook '/home/momesso/vrx_ws/install/share/vrx_gazebo/hook/pythonpath.ps1'
[0.648s] INFO:colcon.colcon_core.shell:Creating environment descriptor '/home/momesso/vrx_ws/install/share/vrx_gazebo/hook/pythonpath.dsv'
[0.648s] INFO:colcon.colcon_core.shell:Creating environment hook '/home/momesso/vrx_ws/install/share/vrx_gazebo/hook/pythonpath.sh'
[0.649s] Level 1:colcon.colcon_core.environment:checking '/home/momesso/vrx_ws/install/bin'
[0.649s] INFO:colcon.colcon_core.shell:Creating package script '/home/momesso/vrx_ws/install/share/vrx_gazebo/package.ps1'
[0.649s] INFO:colcon.colcon_core.shell:Creating package descriptor '/home/momesso/vrx_ws/install/share/vrx_gazebo/package.dsv'
[0.650s] INFO:colcon.colcon_core.shell:Creating package script '/home/momesso/vrx_ws/install/share/vrx_gazebo/package.sh'
[0.650s] INFO:colcon.colcon_core.shell:Creating package script '/home/momesso/vrx_ws/install/share/vrx_gazebo/package.bash'
[0.650s] INFO:colcon.colcon_core.shell:Creating package script '/home/momesso/vrx_ws/install/share/vrx_gazebo/package.zsh'
[0.651s] Level 1:colcon.colcon_core.environment:create_file_with_runtime_dependencies(/home/momesso/vrx_ws/install/share/colcon-core/packages/vrx_gazebo)
[0.685s] Level 1:colcon.colcon_core.environment:create_environment_scripts_only(vrx_gazebo)
[0.685s] Level 1:colcon.colcon_core.environment:checking '/home/momesso/vrx_ws/install' for CMake module files
[0.686s] Level 1:colcon.colcon_core.environment:checking '/home/momesso/vrx_ws/install' for CMake config files
[0.686s] Level 1:colcon.colcon_core.shell:create_environment_hook('vrx_gazebo', 'cmake_prefix_path')
[0.686s] INFO:colcon.colcon_core.shell:Creating environment hook '/home/momesso/vrx_ws/install/share/vrx_gazebo/hook/cmake_prefix_path.ps1'
[0.687s] INFO:colcon.colcon_core.shell:Creating environment descriptor '/home/momesso/vrx_ws/install/share/vrx_gazebo/hook/cmake_prefix_path.dsv'
[0.688s] INFO:colcon.colcon_core.shell:Creating environment hook '/home/momesso/vrx_ws/install/share/vrx_gazebo/hook/cmake_prefix_path.sh'
[0.690s] Level 1:colcon.colcon_core.environment:checking '/home/momesso/vrx_ws/install/lib'
[0.690s] Level 1:colcon.colcon_core.shell:create_environment_hook('vrx_gazebo', 'ld_library_path_lib')
[0.690s] INFO:colcon.colcon_core.shell:Creating environment hook '/home/momesso/vrx_ws/install/share/vrx_gazebo/hook/ld_library_path_lib.ps1'
[0.691s] INFO:colcon.colcon_core.shell:Creating environment descriptor '/home/momesso/vrx_ws/install/share/vrx_gazebo/hook/ld_library_path_lib.dsv'
[0.692s] INFO:colcon.colcon_core.shell:Creating environment hook '/home/momesso/vrx_ws/install/share/vrx_gazebo/hook/ld_library_path_lib.sh'
[0.692s] Level 1:colcon.colcon_core.environment:checking '/home/momesso/vrx_ws/install/bin'
[0.692s] Level 1:colcon.colcon_core.environment:checking '/home/momesso/vrx_ws/install/lib/pkgconfig/vrx_gazebo.pc'
[0.693s] Level 1:colcon.colcon_core.environment:checking '/home/momesso/vrx_ws/install/lib/python3.10/site-packages'
[0.693s] Level 1:colcon.colcon_core.shell:create_environment_hook('vrx_gazebo', 'pythonpath')
[0.693s] INFO:colcon.colcon_core.shell:Creating environment hook '/home/momesso/vrx_ws/install/share/vrx_gazebo/hook/pythonpath.ps1'
[0.694s] INFO:colcon.colcon_core.shell:Creating environment descriptor '/home/momesso/vrx_ws/install/share/vrx_gazebo/hook/pythonpath.dsv'
[0.694s] INFO:colcon.colcon_core.shell:Creating environment hook '/home/momesso/vrx_ws/install/share/vrx_gazebo/hook/pythonpath.sh'
[0.695s] Level 1:colcon.colcon_core.environment:checking '/home/momesso/vrx_ws/install/bin'
[0.695s] INFO:colcon.colcon_core.shell:Creating package script '/home/momesso/vrx_ws/install/share/vrx_gazebo/package.ps1'
[0.696s] INFO:colcon.colcon_core.shell:Creating package descriptor '/home/momesso/vrx_ws/install/share/vrx_gazebo/package.dsv'
[0.697s] INFO:colcon.colcon_core.shell:Creating package script '/home/momesso/vrx_ws/install/share/vrx_gazebo/package.sh'
[0.698s] INFO:colcon.colcon_core.shell:Creating package script '/home/momesso/vrx_ws/install/share/vrx_gazebo/package.bash'
[0.698s] INFO:colcon.colcon_core.shell:Creating package script '/home/momesso/vrx_ws/install/share/vrx_gazebo/package.zsh'
[0.699s] Level 1:colcon.colcon_core.environment:create_file_with_runtime_dependencies(/home/momesso/vrx_ws/install/share/colcon-core/packages/vrx_gazebo)
[0.699s] INFO:colcon.colcon_ros.task.ament_cmake.build:Building ROS package in '/home/momesso/vrx_ws/src/vrx/vrx_urdf/wamv_description' with build type 'ament_cmake'
[0.699s] INFO:colcon.colcon_cmake.task.cmake.build:Building CMake package in '/home/momesso/vrx_ws/src/vrx/vrx_urdf/wamv_description'
[0.700s] INFO:colcon.colcon_core.shell:Skip shell extension 'powershell' for command environment: Not usable outside of PowerShell
[0.700s] DEBUG:colcon.colcon_core.shell:Skip shell extension 'dsv' for command environment
[0.710s] DEBUG:colcon.colcon_core.event_handler.log_command:Invoking command in '/home/momesso/vrx_ws/build/wamv_description': CMAKE_PREFIX_PATH=${CMAKE_PREFIX_PATH}:/opt/ros/humble GZ_SIM_RESOURCE_PATH=/home/momesso/vrx_ws/install/share:${GZ_SIM_RESOURCE_PATH} PYTHONPATH=/home/momesso/vrx_ws/install/lib/python3.10/site-packages:/home/momesso/vrx_ws/install/local/lib/python3.10/dist-packages:/opt/ros/humble/lib/python3.10/site-packages:/opt/ros/humble/local/lib/python3.10/dist-packages /usr/bin/cmake --build /home/momesso/vrx_ws/build/wamv_description -- -j12 -l12
[0.758s] DEBUG:colcon.colcon_core.event_handler.log_command:Invoked command in '/home/momesso/vrx_ws/build/wamv_description' returned '0': CMAKE_PREFIX_PATH=${CMAKE_PREFIX_PATH}:/opt/ros/humble GZ_SIM_RESOURCE_PATH=/home/momesso/vrx_ws/install/share:${GZ_SIM_RESOURCE_PATH} PYTHONPATH=/home/momesso/vrx_ws/install/lib/python3.10/site-packages:/home/momesso/vrx_ws/install/local/lib/python3.10/dist-packages:/opt/ros/humble/lib/python3.10/site-packages:/opt/ros/humble/local/lib/python3.10/dist-packages /usr/bin/cmake --build /home/momesso/vrx_ws/build/wamv_description -- -j12 -l12
[0.774s] DEBUG:colcon.colcon_core.event_handler.log_command:Invoking command in '/home/momesso/vrx_ws/build/wamv_description': CMAKE_PREFIX_PATH=${CMAKE_PREFIX_PATH}:/opt/ros/humble GZ_SIM_RESOURCE_PATH=/home/momesso/vrx_ws/install/share:${GZ_SIM_RESOURCE_PATH} PYTHONPATH=/home/momesso/vrx_ws/install/lib/python3.10/site-packages:/home/momesso/vrx_ws/install/local/lib/python3.10/dist-packages:/opt/ros/humble/lib/python3.10/site-packages:/opt/ros/humble/local/lib/python3.10/dist-packages /usr/bin/cmake --install /home/momesso/vrx_ws/build/wamv_description
[0.783s] Level 1:colcon.colcon_core.environment:create_environment_scripts_only(wamv_description)
[0.784s] Level 1:colcon.colcon_core.environment:checking '/home/momesso/vrx_ws/install' for CMake module files
[0.785s] DEBUG:colcon.colcon_core.event_handler.log_command:Invoked command in '/home/momesso/vrx_ws/build/wamv_description' returned '0': CMAKE_PREFIX_PATH=${CMAKE_PREFIX_PATH}:/opt/ros/humble GZ_SIM_RESOURCE_PATH=/home/momesso/vrx_ws/install/share:${GZ_SIM_RESOURCE_PATH} PYTHONPATH=/home/momesso/vrx_ws/install/lib/python3.10/site-packages:/home/momesso/vrx_ws/install/local/lib/python3.10/dist-packages:/opt/ros/humble/lib/python3.10/site-packages:/opt/ros/humble/local/lib/python3.10/dist-packages /usr/bin/cmake --install /home/momesso/vrx_ws/build/wamv_description
[0.785s] Level 1:colcon.colcon_core.environment:checking '/home/momesso/vrx_ws/install' for CMake config files
[0.786s] Level 1:colcon.colcon_core.shell:create_environment_hook('wamv_description', 'cmake_prefix_path')
[0.786s] INFO:colcon.colcon_core.shell:Creating environment hook '/home/momesso/vrx_ws/install/share/wamv_description/hook/cmake_prefix_path.ps1'
[0.786s] INFO:colcon.colcon_core.shell:Creating environment descriptor '/home/momesso/vrx_ws/install/share/wamv_description/hook/cmake_prefix_path.dsv'
[0.787s] INFO:colcon.colcon_core.shell:Creating environment hook '/home/momesso/vrx_ws/install/share/wamv_description/hook/cmake_prefix_path.sh'
[0.787s] Level 1:colcon.colcon_core.environment:checking '/home/momesso/vrx_ws/install/lib'
[0.787s] Level 1:colcon.colcon_core.shell:create_environment_hook('wamv_description', 'ld_library_path_lib')
[0.788s] INFO:colcon.colcon_core.shell:Creating environment hook '/home/momesso/vrx_ws/install/share/wamv_description/hook/ld_library_path_lib.ps1'
[0.788s] INFO:colcon.colcon_core.shell:Creating environment descriptor '/home/momesso/vrx_ws/install/share/wamv_description/hook/ld_library_path_lib.dsv'
[0.788s] INFO:colcon.colcon_core.shell:Creating environment hook '/home/momesso/vrx_ws/install/share/wamv_description/hook/ld_library_path_lib.sh'
[0.789s] Level 1:colcon.colcon_core.environment:checking '/home/momesso/vrx_ws/install/bin'
[0.789s] Level 1:colcon.colcon_core.environment:checking '/home/momesso/vrx_ws/install/lib/pkgconfig/wamv_description.pc'
[0.789s] Level 1:colcon.colcon_core.environment:checking '/home/momesso/vrx_ws/install/lib/python3.10/site-packages'
[0.789s] Level 1:colcon.colcon_core.shell:create_environment_hook('wamv_description', 'pythonpath')
[0.790s] INFO:colcon.colcon_core.shell:Creating environment hook '/home/momesso/vrx_ws/install/share/wamv_description/hook/pythonpath.ps1'
[0.790s] INFO:colcon.colcon_core.shell:Creating environment descriptor '/home/momesso/vrx_ws/install/share/wamv_description/hook/pythonpath.dsv'
[0.790s] INFO:colcon.colcon_core.shell:Creating environment hook '/home/momesso/vrx_ws/install/share/wamv_description/hook/pythonpath.sh'
[0.791s] Level 1:colcon.colcon_core.environment:checking '/home/momesso/vrx_ws/install/bin'
[0.791s] INFO:colcon.colcon_core.shell:Creating package script '/home/momesso/vrx_ws/install/share/wamv_description/package.ps1'
[0.792s] INFO:colcon.colcon_core.shell:Creating package descriptor '/home/momesso/vrx_ws/install/share/wamv_description/package.dsv'
[0.793s] INFO:colcon.colcon_core.shell:Creating package script '/home/momesso/vrx_ws/install/share/wamv_description/package.sh'
[0.793s] INFO:colcon.colcon_core.shell:Creating package script '/home/momesso/vrx_ws/install/share/wamv_description/package.bash'
[0.793s] INFO:colcon.colcon_core.shell:Creating package script '/home/momesso/vrx_ws/install/share/wamv_description/package.zsh'
[0.794s] Level 1:colcon.colcon_core.environment:create_file_with_runtime_dependencies(/home/momesso/vrx_ws/install/share/colcon-core/packages/wamv_description)
[0.811s] Level 1:colcon.colcon_core.environment:create_environment_scripts_only(wamv_description)
[0.811s] Level 1:colcon.colcon_core.environment:checking '/home/momesso/vrx_ws/install' for CMake module files
[0.811s] Level 1:colcon.colcon_core.environment:checking '/home/momesso/vrx_ws/install' for CMake config files
[0.812s] Level 1:colcon.colcon_core.shell:create_environment_hook('wamv_description', 'cmake_prefix_path')
[0.812s] INFO:colcon.colcon_core.shell:Creating environment hook '/home/momesso/vrx_ws/install/share/wamv_description/hook/cmake_prefix_path.ps1'
[0.812s] INFO:colcon.colcon_core.shell:Creating environment descriptor '/home/momesso/vrx_ws/install/share/wamv_description/hook/cmake_prefix_path.dsv'
[0.812s] INFO:colcon.colcon_core.shell:Creating environment hook '/home/momesso/vrx_ws/install/share/wamv_description/hook/cmake_prefix_path.sh'
[0.813s] Level 1:colcon.colcon_core.environment:checking '/home/momesso/vrx_ws/install/lib'
[0.813s] Level 1:colcon.colcon_core.shell:create_environment_hook('wamv_description', 'ld_library_path_lib')
[0.813s] INFO:colcon.colcon_core.shell:Creating environment hook '/home/momesso/vrx_ws/install/share/wamv_description/hook/ld_library_path_lib.ps1'
[0.814s] INFO:colcon.colcon_core.shell:Creating environment descriptor '/home/momesso/vrx_ws/install/share/wamv_description/hook/ld_library_path_lib.dsv'
[0.814s] INFO:colcon.colcon_core.shell:Creating environment hook '/home/momesso/vrx_ws/install/share/wamv_description/hook/ld_library_path_lib.sh'
[0.815s] Level 1:colcon.colcon_core.environment:checking '/home/momesso/vrx_ws/install/bin'
[0.815s] Level 1:colcon.colcon_core.environment:checking '/home/momesso/vrx_ws/install/lib/pkgconfig/wamv_description.pc'
[0.815s] Level 1:colcon.colcon_core.environment:checking '/home/momesso/vrx_ws/install/lib/python3.10/site-packages'
[0.815s] Level 1:colcon.colcon_core.shell:create_environment_hook('wamv_description', 'pythonpath')
[0.815s] INFO:colcon.colcon_core.shell:Creating environment hook '/home/momesso/vrx_ws/install/share/wamv_description/hook/pythonpath.ps1'
[0.816s] INFO:colcon.colcon_core.shell:Creating environment descriptor '/home/momesso/vrx_ws/install/share/wamv_description/hook/pythonpath.dsv'
[0.816s] INFO:colcon.colcon_core.shell:Creating environment hook '/home/momesso/vrx_ws/install/share/wamv_description/hook/pythonpath.sh'
[0.817s] Level 1:colcon.colcon_core.environment:checking '/home/momesso/vrx_ws/install/bin'
[0.818s] INFO:colcon.colcon_core.shell:Creating package script '/home/momesso/vrx_ws/install/share/wamv_description/package.ps1'
[0.818s] INFO:colcon.colcon_core.shell:Creating package descriptor '/home/momesso/vrx_ws/install/share/wamv_description/package.dsv'
[0.818s] INFO:colcon.colcon_core.shell:Creating package script '/home/momesso/vrx_ws/install/share/wamv_description/package.sh'
[0.819s] INFO:colcon.colcon_core.shell:Creating package script '/home/momesso/vrx_ws/install/share/wamv_description/package.bash'
[0.820s] INFO:colcon.colcon_core.shell:Creating package script '/home/momesso/vrx_ws/install/share/wamv_description/package.zsh'
[0.820s] Level 1:colcon.colcon_core.environment:create_file_with_runtime_dependencies(/home/momesso/vrx_ws/install/share/colcon-core/packages/wamv_description)
[0.820s] INFO:colcon.colcon_ros.task.ament_cmake.build:Building ROS package in '/home/momesso/vrx_ws/src/vrx/vrx_urdf/wamv_gazebo' with build type 'ament_cmake'
[0.820s] INFO:colcon.colcon_cmake.task.cmake.build:Building CMake package in '/home/momesso/vrx_ws/src/vrx/vrx_urdf/wamv_gazebo'
[0.821s] INFO:colcon.colcon_core.shell:Skip shell extension 'powershell' for command environment: Not usable outside of PowerShell
[0.821s] DEBUG:colcon.colcon_core.shell:Skip shell extension 'dsv' for command environment
[0.829s] DEBUG:colcon.colcon_core.event_handler.log_command:Invoking command in '/home/momesso/vrx_ws/build/wamv_gazebo': CMAKE_PREFIX_PATH=${CMAKE_PREFIX_PATH}:/opt/ros/humble GZ_SIM_RESOURCE_PATH=/home/momesso/vrx_ws/install/share:${GZ_SIM_RESOURCE_PATH} PYTHONPATH=/home/momesso/vrx_ws/install/lib/python3.10/site-packages:/home/momesso/vrx_ws/install/local/lib/python3.10/dist-packages:/opt/ros/humble/lib/python3.10/site-packages:/opt/ros/humble/local/lib/python3.10/dist-packages /usr/bin/cmake --build /home/momesso/vrx_ws/build/wamv_gazebo -- -j12 -l12
[0.838s] DEBUG:colcon.colcon_core.event_handler.log_command:Invoking command in '/home/momesso/vrx_ws/src/vrx_nav2': PYTHONPATH=/home/momesso/vrx_ws/build/vrx_nav2/prefix_override:/home/momesso/vrx_ws/install/lib/python3.10/site-packages:${PYTHONPATH} /usr/bin/python3 -W ignore:setup.py install is deprecated setup.py egg_info --egg-base ../../build/vrx_nav2 build --build-base /home/momesso/vrx_ws/build/vrx_nav2/build install --record /home/momesso/vrx_ws/build/vrx_nav2/install.log --single-version-externally-managed install_data
[0.858s] DEBUG:colcon.colcon_core.event_handler.log_command:Invoked command in '/home/momesso/vrx_ws/build/wamv_gazebo' returned '0': CMAKE_PREFIX_PATH=${CMAKE_PREFIX_PATH}:/opt/ros/humble GZ_SIM_RESOURCE_PATH=/home/momesso/vrx_ws/install/share:${GZ_SIM_RESOURCE_PATH} PYTHONPATH=/home/momesso/vrx_ws/install/lib/python3.10/site-packages:/home/momesso/vrx_ws/install/local/lib/python3.10/dist-packages:/opt/ros/humble/lib/python3.10/site-packages:/opt/ros/humble/local/lib/python3.10/dist-packages /usr/bin/cmake --build /home/momesso/vrx_ws/build/wamv_gazebo -- -j12 -l12
[0.872s] DEBUG:colcon.colcon_core.event_handler.log_command:Invoking command in '/home/momesso/vrx_ws/build/wamv_gazebo': CMAKE_PREFIX_PATH=${CMAKE_PREFIX_PATH}:/opt/ros/humble GZ_SIM_RESOURCE_PATH=/home/momesso/vrx_ws/install/share:${GZ_SIM_RESOURCE_PATH} PYTHONPATH=/home/momesso/vrx_ws/install/lib/python3.10/site-packages:/home/momesso/vrx_ws/install/local/lib/python3.10/dist-packages:/opt/ros/humble/lib/python3.10/site-packages:/opt/ros/humble/local/lib/python3.10/dist-packages /usr/bin/cmake --install /home/momesso/vrx_ws/build/wamv_gazebo
[0.879s] Level 1:colcon.colcon_core.environment:create_environment_scripts_only(wamv_gazebo)
[0.879s] Level 1:colcon.colcon_core.environment:checking '/home/momesso/vrx_ws/install' for CMake module files
[0.880s] Level 1:colcon.colcon_core.environment:checking '/home/momesso/vrx_ws/install' for CMake config files
[0.881s] Level 1:colcon.colcon_core.shell:create_environment_hook('wamv_gazebo', 'cmake_prefix_path')
[0.881s] INFO:colcon.colcon_core.shell:Creating environment hook '/home/momesso/vrx_ws/install/share/wamv_gazebo/hook/cmake_prefix_path.ps1'
[0.882s] DEBUG:colcon.colcon_core.event_handler.log_command:Invoked command in '/home/momesso/vrx_ws/build/wamv_gazebo' returned '0': CMAKE_PREFIX_PATH=${CMAKE_PREFIX_PATH}:/opt/ros/humble GZ_SIM_RESOURCE_PATH=/home/momesso/vrx_ws/install/share:${GZ_SIM_RESOURCE_PATH} PYTHONPATH=/home/momesso/vrx_ws/install/lib/python3.10/site-packages:/home/momesso/vrx_ws/install/local/lib/python3.10/dist-packages:/opt/ros/humble/lib/python3.10/site-packages:/opt/ros/humble/local/lib/python3.10/dist-packages /usr/bin/cmake --install /home/momesso/vrx_ws/build/wamv_gazebo
[0.882s] INFO:colcon.colcon_core.shell:Creating environment descriptor '/home/momesso/vrx_ws/install/share/wamv_gazebo/hook/cmake_prefix_path.dsv'
[0.882s] INFO:colcon.colcon_core.shell:Creating environment hook '/home/momesso/vrx_ws/install/share/wamv_gazebo/hook/cmake_prefix_path.sh'
[0.883s] Level 1:colcon.colcon_core.environment:checking '/home/momesso/vrx_ws/install/lib'
[0.883s] Level 1:colcon.colcon_core.shell:create_environment_hook('wamv_gazebo', 'ld_library_path_lib')
[0.883s] INFO:colcon.colcon_core.shell:Creating environment hook '/home/momesso/vrx_ws/install/share/wamv_gazebo/hook/ld_library_path_lib.ps1'
[0.883s] INFO:colcon.colcon_core.shell:Creating environment descriptor '/home/momesso/vrx_ws/install/share/wamv_gazebo/hook/ld_library_path_lib.dsv'
[0.883s] INFO:colcon.colcon_core.shell:Creating environment hook '/home/momesso/vrx_ws/install/share/wamv_gazebo/hook/ld_library_path_lib.sh'
[0.884s] Level 1:colcon.colcon_core.environment:checking '/home/momesso/vrx_ws/install/bin'
[0.884s] Level 1:colcon.colcon_core.environment:checking '/home/momesso/vrx_ws/install/lib/pkgconfig/wamv_gazebo.pc'
[0.884s] Level 1:colcon.colcon_core.environment:checking '/home/momesso/vrx_ws/install/lib/python3.10/site-packages'
[0.884s] Level 1:colcon.colcon_core.shell:create_environment_hook('wamv_gazebo', 'pythonpath')
[0.884s] INFO:colcon.colcon_core.shell:Creating environment hook '/home/momesso/vrx_ws/install/share/wamv_gazebo/hook/pythonpath.ps1'
[0.884s] INFO:colcon.colcon_core.shell:Creating environment descriptor '/home/momesso/vrx_ws/install/share/wamv_gazebo/hook/pythonpath.dsv'
[0.885s] INFO:colcon.colcon_core.shell:Creating environment hook '/home/momesso/vrx_ws/install/share/wamv_gazebo/hook/pythonpath.sh'
[0.885s] Level 1:colcon.colcon_core.environment:checking '/home/momesso/vrx_ws/install/bin'
[0.885s] INFO:colcon.colcon_core.shell:Creating package script '/home/momesso/vrx_ws/install/share/wamv_gazebo/package.ps1'
[0.886s] INFO:colcon.colcon_core.shell:Creating package descriptor '/home/momesso/vrx_ws/install/share/wamv_gazebo/package.dsv'
[0.886s] INFO:colcon.colcon_core.shell:Creating package script '/home/momesso/vrx_ws/install/share/wamv_gazebo/package.sh'
[0.886s] INFO:colcon.colcon_core.shell:Creating package script '/home/momesso/vrx_ws/install/share/wamv_gazebo/package.bash'
[0.887s] INFO:colcon.colcon_core.shell:Creating package script '/home/momesso/vrx_ws/install/share/wamv_gazebo/package.zsh'
[0.887s] Level 1:colcon.colcon_core.environment:create_file_with_runtime_dependencies(/home/momesso/vrx_ws/install/share/colcon-core/packages/wamv_gazebo)
[0.901s] Level 1:colcon.colcon_core.environment:create_environment_scripts_only(wamv_gazebo)
[0.902s] Level 1:colcon.colcon_core.environment:checking '/home/momesso/vrx_ws/install' for CMake module files
[0.902s] Level 1:colcon.colcon_core.environment:checking '/home/momesso/vrx_ws/install' for CMake config files
[0.902s] Level 1:colcon.colcon_core.shell:create_environment_hook('wamv_gazebo', 'cmake_prefix_path')
[0.902s] INFO:colcon.colcon_core.shell:Creating environment hook '/home/momesso/vrx_ws/install/share/wamv_gazebo/hook/cmake_prefix_path.ps1'
[0.903s] INFO:colcon.colcon_core.shell:Creating environment descriptor '/home/momesso/vrx_ws/install/share/wamv_gazebo/hook/cmake_prefix_path.dsv'
[0.903s] INFO:colcon.colcon_core.shell:Creating environment hook '/home/momesso/vrx_ws/install/share/wamv_gazebo/hook/cmake_prefix_path.sh'
[0.903s] Level 1:colcon.colcon_core.environment:checking '/home/momesso/vrx_ws/install/lib'
[0.903s] Level 1:colcon.colcon_core.shell:create_environment_hook('wamv_gazebo', 'ld_library_path_lib')
[0.904s] INFO:colcon.colcon_core.shell:Creating environment hook '/home/momesso/vrx_ws/install/share/wamv_gazebo/hook/ld_library_path_lib.ps1'
[0.904s] INFO:colcon.colcon_core.shell:Creating environment descriptor '/home/momesso/vrx_ws/install/share/wamv_gazebo/hook/ld_library_path_lib.dsv'
[0.904s] INFO:colcon.colcon_core.shell:Creating environment hook '/home/momesso/vrx_ws/install/share/wamv_gazebo/hook/ld_library_path_lib.sh'
[0.904s] Level 1:colcon.colcon_core.environment:checking '/home/momesso/vrx_ws/install/bin'
[0.905s] Level 1:colcon.colcon_core.environment:checking '/home/momesso/vrx_ws/install/lib/pkgconfig/wamv_gazebo.pc'
[0.905s] Level 1:colcon.colcon_core.environment:checking '/home/momesso/vrx_ws/install/lib/python3.10/site-packages'
[0.905s] Level 1:colcon.colcon_core.shell:create_environment_hook('wamv_gazebo', 'pythonpath')
[0.905s] INFO:colcon.colcon_core.shell:Creating environment hook '/home/momesso/vrx_ws/install/share/wamv_gazebo/hook/pythonpath.ps1'
[0.905s] INFO:colcon.colcon_core.shell:Creating environment descriptor '/home/momesso/vrx_ws/install/share/wamv_gazebo/hook/pythonpath.dsv'
[0.906s] INFO:colcon.colcon_core.shell:Creating environment hook '/home/momesso/vrx_ws/install/share/wamv_gazebo/hook/pythonpath.sh'
[0.906s] Level 1:colcon.colcon_core.environment:checking '/home/momesso/vrx_ws/install/bin'
[0.906s] INFO:colcon.colcon_core.shell:Creating package script '/home/momesso/vrx_ws/install/share/wamv_gazebo/package.ps1'
[0.907s] INFO:colcon.colcon_core.shell:Creating package descriptor '/home/momesso/vrx_ws/install/share/wamv_gazebo/package.dsv'
[0.907s] INFO:colcon.colcon_core.shell:Creating package script '/home/momesso/vrx_ws/install/share/wamv_gazebo/package.sh'
[0.908s] INFO:colcon.colcon_core.shell:Creating package script '/home/momesso/vrx_ws/install/share/wamv_gazebo/package.bash'
[0.908s] INFO:colcon.colcon_core.shell:Creating package script '/home/momesso/vrx_ws/install/share/wamv_gazebo/package.zsh'
[0.908s] Level 1:colcon.colcon_core.environment:create_file_with_runtime_dependencies(/home/momesso/vrx_ws/install/share/colcon-core/packages/wamv_gazebo)
[0.952s] DEBUG:colcon.colcon_core.event_handler.log_command:Invoked command in '/home/momesso/vrx_ws/build/vrx_gz' returned '0': CMAKE_PREFIX_PATH=${CMAKE_PREFIX_PATH}:/opt/ros/humble PYTHONPATH=/home/momesso/vrx_ws/install/lib/python3.10/site-packages:/home/momesso/vrx_ws/install/local/lib/python3.10/dist-packages:/opt/ros/humble/lib/python3.10/site-packages:/opt/ros/humble/local/lib/python3.10/dist-packages /usr/bin/cmake --build /home/momesso/vrx_ws/build/vrx_gz -- -j12 -l12
[1.010s] DEBUG:colcon.colcon_core.event_handler.log_command:Invoking command in '/home/momesso/vrx_ws/build/vrx_gz': CMAKE_PREFIX_PATH=${CMAKE_PREFIX_PATH}:/opt/ros/humble PYTHONPATH=/home/momesso/vrx_ws/install/lib/python3.10/site-packages:/home/momesso/vrx_ws/install/local/lib/python3.10/dist-packages:/opt/ros/humble/lib/python3.10/site-packages:/opt/ros/humble/local/lib/python3.10/dist-packages /usr/bin/cmake --install /home/momesso/vrx_ws/build/vrx_gz
[1.054s] Level 1:colcon.colcon_core.environment:create_environment_scripts_only(vrx_gz)
[1.055s] Level 1:colcon.colcon_core.environment:checking '/home/momesso/vrx_ws/install' for CMake module files
[1.056s] Level 1:colcon.colcon_core.environment:checking '/home/momesso/vrx_ws/install' for CMake config files
[1.057s] Level 1:colcon.colcon_core.shell:create_environment_hook('vrx_gz', 'cmake_prefix_path')
[1.057s] INFO:colcon.colcon_core.shell:Creating environment hook '/home/momesso/vrx_ws/install/share/vrx_gz/hook/cmake_prefix_path.ps1'
[1.058s] INFO:colcon.colcon_core.shell:Creating environment descriptor '/home/momesso/vrx_ws/install/share/vrx_gz/hook/cmake_prefix_path.dsv'
[1.058s] INFO:colcon.colcon_core.shell:Creating environment hook '/home/momesso/vrx_ws/install/share/vrx_gz/hook/cmake_prefix_path.sh'
[1.059s] Level 1:colcon.colcon_core.environment:checking '/home/momesso/vrx_ws/install/lib'
[1.059s] Level 1:colcon.colcon_core.shell:create_environment_hook('vrx_gz', 'ld_library_path_lib')
[1.059s] INFO:colcon.colcon_core.shell:Creating environment hook '/home/momesso/vrx_ws/install/share/vrx_gz/hook/ld_library_path_lib.ps1'
[1.060s] INFO:colcon.colcon_core.shell:Creating environment descriptor '/home/momesso/vrx_ws/install/share/vrx_gz/hook/ld_library_path_lib.dsv'
[1.060s] INFO:colcon.colcon_core.shell:Creating environment hook '/home/momesso/vrx_ws/install/share/vrx_gz/hook/ld_library_path_lib.sh'
[1.061s] Level 1:colcon.colcon_core.environment:checking '/home/momesso/vrx_ws/install/bin'
[1.061s] Level 1:colcon.colcon_core.environment:checking '/home/momesso/vrx_ws/install/lib/pkgconfig/vrx_gz.pc'
[1.061s] Level 1:colcon.colcon_core.environment:checking '/home/momesso/vrx_ws/install/lib/python3.10/site-packages'
[1.061s] Level 1:colcon.colcon_core.shell:create_environment_hook('vrx_gz', 'pythonpath')
[1.061s] INFO:colcon.colcon_core.shell:Creating environment hook '/home/momesso/vrx_ws/install/share/vrx_gz/hook/pythonpath.ps1'
[1.062s] INFO:colcon.colcon_core.shell:Creating environment descriptor '/home/momesso/vrx_ws/install/share/vrx_gz/hook/pythonpath.dsv'
[1.062s] INFO:colcon.colcon_core.shell:Creating environment hook '/home/momesso/vrx_ws/install/share/vrx_gz/hook/pythonpath.sh'
[1.063s] Level 1:colcon.colcon_core.environment:checking '/home/momesso/vrx_ws/install/bin'
[1.063s] INFO:colcon.colcon_core.shell:Creating package script '/home/momesso/vrx_ws/install/share/vrx_gz/package.ps1'
[1.064s] INFO:colcon.colcon_core.shell:Creating package descriptor '/home/momesso/vrx_ws/install/share/vrx_gz/package.dsv'
[1.064s] INFO:colcon.colcon_core.shell:Creating package script '/home/momesso/vrx_ws/install/share/vrx_gz/package.sh'
[1.065s] INFO:colcon.colcon_core.shell:Creating package script '/home/momesso/vrx_ws/install/share/vrx_gz/package.bash'
[1.065s] INFO:colcon.colcon_core.shell:Creating package script '/home/momesso/vrx_ws/install/share/vrx_gz/package.zsh'
[1.066s] Level 1:colcon.colcon_core.environment:create_file_with_runtime_dependencies(/home/momesso/vrx_ws/install/share/colcon-core/packages/vrx_gz)
[1.070s] DEBUG:colcon.colcon_core.event_handler.log_command:Invoked command in '/home/momesso/vrx_ws/build/vrx_gz' returned '0': CMAKE_PREFIX_PATH=${CMAKE_PREFIX_PATH}:/opt/ros/humble PYTHONPATH=/home/momesso/vrx_ws/install/lib/python3.10/site-packages:/home/momesso/vrx_ws/install/local/lib/python3.10/dist-packages:/opt/ros/humble/lib/python3.10/site-packages:/opt/ros/humble/local/lib/python3.10/dist-packages /usr/bin/cmake --install /home/momesso/vrx_ws/build/vrx_gz
[1.074s] Level 1:colcon.colcon_core.environment:checking '/home/momesso/vrx_ws/install' for CMake module files
[1.074s] DEBUG:colcon.colcon_core.event_handler.log_command:Invoked command in '/home/momesso/vrx_ws/src/vrx_nav2' returned '0': PYTHONPATH=/home/momesso/vrx_ws/build/vrx_nav2/prefix_override:/home/momesso/vrx_ws/install/lib/python3.10/site-packages:${PYTHONPATH} /usr/bin/python3 -W ignore:setup.py install is deprecated setup.py egg_info --egg-base ../../build/vrx_nav2 build --build-base /home/momesso/vrx_ws/build/vrx_nav2/build install --record /home/momesso/vrx_ws/build/vrx_nav2/install.log --single-version-externally-managed install_data
[1.074s] Level 1:colcon.colcon_core.environment:checking '/home/momesso/vrx_ws/install' for CMake config files
[1.075s] Level 1:colcon.colcon_core.shell:create_environment_hook('vrx_nav2', 'cmake_prefix_path')
[1.075s] INFO:colcon.colcon_core.shell:Creating environment hook '/home/momesso/vrx_ws/install/share/vrx_nav2/hook/cmake_prefix_path.ps1'
[1.075s] INFO:colcon.colcon_core.shell:Creating environment descriptor '/home/momesso/vrx_ws/install/share/vrx_nav2/hook/cmake_prefix_path.dsv'
[1.076s] INFO:colcon.colcon_core.shell:Creating environment hook '/home/momesso/vrx_ws/install/share/vrx_nav2/hook/cmake_prefix_path.sh'
[1.076s] Level 1:colcon.colcon_core.environment:checking '/home/momesso/vrx_ws/install/lib'
[1.076s] Level 1:colcon.colcon_core.shell:create_environment_hook('vrx_nav2', 'ld_library_path_lib')
[1.077s] INFO:colcon.colcon_core.shell:Creating environment hook '/home/momesso/vrx_ws/install/share/vrx_nav2/hook/ld_library_path_lib.ps1'
[1.077s] INFO:colcon.colcon_core.shell:Creating environment descriptor '/home/momesso/vrx_ws/install/share/vrx_nav2/hook/ld_library_path_lib.dsv'
[1.077s] INFO:colcon.colcon_core.shell:Creating environment hook '/home/momesso/vrx_ws/install/share/vrx_nav2/hook/ld_library_path_lib.sh'
[1.078s] Level 1:colcon.colcon_core.environment:checking '/home/momesso/vrx_ws/install/bin'
[1.078s] Level 1:colcon.colcon_core.environment:checking '/home/momesso/vrx_ws/install/lib/pkgconfig/vrx_nav2.pc'
[1.078s] Level 1:colcon.colcon_core.environment:checking '/home/momesso/vrx_ws/install/lib/python3.10/site-packages'
[1.078s] Level 1:colcon.colcon_core.shell:create_environment_hook('vrx_nav2', 'pythonpath')
[1.078s] INFO:colcon.colcon_core.shell:Creating environment hook '/home/momesso/vrx_ws/install/share/vrx_nav2/hook/pythonpath.ps1'
[1.079s] INFO:colcon.colcon_core.shell:Creating environment descriptor '/home/momesso/vrx_ws/install/share/vrx_nav2/hook/pythonpath.dsv'
[1.079s] INFO:colcon.colcon_core.shell:Creating environment hook '/home/momesso/vrx_ws/install/share/vrx_nav2/hook/pythonpath.sh'
[1.080s] Level 1:colcon.colcon_core.environment:checking '/home/momesso/vrx_ws/install/bin'
[1.080s] Level 1:colcon.colcon_core.environment:create_environment_scripts_only(vrx_nav2)
[1.080s] INFO:colcon.colcon_core.shell:Creating package script '/home/momesso/vrx_ws/install/share/vrx_nav2/package.ps1'
[1.081s] INFO:colcon.colcon_core.shell:Creating package descriptor '/home/momesso/vrx_ws/install/share/vrx_nav2/package.dsv'
[1.081s] INFO:colcon.colcon_core.shell:Creating package script '/home/momesso/vrx_ws/install/share/vrx_nav2/package.sh'
[1.082s] INFO:colcon.colcon_core.shell:Creating package script '/home/momesso/vrx_ws/install/share/vrx_nav2/package.bash'
[1.082s] INFO:colcon.colcon_core.shell:Creating package script '/home/momesso/vrx_ws/install/share/vrx_nav2/package.zsh'
[1.082s] Level 1:colcon.colcon_core.environment:create_file_with_runtime_dependencies(/home/momesso/vrx_ws/install/share/colcon-core/packages/vrx_nav2)
[1.123s] Level 1:colcon.colcon_core.environment:create_environment_scripts_only(vrx_gz)
[1.123s] Level 1:colcon.colcon_core.environment:checking '/home/momesso/vrx_ws/install' for CMake module files
[1.124s] Level 1:colcon.colcon_core.environment:checking '/home/momesso/vrx_ws/install' for CMake config files
[1.124s] Level 1:colcon.colcon_core.shell:create_environment_hook('vrx_gz', 'cmake_prefix_path')
[1.124s] INFO:colcon.colcon_core.shell:Creating environment hook '/home/momesso/vrx_ws/install/share/vrx_gz/hook/cmake_prefix_path.ps1'
[1.124s] INFO:colcon.colcon_core.shell:Creating environment descriptor '/home/momesso/vrx_ws/install/share/vrx_gz/hook/cmake_prefix_path.dsv'
[1.125s] INFO:colcon.colcon_core.shell:Creating environment hook '/home/momesso/vrx_ws/install/share/vrx_gz/hook/cmake_prefix_path.sh'
[1.125s] Level 1:colcon.colcon_core.environment:checking '/home/momesso/vrx_ws/install/lib'
[1.125s] Level 1:colcon.colcon_core.shell:create_environment_hook('vrx_gz', 'ld_library_path_lib')
[1.125s] INFO:colcon.colcon_core.shell:Creating environment hook '/home/momesso/vrx_ws/install/share/vrx_gz/hook/ld_library_path_lib.ps1'
[1.126s] INFO:colcon.colcon_core.shell:Creating environment descriptor '/home/momesso/vrx_ws/install/share/vrx_gz/hook/ld_library_path_lib.dsv'
[1.126s] INFO:colcon.colcon_core.shell:Creating environment hook '/home/momesso/vrx_ws/install/share/vrx_gz/hook/ld_library_path_lib.sh'
[1.126s] Level 1:colcon.colcon_core.environment:checking '/home/momesso/vrx_ws/install/bin'
[1.126s] Level 1:colcon.colcon_core.environment:checking '/home/momesso/vrx_ws/install/lib/pkgconfig/vrx_gz.pc'
[1.126s] Level 1:colcon.colcon_core.environment:checking '/home/momesso/vrx_ws/install/lib/python3.10/site-packages'
[1.126s] Level 1:colcon.colcon_core.shell:create_environment_hook('vrx_gz', 'pythonpath')
[1.126s] INFO:colcon.colcon_core.shell:Creating environment hook '/home/momesso/vrx_ws/install/share/vrx_gz/hook/pythonpath.ps1'
[1.127s] INFO:colcon.colcon_core.shell:Creating environment descriptor '/home/momesso/vrx_ws/install/share/vrx_gz/hook/pythonpath.dsv'
[1.127s] INFO:colcon.colcon_core.shell:Creating environment hook '/home/momesso/vrx_ws/install/share/vrx_gz/hook/pythonpath.sh'
[1.127s] Level 1:colcon.colcon_core.environment:checking '/home/momesso/vrx_ws/install/bin'
[1.128s] INFO:colcon.colcon_core.shell:Creating package script '/home/momesso/vrx_ws/install/share/vrx_gz/package.ps1'
[1.128s] INFO:colcon.colcon_core.shell:Creating package descriptor '/home/momesso/vrx_ws/install/share/vrx_gz/package.dsv'
[1.128s] INFO:colcon.colcon_core.shell:Creating package script '/home/momesso/vrx_ws/install/share/vrx_gz/package.sh'
[1.129s] INFO:colcon.colcon_core.shell:Creating package script '/home/momesso/vrx_ws/install/share/vrx_gz/package.bash'
[1.129s] INFO:colcon.colcon_core.shell:Creating package script '/home/momesso/vrx_ws/install/share/vrx_gz/package.zsh'
[1.129s] Level 1:colcon.colcon_core.environment:create_file_with_runtime_dependencies(/home/momesso/vrx_ws/install/share/colcon-core/packages/vrx_gz)
[1.130s] DEBUG:colcon.colcon_parallel_executor.executor.parallel:closing loop
[1.130s] DEBUG:colcon.colcon_parallel_executor.executor.parallel:loop closed
[1.130s] DEBUG:colcon.colcon_parallel_executor.executor.parallel:run_until_complete finished with '0'
[1.130s] DEBUG:colcon.colcon_core.event_reactor:joining thread
[1.134s] INFO:colcon.colcon_core.plugin_system:Skipping extension 'colcon_notification.desktop_notification.terminal_notifier': Not used on non-Darwin systems
[1.134s] INFO:colcon.colcon_core.plugin_system:Skipping extension 'colcon_notification.desktop_notification.win32': Not used on non-Windows systems
[1.134s] INFO:colcon.colcon_notification.desktop_notification:Sending desktop notification using 'notify2'
[1.142s] DEBUG:colcon.colcon_core.event_reactor:joined thread
[1.143s] INFO:colcon.colcon_core.shell:Creating prefix script '/home/momesso/vrx_ws/install/local_setup.ps1'
[1.143s] INFO:colcon.colcon_core.shell:Creating prefix util module '/home/momesso/vrx_ws/install/_local_setup_util_ps1.py'
[1.144s] INFO:colcon.colcon_core.shell:Creating prefix chain script '/home/momesso/vrx_ws/install/setup.ps1'
[1.145s] INFO:colcon.colcon_core.shell:Creating prefix script '/home/momesso/vrx_ws/install/local_setup.sh'
[1.146s] INFO:colcon.colcon_core.shell:Creating prefix util module '/home/momesso/vrx_ws/install/_local_setup_util_sh.py'
[1.146s] INFO:colcon.colcon_core.shell:Creating prefix chain script '/home/momesso/vrx_ws/install/setup.sh'
[1.147s] INFO:colcon.colcon_core.shell:Creating prefix script '/home/momesso/vrx_ws/install/local_setup.bash'
[1.147s] INFO:colcon.colcon_core.shell:Creating prefix chain script '/home/momesso/vrx_ws/install/setup.bash'
[1.148s] INFO:colcon.colcon_core.shell:Creating prefix script '/home/momesso/vrx_ws/install/local_setup.zsh'
[1.148s] INFO:colcon.colcon_core.shell:Creating prefix chain script '/home/momesso/vrx_ws/install/setup.zsh'
