[0.007s] Invoking command in '/home/momesso/vrx_ws/build/wamv_description': AMENT_PREFIX_PATH=/home/momesso/vrx_ws/install:${AMENT_PREFIX_PATH} CMAKE_PREFIX_PATH=/home/momesso/vrx_ws/install:/opt/ros/humble GZ_SIM_RESOURCE_PATH=/home/momesso/vrx_ws/install/share/vrx_gazebo/models:/home/momesso/vrx_ws/install/share LD_LIBRARY_PATH=/home/momesso/vrx_ws/install/lib:${LD_LIBRARY_PATH} PYTHONPATH=/home/momesso/vrx_ws/install/local/lib/python3.10/dist-packages:/home/momesso/vrx_ws/install/lib/python3.10/site-packages:${PYTHONPATH} /usr/bin/cmake --build /home/momesso/vrx_ws/build/wamv_description -- -j12 -l12
[0.056s] [100%] Built target wamv_description__xacro_auto_generate
[0.089s] Invoked command in '/home/momesso/vrx_ws/build/wamv_description' returned '0': AMENT_PREFIX_PATH=/home/momesso/vrx_ws/install:${AMENT_PREFIX_PATH} CMAKE_PREFIX_PATH=/home/momesso/vrx_ws/install:/opt/ros/humble GZ_SIM_RESOURCE_PATH=/home/momesso/vrx_ws/install/share/vrx_gazebo/models:/home/momesso/vrx_ws/install/share LD_LIBRARY_PATH=/home/momesso/vrx_ws/install/lib:${LD_LIBRARY_PATH} PYTHONPATH=/home/momesso/vrx_ws/install/local/lib/python3.10/dist-packages:/home/momesso/vrx_ws/install/lib/python3.10/site-packages:${PYTHONPATH} /usr/bin/cmake --build /home/momesso/vrx_ws/build/wamv_description -- -j12 -l12
[0.135s] Invoking command in '/home/momesso/vrx_ws/build/wamv_description': AMENT_PREFIX_PATH=/home/momesso/vrx_ws/install:${AMENT_PREFIX_PATH} CMAKE_PREFIX_PATH=/home/momesso/vrx_ws/install:/opt/ros/humble GZ_SIM_RESOURCE_PATH=/home/momesso/vrx_ws/install/share/vrx_gazebo/models:/home/momesso/vrx_ws/install/share LD_LIBRARY_PATH=/home/momesso/vrx_ws/install/lib:${LD_LIBRARY_PATH} PYTHONPATH=/home/momesso/vrx_ws/install/local/lib/python3.10/dist-packages:/home/momesso/vrx_ws/install/lib/python3.10/site-packages:${PYTHONPATH} /usr/bin/cmake --install /home/momesso/vrx_ws/build/wamv_description
[0.144s] -- Install configuration: ""
[0.144s] -- Up-to-date: /home/momesso/vrx_ws/install/share/wamv_description/environment/resource_paths.dsv
[0.144s] -- Up-to-date: /home/momesso/vrx_ws/install/share/wamv_description/environment/resource_paths.sh
[0.144s] -- Up-to-date: /home/momesso/vrx_ws/install/share/wamv_description/urdf/wamv_base.urdf
[0.144s] -- Up-to-date: /home/momesso/vrx_ws/install/share/wamv_description/models
[0.144s] -- Up-to-date: /home/momesso/vrx_ws/install/share/wamv_description/models/propeller
[0.144s] -- Up-to-date: /home/momesso/vrx_ws/install/share/wamv_description/models/propeller/mesh
[0.145s] -- Up-to-date: /home/momesso/vrx_ws/install/share/wamv_description/models/propeller/mesh/propeller.dae
[0.145s] -- Up-to-date: /home/momesso/vrx_ws/install/share/wamv_description/models/propeller/model.config
[0.145s] -- Up-to-date: /home/momesso/vrx_ws/install/share/wamv_description/models/engine
[0.145s] -- Up-to-date: /home/momesso/vrx_ws/install/share/wamv_description/models/engine/mesh
[0.145s] -- Up-to-date: /home/momesso/vrx_ws/install/share/wamv_description/models/engine/mesh/engine.dae
[0.145s] -- Up-to-date: /home/momesso/vrx_ws/install/share/wamv_description/models/engine/model.config
[0.145s] -- Up-to-date: /home/momesso/vrx_ws/install/share/wamv_description/models/WAM-V-Base
[0.145s] -- Up-to-date: /home/momesso/vrx_ws/install/share/wamv_description/models/WAM-V-Base/mesh
[0.145s] -- Up-to-date: /home/momesso/vrx_ws/install/share/wamv_description/models/WAM-V-Base/mesh/WamV.png
[0.145s] -- Up-to-date: /home/momesso/vrx_ws/install/share/wamv_description/models/WAM-V-Base/mesh/WAM-V-Base.dae
[0.145s] -- Up-to-date: /home/momesso/vrx_ws/install/share/wamv_description/models/WAM-V-Base/mesh/WAM-V_Albedo.png
[0.146s] -- Up-to-date: /home/momesso/vrx_ws/install/share/wamv_description/models/WAM-V-Base/mesh/WAM-V_Normal.png
[0.146s] -- Up-to-date: /home/momesso/vrx_ws/install/share/wamv_description/models/WAM-V-Base/mesh/WAM-V_Roughness.png
[0.146s] -- Up-to-date: /home/momesso/vrx_ws/install/share/wamv_description/models/WAM-V-Base/mesh/WAM-V_Metalness.png
[0.146s] -- Up-to-date: /home/momesso/vrx_ws/install/share/wamv_description/models/WAM-V-Base/model.config
[0.146s] -- Up-to-date: /home/momesso/vrx_ws/install/share/wamv_description/urdf
[0.146s] -- Up-to-date: /home/momesso/vrx_ws/install/share/wamv_description/urdf/wamv_base.urdf.xacro
[0.146s] -- Up-to-date: /home/momesso/vrx_ws/install/share/wamv_description/urdf/thrusters
[0.146s] -- Up-to-date: /home/momesso/vrx_ws/install/share/wamv_description/urdf/thrusters/engine.xacro
[0.146s] -- Up-to-date: /home/momesso/vrx_ws/install/share/wamv_description/urdf/cpu_cases.xacro
[0.146s] -- Up-to-date: /home/momesso/vrx_ws/install/share/wamv_description/urdf/battery.xacro
[0.147s] -- Up-to-date: /home/momesso/vrx_ws/install/share/ament_index/resource_index/package_run_dependencies/wamv_description
[0.147s] -- Up-to-date: /home/momesso/vrx_ws/install/share/ament_index/resource_index/parent_prefix_path/wamv_description
[0.147s] -- Up-to-date: /home/momesso/vrx_ws/install/share/wamv_description/environment/ament_prefix_path.sh
[0.158s] -- Up-to-date: /home/momesso/vrx_ws/install/share/wamv_description/environment/ament_prefix_path.dsv
[0.159s] -- Up-to-date: /home/momesso/vrx_ws/install/share/wamv_description/environment/path.sh
[0.159s] -- Up-to-date: /home/momesso/vrx_ws/install/share/wamv_description/environment/path.dsv
[0.159s] -- Up-to-date: /home/momesso/vrx_ws/install/share/wamv_description/local_setup.bash
[0.159s] -- Up-to-date: /home/momesso/vrx_ws/install/share/wamv_description/local_setup.sh
[0.159s] -- Up-to-date: /home/momesso/vrx_ws/install/share/wamv_description/local_setup.zsh
[0.159s] -- Up-to-date: /home/momesso/vrx_ws/install/share/wamv_description/local_setup.dsv
[0.159s] -- Up-to-date: /home/momesso/vrx_ws/install/share/wamv_description/package.dsv
[0.159s] -- Up-to-date: /home/momesso/vrx_ws/install/share/ament_index/resource_index/packages/wamv_description
[0.159s] -- Up-to-date: /home/momesso/vrx_ws/install/share/wamv_description/cmake/wamv_descriptionConfig.cmake
[0.159s] -- Up-to-date: /home/momesso/vrx_ws/install/share/wamv_description/cmake/wamv_descriptionConfig-version.cmake
[0.159s] -- Up-to-date: /home/momesso/vrx_ws/install/share/wamv_description/package.xml
[0.160s] Invoked command in '/home/momesso/vrx_ws/build/wamv_description' returned '0': AMENT_PREFIX_PATH=/home/momesso/vrx_ws/install:${AMENT_PREFIX_PATH} CMAKE_PREFIX_PATH=/home/momesso/vrx_ws/install:/opt/ros/humble GZ_SIM_RESOURCE_PATH=/home/momesso/vrx_ws/install/share/vrx_gazebo/models:/home/momesso/vrx_ws/install/share LD_LIBRARY_PATH=/home/momesso/vrx_ws/install/lib:${LD_LIBRARY_PATH} PYTHONPATH=/home/momesso/vrx_ws/install/local/lib/python3.10/dist-packages:/home/momesso/vrx_ws/install/lib/python3.10/site-packages:${PYTHONPATH} /usr/bin/cmake --install /home/momesso/vrx_ws/build/wamv_description
