running egg_info
writing ../../build/vrx_nav2/vrx_nav2.egg-info/PKG-INFO
writing dependency_links to ../../build/vrx_nav2/vrx_nav2.egg-info/dependency_links.txt
writing entry points to ../../build/vrx_nav2/vrx_nav2.egg-info/entry_points.txt
writing requirements to ../../build/vrx_nav2/vrx_nav2.egg-info/requires.txt
writing top-level names to ../../build/vrx_nav2/vrx_nav2.egg-info/top_level.txt
reading manifest file '../../build/vrx_nav2/vrx_nav2.egg-info/SOURCES.txt'
writing manifest file '../../build/vrx_nav2/vrx_nav2.egg-info/SOURCES.txt'
running build
running build_py
copying vrx_nav2/bringup.py -> /home/momesso/vrx_ws/build/vrx_nav2/build/lib/vrx_nav2
copying vrx_nav2/teleop.py -> /home/momesso/vrx_ws/build/vrx_nav2/build/lib/vrx_nav2
running install
running install_lib
copying /home/momesso/vrx_ws/build/vrx_nav2/build/lib/vrx_nav2/bringup.py -> /home/momesso/vrx_ws/install/lib/python3.10/site-packages/vrx_nav2
copying /home/momesso/vrx_ws/build/vrx_nav2/build/lib/vrx_nav2/teleop.py -> /home/momesso/vrx_ws/install/lib/python3.10/site-packages/vrx_nav2
byte-compiling /home/momesso/vrx_ws/install/lib/python3.10/site-packages/vrx_nav2/bringup.py to bringup.cpython-310.pyc
byte-compiling /home/momesso/vrx_ws/install/lib/python3.10/site-packages/vrx_nav2/teleop.py to teleop.cpython-310.pyc
running install_data
running install_egg_info
removing '/home/momesso/vrx_ws/install/lib/python3.10/site-packages/vrx_nav2-0.0.0-py3.10.egg-info' (and everything under it)
Copying ../../build/vrx_nav2/vrx_nav2.egg-info to /home/momesso/vrx_ws/install/lib/python3.10/site-packages/vrx_nav2-0.0.0-py3.10.egg-info
running install_scripts
Installing bringup script to /home/momesso/vrx_ws/install/lib/vrx_nav2
Installing teleop_wamv script to /home/momesso/vrx_ws/install/lib/vrx_nav2
writing list of installed files to '/home/momesso/vrx_ws/build/vrx_nav2/install.log'
