running egg_info
creating ../../build/vrx_nav2/vrx_nav2.egg-info
writing ../../build/vrx_nav2/vrx_nav2.egg-info/PKG-INFO
writing dependency_links to ../../build/vrx_nav2/vrx_nav2.egg-info/dependency_links.txt
writing entry points to ../../build/vrx_nav2/vrx_nav2.egg-info/entry_points.txt
writing requirements to ../../build/vrx_nav2/vrx_nav2.egg-info/requires.txt
writing top-level names to ../../build/vrx_nav2/vrx_nav2.egg-info/top_level.txt
writing manifest file '../../build/vrx_nav2/vrx_nav2.egg-info/SOURCES.txt'
reading manifest file '../../build/vrx_nav2/vrx_nav2.egg-info/SOURCES.txt'
writing manifest file '../../build/vrx_nav2/vrx_nav2.egg-info/SOURCES.txt'
running build
running build_py
creating /home/momesso/vrx_ws/build/vrx_nav2/build
creating /home/momesso/vrx_ws/build/vrx_nav2/build/lib
creating /home/momesso/vrx_ws/build/vrx_nav2/build/lib/vrx_nav2
copying vrx_nav2/bringup.py -> /home/momesso/vrx_ws/build/vrx_nav2/build/lib/vrx_nav2
copying vrx_nav2/__init__.py -> /home/momesso/vrx_ws/build/vrx_nav2/build/lib/vrx_nav2
running install
running install_lib
creating /home/momesso/vrx_ws/install/lib/python3.10/site-packages/vrx_nav2
copying /home/momesso/vrx_ws/build/vrx_nav2/build/lib/vrx_nav2/bringup.py -> /home/momesso/vrx_ws/install/lib/python3.10/site-packages/vrx_nav2
copying /home/momesso/vrx_ws/build/vrx_nav2/build/lib/vrx_nav2/__init__.py -> /home/momesso/vrx_ws/install/lib/python3.10/site-packages/vrx_nav2
byte-compiling /home/momesso/vrx_ws/install/lib/python3.10/site-packages/vrx_nav2/bringup.py to bringup.cpython-310.pyc
byte-compiling /home/momesso/vrx_ws/install/lib/python3.10/site-packages/vrx_nav2/__init__.py to __init__.cpython-310.pyc
running install_data
copying resource/vrx_nav2 -> /home/momesso/vrx_ws/install/share/ament_index/resource_index/packages
copying package.xml -> /home/momesso/vrx_ws/install/share/vrx_nav2
running install_egg_info
Copying ../../build/vrx_nav2/vrx_nav2.egg-info to /home/momesso/vrx_ws/install/lib/python3.10/site-packages/vrx_nav2-0.0.0-py3.10.egg-info
running install_scripts
Installing bringup script to /home/momesso/vrx_ws/install/lib/vrx_nav2
writing list of installed files to '/home/momesso/vrx_ws/build/vrx_nav2/install.log'
