[0.093s] DEBUG:colcon:Command line arguments: ['/usr/bin/colcon', 'build', '--merge-install']
[0.093s] DEBUG:colcon:Parsed command line arguments: Namespace(log_base=None, log_level=None, verb_name='build', build_base='build', install_base='install', merge_install=True, symlink_install=False, test_result_base=None, continue_on_error=False, executor='parallel', parallel_workers=12, event_handlers=None, ignore_user_meta=False, metas=['./colcon.meta'], base_paths=['.'], packages_ignore=None, packages_ignore_regex=None, paths=None, packages_up_to=None, packages_up_to_regex=None, packages_above=None, packages_above_and_dependencies=None, packages_above_depth=None, packages_select_by_dep=None, packages_skip_by_dep=None, packages_skip_up_to=None, packages_select_build_failed=False, packages_skip_build_finished=False, packages_select_test_failures=False, packages_skip_test_passed=False, packages_select=None, packages_skip=None, packages_select_regex=None, packages_skip_regex=None, packages_start=None, packages_end=None, allow_overriding=[], cmake_args=None, cmake_target=None, cmake_target_skip_unavailable=False, cmake_clean_cache=False, cmake_clean_first=False, cmake_force_configure=False, ament_cmake_args=None, catkin_cmake_args=None, catkin_skip_building_tests=False, verb_parser=<colcon_defaults.argument_parser.defaults.DefaultArgumentsDecorator object at 0x77168ca14370>, verb_extension=<colcon_core.verb.build.BuildVerb object at 0x77168cbfb340>, main=<bound method BuildVerb.main of <colcon_core.verb.build.BuildVerb object at 0x77168cbfb340>>)
[0.225s] Level 1:colcon.colcon_core.package_discovery:discover_packages(colcon_meta) check parameters
[0.225s] Level 1:colcon.colcon_core.package_discovery:discover_packages(recursive) check parameters
[0.225s] Level 1:colcon.colcon_core.package_discovery:discover_packages(ignore) check parameters
[0.225s] Level 1:colcon.colcon_core.package_discovery:discover_packages(path) check parameters
[0.225s] Level 1:colcon.colcon_core.package_discovery:discover_packages(colcon_meta) discover
[0.225s] Level 1:colcon.colcon_core.package_discovery:discover_packages(recursive) discover
[0.225s] INFO:colcon.colcon_core.package_discovery:Crawling recursively for packages in '/home/momesso/vrx_ws'
[0.225s] Level 1:colcon.colcon_core.package_identification:_identify(.) by extensions ['ignore', 'ignore_ament_install']
[0.226s] Level 1:colcon.colcon_core.package_identification:_identify(.) by extension 'ignore'
[0.226s] Level 1:colcon.colcon_core.package_identification:_identify(.) by extension 'ignore_ament_install'
[0.226s] Level 1:colcon.colcon_core.package_identification:_identify(.) by extensions ['colcon_pkg']
[0.226s] Level 1:colcon.colcon_core.package_identification:_identify(.) by extension 'colcon_pkg'
[0.226s] Level 1:colcon.colcon_core.package_identification:_identify(.) by extensions ['colcon_meta']
[0.226s] Level 1:colcon.colcon_core.package_identification:_identify(.) by extension 'colcon_meta'
[0.226s] Level 1:colcon.colcon_core.package_identification:_identify(.) by extensions ['ros']
[0.226s] Level 1:colcon.colcon_core.package_identification:_identify(.) by extension 'ros'
[0.235s] Level 1:colcon.colcon_core.package_identification:_identify(.) by extensions ['cmake', 'python']
[0.235s] Level 1:colcon.colcon_core.package_identification:_identify(.) by extension 'cmake'
[0.235s] Level 1:colcon.colcon_core.package_identification:_identify(.) by extension 'python'
[0.235s] Level 1:colcon.colcon_core.package_identification:_identify(.) by extensions ['python_setup_py']
[0.235s] Level 1:colcon.colcon_core.package_identification:_identify(.) by extension 'python_setup_py'
[0.235s] Level 1:colcon.colcon_core.package_identification:_identify(build) by extensions ['ignore', 'ignore_ament_install']
[0.235s] Level 1:colcon.colcon_core.package_identification:_identify(build) by extension 'ignore'
[0.235s] Level 1:colcon.colcon_core.package_identification:_identify(build) ignored
[0.235s] Level 1:colcon.colcon_core.package_identification:_identify(install) by extensions ['ignore', 'ignore_ament_install']
[0.235s] Level 1:colcon.colcon_core.package_identification:_identify(install) by extension 'ignore'
[0.235s] Level 1:colcon.colcon_core.package_identification:_identify(install) ignored
[0.236s] Level 1:colcon.colcon_core.package_identification:_identify(log) by extensions ['ignore', 'ignore_ament_install']
[0.236s] Level 1:colcon.colcon_core.package_identification:_identify(log) by extension 'ignore'
[0.236s] Level 1:colcon.colcon_core.package_identification:_identify(log) ignored
[0.236s] Level 1:colcon.colcon_core.package_identification:_identify(src) by extensions ['ignore', 'ignore_ament_install']
[0.236s] Level 1:colcon.colcon_core.package_identification:_identify(src) by extension 'ignore'
[0.236s] Level 1:colcon.colcon_core.package_identification:_identify(src) by extension 'ignore_ament_install'
[0.236s] Level 1:colcon.colcon_core.package_identification:_identify(src) by extensions ['colcon_pkg']
[0.236s] Level 1:colcon.colcon_core.package_identification:_identify(src) by extension 'colcon_pkg'
[0.236s] Level 1:colcon.colcon_core.package_identification:_identify(src) by extensions ['colcon_meta']
[0.236s] Level 1:colcon.colcon_core.package_identification:_identify(src) by extension 'colcon_meta'
[0.236s] Level 1:colcon.colcon_core.package_identification:_identify(src) by extensions ['ros']
[0.236s] Level 1:colcon.colcon_core.package_identification:_identify(src) by extension 'ros'
[0.236s] Level 1:colcon.colcon_core.package_identification:_identify(src) by extensions ['cmake', 'python']
[0.236s] Level 1:colcon.colcon_core.package_identification:_identify(src) by extension 'cmake'
[0.236s] Level 1:colcon.colcon_core.package_identification:_identify(src) by extension 'python'
[0.236s] Level 1:colcon.colcon_core.package_identification:_identify(src) by extensions ['python_setup_py']
[0.236s] Level 1:colcon.colcon_core.package_identification:_identify(src) by extension 'python_setup_py'
[0.236s] Level 1:colcon.colcon_core.package_identification:_identify(src/ros2_teleop_keyboard) by extensions ['ignore', 'ignore_ament_install']
[0.236s] Level 1:colcon.colcon_core.package_identification:_identify(src/ros2_teleop_keyboard) by extension 'ignore'
[0.236s] Level 1:colcon.colcon_core.package_identification:_identify(src/ros2_teleop_keyboard) by extension 'ignore_ament_install'
[0.237s] Level 1:colcon.colcon_core.package_identification:_identify(src/ros2_teleop_keyboard) by extensions ['colcon_pkg']
[0.237s] Level 1:colcon.colcon_core.package_identification:_identify(src/ros2_teleop_keyboard) by extension 'colcon_pkg'
[0.237s] Level 1:colcon.colcon_core.package_identification:_identify(src/ros2_teleop_keyboard) by extensions ['colcon_meta']
[0.237s] Level 1:colcon.colcon_core.package_identification:_identify(src/ros2_teleop_keyboard) by extension 'colcon_meta'
[0.237s] Level 1:colcon.colcon_core.package_identification:_identify(src/ros2_teleop_keyboard) by extensions ['ros']
[0.237s] Level 1:colcon.colcon_core.package_identification:_identify(src/ros2_teleop_keyboard) by extension 'ros'
[0.238s] DEBUG:colcon.colcon_core.package_identification:Package 'src/ros2_teleop_keyboard' with type 'ros.ament_python' and name 'teleop_twist_keyboard'
[0.238s] Level 1:colcon.colcon_core.package_identification:_identify(src/vrx) by extensions ['ignore', 'ignore_ament_install']
[0.239s] Level 1:colcon.colcon_core.package_identification:_identify(src/vrx) by extension 'ignore'
[0.239s] Level 1:colcon.colcon_core.package_identification:_identify(src/vrx) by extension 'ignore_ament_install'
[0.239s] Level 1:colcon.colcon_core.package_identification:_identify(src/vrx) by extensions ['colcon_pkg']
[0.239s] Level 1:colcon.colcon_core.package_identification:_identify(src/vrx) by extension 'colcon_pkg'
[0.239s] Level 1:colcon.colcon_core.package_identification:_identify(src/vrx) by extensions ['colcon_meta']
[0.239s] Level 1:colcon.colcon_core.package_identification:_identify(src/vrx) by extension 'colcon_meta'
[0.239s] Level 1:colcon.colcon_core.package_identification:_identify(src/vrx) by extensions ['ros']
[0.239s] Level 1:colcon.colcon_core.package_identification:_identify(src/vrx) by extension 'ros'
[0.239s] Level 1:colcon.colcon_core.package_identification:_identify(src/vrx) by extensions ['cmake', 'python']
[0.239s] Level 1:colcon.colcon_core.package_identification:_identify(src/vrx) by extension 'cmake'
[0.239s] Level 1:colcon.colcon_core.package_identification:_identify(src/vrx) by extension 'python'
[0.239s] Level 1:colcon.colcon_core.package_identification:_identify(src/vrx) by extensions ['python_setup_py']
[0.239s] Level 1:colcon.colcon_core.package_identification:_identify(src/vrx) by extension 'python_setup_py'
[0.239s] Level 1:colcon.colcon_core.package_identification:_identify(src/vrx/images) by extensions ['ignore', 'ignore_ament_install']
[0.239s] Level 1:colcon.colcon_core.package_identification:_identify(src/vrx/images) by extension 'ignore'
[0.239s] Level 1:colcon.colcon_core.package_identification:_identify(src/vrx/images) by extension 'ignore_ament_install'
[0.239s] Level 1:colcon.colcon_core.package_identification:_identify(src/vrx/images) by extensions ['colcon_pkg']
[0.239s] Level 1:colcon.colcon_core.package_identification:_identify(src/vrx/images) by extension 'colcon_pkg'
[0.239s] Level 1:colcon.colcon_core.package_identification:_identify(src/vrx/images) by extensions ['colcon_meta']
[0.239s] Level 1:colcon.colcon_core.package_identification:_identify(src/vrx/images) by extension 'colcon_meta'
[0.239s] Level 1:colcon.colcon_core.package_identification:_identify(src/vrx/images) by extensions ['ros']
[0.239s] Level 1:colcon.colcon_core.package_identification:_identify(src/vrx/images) by extension 'ros'
[0.239s] Level 1:colcon.colcon_core.package_identification:_identify(src/vrx/images) by extensions ['cmake', 'python']
[0.240s] Level 1:colcon.colcon_core.package_identification:_identify(src/vrx/images) by extension 'cmake'
[0.240s] Level 1:colcon.colcon_core.package_identification:_identify(src/vrx/images) by extension 'python'
[0.240s] Level 1:colcon.colcon_core.package_identification:_identify(src/vrx/images) by extensions ['python_setup_py']
[0.240s] Level 1:colcon.colcon_core.package_identification:_identify(src/vrx/images) by extension 'python_setup_py'
[0.240s] Level 1:colcon.colcon_core.package_identification:_identify(src/vrx/vrx_gz) by extensions ['ignore', 'ignore_ament_install']
[0.240s] Level 1:colcon.colcon_core.package_identification:_identify(src/vrx/vrx_gz) by extension 'ignore'
[0.240s] Level 1:colcon.colcon_core.package_identification:_identify(src/vrx/vrx_gz) by extension 'ignore_ament_install'
[0.240s] Level 1:colcon.colcon_core.package_identification:_identify(src/vrx/vrx_gz) by extensions ['colcon_pkg']
[0.240s] Level 1:colcon.colcon_core.package_identification:_identify(src/vrx/vrx_gz) by extension 'colcon_pkg'
[0.240s] Level 1:colcon.colcon_core.package_identification:_identify(src/vrx/vrx_gz) by extensions ['colcon_meta']
[0.240s] Level 1:colcon.colcon_core.package_identification:_identify(src/vrx/vrx_gz) by extension 'colcon_meta'
[0.240s] Level 1:colcon.colcon_core.package_identification:_identify(src/vrx/vrx_gz) by extensions ['ros']
[0.240s] Level 1:colcon.colcon_core.package_identification:_identify(src/vrx/vrx_gz) by extension 'ros'
[0.241s] DEBUG:colcon.colcon_core.package_identification:Package 'src/vrx/vrx_gz' with type 'ros.ament_cmake' and name 'vrx_gz'
[0.241s] Level 1:colcon.colcon_core.package_identification:_identify(src/vrx/vrx_ros) by extensions ['ignore', 'ignore_ament_install']
[0.241s] Level 1:colcon.colcon_core.package_identification:_identify(src/vrx/vrx_ros) by extension 'ignore'
[0.241s] Level 1:colcon.colcon_core.package_identification:_identify(src/vrx/vrx_ros) by extension 'ignore_ament_install'
[0.241s] Level 1:colcon.colcon_core.package_identification:_identify(src/vrx/vrx_ros) by extensions ['colcon_pkg']
[0.241s] Level 1:colcon.colcon_core.package_identification:_identify(src/vrx/vrx_ros) by extension 'colcon_pkg'
[0.241s] Level 1:colcon.colcon_core.package_identification:_identify(src/vrx/vrx_ros) by extensions ['colcon_meta']
[0.241s] Level 1:colcon.colcon_core.package_identification:_identify(src/vrx/vrx_ros) by extension 'colcon_meta'
[0.241s] Level 1:colcon.colcon_core.package_identification:_identify(src/vrx/vrx_ros) by extensions ['ros']
[0.241s] Level 1:colcon.colcon_core.package_identification:_identify(src/vrx/vrx_ros) by extension 'ros'
[0.242s] DEBUG:colcon.colcon_core.package_identification:Package 'src/vrx/vrx_ros' with type 'ros.ament_cmake' and name 'vrx_ros'
[0.242s] Level 1:colcon.colcon_core.package_identification:_identify(src/vrx/vrx_urdf) by extensions ['ignore', 'ignore_ament_install']
[0.242s] Level 1:colcon.colcon_core.package_identification:_identify(src/vrx/vrx_urdf) by extension 'ignore'
[0.242s] Level 1:colcon.colcon_core.package_identification:_identify(src/vrx/vrx_urdf) by extension 'ignore_ament_install'
[0.242s] Level 1:colcon.colcon_core.package_identification:_identify(src/vrx/vrx_urdf) by extensions ['colcon_pkg']
[0.242s] Level 1:colcon.colcon_core.package_identification:_identify(src/vrx/vrx_urdf) by extension 'colcon_pkg'
[0.242s] Level 1:colcon.colcon_core.package_identification:_identify(src/vrx/vrx_urdf) by extensions ['colcon_meta']
[0.242s] Level 1:colcon.colcon_core.package_identification:_identify(src/vrx/vrx_urdf) by extension 'colcon_meta'
[0.242s] Level 1:colcon.colcon_core.package_identification:_identify(src/vrx/vrx_urdf) by extensions ['ros']
[0.242s] Level 1:colcon.colcon_core.package_identification:_identify(src/vrx/vrx_urdf) by extension 'ros'
[0.242s] Level 1:colcon.colcon_core.package_identification:_identify(src/vrx/vrx_urdf) by extensions ['cmake', 'python']
[0.242s] Level 1:colcon.colcon_core.package_identification:_identify(src/vrx/vrx_urdf) by extension 'cmake'
[0.243s] Level 1:colcon.colcon_core.package_identification:_identify(src/vrx/vrx_urdf) by extension 'python'
[0.243s] Level 1:colcon.colcon_core.package_identification:_identify(src/vrx/vrx_urdf) by extensions ['python_setup_py']
[0.243s] Level 1:colcon.colcon_core.package_identification:_identify(src/vrx/vrx_urdf) by extension 'python_setup_py'
[0.243s] Level 1:colcon.colcon_core.package_identification:_identify(src/vrx/vrx_urdf/vrx_gazebo) by extensions ['ignore', 'ignore_ament_install']
[0.243s] Level 1:colcon.colcon_core.package_identification:_identify(src/vrx/vrx_urdf/vrx_gazebo) by extension 'ignore'
[0.243s] Level 1:colcon.colcon_core.package_identification:_identify(src/vrx/vrx_urdf/vrx_gazebo) by extension 'ignore_ament_install'
[0.243s] Level 1:colcon.colcon_core.package_identification:_identify(src/vrx/vrx_urdf/vrx_gazebo) by extensions ['colcon_pkg']
[0.243s] Level 1:colcon.colcon_core.package_identification:_identify(src/vrx/vrx_urdf/vrx_gazebo) by extension 'colcon_pkg'
[0.243s] Level 1:colcon.colcon_core.package_identification:_identify(src/vrx/vrx_urdf/vrx_gazebo) by extensions ['colcon_meta']
[0.243s] Level 1:colcon.colcon_core.package_identification:_identify(src/vrx/vrx_urdf/vrx_gazebo) by extension 'colcon_meta'
[0.243s] Level 1:colcon.colcon_core.package_identification:_identify(src/vrx/vrx_urdf/vrx_gazebo) by extensions ['ros']
[0.243s] Level 1:colcon.colcon_core.package_identification:_identify(src/vrx/vrx_urdf/vrx_gazebo) by extension 'ros'
[0.243s] DEBUG:colcon.colcon_core.package_identification:Package 'src/vrx/vrx_urdf/vrx_gazebo' with type 'ros.ament_cmake' and name 'vrx_gazebo'
[0.244s] Level 1:colcon.colcon_core.package_identification:_identify(src/vrx/vrx_urdf/wamv_description) by extensions ['ignore', 'ignore_ament_install']
[0.244s] Level 1:colcon.colcon_core.package_identification:_identify(src/vrx/vrx_urdf/wamv_description) by extension 'ignore'
[0.244s] Level 1:colcon.colcon_core.package_identification:_identify(src/vrx/vrx_urdf/wamv_description) by extension 'ignore_ament_install'
[0.244s] Level 1:colcon.colcon_core.package_identification:_identify(src/vrx/vrx_urdf/wamv_description) by extensions ['colcon_pkg']
[0.244s] Level 1:colcon.colcon_core.package_identification:_identify(src/vrx/vrx_urdf/wamv_description) by extension 'colcon_pkg'
[0.244s] Level 1:colcon.colcon_core.package_identification:_identify(src/vrx/vrx_urdf/wamv_description) by extensions ['colcon_meta']
[0.244s] Level 1:colcon.colcon_core.package_identification:_identify(src/vrx/vrx_urdf/wamv_description) by extension 'colcon_meta'
[0.244s] Level 1:colcon.colcon_core.package_identification:_identify(src/vrx/vrx_urdf/wamv_description) by extensions ['ros']
[0.244s] Level 1:colcon.colcon_core.package_identification:_identify(src/vrx/vrx_urdf/wamv_description) by extension 'ros'
[0.244s] DEBUG:colcon.colcon_core.package_identification:Package 'src/vrx/vrx_urdf/wamv_description' with type 'ros.ament_cmake' and name 'wamv_description'
[0.244s] Level 1:colcon.colcon_core.package_identification:_identify(src/vrx/vrx_urdf/wamv_gazebo) by extensions ['ignore', 'ignore_ament_install']
[0.245s] Level 1:colcon.colcon_core.package_identification:_identify(src/vrx/vrx_urdf/wamv_gazebo) by extension 'ignore'
[0.245s] Level 1:colcon.colcon_core.package_identification:_identify(src/vrx/vrx_urdf/wamv_gazebo) by extension 'ignore_ament_install'
[0.245s] Level 1:colcon.colcon_core.package_identification:_identify(src/vrx/vrx_urdf/wamv_gazebo) by extensions ['colcon_pkg']
[0.245s] Level 1:colcon.colcon_core.package_identification:_identify(src/vrx/vrx_urdf/wamv_gazebo) by extension 'colcon_pkg'
[0.245s] Level 1:colcon.colcon_core.package_identification:_identify(src/vrx/vrx_urdf/wamv_gazebo) by extensions ['colcon_meta']
[0.245s] Level 1:colcon.colcon_core.package_identification:_identify(src/vrx/vrx_urdf/wamv_gazebo) by extension 'colcon_meta'
[0.245s] Level 1:colcon.colcon_core.package_identification:_identify(src/vrx/vrx_urdf/wamv_gazebo) by extensions ['ros']
[0.245s] Level 1:colcon.colcon_core.package_identification:_identify(src/vrx/vrx_urdf/wamv_gazebo) by extension 'ros'
[0.245s] DEBUG:colcon.colcon_core.package_identification:Package 'src/vrx/vrx_urdf/wamv_gazebo' with type 'ros.ament_cmake' and name 'wamv_gazebo'
[0.245s] Level 1:colcon.colcon_core.package_identification:_identify(src/vrx_nav2) by extensions ['ignore', 'ignore_ament_install']
[0.246s] Level 1:colcon.colcon_core.package_identification:_identify(src/vrx_nav2) by extension 'ignore'
[0.246s] Level 1:colcon.colcon_core.package_identification:_identify(src/vrx_nav2) by extension 'ignore_ament_install'
[0.246s] Level 1:colcon.colcon_core.package_identification:_identify(src/vrx_nav2) by extensions ['colcon_pkg']
[0.246s] Level 1:colcon.colcon_core.package_identification:_identify(src/vrx_nav2) by extension 'colcon_pkg'
[0.246s] Level 1:colcon.colcon_core.package_identification:_identify(src/vrx_nav2) by extensions ['colcon_meta']
[0.246s] Level 1:colcon.colcon_core.package_identification:_identify(src/vrx_nav2) by extension 'colcon_meta'
[0.246s] Level 1:colcon.colcon_core.package_identification:_identify(src/vrx_nav2) by extensions ['ros']
[0.246s] Level 1:colcon.colcon_core.package_identification:_identify(src/vrx_nav2) by extension 'ros'
[0.246s] DEBUG:colcon.colcon_core.package_identification:Package 'src/vrx_nav2' with type 'ros.ament_python' and name 'vrx_nav2'
[0.246s] Level 1:colcon.colcon_core.package_discovery:discover_packages(recursive) using defaults
[0.246s] Level 1:colcon.colcon_core.package_discovery:discover_packages(ignore) discover
[0.246s] Level 1:colcon.colcon_core.package_discovery:discover_packages(ignore) using defaults
[0.246s] Level 1:colcon.colcon_core.package_discovery:discover_packages(path) discover
[0.246s] Level 1:colcon.colcon_core.package_discovery:discover_packages(path) using defaults
[0.263s] Level 1:colcon.colcon_core.package_discovery:discover_packages(prefix_path) check parameters
[0.263s] Level 1:colcon.colcon_core.package_discovery:discover_packages(prefix_path) discover
[0.264s] DEBUG:colcon.colcon_installed_package_information.package_discovery:Found 6 installed packages in /home/momesso/vrx_ws/install
[0.265s] DEBUG:colcon.colcon_installed_package_information.package_discovery:Found 288 installed packages in /opt/ros/humble
[0.273s] Level 1:colcon.colcon_core.package_discovery:discover_packages(prefix_path) using defaults
[0.304s] WARNING:colcon.colcon_core.package_selection:Some selected packages are already built in one or more underlay workspaces:
	'teleop_twist_keyboard' is in: /opt/ros/humble
If a package in a merged underlay workspace is overridden and it installs headers, then all packages in the overlay must sort their include directories by workspace order. Failure to do so may result in build failures or undefined behavior at run time.
If the overridden package is used by another package in any underlay, then the overriding package in the overlay must be API and ABI compatible or undefined behavior at run time may occur.

If you understand the risks and want to override a package anyways, add the following to the command line:
	--allow-overriding teleop_twist_keyboard

This may be promoted to an error in a future release of colcon-override-check.
[0.304s] Level 5:colcon.colcon_core.verb:set package 'teleop_twist_keyboard' build argument 'cmake_args' from command line to 'None'
[0.304s] Level 5:colcon.colcon_core.verb:set package 'teleop_twist_keyboard' build argument 'cmake_target' from command line to 'None'
[0.304s] Level 5:colcon.colcon_core.verb:set package 'teleop_twist_keyboard' build argument 'cmake_target_skip_unavailable' from command line to 'False'
[0.304s] Level 5:colcon.colcon_core.verb:set package 'teleop_twist_keyboard' build argument 'cmake_clean_cache' from command line to 'False'
[0.304s] Level 5:colcon.colcon_core.verb:set package 'teleop_twist_keyboard' build argument 'cmake_clean_first' from command line to 'False'
[0.304s] Level 5:colcon.colcon_core.verb:set package 'teleop_twist_keyboard' build argument 'cmake_force_configure' from command line to 'False'
[0.304s] Level 5:colcon.colcon_core.verb:set package 'teleop_twist_keyboard' build argument 'ament_cmake_args' from command line to 'None'
[0.304s] Level 5:colcon.colcon_core.verb:set package 'teleop_twist_keyboard' build argument 'catkin_cmake_args' from command line to 'None'
[0.305s] Level 5:colcon.colcon_core.verb:set package 'teleop_twist_keyboard' build argument 'catkin_skip_building_tests' from command line to 'False'
[0.305s] DEBUG:colcon.colcon_core.verb:Building package 'teleop_twist_keyboard' with the following arguments: {'ament_cmake_args': None, 'build_base': '/home/momesso/vrx_ws/build/teleop_twist_keyboard', 'catkin_cmake_args': None, 'catkin_skip_building_tests': False, 'cmake_args': None, 'cmake_clean_cache': False, 'cmake_clean_first': False, 'cmake_force_configure': False, 'cmake_target': None, 'cmake_target_skip_unavailable': False, 'install_base': '/home/momesso/vrx_ws/install', 'merge_install': True, 'path': '/home/momesso/vrx_ws/src/ros2_teleop_keyboard', 'symlink_install': False, 'test_result_base': None}
[0.305s] Level 5:colcon.colcon_core.verb:set package 'vrx_gazebo' build argument 'cmake_args' from command line to 'None'
[0.305s] Level 5:colcon.colcon_core.verb:set package 'vrx_gazebo' build argument 'cmake_target' from command line to 'None'
[0.305s] Level 5:colcon.colcon_core.verb:set package 'vrx_gazebo' build argument 'cmake_target_skip_unavailable' from command line to 'False'
[0.305s] Level 5:colcon.colcon_core.verb:set package 'vrx_gazebo' build argument 'cmake_clean_cache' from command line to 'False'
[0.305s] Level 5:colcon.colcon_core.verb:set package 'vrx_gazebo' build argument 'cmake_clean_first' from command line to 'False'
[0.305s] Level 5:colcon.colcon_core.verb:set package 'vrx_gazebo' build argument 'cmake_force_configure' from command line to 'False'
[0.305s] Level 5:colcon.colcon_core.verb:set package 'vrx_gazebo' build argument 'ament_cmake_args' from command line to 'None'
[0.305s] Level 5:colcon.colcon_core.verb:set package 'vrx_gazebo' build argument 'catkin_cmake_args' from command line to 'None'
[0.305s] Level 5:colcon.colcon_core.verb:set package 'vrx_gazebo' build argument 'catkin_skip_building_tests' from command line to 'False'
[0.305s] DEBUG:colcon.colcon_core.verb:Building package 'vrx_gazebo' with the following arguments: {'ament_cmake_args': None, 'build_base': '/home/momesso/vrx_ws/build/vrx_gazebo', 'catkin_cmake_args': None, 'catkin_skip_building_tests': False, 'cmake_args': None, 'cmake_clean_cache': False, 'cmake_clean_first': False, 'cmake_force_configure': False, 'cmake_target': None, 'cmake_target_skip_unavailable': False, 'install_base': '/home/momesso/vrx_ws/install', 'merge_install': True, 'path': '/home/momesso/vrx_ws/src/vrx/vrx_urdf/vrx_gazebo', 'symlink_install': False, 'test_result_base': None}
[0.305s] Level 5:colcon.colcon_core.verb:set package 'vrx_nav2' build argument 'cmake_args' from command line to 'None'
[0.305s] Level 5:colcon.colcon_core.verb:set package 'vrx_nav2' build argument 'cmake_target' from command line to 'None'
[0.305s] Level 5:colcon.colcon_core.verb:set package 'vrx_nav2' build argument 'cmake_target_skip_unavailable' from command line to 'False'
[0.305s] Level 5:colcon.colcon_core.verb:set package 'vrx_nav2' build argument 'cmake_clean_cache' from command line to 'False'
[0.305s] Level 5:colcon.colcon_core.verb:set package 'vrx_nav2' build argument 'cmake_clean_first' from command line to 'False'
[0.305s] Level 5:colcon.colcon_core.verb:set package 'vrx_nav2' build argument 'cmake_force_configure' from command line to 'False'
[0.305s] Level 5:colcon.colcon_core.verb:set package 'vrx_nav2' build argument 'ament_cmake_args' from command line to 'None'
[0.306s] Level 5:colcon.colcon_core.verb:set package 'vrx_nav2' build argument 'catkin_cmake_args' from command line to 'None'
[0.306s] Level 5:colcon.colcon_core.verb:set package 'vrx_nav2' build argument 'catkin_skip_building_tests' from command line to 'False'
[0.306s] DEBUG:colcon.colcon_core.verb:Building package 'vrx_nav2' with the following arguments: {'ament_cmake_args': None, 'build_base': '/home/momesso/vrx_ws/build/vrx_nav2', 'catkin_cmake_args': None, 'catkin_skip_building_tests': False, 'cmake_args': None, 'cmake_clean_cache': False, 'cmake_clean_first': False, 'cmake_force_configure': False, 'cmake_target': None, 'cmake_target_skip_unavailable': False, 'install_base': '/home/momesso/vrx_ws/install', 'merge_install': True, 'path': '/home/momesso/vrx_ws/src/vrx_nav2', 'symlink_install': False, 'test_result_base': None}
[0.306s] Level 5:colcon.colcon_core.verb:set package 'vrx_ros' build argument 'cmake_args' from command line to 'None'
[0.306s] Level 5:colcon.colcon_core.verb:set package 'vrx_ros' build argument 'cmake_target' from command line to 'None'
[0.306s] Level 5:colcon.colcon_core.verb:set package 'vrx_ros' build argument 'cmake_target_skip_unavailable' from command line to 'False'
[0.306s] Level 5:colcon.colcon_core.verb:set package 'vrx_ros' build argument 'cmake_clean_cache' from command line to 'False'
[0.306s] Level 5:colcon.colcon_core.verb:set package 'vrx_ros' build argument 'cmake_clean_first' from command line to 'False'
[0.306s] Level 5:colcon.colcon_core.verb:set package 'vrx_ros' build argument 'cmake_force_configure' from command line to 'False'
[0.306s] Level 5:colcon.colcon_core.verb:set package 'vrx_ros' build argument 'ament_cmake_args' from command line to 'None'
[0.306s] Level 5:colcon.colcon_core.verb:set package 'vrx_ros' build argument 'catkin_cmake_args' from command line to 'None'
[0.306s] Level 5:colcon.colcon_core.verb:set package 'vrx_ros' build argument 'catkin_skip_building_tests' from command line to 'False'
[0.306s] DEBUG:colcon.colcon_core.verb:Building package 'vrx_ros' with the following arguments: {'ament_cmake_args': None, 'build_base': '/home/momesso/vrx_ws/build/vrx_ros', 'catkin_cmake_args': None, 'catkin_skip_building_tests': False, 'cmake_args': None, 'cmake_clean_cache': False, 'cmake_clean_first': False, 'cmake_force_configure': False, 'cmake_target': None, 'cmake_target_skip_unavailable': False, 'install_base': '/home/momesso/vrx_ws/install', 'merge_install': True, 'path': '/home/momesso/vrx_ws/src/vrx/vrx_ros', 'symlink_install': False, 'test_result_base': None}
[0.306s] Level 5:colcon.colcon_core.verb:set package 'vrx_gz' build argument 'cmake_args' from command line to 'None'
[0.306s] Level 5:colcon.colcon_core.verb:set package 'vrx_gz' build argument 'cmake_target' from command line to 'None'
[0.306s] Level 5:colcon.colcon_core.verb:set package 'vrx_gz' build argument 'cmake_target_skip_unavailable' from command line to 'False'
[0.306s] Level 5:colcon.colcon_core.verb:set package 'vrx_gz' build argument 'cmake_clean_cache' from command line to 'False'
[0.306s] Level 5:colcon.colcon_core.verb:set package 'vrx_gz' build argument 'cmake_clean_first' from command line to 'False'
[0.306s] Level 5:colcon.colcon_core.verb:set package 'vrx_gz' build argument 'cmake_force_configure' from command line to 'False'
[0.306s] Level 5:colcon.colcon_core.verb:set package 'vrx_gz' build argument 'ament_cmake_args' from command line to 'None'
[0.306s] Level 5:colcon.colcon_core.verb:set package 'vrx_gz' build argument 'catkin_cmake_args' from command line to 'None'
[0.307s] Level 5:colcon.colcon_core.verb:set package 'vrx_gz' build argument 'catkin_skip_building_tests' from command line to 'False'
[0.307s] DEBUG:colcon.colcon_core.verb:Building package 'vrx_gz' with the following arguments: {'ament_cmake_args': None, 'build_base': '/home/momesso/vrx_ws/build/vrx_gz', 'catkin_cmake_args': None, 'catkin_skip_building_tests': False, 'cmake_args': None, 'cmake_clean_cache': False, 'cmake_clean_first': False, 'cmake_force_configure': False, 'cmake_target': None, 'cmake_target_skip_unavailable': False, 'install_base': '/home/momesso/vrx_ws/install', 'merge_install': True, 'path': '/home/momesso/vrx_ws/src/vrx/vrx_gz', 'symlink_install': False, 'test_result_base': None}
[0.307s] Level 5:colcon.colcon_core.verb:set package 'wamv_description' build argument 'cmake_args' from command line to 'None'
[0.307s] Level 5:colcon.colcon_core.verb:set package 'wamv_description' build argument 'cmake_target' from command line to 'None'
[0.307s] Level 5:colcon.colcon_core.verb:set package 'wamv_description' build argument 'cmake_target_skip_unavailable' from command line to 'False'
[0.307s] Level 5:colcon.colcon_core.verb:set package 'wamv_description' build argument 'cmake_clean_cache' from command line to 'False'
[0.307s] Level 5:colcon.colcon_core.verb:set package 'wamv_description' build argument 'cmake_clean_first' from command line to 'False'
[0.307s] Level 5:colcon.colcon_core.verb:set package 'wamv_description' build argument 'cmake_force_configure' from command line to 'False'
[0.307s] Level 5:colcon.colcon_core.verb:set package 'wamv_description' build argument 'ament_cmake_args' from command line to 'None'
[0.307s] Level 5:colcon.colcon_core.verb:set package 'wamv_description' build argument 'catkin_cmake_args' from command line to 'None'
[0.307s] Level 5:colcon.colcon_core.verb:set package 'wamv_description' build argument 'catkin_skip_building_tests' from command line to 'False'
[0.307s] DEBUG:colcon.colcon_core.verb:Building package 'wamv_description' with the following arguments: {'ament_cmake_args': None, 'build_base': '/home/momesso/vrx_ws/build/wamv_description', 'catkin_cmake_args': None, 'catkin_skip_building_tests': False, 'cmake_args': None, 'cmake_clean_cache': False, 'cmake_clean_first': False, 'cmake_force_configure': False, 'cmake_target': None, 'cmake_target_skip_unavailable': False, 'install_base': '/home/momesso/vrx_ws/install', 'merge_install': True, 'path': '/home/momesso/vrx_ws/src/vrx/vrx_urdf/wamv_description', 'symlink_install': False, 'test_result_base': None}
[0.307s] Level 5:colcon.colcon_core.verb:set package 'wamv_gazebo' build argument 'cmake_args' from command line to 'None'
[0.307s] Level 5:colcon.colcon_core.verb:set package 'wamv_gazebo' build argument 'cmake_target' from command line to 'None'
[0.307s] Level 5:colcon.colcon_core.verb:set package 'wamv_gazebo' build argument 'cmake_target_skip_unavailable' from command line to 'False'
[0.307s] Level 5:colcon.colcon_core.verb:set package 'wamv_gazebo' build argument 'cmake_clean_cache' from command line to 'False'
[0.307s] Level 5:colcon.colcon_core.verb:set package 'wamv_gazebo' build argument 'cmake_clean_first' from command line to 'False'
[0.307s] Level 5:colcon.colcon_core.verb:set package 'wamv_gazebo' build argument 'cmake_force_configure' from command line to 'False'
[0.307s] Level 5:colcon.colcon_core.verb:set package 'wamv_gazebo' build argument 'ament_cmake_args' from command line to 'None'
[0.307s] Level 5:colcon.colcon_core.verb:set package 'wamv_gazebo' build argument 'catkin_cmake_args' from command line to 'None'
[0.308s] Level 5:colcon.colcon_core.verb:set package 'wamv_gazebo' build argument 'catkin_skip_building_tests' from command line to 'False'
[0.308s] DEBUG:colcon.colcon_core.verb:Building package 'wamv_gazebo' with the following arguments: {'ament_cmake_args': None, 'build_base': '/home/momesso/vrx_ws/build/wamv_gazebo', 'catkin_cmake_args': None, 'catkin_skip_building_tests': False, 'cmake_args': None, 'cmake_clean_cache': False, 'cmake_clean_first': False, 'cmake_force_configure': False, 'cmake_target': None, 'cmake_target_skip_unavailable': False, 'install_base': '/home/momesso/vrx_ws/install', 'merge_install': True, 'path': '/home/momesso/vrx_ws/src/vrx/vrx_urdf/wamv_gazebo', 'symlink_install': False, 'test_result_base': None}
[0.308s] INFO:colcon.colcon_core.executor:Executing jobs using 'parallel' executor
[0.309s] DEBUG:colcon.colcon_parallel_executor.executor.parallel:run_until_complete
[0.309s] INFO:colcon.colcon_ros.task.ament_cmake.build:Building ROS package in '/home/momesso/vrx_ws/src/vrx/vrx_urdf/vrx_gazebo' with build type 'ament_cmake'
[0.309s] INFO:colcon.colcon_cmake.task.cmake.build:Building CMake package in '/home/momesso/vrx_ws/src/vrx/vrx_urdf/vrx_gazebo'
[0.311s] INFO:colcon.colcon_core.plugin_system:Skipping extension 'colcon_core.shell.bat': Not used on non-Windows systems
[0.311s] INFO:colcon.colcon_core.shell:Skip shell extension 'powershell' for command environment: Not usable outside of PowerShell
[0.311s] DEBUG:colcon.colcon_core.shell:Skip shell extension 'dsv' for command environment
[0.313s] INFO:colcon.colcon_ros.task.ament_cmake.build:Building ROS package in '/home/momesso/vrx_ws/src/vrx/vrx_ros' with build type 'ament_cmake'
[0.313s] INFO:colcon.colcon_cmake.task.cmake.build:Building CMake package in '/home/momesso/vrx_ws/src/vrx/vrx_ros'
[0.313s] INFO:colcon.colcon_core.shell:Skip shell extension 'powershell' for command environment: Not usable outside of PowerShell
[0.313s] DEBUG:colcon.colcon_core.shell:Skip shell extension 'dsv' for command environment
[0.315s] INFO:colcon.colcon_ros.task.ament_python.build:Building ROS package in '/home/momesso/vrx_ws/src/ros2_teleop_keyboard' with build type 'ament_python'
[0.316s] Level 1:colcon.colcon_core.shell:create_environment_hook('teleop_twist_keyboard', 'ament_prefix_path')
[0.316s] INFO:colcon.colcon_core.shell:Creating environment hook '/home/momesso/vrx_ws/install/share/teleop_twist_keyboard/hook/ament_prefix_path.ps1'
[0.316s] INFO:colcon.colcon_core.shell:Creating environment descriptor '/home/momesso/vrx_ws/install/share/teleop_twist_keyboard/hook/ament_prefix_path.dsv'
[0.317s] INFO:colcon.colcon_core.shell:Creating environment hook '/home/momesso/vrx_ws/install/share/teleop_twist_keyboard/hook/ament_prefix_path.sh'
[0.317s] INFO:colcon.colcon_core.shell:Skip shell extension 'powershell' for command environment: Not usable outside of PowerShell
[0.317s] DEBUG:colcon.colcon_core.shell:Skip shell extension 'dsv' for command environment
[0.319s] INFO:colcon.colcon_ros.task.ament_python.build:Building ROS package in '/home/momesso/vrx_ws/src/vrx_nav2' with build type 'ament_python'
[0.319s] Level 1:colcon.colcon_core.shell:create_environment_hook('vrx_nav2', 'ament_prefix_path')
[0.319s] INFO:colcon.colcon_core.shell:Creating environment hook '/home/momesso/vrx_ws/install/share/vrx_nav2/hook/ament_prefix_path.ps1'
[0.320s] INFO:colcon.colcon_core.shell:Creating environment descriptor '/home/momesso/vrx_ws/install/share/vrx_nav2/hook/ament_prefix_path.dsv'
[0.320s] INFO:colcon.colcon_core.shell:Creating environment hook '/home/momesso/vrx_ws/install/share/vrx_nav2/hook/ament_prefix_path.sh'
[0.320s] INFO:colcon.colcon_core.shell:Skip shell extension 'powershell' for command environment: Not usable outside of PowerShell
[0.320s] DEBUG:colcon.colcon_core.shell:Skip shell extension 'dsv' for command environment
[0.326s] DEBUG:colcon.colcon_core.event_handler.log_command:Invoking command in '/home/momesso/vrx_ws/build/vrx_gazebo': CMAKE_PREFIX_PATH=${CMAKE_PREFIX_PATH}:/opt/ros/humble /usr/bin/cmake --build /home/momesso/vrx_ws/build/vrx_gazebo -- -j12 -l12
[0.328s] DEBUG:colcon.colcon_core.event_handler.log_command:Invoking command in '/home/momesso/vrx_ws/build/vrx_ros': CMAKE_PREFIX_PATH=${CMAKE_PREFIX_PATH}:/opt/ros/humble /usr/bin/cmake --build /home/momesso/vrx_ws/build/vrx_ros -- -j12 -l12
[0.535s] WARNING:colcon.colcon_ros.task.ament_python.build:Package 'teleop_twist_keyboard' doesn't explicitly install a marker in the package index (colcon-ros currently does it implicitly but that fallback will be removed in the future)
[0.536s] WARNING:colcon.colcon_ros.task.ament_python.build:Package 'teleop_twist_keyboard' doesn't explicitly install the 'package.xml' file (colcon-ros currently does it implicitly but that fallback will be removed in the future)
[0.536s] INFO:colcon.colcon_core.task.python.build:Building Python package in '/home/momesso/vrx_ws/src/ros2_teleop_keyboard'
[0.536s] INFO:colcon.colcon_core.shell:Skip shell extension 'powershell' for command environment: Not usable outside of PowerShell
[0.536s] DEBUG:colcon.colcon_core.shell:Skip shell extension 'dsv' for command environment
[0.739s] INFO:colcon.colcon_core.task.python.build:Building Python package in '/home/momesso/vrx_ws/src/vrx_nav2'
[0.740s] INFO:colcon.colcon_core.shell:Skip shell extension 'powershell' for command environment: Not usable outside of PowerShell
[0.740s] DEBUG:colcon.colcon_core.shell:Skip shell extension 'dsv' for command environment
[0.743s] DEBUG:colcon.colcon_core.event_handler.log_command:Invoked command in '/home/momesso/vrx_ws/build/vrx_ros' returned '0': CMAKE_PREFIX_PATH=${CMAKE_PREFIX_PATH}:/opt/ros/humble /usr/bin/cmake --build /home/momesso/vrx_ws/build/vrx_ros -- -j12 -l12
[0.746s] DEBUG:colcon.colcon_core.event_handler.log_command:Invoked command in '/home/momesso/vrx_ws/build/vrx_gazebo' returned '0': CMAKE_PREFIX_PATH=${CMAKE_PREFIX_PATH}:/opt/ros/humble /usr/bin/cmake --build /home/momesso/vrx_ws/build/vrx_gazebo -- -j12 -l12
[0.767s] DEBUG:colcon.colcon_core.event_handler.log_command:Invoking command in '/home/momesso/vrx_ws/build/vrx_gazebo': CMAKE_PREFIX_PATH=${CMAKE_PREFIX_PATH}:/opt/ros/humble /usr/bin/cmake --install /home/momesso/vrx_ws/build/vrx_gazebo
[0.769s] DEBUG:colcon.colcon_core.event_handler.log_command:Invoking command in '/home/momesso/vrx_ws/build/vrx_ros': CMAKE_PREFIX_PATH=${CMAKE_PREFIX_PATH}:/opt/ros/humble /usr/bin/cmake --install /home/momesso/vrx_ws/build/vrx_ros
[0.777s] Level 1:colcon.colcon_core.environment:create_environment_scripts_only(vrx_ros)
[0.781s] Level 1:colcon.colcon_core.environment:checking '/home/momesso/vrx_ws/install' for CMake module files
[0.781s] Level 1:colcon.colcon_core.environment:checking '/home/momesso/vrx_ws/install' for CMake config files
[0.782s] Level 1:colcon.colcon_core.shell:create_environment_hook('vrx_ros', 'cmake_prefix_path')
[0.783s] INFO:colcon.colcon_core.shell:Creating environment hook '/home/momesso/vrx_ws/install/share/vrx_ros/hook/cmake_prefix_path.ps1'
[0.783s] INFO:colcon.colcon_core.shell:Creating environment descriptor '/home/momesso/vrx_ws/install/share/vrx_ros/hook/cmake_prefix_path.dsv'
[0.784s] INFO:colcon.colcon_core.shell:Creating environment hook '/home/momesso/vrx_ws/install/share/vrx_ros/hook/cmake_prefix_path.sh'
[0.785s] Level 1:colcon.colcon_core.environment:checking '/home/momesso/vrx_ws/install/lib'
[0.785s] Level 1:colcon.colcon_core.shell:create_environment_hook('vrx_ros', 'ld_library_path_lib')
[0.785s] INFO:colcon.colcon_core.shell:Creating environment hook '/home/momesso/vrx_ws/install/share/vrx_ros/hook/ld_library_path_lib.ps1'
[0.785s] DEBUG:colcon.colcon_core.event_handler.log_command:Invoked command in '/home/momesso/vrx_ws/build/vrx_ros' returned '0': CMAKE_PREFIX_PATH=${CMAKE_PREFIX_PATH}:/opt/ros/humble /usr/bin/cmake --install /home/momesso/vrx_ws/build/vrx_ros
[0.786s] INFO:colcon.colcon_core.shell:Creating environment descriptor '/home/momesso/vrx_ws/install/share/vrx_ros/hook/ld_library_path_lib.dsv'
[0.786s] INFO:colcon.colcon_core.shell:Creating environment hook '/home/momesso/vrx_ws/install/share/vrx_ros/hook/ld_library_path_lib.sh'
[0.786s] Level 1:colcon.colcon_core.environment:checking '/home/momesso/vrx_ws/install/bin'
[0.786s] Level 1:colcon.colcon_core.environment:checking '/home/momesso/vrx_ws/install/lib/pkgconfig/vrx_ros.pc'
[0.786s] Level 1:colcon.colcon_core.environment:checking '/home/momesso/vrx_ws/install/lib/python3.10/site-packages'
[0.787s] Level 1:colcon.colcon_core.shell:create_environment_hook('vrx_ros', 'pythonpath')
[0.787s] INFO:colcon.colcon_core.shell:Creating environment hook '/home/momesso/vrx_ws/install/share/vrx_ros/hook/pythonpath.ps1'
[0.787s] INFO:colcon.colcon_core.shell:Creating environment descriptor '/home/momesso/vrx_ws/install/share/vrx_ros/hook/pythonpath.dsv'
[0.787s] INFO:colcon.colcon_core.shell:Creating environment hook '/home/momesso/vrx_ws/install/share/vrx_ros/hook/pythonpath.sh'
[0.788s] Level 1:colcon.colcon_core.environment:checking '/home/momesso/vrx_ws/install/bin'
[0.788s] INFO:colcon.colcon_core.shell:Creating package script '/home/momesso/vrx_ws/install/share/vrx_ros/package.ps1'
[0.789s] INFO:colcon.colcon_core.shell:Creating package descriptor '/home/momesso/vrx_ws/install/share/vrx_ros/package.dsv'
[0.789s] INFO:colcon.colcon_core.shell:Creating package script '/home/momesso/vrx_ws/install/share/vrx_ros/package.sh'
[0.790s] INFO:colcon.colcon_core.shell:Creating package script '/home/momesso/vrx_ws/install/share/vrx_ros/package.bash'
[0.790s] INFO:colcon.colcon_core.shell:Creating package script '/home/momesso/vrx_ws/install/share/vrx_ros/package.zsh'
[0.791s] Level 1:colcon.colcon_core.environment:create_file_with_runtime_dependencies(/home/momesso/vrx_ws/install/share/colcon-core/packages/vrx_ros)
[0.805s] Level 1:colcon.colcon_core.environment:create_environment_scripts_only(vrx_gazebo)
[0.805s] Level 1:colcon.colcon_core.environment:checking '/home/momesso/vrx_ws/install' for CMake module files
[0.806s] DEBUG:colcon.colcon_core.event_handler.log_command:Invoked command in '/home/momesso/vrx_ws/build/vrx_gazebo' returned '0': CMAKE_PREFIX_PATH=${CMAKE_PREFIX_PATH}:/opt/ros/humble /usr/bin/cmake --install /home/momesso/vrx_ws/build/vrx_gazebo
[0.806s] Level 1:colcon.colcon_core.environment:checking '/home/momesso/vrx_ws/install' for CMake config files
[0.806s] Level 1:colcon.colcon_core.shell:create_environment_hook('vrx_gazebo', 'cmake_prefix_path')
[0.806s] INFO:colcon.colcon_core.shell:Creating environment hook '/home/momesso/vrx_ws/install/share/vrx_gazebo/hook/cmake_prefix_path.ps1'
[0.807s] INFO:colcon.colcon_core.shell:Creating environment descriptor '/home/momesso/vrx_ws/install/share/vrx_gazebo/hook/cmake_prefix_path.dsv'
[0.807s] INFO:colcon.colcon_core.shell:Creating environment hook '/home/momesso/vrx_ws/install/share/vrx_gazebo/hook/cmake_prefix_path.sh'
[0.807s] Level 1:colcon.colcon_core.environment:checking '/home/momesso/vrx_ws/install/lib'
[0.808s] Level 1:colcon.colcon_core.shell:create_environment_hook('vrx_gazebo', 'ld_library_path_lib')
[0.808s] INFO:colcon.colcon_core.shell:Creating environment hook '/home/momesso/vrx_ws/install/share/vrx_gazebo/hook/ld_library_path_lib.ps1'
[0.808s] INFO:colcon.colcon_core.shell:Creating environment descriptor '/home/momesso/vrx_ws/install/share/vrx_gazebo/hook/ld_library_path_lib.dsv'
[0.808s] INFO:colcon.colcon_core.shell:Creating environment hook '/home/momesso/vrx_ws/install/share/vrx_gazebo/hook/ld_library_path_lib.sh'
[0.809s] Level 1:colcon.colcon_core.environment:checking '/home/momesso/vrx_ws/install/bin'
[0.809s] Level 1:colcon.colcon_core.environment:checking '/home/momesso/vrx_ws/install/lib/pkgconfig/vrx_gazebo.pc'
[0.809s] Level 1:colcon.colcon_core.environment:checking '/home/momesso/vrx_ws/install/lib/python3.10/site-packages'
[0.809s] Level 1:colcon.colcon_core.shell:create_environment_hook('vrx_gazebo', 'pythonpath')
[0.809s] INFO:colcon.colcon_core.shell:Creating environment hook '/home/momesso/vrx_ws/install/share/vrx_gazebo/hook/pythonpath.ps1'
[0.810s] INFO:colcon.colcon_core.shell:Creating environment descriptor '/home/momesso/vrx_ws/install/share/vrx_gazebo/hook/pythonpath.dsv'
[0.810s] INFO:colcon.colcon_core.shell:Creating environment hook '/home/momesso/vrx_ws/install/share/vrx_gazebo/hook/pythonpath.sh'
[0.810s] Level 1:colcon.colcon_core.environment:checking '/home/momesso/vrx_ws/install/bin'
[0.811s] INFO:colcon.colcon_core.shell:Creating package script '/home/momesso/vrx_ws/install/share/vrx_gazebo/package.ps1'
[0.811s] INFO:colcon.colcon_core.shell:Creating package descriptor '/home/momesso/vrx_ws/install/share/vrx_gazebo/package.dsv'
[0.811s] INFO:colcon.colcon_core.shell:Creating package script '/home/momesso/vrx_ws/install/share/vrx_gazebo/package.sh'
[0.812s] INFO:colcon.colcon_core.shell:Creating package script '/home/momesso/vrx_ws/install/share/vrx_gazebo/package.bash'
[0.812s] INFO:colcon.colcon_core.shell:Creating package script '/home/momesso/vrx_ws/install/share/vrx_gazebo/package.zsh'
[0.812s] Level 1:colcon.colcon_core.environment:create_file_with_runtime_dependencies(/home/momesso/vrx_ws/install/share/colcon-core/packages/vrx_gazebo)
[0.813s] Level 1:colcon.colcon_core.environment:create_environment_scripts_only(vrx_ros)
[0.814s] Level 1:colcon.colcon_core.environment:checking '/home/momesso/vrx_ws/install' for CMake module files
[0.814s] Level 1:colcon.colcon_core.environment:checking '/home/momesso/vrx_ws/install' for CMake config files
[0.814s] Level 1:colcon.colcon_core.shell:create_environment_hook('vrx_ros', 'cmake_prefix_path')
[0.814s] INFO:colcon.colcon_core.shell:Creating environment hook '/home/momesso/vrx_ws/install/share/vrx_ros/hook/cmake_prefix_path.ps1'
[0.815s] INFO:colcon.colcon_core.shell:Creating environment descriptor '/home/momesso/vrx_ws/install/share/vrx_ros/hook/cmake_prefix_path.dsv'
[0.815s] INFO:colcon.colcon_core.shell:Creating environment hook '/home/momesso/vrx_ws/install/share/vrx_ros/hook/cmake_prefix_path.sh'
[0.815s] Level 1:colcon.colcon_core.environment:checking '/home/momesso/vrx_ws/install/lib'
[0.815s] Level 1:colcon.colcon_core.shell:create_environment_hook('vrx_ros', 'ld_library_path_lib')
[0.815s] INFO:colcon.colcon_core.shell:Creating environment hook '/home/momesso/vrx_ws/install/share/vrx_ros/hook/ld_library_path_lib.ps1'
[0.816s] INFO:colcon.colcon_core.shell:Creating environment descriptor '/home/momesso/vrx_ws/install/share/vrx_ros/hook/ld_library_path_lib.dsv'
[0.816s] INFO:colcon.colcon_core.shell:Creating environment hook '/home/momesso/vrx_ws/install/share/vrx_ros/hook/ld_library_path_lib.sh'
[0.816s] Level 1:colcon.colcon_core.environment:checking '/home/momesso/vrx_ws/install/bin'
[0.816s] Level 1:colcon.colcon_core.environment:checking '/home/momesso/vrx_ws/install/lib/pkgconfig/vrx_ros.pc'
[0.817s] Level 1:colcon.colcon_core.environment:checking '/home/momesso/vrx_ws/install/lib/python3.10/site-packages'
[0.817s] Level 1:colcon.colcon_core.shell:create_environment_hook('vrx_ros', 'pythonpath')
[0.817s] INFO:colcon.colcon_core.shell:Creating environment hook '/home/momesso/vrx_ws/install/share/vrx_ros/hook/pythonpath.ps1'
[0.817s] INFO:colcon.colcon_core.shell:Creating environment descriptor '/home/momesso/vrx_ws/install/share/vrx_ros/hook/pythonpath.dsv'
[0.817s] INFO:colcon.colcon_core.shell:Creating environment hook '/home/momesso/vrx_ws/install/share/vrx_ros/hook/pythonpath.sh'
[0.818s] Level 1:colcon.colcon_core.environment:checking '/home/momesso/vrx_ws/install/bin'
[0.818s] INFO:colcon.colcon_core.shell:Creating package script '/home/momesso/vrx_ws/install/share/vrx_ros/package.ps1'
[0.818s] INFO:colcon.colcon_core.shell:Creating package descriptor '/home/momesso/vrx_ws/install/share/vrx_ros/package.dsv'
[0.819s] INFO:colcon.colcon_core.shell:Creating package script '/home/momesso/vrx_ws/install/share/vrx_ros/package.sh'
[0.819s] INFO:colcon.colcon_core.shell:Creating package script '/home/momesso/vrx_ws/install/share/vrx_ros/package.bash'
[0.820s] INFO:colcon.colcon_core.shell:Creating package script '/home/momesso/vrx_ws/install/share/vrx_ros/package.zsh'
[0.820s] Level 1:colcon.colcon_core.environment:create_file_with_runtime_dependencies(/home/momesso/vrx_ws/install/share/colcon-core/packages/vrx_ros)
[0.820s] INFO:colcon.colcon_ros.task.ament_cmake.build:Building ROS package in '/home/momesso/vrx_ws/src/vrx/vrx_gz' with build type 'ament_cmake'
[0.820s] INFO:colcon.colcon_cmake.task.cmake.build:Building CMake package in '/home/momesso/vrx_ws/src/vrx/vrx_gz'
[0.820s] INFO:colcon.colcon_core.shell:Skip shell extension 'powershell' for command environment: Not usable outside of PowerShell
[0.821s] DEBUG:colcon.colcon_core.shell:Skip shell extension 'dsv' for command environment
[0.827s] DEBUG:colcon.colcon_core.event_handler.log_command:Invoking command in '/home/momesso/vrx_ws/build/vrx_gz': CMAKE_PREFIX_PATH=${CMAKE_PREFIX_PATH}:/opt/ros/humble PYTHONPATH=/home/momesso/vrx_ws/install/lib/python3.10/site-packages:${PYTHONPATH} /usr/bin/cmake --build /home/momesso/vrx_ws/build/vrx_gz -- -j12 -l12
[0.828s] Level 1:colcon.colcon_core.environment:create_environment_scripts_only(vrx_gazebo)
[0.828s] Level 1:colcon.colcon_core.environment:checking '/home/momesso/vrx_ws/install' for CMake module files
[0.828s] Level 1:colcon.colcon_core.environment:checking '/home/momesso/vrx_ws/install' for CMake config files
[0.829s] Level 1:colcon.colcon_core.shell:create_environment_hook('vrx_gazebo', 'cmake_prefix_path')
[0.829s] INFO:colcon.colcon_core.shell:Creating environment hook '/home/momesso/vrx_ws/install/share/vrx_gazebo/hook/cmake_prefix_path.ps1'
[0.829s] INFO:colcon.colcon_core.shell:Creating environment descriptor '/home/momesso/vrx_ws/install/share/vrx_gazebo/hook/cmake_prefix_path.dsv'
[0.829s] INFO:colcon.colcon_core.shell:Creating environment hook '/home/momesso/vrx_ws/install/share/vrx_gazebo/hook/cmake_prefix_path.sh'
[0.830s] Level 1:colcon.colcon_core.environment:checking '/home/momesso/vrx_ws/install/lib'
[0.830s] Level 1:colcon.colcon_core.shell:create_environment_hook('vrx_gazebo', 'ld_library_path_lib')
[0.830s] INFO:colcon.colcon_core.shell:Creating environment hook '/home/momesso/vrx_ws/install/share/vrx_gazebo/hook/ld_library_path_lib.ps1'
[0.830s] INFO:colcon.colcon_core.shell:Creating environment descriptor '/home/momesso/vrx_ws/install/share/vrx_gazebo/hook/ld_library_path_lib.dsv'
[0.830s] INFO:colcon.colcon_core.shell:Creating environment hook '/home/momesso/vrx_ws/install/share/vrx_gazebo/hook/ld_library_path_lib.sh'
[0.831s] Level 1:colcon.colcon_core.environment:checking '/home/momesso/vrx_ws/install/bin'
[0.831s] Level 1:colcon.colcon_core.environment:checking '/home/momesso/vrx_ws/install/lib/pkgconfig/vrx_gazebo.pc'
[0.831s] Level 1:colcon.colcon_core.environment:checking '/home/momesso/vrx_ws/install/lib/python3.10/site-packages'
[0.831s] Level 1:colcon.colcon_core.shell:create_environment_hook('vrx_gazebo', 'pythonpath')
[0.831s] INFO:colcon.colcon_core.shell:Creating environment hook '/home/momesso/vrx_ws/install/share/vrx_gazebo/hook/pythonpath.ps1'
[0.831s] INFO:colcon.colcon_core.shell:Creating environment descriptor '/home/momesso/vrx_ws/install/share/vrx_gazebo/hook/pythonpath.dsv'
[0.832s] INFO:colcon.colcon_core.shell:Creating environment hook '/home/momesso/vrx_ws/install/share/vrx_gazebo/hook/pythonpath.sh'
[0.832s] Level 1:colcon.colcon_core.environment:checking '/home/momesso/vrx_ws/install/bin'
[0.832s] INFO:colcon.colcon_core.shell:Creating package script '/home/momesso/vrx_ws/install/share/vrx_gazebo/package.ps1'
[0.833s] INFO:colcon.colcon_core.shell:Creating package descriptor '/home/momesso/vrx_ws/install/share/vrx_gazebo/package.dsv'
[0.833s] INFO:colcon.colcon_core.shell:Creating package script '/home/momesso/vrx_ws/install/share/vrx_gazebo/package.sh'
[0.834s] INFO:colcon.colcon_core.shell:Creating package script '/home/momesso/vrx_ws/install/share/vrx_gazebo/package.bash'
[0.834s] INFO:colcon.colcon_core.shell:Creating package script '/home/momesso/vrx_ws/install/share/vrx_gazebo/package.zsh'
[0.834s] Level 1:colcon.colcon_core.environment:create_file_with_runtime_dependencies(/home/momesso/vrx_ws/install/share/colcon-core/packages/vrx_gazebo)
[0.834s] INFO:colcon.colcon_ros.task.ament_cmake.build:Building ROS package in '/home/momesso/vrx_ws/src/vrx/vrx_urdf/wamv_description' with build type 'ament_cmake'
[0.835s] INFO:colcon.colcon_cmake.task.cmake.build:Building CMake package in '/home/momesso/vrx_ws/src/vrx/vrx_urdf/wamv_description'
[0.835s] INFO:colcon.colcon_core.shell:Skip shell extension 'powershell' for command environment: Not usable outside of PowerShell
[0.835s] DEBUG:colcon.colcon_core.shell:Skip shell extension 'dsv' for command environment
[0.842s] DEBUG:colcon.colcon_core.event_handler.log_command:Invoking command in '/home/momesso/vrx_ws/build/wamv_description': CMAKE_PREFIX_PATH=${CMAKE_PREFIX_PATH}:/opt/ros/humble GZ_SIM_RESOURCE_PATH=/home/momesso/vrx_ws/install/share:${GZ_SIM_RESOURCE_PATH} PYTHONPATH=/home/momesso/vrx_ws/install/lib/python3.10/site-packages:${PYTHONPATH} /usr/bin/cmake --build /home/momesso/vrx_ws/build/wamv_description -- -j12 -l12
[0.893s] DEBUG:colcon.colcon_core.event_handler.log_command:Invoked command in '/home/momesso/vrx_ws/build/wamv_description' returned '0': CMAKE_PREFIX_PATH=${CMAKE_PREFIX_PATH}:/opt/ros/humble GZ_SIM_RESOURCE_PATH=/home/momesso/vrx_ws/install/share:${GZ_SIM_RESOURCE_PATH} PYTHONPATH=/home/momesso/vrx_ws/install/lib/python3.10/site-packages:${PYTHONPATH} /usr/bin/cmake --build /home/momesso/vrx_ws/build/wamv_description -- -j12 -l12
[0.926s] DEBUG:colcon.colcon_core.event_handler.log_command:Invoking command in '/home/momesso/vrx_ws/build/wamv_description': CMAKE_PREFIX_PATH=${CMAKE_PREFIX_PATH}:/opt/ros/humble GZ_SIM_RESOURCE_PATH=/home/momesso/vrx_ws/install/share:${GZ_SIM_RESOURCE_PATH} PYTHONPATH=/home/momesso/vrx_ws/install/lib/python3.10/site-packages:${PYTHONPATH} /usr/bin/cmake --install /home/momesso/vrx_ws/build/wamv_description
[0.938s] Level 1:colcon.colcon_core.environment:create_environment_scripts_only(wamv_description)
[0.939s] Level 1:colcon.colcon_core.environment:checking '/home/momesso/vrx_ws/install' for CMake module files
[0.940s] Level 1:colcon.colcon_core.environment:checking '/home/momesso/vrx_ws/install' for CMake config files
[0.941s] DEBUG:colcon.colcon_core.event_handler.log_command:Invoked command in '/home/momesso/vrx_ws/build/wamv_description' returned '0': CMAKE_PREFIX_PATH=${CMAKE_PREFIX_PATH}:/opt/ros/humble GZ_SIM_RESOURCE_PATH=/home/momesso/vrx_ws/install/share:${GZ_SIM_RESOURCE_PATH} PYTHONPATH=/home/momesso/vrx_ws/install/lib/python3.10/site-packages:${PYTHONPATH} /usr/bin/cmake --install /home/momesso/vrx_ws/build/wamv_description
[0.941s] Level 1:colcon.colcon_core.shell:create_environment_hook('wamv_description', 'cmake_prefix_path')
[0.941s] INFO:colcon.colcon_core.shell:Creating environment hook '/home/momesso/vrx_ws/install/share/wamv_description/hook/cmake_prefix_path.ps1'
[0.942s] INFO:colcon.colcon_core.shell:Creating environment descriptor '/home/momesso/vrx_ws/install/share/wamv_description/hook/cmake_prefix_path.dsv'
[0.942s] INFO:colcon.colcon_core.shell:Creating environment hook '/home/momesso/vrx_ws/install/share/wamv_description/hook/cmake_prefix_path.sh'
[0.942s] Level 1:colcon.colcon_core.environment:checking '/home/momesso/vrx_ws/install/lib'
[0.942s] Level 1:colcon.colcon_core.shell:create_environment_hook('wamv_description', 'ld_library_path_lib')
[0.943s] INFO:colcon.colcon_core.shell:Creating environment hook '/home/momesso/vrx_ws/install/share/wamv_description/hook/ld_library_path_lib.ps1'
[0.943s] INFO:colcon.colcon_core.shell:Creating environment descriptor '/home/momesso/vrx_ws/install/share/wamv_description/hook/ld_library_path_lib.dsv'
[0.943s] INFO:colcon.colcon_core.shell:Creating environment hook '/home/momesso/vrx_ws/install/share/wamv_description/hook/ld_library_path_lib.sh'
[0.943s] Level 1:colcon.colcon_core.environment:checking '/home/momesso/vrx_ws/install/bin'
[0.943s] Level 1:colcon.colcon_core.environment:checking '/home/momesso/vrx_ws/install/lib/pkgconfig/wamv_description.pc'
[0.944s] Level 1:colcon.colcon_core.environment:checking '/home/momesso/vrx_ws/install/lib/python3.10/site-packages'
[0.944s] Level 1:colcon.colcon_core.shell:create_environment_hook('wamv_description', 'pythonpath')
[0.944s] INFO:colcon.colcon_core.shell:Creating environment hook '/home/momesso/vrx_ws/install/share/wamv_description/hook/pythonpath.ps1'
[0.944s] INFO:colcon.colcon_core.shell:Creating environment descriptor '/home/momesso/vrx_ws/install/share/wamv_description/hook/pythonpath.dsv'
[0.945s] INFO:colcon.colcon_core.shell:Creating environment hook '/home/momesso/vrx_ws/install/share/wamv_description/hook/pythonpath.sh'
[0.945s] Level 1:colcon.colcon_core.environment:checking '/home/momesso/vrx_ws/install/bin'
[0.945s] INFO:colcon.colcon_core.shell:Creating package script '/home/momesso/vrx_ws/install/share/wamv_description/package.ps1'
[0.946s] INFO:colcon.colcon_core.shell:Creating package descriptor '/home/momesso/vrx_ws/install/share/wamv_description/package.dsv'
[0.946s] INFO:colcon.colcon_core.shell:Creating package script '/home/momesso/vrx_ws/install/share/wamv_description/package.sh'
[0.947s] INFO:colcon.colcon_core.shell:Creating package script '/home/momesso/vrx_ws/install/share/wamv_description/package.bash'
[0.947s] INFO:colcon.colcon_core.shell:Creating package script '/home/momesso/vrx_ws/install/share/wamv_description/package.zsh'
[0.947s] Level 1:colcon.colcon_core.environment:create_file_with_runtime_dependencies(/home/momesso/vrx_ws/install/share/colcon-core/packages/wamv_description)
[0.962s] Level 1:colcon.colcon_core.environment:create_environment_scripts_only(wamv_description)
[0.962s] Level 1:colcon.colcon_core.environment:checking '/home/momesso/vrx_ws/install' for CMake module files
[0.963s] Level 1:colcon.colcon_core.environment:checking '/home/momesso/vrx_ws/install' for CMake config files
[0.963s] Level 1:colcon.colcon_core.shell:create_environment_hook('wamv_description', 'cmake_prefix_path')
[0.963s] INFO:colcon.colcon_core.shell:Creating environment hook '/home/momesso/vrx_ws/install/share/wamv_description/hook/cmake_prefix_path.ps1'
[0.963s] INFO:colcon.colcon_core.shell:Creating environment descriptor '/home/momesso/vrx_ws/install/share/wamv_description/hook/cmake_prefix_path.dsv'
[0.964s] INFO:colcon.colcon_core.shell:Creating environment hook '/home/momesso/vrx_ws/install/share/wamv_description/hook/cmake_prefix_path.sh'
[0.964s] Level 1:colcon.colcon_core.environment:checking '/home/momesso/vrx_ws/install/lib'
[0.964s] Level 1:colcon.colcon_core.shell:create_environment_hook('wamv_description', 'ld_library_path_lib')
[0.964s] INFO:colcon.colcon_core.shell:Creating environment hook '/home/momesso/vrx_ws/install/share/wamv_description/hook/ld_library_path_lib.ps1'
[0.965s] INFO:colcon.colcon_core.shell:Creating environment descriptor '/home/momesso/vrx_ws/install/share/wamv_description/hook/ld_library_path_lib.dsv'
[0.965s] INFO:colcon.colcon_core.shell:Creating environment hook '/home/momesso/vrx_ws/install/share/wamv_description/hook/ld_library_path_lib.sh'
[0.965s] Level 1:colcon.colcon_core.environment:checking '/home/momesso/vrx_ws/install/bin'
[0.965s] Level 1:colcon.colcon_core.environment:checking '/home/momesso/vrx_ws/install/lib/pkgconfig/wamv_description.pc'
[0.965s] Level 1:colcon.colcon_core.environment:checking '/home/momesso/vrx_ws/install/lib/python3.10/site-packages'
[0.965s] Level 1:colcon.colcon_core.shell:create_environment_hook('wamv_description', 'pythonpath')
[0.966s] INFO:colcon.colcon_core.shell:Creating environment hook '/home/momesso/vrx_ws/install/share/wamv_description/hook/pythonpath.ps1'
[0.966s] INFO:colcon.colcon_core.shell:Creating environment descriptor '/home/momesso/vrx_ws/install/share/wamv_description/hook/pythonpath.dsv'
[0.966s] INFO:colcon.colcon_core.shell:Creating environment hook '/home/momesso/vrx_ws/install/share/wamv_description/hook/pythonpath.sh'
[0.967s] Level 1:colcon.colcon_core.environment:checking '/home/momesso/vrx_ws/install/bin'
[0.967s] INFO:colcon.colcon_core.shell:Creating package script '/home/momesso/vrx_ws/install/share/wamv_description/package.ps1'
[0.967s] INFO:colcon.colcon_core.shell:Creating package descriptor '/home/momesso/vrx_ws/install/share/wamv_description/package.dsv'
[0.968s] INFO:colcon.colcon_core.shell:Creating package script '/home/momesso/vrx_ws/install/share/wamv_description/package.sh'
[0.968s] INFO:colcon.colcon_core.shell:Creating package script '/home/momesso/vrx_ws/install/share/wamv_description/package.bash'
[0.969s] INFO:colcon.colcon_core.shell:Creating package script '/home/momesso/vrx_ws/install/share/wamv_description/package.zsh'
[0.969s] Level 1:colcon.colcon_core.environment:create_file_with_runtime_dependencies(/home/momesso/vrx_ws/install/share/colcon-core/packages/wamv_description)
[0.969s] INFO:colcon.colcon_ros.task.ament_cmake.build:Building ROS package in '/home/momesso/vrx_ws/src/vrx/vrx_urdf/wamv_gazebo' with build type 'ament_cmake'
[0.969s] INFO:colcon.colcon_cmake.task.cmake.build:Building CMake package in '/home/momesso/vrx_ws/src/vrx/vrx_urdf/wamv_gazebo'
[0.970s] INFO:colcon.colcon_core.shell:Skip shell extension 'powershell' for command environment: Not usable outside of PowerShell
[0.970s] DEBUG:colcon.colcon_core.shell:Skip shell extension 'dsv' for command environment
[0.977s] DEBUG:colcon.colcon_core.event_handler.log_command:Invoking command in '/home/momesso/vrx_ws/build/wamv_gazebo': CMAKE_PREFIX_PATH=${CMAKE_PREFIX_PATH}:/opt/ros/humble GZ_SIM_RESOURCE_PATH=/home/momesso/vrx_ws/install/share:${GZ_SIM_RESOURCE_PATH} PYTHONPATH=/home/momesso/vrx_ws/install/lib/python3.10/site-packages:${PYTHONPATH} /usr/bin/cmake --build /home/momesso/vrx_ws/build/wamv_gazebo -- -j12 -l12
[1.006s] DEBUG:colcon.colcon_core.event_handler.log_command:Invoked command in '/home/momesso/vrx_ws/build/wamv_gazebo' returned '0': CMAKE_PREFIX_PATH=${CMAKE_PREFIX_PATH}:/opt/ros/humble GZ_SIM_RESOURCE_PATH=/home/momesso/vrx_ws/install/share:${GZ_SIM_RESOURCE_PATH} PYTHONPATH=/home/momesso/vrx_ws/install/lib/python3.10/site-packages:${PYTHONPATH} /usr/bin/cmake --build /home/momesso/vrx_ws/build/wamv_gazebo -- -j12 -l12
[1.022s] DEBUG:colcon.colcon_core.event_handler.log_command:Invoking command in '/home/momesso/vrx_ws/build/wamv_gazebo': CMAKE_PREFIX_PATH=${CMAKE_PREFIX_PATH}:/opt/ros/humble GZ_SIM_RESOURCE_PATH=/home/momesso/vrx_ws/install/share:${GZ_SIM_RESOURCE_PATH} PYTHONPATH=/home/momesso/vrx_ws/install/lib/python3.10/site-packages:${PYTHONPATH} /usr/bin/cmake --install /home/momesso/vrx_ws/build/wamv_gazebo
[1.032s] Level 1:colcon.colcon_core.environment:create_environment_scripts_only(wamv_gazebo)
[1.032s] Level 1:colcon.colcon_core.environment:checking '/home/momesso/vrx_ws/install' for CMake module files
[1.033s] Level 1:colcon.colcon_core.environment:checking '/home/momesso/vrx_ws/install' for CMake config files
[1.033s] DEBUG:colcon.colcon_core.event_handler.log_command:Invoked command in '/home/momesso/vrx_ws/build/wamv_gazebo' returned '0': CMAKE_PREFIX_PATH=${CMAKE_PREFIX_PATH}:/opt/ros/humble GZ_SIM_RESOURCE_PATH=/home/momesso/vrx_ws/install/share:${GZ_SIM_RESOURCE_PATH} PYTHONPATH=/home/momesso/vrx_ws/install/lib/python3.10/site-packages:${PYTHONPATH} /usr/bin/cmake --install /home/momesso/vrx_ws/build/wamv_gazebo
[1.034s] Level 1:colcon.colcon_core.shell:create_environment_hook('wamv_gazebo', 'cmake_prefix_path')
[1.034s] INFO:colcon.colcon_core.shell:Creating environment hook '/home/momesso/vrx_ws/install/share/wamv_gazebo/hook/cmake_prefix_path.ps1'
[1.034s] INFO:colcon.colcon_core.shell:Creating environment descriptor '/home/momesso/vrx_ws/install/share/wamv_gazebo/hook/cmake_prefix_path.dsv'
[1.034s] INFO:colcon.colcon_core.shell:Creating environment hook '/home/momesso/vrx_ws/install/share/wamv_gazebo/hook/cmake_prefix_path.sh'
[1.035s] Level 1:colcon.colcon_core.environment:checking '/home/momesso/vrx_ws/install/lib'
[1.035s] Level 1:colcon.colcon_core.shell:create_environment_hook('wamv_gazebo', 'ld_library_path_lib')
[1.035s] INFO:colcon.colcon_core.shell:Creating environment hook '/home/momesso/vrx_ws/install/share/wamv_gazebo/hook/ld_library_path_lib.ps1'
[1.035s] INFO:colcon.colcon_core.shell:Creating environment descriptor '/home/momesso/vrx_ws/install/share/wamv_gazebo/hook/ld_library_path_lib.dsv'
[1.036s] INFO:colcon.colcon_core.shell:Creating environment hook '/home/momesso/vrx_ws/install/share/wamv_gazebo/hook/ld_library_path_lib.sh'
[1.036s] Level 1:colcon.colcon_core.environment:checking '/home/momesso/vrx_ws/install/bin'
[1.036s] Level 1:colcon.colcon_core.environment:checking '/home/momesso/vrx_ws/install/lib/pkgconfig/wamv_gazebo.pc'
[1.036s] Level 1:colcon.colcon_core.environment:checking '/home/momesso/vrx_ws/install/lib/python3.10/site-packages'
[1.036s] Level 1:colcon.colcon_core.shell:create_environment_hook('wamv_gazebo', 'pythonpath')
[1.036s] INFO:colcon.colcon_core.shell:Creating environment hook '/home/momesso/vrx_ws/install/share/wamv_gazebo/hook/pythonpath.ps1'
[1.037s] INFO:colcon.colcon_core.shell:Creating environment descriptor '/home/momesso/vrx_ws/install/share/wamv_gazebo/hook/pythonpath.dsv'
[1.037s] INFO:colcon.colcon_core.shell:Creating environment hook '/home/momesso/vrx_ws/install/share/wamv_gazebo/hook/pythonpath.sh'
[1.037s] Level 1:colcon.colcon_core.environment:checking '/home/momesso/vrx_ws/install/bin'
[1.038s] INFO:colcon.colcon_core.shell:Creating package script '/home/momesso/vrx_ws/install/share/wamv_gazebo/package.ps1'
[1.038s] INFO:colcon.colcon_core.shell:Creating package descriptor '/home/momesso/vrx_ws/install/share/wamv_gazebo/package.dsv'
[1.038s] INFO:colcon.colcon_core.shell:Creating package script '/home/momesso/vrx_ws/install/share/wamv_gazebo/package.sh'
[1.039s] INFO:colcon.colcon_core.shell:Creating package script '/home/momesso/vrx_ws/install/share/wamv_gazebo/package.bash'
[1.039s] INFO:colcon.colcon_core.shell:Creating package script '/home/momesso/vrx_ws/install/share/wamv_gazebo/package.zsh'
[1.039s] Level 1:colcon.colcon_core.environment:create_file_with_runtime_dependencies(/home/momesso/vrx_ws/install/share/colcon-core/packages/wamv_gazebo)
[1.043s] DEBUG:colcon.colcon_core.event_handler.log_command:Invoking command in '/home/momesso/vrx_ws/src/ros2_teleop_keyboard': PYTHONPATH=/home/momesso/vrx_ws/build/teleop_twist_keyboard/prefix_override:/home/momesso/vrx_ws/install/lib/python3.10/site-packages:${PYTHONPATH} /usr/bin/python3 -W ignore:setup.py install is deprecated setup.py egg_info --egg-base ../../build/teleop_twist_keyboard build --build-base /home/momesso/vrx_ws/build/teleop_twist_keyboard/build install --record /home/momesso/vrx_ws/build/teleop_twist_keyboard/install.log --single-version-externally-managed
[1.056s] Level 1:colcon.colcon_core.environment:create_environment_scripts_only(wamv_gazebo)
[1.056s] Level 1:colcon.colcon_core.environment:checking '/home/momesso/vrx_ws/install' for CMake module files
[1.056s] Level 1:colcon.colcon_core.environment:checking '/home/momesso/vrx_ws/install' for CMake config files
[1.057s] Level 1:colcon.colcon_core.shell:create_environment_hook('wamv_gazebo', 'cmake_prefix_path')
[1.057s] INFO:colcon.colcon_core.shell:Creating environment hook '/home/momesso/vrx_ws/install/share/wamv_gazebo/hook/cmake_prefix_path.ps1'
[1.057s] INFO:colcon.colcon_core.shell:Creating environment descriptor '/home/momesso/vrx_ws/install/share/wamv_gazebo/hook/cmake_prefix_path.dsv'
[1.057s] INFO:colcon.colcon_core.shell:Creating environment hook '/home/momesso/vrx_ws/install/share/wamv_gazebo/hook/cmake_prefix_path.sh'
[1.058s] Level 1:colcon.colcon_core.environment:checking '/home/momesso/vrx_ws/install/lib'
[1.058s] Level 1:colcon.colcon_core.shell:create_environment_hook('wamv_gazebo', 'ld_library_path_lib')
[1.058s] INFO:colcon.colcon_core.shell:Creating environment hook '/home/momesso/vrx_ws/install/share/wamv_gazebo/hook/ld_library_path_lib.ps1'
[1.059s] INFO:colcon.colcon_core.shell:Creating environment descriptor '/home/momesso/vrx_ws/install/share/wamv_gazebo/hook/ld_library_path_lib.dsv'
[1.059s] INFO:colcon.colcon_core.shell:Creating environment hook '/home/momesso/vrx_ws/install/share/wamv_gazebo/hook/ld_library_path_lib.sh'
[1.059s] Level 1:colcon.colcon_core.environment:checking '/home/momesso/vrx_ws/install/bin'
[1.059s] Level 1:colcon.colcon_core.environment:checking '/home/momesso/vrx_ws/install/lib/pkgconfig/wamv_gazebo.pc'
[1.059s] Level 1:colcon.colcon_core.environment:checking '/home/momesso/vrx_ws/install/lib/python3.10/site-packages'
[1.059s] Level 1:colcon.colcon_core.shell:create_environment_hook('wamv_gazebo', 'pythonpath')
[1.060s] INFO:colcon.colcon_core.shell:Creating environment hook '/home/momesso/vrx_ws/install/share/wamv_gazebo/hook/pythonpath.ps1'
[1.060s] INFO:colcon.colcon_core.shell:Creating environment descriptor '/home/momesso/vrx_ws/install/share/wamv_gazebo/hook/pythonpath.dsv'
[1.060s] INFO:colcon.colcon_core.shell:Creating environment hook '/home/momesso/vrx_ws/install/share/wamv_gazebo/hook/pythonpath.sh'
[1.061s] Level 1:colcon.colcon_core.environment:checking '/home/momesso/vrx_ws/install/bin'
[1.061s] INFO:colcon.colcon_core.shell:Creating package script '/home/momesso/vrx_ws/install/share/wamv_gazebo/package.ps1'
[1.062s] INFO:colcon.colcon_core.shell:Creating package descriptor '/home/momesso/vrx_ws/install/share/wamv_gazebo/package.dsv'
[1.062s] INFO:colcon.colcon_core.shell:Creating package script '/home/momesso/vrx_ws/install/share/wamv_gazebo/package.sh'
[1.062s] INFO:colcon.colcon_core.shell:Creating package script '/home/momesso/vrx_ws/install/share/wamv_gazebo/package.bash'
[1.063s] INFO:colcon.colcon_core.shell:Creating package script '/home/momesso/vrx_ws/install/share/wamv_gazebo/package.zsh'
[1.063s] Level 1:colcon.colcon_core.environment:create_file_with_runtime_dependencies(/home/momesso/vrx_ws/install/share/colcon-core/packages/wamv_gazebo)
[1.068s] DEBUG:colcon.colcon_core.event_handler.log_command:Invoking command in '/home/momesso/vrx_ws/src/vrx_nav2': PYTHONPATH=/home/momesso/vrx_ws/build/vrx_nav2/prefix_override:/home/momesso/vrx_ws/install/lib/python3.10/site-packages:${PYTHONPATH} /usr/bin/python3 -W ignore:setup.py install is deprecated setup.py egg_info --egg-base ../../build/vrx_nav2 build --build-base /home/momesso/vrx_ws/build/vrx_nav2/build install --record /home/momesso/vrx_ws/build/vrx_nav2/install.log --single-version-externally-managed install_data
[1.158s] DEBUG:colcon.colcon_core.event_handler.log_command:Invoked command in '/home/momesso/vrx_ws/build/vrx_gz' returned '0': CMAKE_PREFIX_PATH=${CMAKE_PREFIX_PATH}:/opt/ros/humble PYTHONPATH=/home/momesso/vrx_ws/install/lib/python3.10/site-packages:${PYTHONPATH} /usr/bin/cmake --build /home/momesso/vrx_ws/build/vrx_gz -- -j12 -l12
[1.216s] DEBUG:colcon.colcon_core.event_handler.log_command:Invoking command in '/home/momesso/vrx_ws/build/vrx_gz': CMAKE_PREFIX_PATH=${CMAKE_PREFIX_PATH}:/opt/ros/humble PYTHONPATH=/home/momesso/vrx_ws/install/lib/python3.10/site-packages:${PYTHONPATH} /usr/bin/cmake --install /home/momesso/vrx_ws/build/vrx_gz
[1.260s] Level 1:colcon.colcon_core.environment:create_environment_scripts_only(vrx_gz)
[1.260s] Level 1:colcon.colcon_core.environment:checking '/home/momesso/vrx_ws/install' for CMake module files
[1.261s] Level 1:colcon.colcon_core.environment:checking '/home/momesso/vrx_ws/install' for CMake config files
[1.262s] Level 1:colcon.colcon_core.shell:create_environment_hook('vrx_gz', 'cmake_prefix_path')
[1.262s] INFO:colcon.colcon_core.shell:Creating environment hook '/home/momesso/vrx_ws/install/share/vrx_gz/hook/cmake_prefix_path.ps1'
[1.263s] INFO:colcon.colcon_core.shell:Creating environment descriptor '/home/momesso/vrx_ws/install/share/vrx_gz/hook/cmake_prefix_path.dsv'
[1.264s] INFO:colcon.colcon_core.shell:Creating environment hook '/home/momesso/vrx_ws/install/share/vrx_gz/hook/cmake_prefix_path.sh'
[1.264s] Level 1:colcon.colcon_core.environment:checking '/home/momesso/vrx_ws/install/lib'
[1.265s] Level 1:colcon.colcon_core.shell:create_environment_hook('vrx_gz', 'ld_library_path_lib')
[1.265s] INFO:colcon.colcon_core.shell:Creating environment hook '/home/momesso/vrx_ws/install/share/vrx_gz/hook/ld_library_path_lib.ps1'
[1.265s] INFO:colcon.colcon_core.shell:Creating environment descriptor '/home/momesso/vrx_ws/install/share/vrx_gz/hook/ld_library_path_lib.dsv'
[1.266s] INFO:colcon.colcon_core.shell:Creating environment hook '/home/momesso/vrx_ws/install/share/vrx_gz/hook/ld_library_path_lib.sh'
[1.266s] Level 1:colcon.colcon_core.environment:checking '/home/momesso/vrx_ws/install/bin'
[1.267s] Level 1:colcon.colcon_core.shell:create_environment_hook('vrx_gz', 'path')
[1.267s] INFO:colcon.colcon_core.shell:Creating environment hook '/home/momesso/vrx_ws/install/share/vrx_gz/hook/path.ps1'
[1.268s] INFO:colcon.colcon_core.shell:Creating environment descriptor '/home/momesso/vrx_ws/install/share/vrx_gz/hook/path.dsv'
[1.269s] INFO:colcon.colcon_core.shell:Creating environment hook '/home/momesso/vrx_ws/install/share/vrx_gz/hook/path.sh'
[1.270s] Level 1:colcon.colcon_core.environment:checking '/home/momesso/vrx_ws/install/lib/pkgconfig/vrx_gz.pc'
[1.270s] Level 1:colcon.colcon_core.environment:checking '/home/momesso/vrx_ws/install/lib/python3.10/site-packages'
[1.270s] Level 1:colcon.colcon_core.shell:create_environment_hook('vrx_gz', 'pythonpath')
[1.271s] INFO:colcon.colcon_core.shell:Creating environment hook '/home/momesso/vrx_ws/install/share/vrx_gz/hook/pythonpath.ps1'
[1.271s] INFO:colcon.colcon_core.shell:Creating environment descriptor '/home/momesso/vrx_ws/install/share/vrx_gz/hook/pythonpath.dsv'
[1.272s] INFO:colcon.colcon_core.shell:Creating environment hook '/home/momesso/vrx_ws/install/share/vrx_gz/hook/pythonpath.sh'
[1.272s] Level 1:colcon.colcon_core.environment:checking '/home/momesso/vrx_ws/install/bin'
[1.272s] Level 1:colcon.colcon_core.shell:create_environment_hook('vrx_gz', 'pythonscriptspath')
[1.273s] INFO:colcon.colcon_core.shell:Creating environment hook '/home/momesso/vrx_ws/install/share/vrx_gz/hook/pythonscriptspath.ps1'
[1.273s] INFO:colcon.colcon_core.shell:Creating environment descriptor '/home/momesso/vrx_ws/install/share/vrx_gz/hook/pythonscriptspath.dsv'
[1.274s] INFO:colcon.colcon_core.shell:Creating environment hook '/home/momesso/vrx_ws/install/share/vrx_gz/hook/pythonscriptspath.sh'
[1.275s] INFO:colcon.colcon_core.shell:Creating package script '/home/momesso/vrx_ws/install/share/vrx_gz/package.ps1'
[1.275s] INFO:colcon.colcon_core.shell:Creating package descriptor '/home/momesso/vrx_ws/install/share/vrx_gz/package.dsv'
[1.276s] INFO:colcon.colcon_core.shell:Creating package script '/home/momesso/vrx_ws/install/share/vrx_gz/package.sh'
[1.277s] INFO:colcon.colcon_core.shell:Creating package script '/home/momesso/vrx_ws/install/share/vrx_gz/package.bash'
[1.277s] INFO:colcon.colcon_core.shell:Creating package script '/home/momesso/vrx_ws/install/share/vrx_gz/package.zsh'
[1.278s] Level 1:colcon.colcon_core.environment:create_file_with_runtime_dependencies(/home/momesso/vrx_ws/install/share/colcon-core/packages/vrx_gz)
[1.281s] Level 1:colcon.colcon_core.environment:checking '/home/momesso/vrx_ws/install' for CMake module files
[1.281s] Level 1:colcon.colcon_core.environment:checking '/home/momesso/vrx_ws/install' for CMake config files
[1.282s] Level 1:colcon.colcon_core.shell:create_environment_hook('teleop_twist_keyboard', 'cmake_prefix_path')
[1.282s] INFO:colcon.colcon_core.shell:Creating environment hook '/home/momesso/vrx_ws/install/share/teleop_twist_keyboard/hook/cmake_prefix_path.ps1'
[1.283s] INFO:colcon.colcon_core.shell:Creating environment descriptor '/home/momesso/vrx_ws/install/share/teleop_twist_keyboard/hook/cmake_prefix_path.dsv'
[1.283s] INFO:colcon.colcon_core.shell:Creating environment hook '/home/momesso/vrx_ws/install/share/teleop_twist_keyboard/hook/cmake_prefix_path.sh'
[1.284s] Level 1:colcon.colcon_core.environment:checking '/home/momesso/vrx_ws/install/lib'
[1.285s] Level 1:colcon.colcon_core.shell:create_environment_hook('teleop_twist_keyboard', 'ld_library_path_lib')
[1.285s] INFO:colcon.colcon_core.shell:Creating environment hook '/home/momesso/vrx_ws/install/share/teleop_twist_keyboard/hook/ld_library_path_lib.ps1'
[1.285s] INFO:colcon.colcon_core.shell:Creating environment descriptor '/home/momesso/vrx_ws/install/share/teleop_twist_keyboard/hook/ld_library_path_lib.dsv'
[1.286s] INFO:colcon.colcon_core.shell:Creating environment hook '/home/momesso/vrx_ws/install/share/teleop_twist_keyboard/hook/ld_library_path_lib.sh'
[1.289s] DEBUG:colcon.colcon_core.event_handler.log_command:Invoked command in '/home/momesso/vrx_ws/build/vrx_gz' returned '0': CMAKE_PREFIX_PATH=${CMAKE_PREFIX_PATH}:/opt/ros/humble PYTHONPATH=/home/momesso/vrx_ws/install/lib/python3.10/site-packages:${PYTHONPATH} /usr/bin/cmake --install /home/momesso/vrx_ws/build/vrx_gz
[1.290s] Level 1:colcon.colcon_core.environment:checking '/home/momesso/vrx_ws/install/bin'
[1.290s] DEBUG:colcon.colcon_core.event_handler.log_command:Invoked command in '/home/momesso/vrx_ws/src/ros2_teleop_keyboard' returned '0': PYTHONPATH=/home/momesso/vrx_ws/build/teleop_twist_keyboard/prefix_override:/home/momesso/vrx_ws/install/lib/python3.10/site-packages:${PYTHONPATH} /usr/bin/python3 -W ignore:setup.py install is deprecated setup.py egg_info --egg-base ../../build/teleop_twist_keyboard build --build-base /home/momesso/vrx_ws/build/teleop_twist_keyboard/build install --record /home/momesso/vrx_ws/build/teleop_twist_keyboard/install.log --single-version-externally-managed
[1.290s] Level 1:colcon.colcon_core.shell:create_environment_hook('teleop_twist_keyboard', 'path')
[1.291s] INFO:colcon.colcon_core.shell:Creating environment hook '/home/momesso/vrx_ws/install/share/teleop_twist_keyboard/hook/path.ps1'
[1.291s] INFO:colcon.colcon_core.shell:Creating environment descriptor '/home/momesso/vrx_ws/install/share/teleop_twist_keyboard/hook/path.dsv'
[1.292s] INFO:colcon.colcon_core.shell:Creating environment hook '/home/momesso/vrx_ws/install/share/teleop_twist_keyboard/hook/path.sh'
[1.292s] Level 1:colcon.colcon_core.environment:checking '/home/momesso/vrx_ws/install/lib/pkgconfig/teleop_twist_keyboard.pc'
[1.292s] Level 1:colcon.colcon_core.environment:checking '/home/momesso/vrx_ws/install/lib/python3.10/site-packages'
[1.293s] Level 1:colcon.colcon_core.shell:create_environment_hook('teleop_twist_keyboard', 'pythonpath')
[1.293s] INFO:colcon.colcon_core.shell:Creating environment hook '/home/momesso/vrx_ws/install/share/teleop_twist_keyboard/hook/pythonpath.ps1'
[1.293s] INFO:colcon.colcon_core.shell:Creating environment descriptor '/home/momesso/vrx_ws/install/share/teleop_twist_keyboard/hook/pythonpath.dsv'
[1.293s] INFO:colcon.colcon_core.shell:Creating environment hook '/home/momesso/vrx_ws/install/share/teleop_twist_keyboard/hook/pythonpath.sh'
[1.294s] Level 1:colcon.colcon_core.environment:checking '/home/momesso/vrx_ws/install/bin'
[1.294s] Level 1:colcon.colcon_core.shell:create_environment_hook('teleop_twist_keyboard', 'pythonscriptspath')
[1.294s] INFO:colcon.colcon_core.shell:Creating environment hook '/home/momesso/vrx_ws/install/share/teleop_twist_keyboard/hook/pythonscriptspath.ps1'
[1.294s] INFO:colcon.colcon_core.shell:Creating environment descriptor '/home/momesso/vrx_ws/install/share/teleop_twist_keyboard/hook/pythonscriptspath.dsv'
[1.295s] INFO:colcon.colcon_core.shell:Creating environment hook '/home/momesso/vrx_ws/install/share/teleop_twist_keyboard/hook/pythonscriptspath.sh'
[1.295s] Level 1:colcon.colcon_core.environment:create_environment_scripts_only(teleop_twist_keyboard)
[1.295s] INFO:colcon.colcon_core.shell:Creating package script '/home/momesso/vrx_ws/install/share/teleop_twist_keyboard/package.ps1'
[1.296s] INFO:colcon.colcon_core.shell:Creating package descriptor '/home/momesso/vrx_ws/install/share/teleop_twist_keyboard/package.dsv'
[1.296s] INFO:colcon.colcon_core.shell:Creating package script '/home/momesso/vrx_ws/install/share/teleop_twist_keyboard/package.sh'
[1.297s] INFO:colcon.colcon_core.shell:Creating package script '/home/momesso/vrx_ws/install/share/teleop_twist_keyboard/package.bash'
[1.297s] INFO:colcon.colcon_core.shell:Creating package script '/home/momesso/vrx_ws/install/share/teleop_twist_keyboard/package.zsh'
[1.297s] Level 1:colcon.colcon_core.environment:create_file_with_runtime_dependencies(/home/momesso/vrx_ws/install/share/colcon-core/packages/teleop_twist_keyboard)
[1.309s] Level 1:colcon.colcon_core.environment:checking '/home/momesso/vrx_ws/install' for CMake module files
[1.310s] DEBUG:colcon.colcon_core.event_handler.log_command:Invoked command in '/home/momesso/vrx_ws/src/vrx_nav2' returned '0': PYTHONPATH=/home/momesso/vrx_ws/build/vrx_nav2/prefix_override:/home/momesso/vrx_ws/install/lib/python3.10/site-packages:${PYTHONPATH} /usr/bin/python3 -W ignore:setup.py install is deprecated setup.py egg_info --egg-base ../../build/vrx_nav2 build --build-base /home/momesso/vrx_ws/build/vrx_nav2/build install --record /home/momesso/vrx_ws/build/vrx_nav2/install.log --single-version-externally-managed install_data
[1.310s] Level 1:colcon.colcon_core.environment:checking '/home/momesso/vrx_ws/install' for CMake config files
[1.310s] Level 1:colcon.colcon_core.shell:create_environment_hook('vrx_nav2', 'cmake_prefix_path')
[1.310s] INFO:colcon.colcon_core.shell:Creating environment hook '/home/momesso/vrx_ws/install/share/vrx_nav2/hook/cmake_prefix_path.ps1'
[1.311s] INFO:colcon.colcon_core.shell:Creating environment descriptor '/home/momesso/vrx_ws/install/share/vrx_nav2/hook/cmake_prefix_path.dsv'
[1.311s] INFO:colcon.colcon_core.shell:Creating environment hook '/home/momesso/vrx_ws/install/share/vrx_nav2/hook/cmake_prefix_path.sh'
[1.311s] Level 1:colcon.colcon_core.environment:checking '/home/momesso/vrx_ws/install/lib'
[1.311s] Level 1:colcon.colcon_core.shell:create_environment_hook('vrx_nav2', 'ld_library_path_lib')
[1.312s] INFO:colcon.colcon_core.shell:Creating environment hook '/home/momesso/vrx_ws/install/share/vrx_nav2/hook/ld_library_path_lib.ps1'
[1.312s] INFO:colcon.colcon_core.shell:Creating environment descriptor '/home/momesso/vrx_ws/install/share/vrx_nav2/hook/ld_library_path_lib.dsv'
[1.312s] INFO:colcon.colcon_core.shell:Creating environment hook '/home/momesso/vrx_ws/install/share/vrx_nav2/hook/ld_library_path_lib.sh'
[1.312s] Level 1:colcon.colcon_core.environment:checking '/home/momesso/vrx_ws/install/bin'
[1.312s] Level 1:colcon.colcon_core.shell:create_environment_hook('vrx_nav2', 'path')
[1.313s] INFO:colcon.colcon_core.shell:Creating environment hook '/home/momesso/vrx_ws/install/share/vrx_nav2/hook/path.ps1'
[1.313s] INFO:colcon.colcon_core.shell:Creating environment descriptor '/home/momesso/vrx_ws/install/share/vrx_nav2/hook/path.dsv'
[1.313s] INFO:colcon.colcon_core.shell:Creating environment hook '/home/momesso/vrx_ws/install/share/vrx_nav2/hook/path.sh'
[1.313s] Level 1:colcon.colcon_core.environment:checking '/home/momesso/vrx_ws/install/lib/pkgconfig/vrx_nav2.pc'
[1.313s] Level 1:colcon.colcon_core.environment:checking '/home/momesso/vrx_ws/install/lib/python3.10/site-packages'
[1.314s] Level 1:colcon.colcon_core.shell:create_environment_hook('vrx_nav2', 'pythonpath')
[1.314s] INFO:colcon.colcon_core.shell:Creating environment hook '/home/momesso/vrx_ws/install/share/vrx_nav2/hook/pythonpath.ps1'
[1.314s] INFO:colcon.colcon_core.shell:Creating environment descriptor '/home/momesso/vrx_ws/install/share/vrx_nav2/hook/pythonpath.dsv'
[1.314s] INFO:colcon.colcon_core.shell:Creating environment hook '/home/momesso/vrx_ws/install/share/vrx_nav2/hook/pythonpath.sh'
[1.315s] Level 1:colcon.colcon_core.environment:checking '/home/momesso/vrx_ws/install/bin'
[1.315s] Level 1:colcon.colcon_core.shell:create_environment_hook('vrx_nav2', 'pythonscriptspath')
[1.315s] INFO:colcon.colcon_core.shell:Creating environment hook '/home/momesso/vrx_ws/install/share/vrx_nav2/hook/pythonscriptspath.ps1'
[1.315s] INFO:colcon.colcon_core.shell:Creating environment descriptor '/home/momesso/vrx_ws/install/share/vrx_nav2/hook/pythonscriptspath.dsv'
[1.315s] INFO:colcon.colcon_core.shell:Creating environment hook '/home/momesso/vrx_ws/install/share/vrx_nav2/hook/pythonscriptspath.sh'
[1.316s] Level 1:colcon.colcon_core.environment:create_environment_scripts_only(vrx_nav2)
[1.316s] INFO:colcon.colcon_core.shell:Creating package script '/home/momesso/vrx_ws/install/share/vrx_nav2/package.ps1'
[1.316s] INFO:colcon.colcon_core.shell:Creating package descriptor '/home/momesso/vrx_ws/install/share/vrx_nav2/package.dsv'
[1.317s] INFO:colcon.colcon_core.shell:Creating package script '/home/momesso/vrx_ws/install/share/vrx_nav2/package.sh'
[1.317s] INFO:colcon.colcon_core.shell:Creating package script '/home/momesso/vrx_ws/install/share/vrx_nav2/package.bash'
[1.318s] INFO:colcon.colcon_core.shell:Creating package script '/home/momesso/vrx_ws/install/share/vrx_nav2/package.zsh'
[1.318s] Level 1:colcon.colcon_core.environment:create_file_with_runtime_dependencies(/home/momesso/vrx_ws/install/share/colcon-core/packages/vrx_nav2)
[1.335s] Level 1:colcon.colcon_core.environment:create_environment_scripts_only(vrx_gz)
[1.335s] Level 1:colcon.colcon_core.environment:checking '/home/momesso/vrx_ws/install' for CMake module files
[1.335s] Level 1:colcon.colcon_core.environment:checking '/home/momesso/vrx_ws/install' for CMake config files
[1.336s] Level 1:colcon.colcon_core.shell:create_environment_hook('vrx_gz', 'cmake_prefix_path')
[1.336s] INFO:colcon.colcon_core.shell:Creating environment hook '/home/momesso/vrx_ws/install/share/vrx_gz/hook/cmake_prefix_path.ps1'
[1.336s] INFO:colcon.colcon_core.shell:Creating environment descriptor '/home/momesso/vrx_ws/install/share/vrx_gz/hook/cmake_prefix_path.dsv'
[1.336s] INFO:colcon.colcon_core.shell:Creating environment hook '/home/momesso/vrx_ws/install/share/vrx_gz/hook/cmake_prefix_path.sh'
[1.337s] Level 1:colcon.colcon_core.environment:checking '/home/momesso/vrx_ws/install/lib'
[1.337s] Level 1:colcon.colcon_core.shell:create_environment_hook('vrx_gz', 'ld_library_path_lib')
[1.337s] INFO:colcon.colcon_core.shell:Creating environment hook '/home/momesso/vrx_ws/install/share/vrx_gz/hook/ld_library_path_lib.ps1'
[1.337s] INFO:colcon.colcon_core.shell:Creating environment descriptor '/home/momesso/vrx_ws/install/share/vrx_gz/hook/ld_library_path_lib.dsv'
[1.337s] INFO:colcon.colcon_core.shell:Creating environment hook '/home/momesso/vrx_ws/install/share/vrx_gz/hook/ld_library_path_lib.sh'
[1.338s] Level 1:colcon.colcon_core.environment:checking '/home/momesso/vrx_ws/install/bin'
[1.338s] Level 1:colcon.colcon_core.shell:create_environment_hook('vrx_gz', 'path')
[1.338s] INFO:colcon.colcon_core.shell:Creating environment hook '/home/momesso/vrx_ws/install/share/vrx_gz/hook/path.ps1'
[1.338s] INFO:colcon.colcon_core.shell:Creating environment descriptor '/home/momesso/vrx_ws/install/share/vrx_gz/hook/path.dsv'
[1.338s] INFO:colcon.colcon_core.shell:Creating environment hook '/home/momesso/vrx_ws/install/share/vrx_gz/hook/path.sh'
[1.339s] Level 1:colcon.colcon_core.environment:checking '/home/momesso/vrx_ws/install/lib/pkgconfig/vrx_gz.pc'
[1.339s] Level 1:colcon.colcon_core.environment:checking '/home/momesso/vrx_ws/install/lib/python3.10/site-packages'
[1.339s] Level 1:colcon.colcon_core.shell:create_environment_hook('vrx_gz', 'pythonpath')
[1.339s] INFO:colcon.colcon_core.shell:Creating environment hook '/home/momesso/vrx_ws/install/share/vrx_gz/hook/pythonpath.ps1'
[1.339s] INFO:colcon.colcon_core.shell:Creating environment descriptor '/home/momesso/vrx_ws/install/share/vrx_gz/hook/pythonpath.dsv'
[1.340s] INFO:colcon.colcon_core.shell:Creating environment hook '/home/momesso/vrx_ws/install/share/vrx_gz/hook/pythonpath.sh'
[1.340s] Level 1:colcon.colcon_core.environment:checking '/home/momesso/vrx_ws/install/bin'
[1.340s] Level 1:colcon.colcon_core.shell:create_environment_hook('vrx_gz', 'pythonscriptspath')
[1.340s] INFO:colcon.colcon_core.shell:Creating environment hook '/home/momesso/vrx_ws/install/share/vrx_gz/hook/pythonscriptspath.ps1'
[1.341s] INFO:colcon.colcon_core.shell:Creating environment descriptor '/home/momesso/vrx_ws/install/share/vrx_gz/hook/pythonscriptspath.dsv'
[1.341s] INFO:colcon.colcon_core.shell:Creating environment hook '/home/momesso/vrx_ws/install/share/vrx_gz/hook/pythonscriptspath.sh'
[1.341s] INFO:colcon.colcon_core.shell:Creating package script '/home/momesso/vrx_ws/install/share/vrx_gz/package.ps1'
[1.342s] INFO:colcon.colcon_core.shell:Creating package descriptor '/home/momesso/vrx_ws/install/share/vrx_gz/package.dsv'
[1.342s] INFO:colcon.colcon_core.shell:Creating package script '/home/momesso/vrx_ws/install/share/vrx_gz/package.sh'
[1.343s] INFO:colcon.colcon_core.shell:Creating package script '/home/momesso/vrx_ws/install/share/vrx_gz/package.bash'
[1.343s] INFO:colcon.colcon_core.shell:Creating package script '/home/momesso/vrx_ws/install/share/vrx_gz/package.zsh'
[1.343s] Level 1:colcon.colcon_core.environment:create_file_with_runtime_dependencies(/home/momesso/vrx_ws/install/share/colcon-core/packages/vrx_gz)
[1.343s] DEBUG:colcon.colcon_parallel_executor.executor.parallel:closing loop
[1.344s] DEBUG:colcon.colcon_parallel_executor.executor.parallel:loop closed
[1.344s] DEBUG:colcon.colcon_parallel_executor.executor.parallel:run_until_complete finished with '0'
[1.344s] DEBUG:colcon.colcon_core.event_reactor:joining thread
[1.348s] INFO:colcon.colcon_core.plugin_system:Skipping extension 'colcon_notification.desktop_notification.terminal_notifier': Not used on non-Darwin systems
[1.348s] INFO:colcon.colcon_core.plugin_system:Skipping extension 'colcon_notification.desktop_notification.win32': Not used on non-Windows systems
[1.348s] INFO:colcon.colcon_notification.desktop_notification:Sending desktop notification using 'notify2'
[1.357s] DEBUG:colcon.colcon_core.event_reactor:joined thread
[1.357s] INFO:colcon.colcon_core.shell:Creating prefix script '/home/momesso/vrx_ws/install/local_setup.ps1'
[1.358s] INFO:colcon.colcon_core.shell:Creating prefix util module '/home/momesso/vrx_ws/install/_local_setup_util_ps1.py'
[1.360s] INFO:colcon.colcon_core.shell:Creating prefix chain script '/home/momesso/vrx_ws/install/setup.ps1'
[1.361s] INFO:colcon.colcon_core.shell:Creating prefix script '/home/momesso/vrx_ws/install/local_setup.sh'
[1.362s] INFO:colcon.colcon_core.shell:Creating prefix util module '/home/momesso/vrx_ws/install/_local_setup_util_sh.py'
[1.362s] INFO:colcon.colcon_core.shell:Creating prefix chain script '/home/momesso/vrx_ws/install/setup.sh'
[1.363s] INFO:colcon.colcon_core.shell:Creating prefix script '/home/momesso/vrx_ws/install/local_setup.bash'
[1.363s] INFO:colcon.colcon_core.shell:Creating prefix chain script '/home/momesso/vrx_ws/install/setup.bash'
[1.364s] INFO:colcon.colcon_core.shell:Creating prefix script '/home/momesso/vrx_ws/install/local_setup.zsh'
[1.364s] INFO:colcon.colcon_core.shell:Creating prefix chain script '/home/momesso/vrx_ws/install/setup.zsh'
