[0.005s] Invoking command in '/home/momesso/vrx_ws/build/wamv_gazebo': AMENT_PREFIX_PATH=/home/momesso/vrx_ws/install:${AMENT_PREFIX_PATH} CMAKE_PREFIX_PATH=/home/momesso/vrx_ws/install:/opt/ros/humble GZ_SIM_RESOURCE_PATH=/home/momesso/vrx_ws/install/share/wamv_description/models:/home/momesso/vrx_ws/install/share/vrx_gazebo/models:/home/momesso/vrx_ws/install/share PYTHONPATH=/home/momesso/vrx_ws/install/local/lib/python3.10/dist-packages:${PYTHONPATH} /usr/bin/cmake /home/momesso/vrx_ws/src/vrx/vrx_urdf/wamv_gazebo -DCMAKE_INSTALL_PREFIX=/home/momesso/vrx_ws/install
[0.045s] -- The C compiler identification is GNU 11.4.0
[0.086s] -- The CXX compiler identification is GNU 11.4.0
[0.093s] -- Detecting C compiler ABI info
[0.141s] -- Detecting C compiler ABI info - done
[0.147s] -- Check for working C compiler: /usr/bin/cc - skipped
[0.147s] -- Detecting C compile features
[0.147s] -- Detecting C compile features - done
[0.150s] -- Detecting CXX compiler ABI info
[0.205s] -- Detecting CXX compiler ABI info - done
[0.216s] -- Check for working CXX compiler: /usr/bin/c++ - skipped
[0.217s] -- Detecting CXX compile features
[0.217s] -- Detecting CXX compile features - done
[0.220s] -- Found ament_cmake: 1.3.8 (/opt/ros/humble/share/ament_cmake/cmake)
[0.336s] -- Found Python3: /usr/bin/python3 (found version "3.10.12") found components: Interpreter 
[0.400s] -- Found xacro: 2.0.8 (/opt/ros/humble/share/xacro/cmake)
[0.400s] -- Found wamv_description: 1.3.0 (/home/momesso/vrx_ws/install/share/wamv_description/cmake)
[0.450s] -- Configuring done
[0.452s] -- Generating done
[0.452s] -- Build files have been written to: /home/momesso/vrx_ws/build/wamv_gazebo
[0.456s] Invoked command in '/home/momesso/vrx_ws/build/wamv_gazebo' returned '0': AMENT_PREFIX_PATH=/home/momesso/vrx_ws/install:${AMENT_PREFIX_PATH} CMAKE_PREFIX_PATH=/home/momesso/vrx_ws/install:/opt/ros/humble GZ_SIM_RESOURCE_PATH=/home/momesso/vrx_ws/install/share/wamv_description/models:/home/momesso/vrx_ws/install/share/vrx_gazebo/models:/home/momesso/vrx_ws/install/share PYTHONPATH=/home/momesso/vrx_ws/install/local/lib/python3.10/dist-packages:${PYTHONPATH} /usr/bin/cmake /home/momesso/vrx_ws/src/vrx/vrx_urdf/wamv_gazebo -DCMAKE_INSTALL_PREFIX=/home/momesso/vrx_ws/install
[0.457s] Invoking command in '/home/momesso/vrx_ws/build/wamv_gazebo': AMENT_PREFIX_PATH=/home/momesso/vrx_ws/install:${AMENT_PREFIX_PATH} CMAKE_PREFIX_PATH=/home/momesso/vrx_ws/install:/opt/ros/humble GZ_SIM_RESOURCE_PATH=/home/momesso/vrx_ws/install/share/wamv_description/models:/home/momesso/vrx_ws/install/share/vrx_gazebo/models:/home/momesso/vrx_ws/install/share PYTHONPATH=/home/momesso/vrx_ws/install/local/lib/python3.10/dist-packages:${PYTHONPATH} /usr/bin/cmake --build /home/momesso/vrx_ws/build/wamv_gazebo -- -j12 -l12
[0.483s] Invoked command in '/home/momesso/vrx_ws/build/wamv_gazebo' returned '0': AMENT_PREFIX_PATH=/home/momesso/vrx_ws/install:${AMENT_PREFIX_PATH} CMAKE_PREFIX_PATH=/home/momesso/vrx_ws/install:/opt/ros/humble GZ_SIM_RESOURCE_PATH=/home/momesso/vrx_ws/install/share/wamv_description/models:/home/momesso/vrx_ws/install/share/vrx_gazebo/models:/home/momesso/vrx_ws/install/share PYTHONPATH=/home/momesso/vrx_ws/install/local/lib/python3.10/dist-packages:${PYTHONPATH} /usr/bin/cmake --build /home/momesso/vrx_ws/build/wamv_gazebo -- -j12 -l12
[0.497s] Invoking command in '/home/momesso/vrx_ws/build/wamv_gazebo': AMENT_PREFIX_PATH=/home/momesso/vrx_ws/install:${AMENT_PREFIX_PATH} CMAKE_PREFIX_PATH=/home/momesso/vrx_ws/install:/opt/ros/humble GZ_SIM_RESOURCE_PATH=/home/momesso/vrx_ws/install/share/wamv_description/models:/home/momesso/vrx_ws/install/share/vrx_gazebo/models:/home/momesso/vrx_ws/install/share PYTHONPATH=/home/momesso/vrx_ws/install/local/lib/python3.10/dist-packages:${PYTHONPATH} /usr/bin/cmake --install /home/momesso/vrx_ws/build/wamv_gazebo
[0.502s] -- Install configuration: ""
[0.502s] -- Installing: /home/momesso/vrx_ws/install/share/wamv_gazebo/models
[0.502s] -- Installing: /home/momesso/vrx_ws/install/share/wamv_gazebo/models/gps
[0.502s] -- Installing: /home/momesso/vrx_ws/install/share/wamv_gazebo/models/gps/mesh
[0.503s] -- Installing: /home/momesso/vrx_ws/install/share/wamv_gazebo/models/gps/mesh/gps.png
[0.503s] -- Installing: /home/momesso/vrx_ws/install/share/wamv_gazebo/models/gps/mesh/gps.dae
[0.503s] -- Installing: /home/momesso/vrx_ws/install/share/wamv_gazebo/models/gps/model.config
[0.503s] -- Installing: /home/momesso/vrx_ws/install/share/wamv_gazebo/urdf
[0.503s] -- Installing: /home/momesso/vrx_ws/install/share/wamv_gazebo/urdf/dynamics
[0.503s] -- Installing: /home/momesso/vrx_ws/install/share/wamv_gazebo/urdf/dynamics/wamv_gazebo_dynamics_plugin.xacro
[0.503s] -- Installing: /home/momesso/vrx_ws/install/share/wamv_gazebo/urdf/wamv_gazebo.urdf.xacro
[0.503s] -- Installing: /home/momesso/vrx_ws/install/share/wamv_gazebo/urdf/wamv_gazebo.xacro
[0.503s] -- Installing: /home/momesso/vrx_ws/install/share/wamv_gazebo/urdf/macros.xacro
[0.503s] -- Installing: /home/momesso/vrx_ws/install/share/wamv_gazebo/urdf/components
[0.503s] -- Installing: /home/momesso/vrx_ws/install/share/wamv_gazebo/urdf/components/wamv_imu.xacro
[0.504s] -- Installing: /home/momesso/vrx_ws/install/share/wamv_gazebo/urdf/components/wamv_pinger.xacro
[0.504s] -- Installing: /home/momesso/vrx_ws/install/share/wamv_gazebo/urdf/components/lidar.xacro
[0.504s] -- Installing: /home/momesso/vrx_ws/install/share/wamv_gazebo/urdf/components/ball_shooter.xacro
[0.504s] -- Installing: /home/momesso/vrx_ws/install/share/wamv_gazebo/urdf/components/wamv_gps.xacro
[0.504s] -- Installing: /home/momesso/vrx_ws/install/share/wamv_gazebo/urdf/components/wamv_3d_lidar.xacro
[0.504s] -- Installing: /home/momesso/vrx_ws/install/share/wamv_gazebo/urdf/components/wamv_p3d.xacro
[0.504s] -- Installing: /home/momesso/vrx_ws/install/share/wamv_gazebo/urdf/components/wamv_planar_lidar.xacro
[0.504s] -- Installing: /home/momesso/vrx_ws/install/share/wamv_gazebo/urdf/components/wamv_camera.xacro
[0.504s] -- Installing: /home/momesso/vrx_ws/install/share/wamv_gazebo/urdf/thruster_layouts
[0.504s] -- Installing: /home/momesso/vrx_ws/install/share/wamv_gazebo/urdf/thruster_layouts/wamv_x_thrusters.xacro
[0.504s] -- Installing: /home/momesso/vrx_ws/install/share/wamv_gazebo/urdf/thruster_layouts/wamv_t_thrusters.xacro
[0.504s] -- Installing: /home/momesso/vrx_ws/install/share/wamv_gazebo/urdf/thruster_layouts/wamv_aft_thrusters.xacro
[0.504s] -- Installing: /home/momesso/vrx_ws/install/share/wamv_gazebo/urdf/thruster_layouts/wamv_gazebo_thruster_config.xacro
[0.504s] -- Installing: /home/momesso/vrx_ws/install/share/ament_index/resource_index/package_run_dependencies/wamv_gazebo
[0.504s] -- Installing: /home/momesso/vrx_ws/install/share/ament_index/resource_index/parent_prefix_path/wamv_gazebo
[0.504s] -- Installing: /home/momesso/vrx_ws/install/share/wamv_gazebo/environment/ament_prefix_path.sh
[0.504s] -- Installing: /home/momesso/vrx_ws/install/share/wamv_gazebo/environment/ament_prefix_path.dsv
[0.505s] -- Installing: /home/momesso/vrx_ws/install/share/wamv_gazebo/environment/path.sh
[0.505s] -- Installing: /home/momesso/vrx_ws/install/share/wamv_gazebo/environment/path.dsv
[0.505s] -- Installing: /home/momesso/vrx_ws/install/share/wamv_gazebo/local_setup.bash
[0.505s] -- Installing: /home/momesso/vrx_ws/install/share/wamv_gazebo/local_setup.sh
[0.505s] -- Installing: /home/momesso/vrx_ws/install/share/wamv_gazebo/local_setup.zsh
[0.505s] -- Installing: /home/momesso/vrx_ws/install/share/wamv_gazebo/local_setup.dsv
[0.505s] -- Installing: /home/momesso/vrx_ws/install/share/wamv_gazebo/package.dsv
[0.505s] -- Installing: /home/momesso/vrx_ws/install/share/ament_index/resource_index/packages/wamv_gazebo
[0.505s] -- Installing: /home/momesso/vrx_ws/install/share/wamv_gazebo/cmake/wamv_gazeboConfig.cmake
[0.505s] -- Installing: /home/momesso/vrx_ws/install/share/wamv_gazebo/cmake/wamv_gazeboConfig-version.cmake
[0.506s] -- Installing: /home/momesso/vrx_ws/install/share/wamv_gazebo/package.xml
[0.507s] Invoked command in '/home/momesso/vrx_ws/build/wamv_gazebo' returned '0': AMENT_PREFIX_PATH=/home/momesso/vrx_ws/install:${AMENT_PREFIX_PATH} CMAKE_PREFIX_PATH=/home/momesso/vrx_ws/install:/opt/ros/humble GZ_SIM_RESOURCE_PATH=/home/momesso/vrx_ws/install/share/wamv_description/models:/home/momesso/vrx_ws/install/share/vrx_gazebo/models:/home/momesso/vrx_ws/install/share PYTHONPATH=/home/momesso/vrx_ws/install/local/lib/python3.10/dist-packages:${PYTHONPATH} /usr/bin/cmake --install /home/momesso/vrx_ws/build/wamv_gazebo
